1 1_1_1 2006 1  0 3.68286 266.001 256.48 1474.93 1670.72 2428.8 826.361 84.3181 29.5737 0 0 0 0 0
1 1_1_1 2006 2  0 3961.12 13735.9 4376.03 19954.7 11309.3 15666.7 3779.34 297.938 2.48281 254.395 0 0 0 0
1 1_1_1 2006 3  0 1535.47 3301.34 531.193 11710.6 5074.78 4586.22 724.096 14.9802 0 0 0 0 0 0
2 1_1_1 2006 1  0 0.426151 154.695 503.316 827.417 1267.76 3150.22 591.463 186.747 0 149.153 0 0 0 0
2 1_1_1 2006 2  0 3454.09 13549.8 6360.86 17427.1 13221.3 15227.7 2901.21 1221.44 296.046 172.838 0 0 0 0
2 1_1_1 2006 3  0 1280.88 4255.79 679.855 11089.8 4413.77 5277.35 700.753 7.90493 1.45193 0 0 0 0 0
3 1_1_1 2006 1  0 0.51828 173.721 315.392 816.256 2095.71 2795.08 852.967 0 84.4796 77.742 0 0 0 0
3 1_1_1 2006 2  0 3146.68 13883 4594.1 21700.6 10603.5 15714.4 3012.91 271.142 942.655 347.843 0 0 0 0
3 1_1_1 2006 3  0 1420.48 3540.91 715.614 10707 5656.54 4638.71 499.572 0 4.98055 0 0 0 0 0
4 1_1_1 2006 1  0 0 341.571 329.416 854.65 1367.89 3120.44 811.236 172.748 15.5899 28.9917 0 0 0 0
4 1_1_1 2006 2  0 3011.59 11343.4 2801.94 22330.9 11623.4 16002.5 3990.6 230.771 375.278 454.207 0 0 0 0
4 1_1_1 2006 3  0 961.727 3841.08 1181.65 11711.1 4995.14 4487.72 536.293 10.5978 6.77712 0 0 0 0 0
5 1_1_1 2006 1  0 0 259.514 254.261 1206.58 1690.68 2999.46 673.074 56.6425 0 31.2053 0 0 0 0
5 1_1_1 2006 2  0 2111.19 13121.5 3123.38 20448.4 10833.6 17358 2909.96 852.246 200.437 880.24 0 0 0 0
5 1_1_1 2006 3  0 853.905 4190.39 601.539 11762.9 6035.92 3792.05 532.287 4.01728 1.63054 0 0 0 0 0
6 1_1_1 2006 1  0 0.411718 197.517 417.095 1127.99 1707.51 2648.48 780.693 69.992 33.8785 0 0 0 0 0
6 1_1_1 2006 2  0 3074.17 13611.7 3424.32 21019.1 13840.9 13982.7 2268.06 806.147 1337.77 0 0 0 0 0
6 1_1_1 2006 3  0 911.205 3646.82 916.743 12065.9 5323.05 4057.51 630.226 6.91719 16.7889 0 0 0 0 0
7 1_1_1 2006 1  0 1.3236 157.656 125.933 649.906 1286.1 3122.09 1329.17 101.322 0 0 0 0 0 0
7 1_1_1 2006 2  0 1392.16 15020.1 5091.72 19857 13812.9 14228.7 2642.25 0 0 0 0 0 0 0
7 1_1_1 2006 3  0 587.152 2457.71 452.042 11635.7 7993.2 3575.06 163.332 2.81563 0 0 0 0 0 0
8 1_1_1 2006 1  0 0.457132 161.104 368.585 1145 1941.13 2367.84 636.869 164.742 56.0748 89.5424 0 0 0 0
8 1_1_1 2006 2  0 2657.44 10839.7 4859.41 20617.1 16944.4 14118.3 3213.54 152.613 69.4965 181.133 0 0 0 0
8 1_1_1 2006 3  0 870.511 3525.38 1111.38 11416.3 5442.37 4575.71 320.939 0.668677 1.68248 0 0 0 0 0
9 1_1_1 2006 1  0 0.35654 206.665 178.361 1249.64 1314.38 3232.83 707.64 225.472 34.1833 0 0 0 0 0
9 1_1_1 2006 2  0 2894.58 15636 3525.06 20607.1 14855.5 13157.4 2787.77 652.156 67.5694 0 0 0 0 0
9 1_1_1 2006 3  0 1091.72 4285.44 827.836 12566 4754.39 4073.32 383.894 4.04391 0.700945 0 0 0 0 0
10 1_1_1 2006 1  0 0.411012 277.392 219.828 904.278 1552.33 3014.19 721.779 11.5854 18.0038 41.5596 0 0 0 0
10 1_1_1 2006 2  0 2095.74 14814.1 3695.46 21786.5 13721.9 14151.5 2706.87 225.712 2.25712 233.048 0 0 0 0
10 1_1_1 2006 3  0 976.591 4887.05 434.753 10949.8 5345.14 4212.61 664.417 0 0 0 0 0 0 0
