1 1_1_1 2007 1  0 33.7895 217.646 611.39 2584.99 7177.83 5410.45 6662.73 589.24 342.441 0 0 236.175 0 0
1 1_1_1 2007 2  0 2849.05 14944.1 9217.02 2387.22 6925.32 7842.8 6694.67 1282.6 0 0 0 0 0 0
1 1_1_1 2007 3  0 273.309 1314.72 2740.18 761.685 5214.96 2347.2 2484.04 299.946 0 0 0 12.232 0 0
2 1_1_1 2007 1  0 2.38569 1162.35 768.544 2655.87 5205.53 5742.07 6902.99 445.655 0 0 0 343.539 0 0
2 1_1_1 2007 2  0 1129.88 18566 6744.61 1428.02 10032.9 6967.26 5715.97 844.885 0 0 0 0 0 0
2 1_1_1 2007 3  0 232.687 2040.77 3226.74 775.153 4337.21 2124.48 2608.67 297.353 0 0 0 9.30749 0 0
3 1_1_1 2007 1  0 3.01555 299.204 1600.07 2857.98 5769.78 6658.66 5283.55 981.228 724.315 0 0 88.342 0 0
3 1_1_1 2007 2  0 3072.9 15313.4 9187.95 3563.97 8105.62 5504.3 5766.07 1679.46 21.1473 0 0 8.92581 0 0
3 1_1_1 2007 3  0 389.467 1231.56 2826.31 509.459 6160.22 2052.41 2048.46 97.4683 0 0 0 2.37227 0 0
4 1_1_1 2007 1  0 24.4098 761.473 477.249 1806.32 5153.16 9015.79 4829.79 1153.1 703.883 0 0 240.518 0 0
4 1_1_1 2007 2  0 2442.36 20612.9 5688.29 2505.76 7400.5 8130.1 3676.36 1157.01 235.634 0 0 0 0 0
4 1_1_1 2007 3  0 293.269 1542.81 3300.75 904.779 4824.6 2465.35 1909.72 271.775 0 0 0 0 0 0
5 1_1_1 2007 1  0 19.2869 1013.5 1424.81 1831.02 7076.6 5085.34 5564.14 603.837 867.912 0 0 0 0 0
5 1_1_1 2007 2  0 2304.71 19587.2 6415.82 2719.69 7447.11 6882.78 5199.11 786.096 437.668 0 0 0 0 0
5 1_1_1 2007 3  0 248.936 1117.81 2959.04 246.954 5611.64 2315.89 2648.37 196.798 0 0 0 0 0 0
6 1_1_1 2007 1  0 2.82672 952.115 1433.42 1590.43 5458.68 6937.61 5463.25 1144.2 608.307 0 0 256.392 0 0
6 1_1_1 2007 2  0 1180.26 17785.6 8581.43 2147.71 8511.31 7218.15 5269.24 1047.17 0 0 0 0 0 0
6 1_1_1 2007 3  0 256.376 1246.36 3411.09 805.275 5413.29 2295.23 1622.38 241.029 0 0 0 0 0 0
7 1_1_1 2007 1  0 2.86791 916.37 1017.51 2738.46 6688.93 5003.12 5941.16 604.27 262.023 0 0 55.3506 0 0
7 1_1_1 2007 2  0 1861.62 17574.2 7098.53 2858 7555.01 7712.58 5437.5 610.318 706.694 0 0 0 0 0
7 1_1_1 2007 3  0 315.471 1461.05 3569.42 875.698 4976.5 2298.34 1593.54 424.598 0 0 0 1.29829 0 0
8 1_1_1 2007 1  0 18.8884 631.704 1125.4 1911.21 5598.65 4830.78 6358.64 1465.59 1137.54 0 0 208.256 0 0
8 1_1_1 2007 2  0 4018.9 14678.2 8930.29 1423.1 9339.32 6672.69 4672.8 2386.53 147.062 0 0 15.2039 0 0
8 1_1_1 2007 3  0 475.21 1512.52 3951.97 396.566 4801.02 2493.31 1828.71 71.6496 0 0 0 3.93413 0 0
9 1_1_1 2007 1  0 8.90354 882.472 1763.74 2155.01 6153.99 5929.64 6417.19 298.61 554.64 0 0 278.977 0 0
9 1_1_1 2007 2  0 1699.26 15980.7 6570.68 3415.35 8333.05 6127.87 6506.9 2781.47 1.92854 0 0 0 0 0
9 1_1_1 2007 3  0 266.711 876.342 2391.99 940.309 6061.57 2464.03 2023.05 599.102 0 0 0 0 0 0
10 1_1_1 2007 1  0 10.5147 1490.02 923.222 2454.78 5742.45 5970.45 6573.44 854.944 461.386 0 0 0 0 0
10 1_1_1 2007 2  0 2118.71 18322.5 8865.59 3392.59 5517.82 7198.78 5152.8 1313.71 7.397 0 0 0 0 0
10 1_1_1 2007 3  0 264.811 1366.94 2516.88 509.895 6208.61 2076.93 1678.56 471.636 0 0 0 0 0 0
