1 1_1_1 2006 1  0 0.323508 0.736813 0.681884 0.849324 1.07464 1.04683 1.16542 0.735 1.38409 0 0 0 0 0
1 1_1_1 2006 2  0 0.265749 0.433658 0.518594 0.557575 0.601367 0.611616 0.675262 0.673 0.82 0.636478 0 0 0 0
1 1_1_1 2006 3  0 0.299902 0.41034 0.491479 0.546924 0.578471 0.58359 0.654589 0.85 0 0 0 0 0 0
2 1_1_1 2006 1  0 0.360794 0.738516 1.04812 0.895037 0.93315 1.15228 1.17672 0.970014 0 1.166 0 0 0 0
2 1_1_1 2006 2  0 0.265707 0.409743 0.50308 0.56944 0.60194 0.619967 0.580439 0.659734 0.662353 0.641021 0 0 0 0
2 1_1_1 2006 3  0 0.31646 0.41979 0.452898 0.551965 0.571727 0.573304 0.636056 0.67137 0.6 0 0 0 0 0
3 1_1_1 2006 1  0 0.362615 0.640153 0.715553 0.835165 1.01441 1.0867 1.04844 0 1.41222 1.25231 0 0 0 0
3 1_1_1 2006 2  0 0.267501 0.395648 0.440315 0.57817 0.62061 0.60392 0.580485 0.732308 0.715775 0.644266 0 0 0 0
3 1_1_1 2006 3  0 0.37602 0.420575 0.464365 0.547504 0.594795 0.587887 0.648345 0 0.808421 0 0 0 0 0
4 1_1_1 2006 1  0 0 0.669264 0.818496 0.834181 1.03349 1.10556 1.25152 0.99506 1.3419 1.2575 0 0 0 0
4 1_1_1 2006 2  0 0.274584 0.388311 0.532881 0.552581 0.638628 0.619927 0.64356 0.767916 0.704926 0.640898 0 0 0 0
4 1_1_1 2006 3  0 0.326564 0.415466 0.427758 0.538683 0.572028 0.596144 0.621387 0.694614 0.697361 0 0 0 0 0
5 1_1_1 2006 1  0 0 0.594898 0.735736 0.850492 1.01421 1.10059 1.16855 1.08429 0 1.21556 0 0 0 0
5 1_1_1 2006 2  0 0.274805 0.416942 0.468341 0.563005 0.609078 0.630477 0.649961 0.689052 0.754375 0.637884 0 0 0 0
5 1_1_1 2006 3  0 0.370272 0.415645 0.473131 0.528898 0.575556 0.591194 0.624676 0.692769 0.81 0 0 0 0 0
6 1_1_1 2006 1  0 0.378667 0.631604 0.758885 0.8681 1.04451 1.10149 1.28216 1.13016 1.38833 0 0 0 0 0
6 1_1_1 2006 2  0 0.253101 0.39861 0.520082 0.578925 0.590398 0.607584 0.655137 0.686499 0.718945 0 0 0 0 0
6 1_1_1 2006 3  0 0.280482 0.413514 0.495588 0.539057 0.590059 0.57516 0.666057 0.846219 0.847923 0 0 0 0 0
7 1_1_1 2006 1  0 0.372097 0.631236 0.738584 0.852689 0.979385 1.07197 1.29131 1.12966 0 0 0 0 0 0
7 1_1_1 2006 2  0 0.299881 0.407263 0.502547 0.562916 0.619971 0.629879 0.639306 0 0 0 0 0 0 0
7 1_1_1 2006 3  0 0.2704 0.42087 0.480555 0.537477 0.577548 0.589107 0.558788 0.75625 0 0 0 0 0 0
8 1_1_1 2006 1  0 0.365484 0.61622 0.733144 0.881978 1.06534 1.06878 1.05069 1.00455 1.25111 1.28063 0 0 0 0
8 1_1_1 2006 2  0 0.265158 0.386304 0.508346 0.568547 0.572582 0.607272 0.655183 0.725455 0.737969 0.630502 0 0 0 0
8 1_1_1 2006 3  0 0.305464 0.410487 0.479509 0.542183 0.60146 0.586658 0.639509 0.838824 0.72 0 0 0 0 0
9 1_1_1 2006 1  0 0.372424 0.588007 0.724357 0.831059 0.965915 1.11841 1.16451 0.885725 1.37647 0 0 0 0 0
9 1_1_1 2006 2  0 0.277366 0.403311 0.491427 0.572131 0.593968 0.621477 0.60142 0.710736 0.749245 0 0 0 0 0
9 1_1_1 2006 3  0 0.289525 0.40057 0.452582 0.533502 0.576242 0.630595 0.553434 0.70233 0.72 0 0 0 0 0
10 1_1_1 2006 1  0 0.379825 0.654021 0.745746 0.906738 1.05285 1.15941 1.2638 0.968333 1.33259 1.30958 0 0 0 0
10 1_1_1 2006 2  0 0.278602 0.407785 0.507759 0.565631 0.59064 0.611356 0.681831 0.733333 0.82 0.625694 0 0 0 0
10 1_1_1 2006 3  0 0.37741 0.430405 0.476919 0.5355 0.586733 0.594752 0.650983 0 0 0 0 0 0 0
