1 1_1_1 2007 1  0 0.227619 0.560643 0.660563 0.825373 0.865006 1.07315 1.02823 1.06799 1.46558 0 0 1.0127 0 0
1 1_1_1 2007 2  0 0.24315 0.432728 0.507232 0.610334 0.560985 0.613421 0.593789 0.592695 0 0 0 0 0 0
1 1_1_1 2007 3  0 0.234723 0.421283 0.532148 0.635365 0.631613 0.608445 0.651183 0.616591 0 0 0 1.0112 0 0
2 1_1_1 2007 1  0 0.192857 0.64932 0.686149 0.873466 0.88314 0.908101 1.03613 1.06369 0 0 0 0.998989 0 0
2 1_1_1 2007 2  0 0.264719 0.431392 0.502564 0.649053 0.602289 0.604767 0.58314 0.568821 0 0 0 0 0 0
2 1_1_1 2007 3  0 0.200821 0.439755 0.567914 0.639461 0.615902 0.588419 0.638065 0.742239 0 0 0 0.997889 0 0
3 1_1_1 2007 1  0 0.191429 0.629381 0.707154 0.869213 0.881175 0.988612 0.961596 1.17064 1.24584 0 0 1.02769 0 0
3 1_1_1 2007 2  0 0.237547 0.426738 0.493525 0.656817 0.608747 0.611624 0.575146 0.551546 1.42929 0 0 1.02769 0 0
3 1_1_1 2007 3  0 0.25183 0.41949 0.567655 0.696749 0.611471 0.633997 0.676736 0.679542 0 0 0 1.02769 0 0
4 1_1_1 2007 1  0 0.193411 0.629792 0.684557 0.825896 0.865092 0.990571 0.952328 1.18698 1.3622 0 0 1.0088 0 0
4 1_1_1 2007 2  0 0.235987 0.456174 0.461724 0.597502 0.587491 0.643717 0.587297 0.639339 0.593651 0 0 0 0 0
4 1_1_1 2007 3  0 0.199054 0.418747 0.575975 0.646188 0.625912 0.60556 0.644317 0.60201 0 0 0 0 0 0
5 1_1_1 2007 1  0 0.41 0.6455 0.740541 0.851607 0.892736 1.02122 1.07117 1.08161 1.48659 0 0 0 0 0
5 1_1_1 2007 2  0 0.251143 0.440116 0.527982 0.61963 0.605341 0.561481 0.637571 0.641866 0.591667 0 0 0 0 0
5 1_1_1 2007 3  0 0.207133 0.411747 0.574879 0.623835 0.61975 0.597943 0.65325 0.698157 0 0 0 0 0 0
6 1_1_1 2007 1  0 0.208125 0.633169 0.71602 0.870277 0.896051 0.992615 1.03299 1.19989 1.34738 0 0 0.993 0 0
6 1_1_1 2007 2  0 0.211789 0.431893 0.522895 0.579383 0.633246 0.56334 0.585749 0.494223 0 0 0 0 0 0
6 1_1_1 2007 3  0 0.240949 0.393781 0.547206 0.688368 0.654681 0.600906 0.63427 0.710804 0 0 0 0 0 0
7 1_1_1 2007 1  0 0.20625 0.669738 0.725288 0.858697 0.878154 1.00874 0.989619 1.13578 1.49 0 0 1.01287 0 0
7 1_1_1 2007 2  0 0.233852 0.431219 0.513941 0.649718 0.580066 0.616098 0.606742 0.552471 0.582093 0 0 0 0 0
7 1_1_1 2007 3  0 0.221365 0.401822 0.567255 0.650622 0.624352 0.599979 0.658789 0.69644 0 0 0 1.00911 0 0
8 1_1_1 2007 1  0 0.485476 0.651951 0.730775 0.802564 0.878466 0.965125 0.972236 1.32809 1.57531 0 0 1.00727 0 0
8 1_1_1 2007 2  0 0.24318 0.442286 0.498842 0.615564 0.622514 0.621846 0.554155 0.527201 0.657537 0 0 1.00727 0 0
8 1_1_1 2007 3  0 0.23702 0.431993 0.57636 0.61607 0.621417 0.631931 0.651306 0.682145 0 0 0 1.00727 0 0
9 1_1_1 2007 1  0 0.210238 0.680807 0.764018 0.811496 0.898737 1.03752 0.945928 0.915435 1.43699 0 0 0.992941 0 0
9 1_1_1 2007 2  0 0.258235 0.422368 0.496705 0.592065 0.585958 0.622398 0.588064 0.619398 1.3275 0 0 0 0 0
9 1_1_1 2007 3  0 0.234489 0.434309 0.520394 0.665613 0.612858 0.577682 0.619461 0.653798 0 0 0 0 0 0
10 1_1_1 2007 1  0 0.215 0.65772 0.735648 0.87717 0.869639 0.976061 0.976649 1.29641 1.42016 0 0 0 0 0
10 1_1_1 2007 2  0 0.244958 0.428528 0.521293 0.57758 0.589237 0.641122 0.606553 0.566955 1.46268 0 0 0 0 0
10 1_1_1 2007 3  0 0.23363 0.435005 0.605195 0.604021 0.625402 0.634179 0.652036 0.662382 0 0 0 0 0 0
