1 1_1_1 1993  0 0 13650.7 22141.2 37360.4 12278.3 5418.63 2892.58 0 0 0 0 0 0 0
2 1_1_1 1993  0 0 17871.8 16656.3 41320.1 10906.6 6972.67 1905.72 0 0 0 0 0 0 0
3 1_1_1 1993  0 0 9431.97 6965.53 52583.9 17905.8 6449.29 0 0 0 0 0 0 0 0
4 1_1_1 1993  0 0 12167.5 17898.3 36534.9 12290.7 6024.29 5820.2 594.897 1189.79 0 0 0 0 0
5 1_1_1 1993  0 0 17225.2 14966.7 34943.9 16585.6 7516.79 0 0 0 0 0 0 0 0
6 1_1_1 1993  0 0 5393.57 18404.3 38303.5 3705.2 9495.26 15185.3 0 0 0 0 0 0 0
7 1_1_1 1993  0 0 13573.6 17075 36668.6 12816 7831.87 2469.23 0 1811.56 0 0 0 0 0
8 1_1_1 1993  0 0 23150.2 15954.4 30354.6 10214.5 7530.99 11172.2 0 0 0 0 0 0 0
9 1_1_1 1993  0 0 5103.24 14950 45996.5 17166.6 8255.02 1545.14 1421.3 0 0 0 0 0 0
10 1_1_1 1993  0 0 16888.1 22538.5 40399.4 4700.62 3328.44 6081.02 0 2170.71 0 0 0 0 0
11 1_1_1 1993  0 0 10867.8 16428.5 41938 10632.5 7441.77 4479.11 547.765 1095.53 0 0 0 0 0
12 1_1_1 1993  0 0 15905.4 14966.9 34557.4 9707.25 12983.4 4549.47 453.095 1359.29 0 0 0 0 0
13 1_1_1 1993  0 0 14047.7 21680.5 26330 16330.7 12698.5 2476.84 1373.84 0 0 0 0 0 0
14 1_1_1 1993  0 0 8026.86 16478.5 44933.7 9557.94 6419.12 4713.93 1540.61 0 0 0 0 0 0
15 1_1_1 1993  0 0 0 20013 53345.4 11051.8 4848.28 0 1602.65 0 0 0 0 0 0
16 1_1_1 1993  0 0 10312.5 19642.2 34259 12686.2 11003.1 3403.51 1919.44 0 0 0 0 0 0
17 1_1_1 1993  0 0 9925.89 17281.8 43645.1 9863.5 7781.12 4717.4 0 1411.66 0 0 0 0 0
18 1_1_1 1993  0 0 23233.1 3143.09 43426.3 19978.2 3037.53 0 2197.12 0 0 0 0 0 0
19 1_1_1 1993  0 0 3073.66 23302.9 48331.6 10517.3 3713.04 1722.44 1169.73 0 0 0 0 0 0
20 1_1_1 1993  0 0 7203.15 20387.5 46237.8 13234.1 3689.04 0 1599.2 0 0 0 0 0 0
21 1_1_1 1993  0 0 8822.27 22172.6 38560.3 19420 3352.68 748.059 0 1688.28 0 0 0 0 0
22 1_1_1 1993  0 0 17690.2 15331 49842.4 7164.39 6770.99 706.393 0 1961.26 0 0 0 0 0
23 1_1_1 1993  0 0 19069.7 11137.8 41428.4 5595.8 13414.4 4562.73 890.029 890.029 0 0 0 0 0
24 1_1_1 1993  0 0 12535 23658 37627.2 10163.9 5757.83 3623.16 481.625 963.25 0 0 0 0 0
25 1_1_1 1993  0 0 11579.4 20352 43261.1 854.345 7854.16 10763.1 0 0 0 0 0 0 0
26 1_1_1 1993  0 0 9392.04 17909.1 45186.2 12898.8 7534.36 0 567.687 1135.37 0 0 0 0 0
27 1_1_1 1993  0 0 19151.3 14273.4 35331.9 10809.3 7965.42 8837.28 0 2140.02 0 0 0 0 0
28 1_1_1 1993  0 0 5850.51 22008.9 37766.8 14420.9 8079.18 4032.34 0 1244.61 0 0 0 0 0
29 1_1_1 1993  0 0 11889.9 21260.7 24665 10250.9 18122.5 5652.23 942.992 942.992 0 0 0 0 0
30 1_1_1 1993  0 0 11787.7 10948.6 44101.9 10578.6 7792.96 6459.56 434.721 869.443 0 0 0 0 0
31 1_1_1 1993  0 0 14024.3 24229.4 8568.81 15393.7 23218 4791.07 1142.88 1142.88 0 0 0 0 0
32 1_1_1 1993  0 0 10288.8 21323.8 39636.3 12526.8 5846.39 4115.28 972.896 486.448 0 0 0 0 0
33 1_1_1 1993  0 0 15430.9 19832.1 45187.9 8762.14 3005.99 1129.27 0 1293.86 0 0 0 0 0
34 1_1_1 1993  0 0 8675.83 6533.37 55509 14915.4 3716.69 0 1804.96 0 0 0 0 0 0
35 1_1_1 1993  0 0 10870.2 9172.2 60242.9 15187.8 4036.8 0 0 0 0 0 0 0 0
36 1_1_1 1993  0 0 14899 12696.2 44605.7 15027.9 3146.22 1358.88 470.375 1411.13 0 0 0 0 0
37 1_1_1 1993  0 0 13968.4 535.355 47722.4 25721.5 3773.02 0 0 0 0 0 0 0 0
38 1_1_1 1993  0 0 14093.2 16143.9 40473.9 14908 3929.1 4030.65 0 0 0 0 0 0 0
39 1_1_1 1993  0 0 29421.3 21998.5 14608.2 20005.7 3982.85 10723.4 0 0 0 0 0 0 0
40 1_1_1 1993  0 0 15237.2 22274.1 43261.8 6287.28 4338.61 2678.19 1094.52 136.815 0 0 0 0 0
41 1_1_1 1993  0 0 0 0 0 0 0 0 0 0 0 0 0 0 0
42 1_1_1 1993  0 0 11012.1 21385.2 39745.9 8245.28 6998.63 5119.52 1676.86 0 0 0 0 0 0
43 1_1_1 1993  0 0 7109.46 18278.8 44127.6 19898.3 3164.74 0 0 1378.92 0 0 0 0 0
44 1_1_1 1993  0 0 8572.04 42375.2 20848.7 12141.4 2454.71 9482.73 0 2303.97 0 0 0 0 0
45 1_1_1 1993  0 0 14093 17901.5 32154.7 13123.5 10564.9 6080.88 1607.78 0 0 0 0 0 0
46 1_1_1 1993  0 0 13105.1 24266.1 42452.4 8500.44 4463.56 1846.32 0 2219.57 0 0 0 0 0
47 1_1_1 1993  0 0 11446.4 18923.1 39400.8 11592 5084.88 4758.98 0 1289.87 0 0 0 0 0
48 1_1_1 1993  0 0 14798.9 21151.5 41967.9 8451.67 7470.45 1245.43 0 0 0 0 0 0 0
49 1_1_1 1993  0 0 18047.6 33235.7 34253.5 11404.3 0 2817.79 0 0 0 0 0 0 0
50 1_1_1 1993  0 0 11562.9 17706 42280.2 12554.9 4291.63 7040.97 0 0 0 0 0 0 0
51 1_1_1 1993  0 0 10748.5 18621.9 47498 11499.2 6748.52 0 0 0 0 0 0 0 0
52 1_1_1 1993  0 0 5429.75 15896.3 46285.8 15074.5 3224.84 4374.1 1555.81 0 0 0 0 0 0
53 1_1_1 1993  0 0 20181.4 20542.1 31526.1 13433.4 4583.2 9694.08 0 2002.81 0 0 0 0 0
54 1_1_1 1993  0 0 13064.1 14471.4 42522.7 16322.1 4572.1 2880.33 0 0 0 0 0 0 0
55 1_1_1 1993  0 0 13563.3 18947 38201.3 12225.1 3139.04 6806.45 0 1389.64 0 0 0 0 0
56 1_1_1 1993  0 0 23078.9 16272.1 33375.7 16512.1 4649.02 2001.77 0 1421.36 0 0 0 0 0
57 1_1_1 1993  0 0 10140.9 20058.2 42698 12432.8 5183.14 5379.75 0 0 0 0 0 0 0
58 1_1_1 1993  0 0 17909.5 8978 41843.2 16037.9 7447.71 0 469.998 939.996 0 0 0 0 0
59 1_1_1 1993  0 0 15684.8 10528.9 45685.4 13137.5 3981.37 7108.08 270.285 1351.42 0 0 0 0 0
60 1_1_1 1993  0 0 8258.45 17071.5 55130.4 5996.21 2710.04 3232.18 774.387 774.387 0 0 0 0 0
61 1_1_1 1993  0 0 26447.6 23730.4 19725.3 12661.5 3985.46 10542.8 0 2010.86 0 0 0 0 0
62 1_1_1 1993  0 0 6785.31 24629.7 41650.5 12414.9 5972.19 2282.74 1435.54 0 0 0 0 0 0
63 1_1_1 1993  0 0 12912.7 16537.4 39458 14351.7 2647.25 5110.86 1739.2 0 0 0 0 0 0
64 1_1_1 1993  0 0 19037.4 24066.3 32588.1 7856.65 3163.32 4693.33 2926.86 0 0 0 0 0 0
65 1_1_1 1993  0 0 15371.9 9010.46 50572.1 13650.9 0 7846.84 0 0 0 0 0 0 0
66 1_1_1 1993  0 0 26123.1 36273.9 3178.46 25268.1 4598.34 3919.74 0 1669.29 0 0 0 0 0
67 1_1_1 1993  0 0 15603 12908.1 38018.3 12478.5 9628.76 5948.57 309.648 1238.59 0 0 0 0 0
68 1_1_1 1993  0 0 14034.8 17695.7 33948.5 14118.8 9215.67 2087.13 1649.42 0 0 0 0 0 0
69 1_1_1 1993  0 0 17254.6 12285 38866.2 13194.4 7091.36 6058.44 0 1171.77 0 0 0 0 0
70 1_1_1 1993  0 0 16634.3 13362.7 42884 18234.6 3716.34 3378.88 0 0 0 0 0 0 0
71 1_1_1 1993  0 0 5358.63 24199.5 40820 10598.8 11217.4 0 1578.22 0 0 0 0 0 0
72 1_1_1 1993  0 0 7804.11 11640.3 50380 5035.66 9908.13 6815.62 982.494 982.494 0 0 0 0 0
73 1_1_1 1993  0 0 12990.2 15716.5 41001.8 10030.2 8869.01 4123.16 768.652 768.652 0 0 0 0 0
74 1_1_1 1993  0 0 12528.4 16648.5 37235.4 10954.3 10477.5 2424.51 1026.96 684.639 0 0 0 0 0
75 1_1_1 1993  0 0 18188.2 18759.7 34452.9 12083.7 8358.27 1648.62 1638.52 0 0 0 0 0 0
76 1_1_1 1993  0 0 23409.8 13055.2 39003.8 12215.7 5477.86 3255.67 539.808 809.712 0 0 0 0 0
77 1_1_1 1993  0 0 15283.8 10684.4 44441.8 10425.5 6038.72 6707.79 0 0 0 0 0 0 0
78 1_1_1 1993  0 0 6493.87 22479.6 32263.5 18175.1 6193.44 4055.43 1704.84 0 0 0 0 0 0
79 1_1_1 1993  0 0 10792.3 14015.4 53946.4 5206.62 4460.53 0 2374.92 0 0 0 0 0 0
80 1_1_1 1993  0 0 10118.3 11184 47863.4 14071.6 6393.57 4503.51 0 0 0 0 0 0 0
81 1_1_1 1993  0 0 14525.9 8780.76 47293 8775.63 11358 0 1208.85 906.635 0 0 0 0 0
82 1_1_1 1993  0 0 17644.5 14675.1 40514.8 9472.05 3802.58 10558.4 0 0 0 0 0 0 0
83 1_1_1 1993  0 0 25595.3 22482.7 23399.2 15332.1 4001.93 10036.9 0 0 0 0 0 0 0
84 1_1_1 1993  0 0 20894 18452.9 25615.6 20730.7 3331.44 5451.11 0 2022.04 0 0 0 0 0
85 1_1_1 1993  0 0 20332.8 21311.1 30611.3 14002.8 6167.73 6535.94 0 1597.94 0 0 0 0 0
86 1_1_1 1993  0 0 11168 10461.6 48240.2 11483.6 11689.9 2008.05 1317.07 0 0 0 0 0 0
87 1_1_1 1993  0 0 27618.7 11560.8 41450 7976.92 5759.81 2842.19 0 0 0 0 0 0 0
88 1_1_1 1993  0 0 5421.04 16322.7 41325.1 7917.51 10917.7 8532.38 796.126 796.126 0 0 0 0 0
89 1_1_1 1993  0 0 12800.1 31024.2 23213.4 13869 8092.39 4281.76 1571.93 0 0 0 0 0 0
90 1_1_1 1993  0 0 7252.17 20225.2 43619 10087.6 10761.8 1288.13 1180.81 0 0 0 0 0 0
91 1_1_1 1993  0 0 9840.1 18473.9 39217.8 10605.8 9505.17 2479.57 715.384 1001.54 0 0 0 0 0
92 1_1_1 1993  0 0 24958 22917.4 24569 15800.9 1555.2 11889.2 0 0 0 0 0 0 0
93 1_1_1 1993  0 0 22169.6 17846.4 39242.7 7667.4 2584.77 9402.24 0 0 0 0 0 0 0
94 1_1_1 1993  0 0 29830.2 13295.1 26642.6 17538 5863.72 4555.36 0 2086.62 0 0 0 0 0
95 1_1_1 1993  0 0 13544.9 20267.8 40167 9708.77 3977.67 4480.82 763.613 763.613 0 0 0 0 0
96 1_1_1 1993  0 0 20792.2 24649.5 27285 14908.6 6595.16 6795.95 0 2011.86 0 0 0 0 0
97 1_1_1 1993  0 0 26413.5 17732.8 27871.3 11871.1 1725.3 13286.2 0 1544.09 0 0 0 0 0
98 1_1_1 1993  0 0 3603.51 17375.1 48711.6 14265.9 4034.01 3454.81 1649.96 0 0 0 0 0 0
99 1_1_1 1993  0 0 16974.6 16399.3 30793.8 14193.6 7783.76 6869.07 700.717 1401.43 0 0 0 0 0
100 1_1_1 1993  0 0 11206.9 23934.6 37093 11454.2 4017.1 7612.48 0 1277.05 0 0 0 0 0
101 1_1_1 1993  0 0 27071.4 12019.3 30281.4 17056.7 2967.32 8232.44 0 1924.02 0 0 0 0 0
102 1_1_1 1993  0 0 19401.4 5327.21 53607 12883.5 5040.52 2601.85 683.151 683.151 0 0 0 0 0
103 1_1_1 1993  0 0 14605.3 19133 40474 15978.2 4307.68 2962.84 0 0 0 0 0 0 0
104 1_1_1 1993  0 0 14385.4 16607.8 38067.3 15614.6 3974.03 3609.91 601.965 601.965 0 0 0 0 0
105 1_1_1 1993  0 0 10400.8 16945.5 43080.8 12238.7 5065.63 3318.79 1392.24 0 0 0 0 0 0
106 1_1_1 1993  0 0 10517.5 12990.9 47008.1 12866.5 5774.86 2501.81 1513.55 0 0 0 0 0 0
107 1_1_1 1993  0 0 15421.8 19812.4 36314.5 17383.7 3424.09 2746.89 0 1329.34 0 0 0 0 0
108 1_1_1 1993  0 0 9794.38 19033.7 41258.5 16100.2 5515.99 1355.02 0 1624.27 0 0 0 0 0
109 1_1_1 1993  0 0 23982.3 17046.6 29762.8 7493.49 5974.7 10829.3 1192.54 596.27 0 0 0 0 0
110 1_1_1 1993  0 0 7476.11 21118.6 40854.8 12023 6707.31 4628.29 1426.06 0 0 0 0 0 0
111 1_1_1 1993  0 0 16477.2 18684.7 33763.1 16279.7 6687.19 5419.59 1457.84 485.946 0 0 0 0 0
112 1_1_1 1993  0 0 10835 29232.9 30934.6 17518.7 2954.1 4141.54 0 1554.98 0 0 0 0 0
113 1_1_1 1993  0 0 19692.3 16506.7 34569.6 15041.1 4480.27 5240.08 0 0 0 0 0 0 0
114 1_1_1 1993  0 0 17804.7 32643.3 20120.3 20615.2 5641.07 1612.22 0 2020.31 0 0 0 0 0
115 1_1_1 1993  0 0 24497.7 24609.3 22867.9 21123.3 2610.32 4584.56 0 0 0 0 0 0 0
116 1_1_1 1993  0 0 7955.29 21739.6 43899.2 12023.8 4677.42 2592.5 1609.61 0 0 0 0 0 0
117 1_1_1 1993  0 0 10170.9 22299.1 38542.6 9261.33 3361.87 10996.9 0 1350.95 0 0 0 0 0
118 1_1_1 1993  0 0 11592.8 5774.74 59970.5 11098.3 6121.95 0 0 0 0 0 0 0 0
119 1_1_1 1993  0 0 14235.3 21912.6 37248.2 11857.1 6060.24 1544.99 1127.26 0 0 0 0 0 0
120 1_1_1 1993  0 0 10151.4 20563.2 35563 14931.1 8118.95 0 1419.26 0 0 0 0 0 0
121 1_1_1 1993  0 0 11469.9 15940.4 39526.8 11501.2 10779 2796.56 1463.22 0 0 0 0 0 0
122 1_1_1 1993  0 0 25629.7 18455.2 46447.7 0 7833.11 1815.63 0 0 0 0 0 0 0
123 1_1_1 1993  0 0 9651.12 28067.3 34059.3 15661.6 759.84 5946.65 0 1144.84 0 0 0 0 0
124 1_1_1 1993  0 0 6501.43 23349.7 41448.2 15499.5 5014.26 3334.6 0 0 0 0 0 0 0
125 1_1_1 1993  0 0 14197.7 8751.14 44869.1 10992.7 10233.5 6088.6 0 1481.28 0 0 0 0 0
126 1_1_1 1993  0 0 9092.74 20445.3 48775.5 8430.99 6921.77 835.773 0 0 0 0 0 0 0
127 1_1_1 1993  0 0 11374.4 18131.3 36340.2 13290.9 12025.1 843.156 499.805 999.609 0 0 0 0 0
128 1_1_1 1993  0 0 20723.2 11602.6 42417.3 5975.29 9836.11 1358.26 1808.43 0 0 0 0 0 0
129 1_1_1 1993  0 0 13413.7 18496.8 41517 7114.1 9901.6 1393.27 1193.81 596.904 0 0 0 0 0
130 1_1_1 1993  0 0 9556.49 26487.2 39942.7 8628.03 2489.64 4230.14 1815.06 0 0 0 0 0 0
131 1_1_1 1993  0 0 1694.76 22891.6 40384.2 18349.3 791.837 7268.62 0 0 0 0 0 0 0
132 1_1_1 1993  0 0 10224.6 22840.8 37483.5 10547.1 4909.86 6977.62 0 1329.95 0 0 0 0 0
133 1_1_1 1993  0 0 22089.5 7450.09 40540.2 4284.8 1204.62 17600.3 0 2590.31 0 0 0 0 0
134 1_1_1 1993  0 0 23088.8 18950.6 28026.2 8497.03 7010.11 8592.56 0 0 0 0 0 0 0
135 1_1_1 1993  0 0 8102.41 12581.3 44900.2 12702.1 10351.6 3463.74 1257.42 0 0 0 0 0 0
136 1_1_1 1993  0 0 10038.7 28377.7 30815 20944.8 3073.03 0 0 1951.21 0 0 0 0 0
137 1_1_1 1993  0 0 10508.9 14899.6 42348.9 15880.5 7837.23 1239.97 0 0 0 0 0 0 0
138 1_1_1 1993  0 0 2378.66 15525.6 50718.4 10457 8908.34 0 932.488 155.415 0 0 0 0 0
139 1_1_1 1993  0 0 20555.2 24963.5 28171 10826.8 3166.53 10739 2257.78 0 0 0 0 0 0
140 1_1_1 1993  0 0 9470.79 24129.2 25250.2 15497 17645.5 2213.1 498.55 997.1 0 0 0 0 0
141 1_1_1 1993  0 0 9681.21 14991.6 38956.5 16075.9 9071.54 4185.31 0 1726.16 0 0 0 0 0
142 1_1_1 1993  0 0 17646.9 21233.4 28400 12029.6 9636.06 4879.09 1671.82 0 0 0 0 0 0
143 1_1_1 1993  0 0 11292.4 10362.4 49140.7 15242.1 2477.17 1644.76 1102.39 551.197 0 0 0 0 0
144 1_1_1 1993  0 0 13704.8 20740.7 34929.7 8801.13 8019.69 6285.08 0 1441.06 0 0 0 0 0
145 1_1_1 1993  0 0 7099.41 18710.9 49270.7 10124.5 7337.59 1824.89 0 0 0 0 0 0 0
146 1_1_1 1993  0 0 25383 18047.1 35258.7 11412 3889.35 3281.78 0 0 0 0 0 0 0
147 1_1_1 1993  0 0 18171.8 20092.4 42980.1 5073.39 5983.46 5146.27 0 0 0 0 0 0 0
148 1_1_1 1993  0 0 20149.4 21071.3 35796.3 7361.21 5564.91 2473.62 633.081 949.621 0 0 0 0 0
149 1_1_1 1993  0 0 19369.7 12766.3 47756.8 9304.77 5928.21 389.341 0 1383.47 0 0 0 0 0
150 1_1_1 1993  0 0 14058.6 13684.5 50555.8 7412.14 5584.15 2876.42 0 0 0 0 0 0 0
151 1_1_1 1993  0 0 10097.5 14026.4 50520 7353.35 4929.81 2785.91 0 1809.29 0 0 0 0 0
152 1_1_1 1993  0 0 7474.88 23317.3 51356.3 0 4920.62 0 0 2220.94 0 0 0 0 0
153 1_1_1 1993  0 0 1473.33 15447.4 59165.6 10651.1 3210.79 471.062 0 2043.21 0 0 0 0 0
154 1_1_1 1993  0 0 17644.8 18349.2 38344.8 8563.69 8091.36 4251.97 1710.44 0 0 0 0 0 0
155 1_1_1 1993  0 0 8346.15 16367.1 41102.6 14434.8 5080.03 5070.06 1546.36 0 0 0 0 0 0
156 1_1_1 1993  0 0 15289.5 34184.4 23455.1 20128.7 3497.56 1399.02 0 0 0 0 0 0 0
157 1_1_1 1993  0 0 14387.5 20528.7 38572.2 12535.5 4681.54 5592.6 0 1346.47 0 0 0 0 0
158 1_1_1 1993  0 0 5293.85 16375.3 44722.9 13519 6756.21 1219.18 1404.06 0 0 0 0 0 0
159 1_1_1 1993  0 0 17680.2 16512.5 35532.5 13742.9 6613.12 4200.77 957.783 957.783 0 0 0 0 0
160 1_1_1 1993  0 0 10028.2 20740.5 40851.5 15430.3 4565.7 1639.9 346.851 1040.55 0 0 0 0 0
161 1_1_1 1993  0 0 14160.7 5306.65 43625.6 10292.3 12980.9 5302 1409.41 0 0 0 0 0 0
162 1_1_1 1993  0 0 14839.4 21693.3 39080.6 7686.18 10389 2949.46 0 0 0 0 0 0 0
163 1_1_1 1993  0 0 6660.35 17332.1 45378.8 17781.5 4891.41 1374.52 0 1454.51 0 0 0 0 0
164 1_1_1 1993  0 0 24783.6 11849.6 31948.8 19165 4613.38 5891.27 0 2426.24 0 0 0 0 0
165 1_1_1 1993  0 0 21143 25540.2 34504.5 8091.22 8905.58 0 0 2040.77 0 0 0 0 0
166 1_1_1 1993  0 0 17471.9 15838.6 31357.9 14741.2 9101.94 3205.25 2019.09 0 0 0 0 0 0
167 1_1_1 1993  0 0 34842.5 5153.84 26940.3 15443.1 5929.71 11053 0 2087.13 0 0 0 0 0
168 1_1_1 1993  0 0 20813.6 20294.3 28143 16074.5 7351.18 4503.92 0 2069.89 0 0 0 0 0
169 1_1_1 1993  0 0 18038.2 18293.9 29953.7 13421 11148.8 4351.14 1447.68 0 0 0 0 0 0
170 1_1_1 1993  0 0 24937.1 2207.13 50454 9297.79 3901.31 3595.77 0 0 0 0 0 0 0
171 1_1_1 1993  0 0 19934.1 12798.9 35441.8 22928.3 2645.95 2763.08 0 0 0 0 0 0 0
172 1_1_1 1993  0 0 11908.2 23157.1 34662.5 13879.4 8414.18 4939 0 0 0 0 0 0 0
173 1_1_1 1993  0 0 5723.52 25218.6 41871.6 10898.7 5836.38 0 1006.07 670.716 0 0 0 0 0
174 1_1_1 1993  0 0 12226 13820.7 46555.6 8149.65 6538.62 4484.15 307.175 1535.88 0 0 0 0 0
175 1_1_1 1993  0 0 9521.49 14486.2 46870.8 21769.4 0 0 1780.28 0 0 0 0 0 0
176 1_1_1 1993  0 0 11886.8 16931.7 44713.6 9450.14 7175.84 2804.65 0 1686.36 0 0 0 0 0
177 1_1_1 1993  0 0 12903.1 14883 40874.4 14497 6687.18 7003.75 0 1677.76 0 0 0 0 0
178 1_1_1 1993  0 0 17047.8 18258.7 35315.7 12223.1 4107.86 7680.15 1638.69 0 0 0 0 0 0
179 1_1_1 1993  0 0 5574.62 12918.2 39405.5 22309.8 8204.19 3040.53 908.223 908.223 0 0 0 0 0
180 1_1_1 1993  0 0 19241.6 8401.77 42120.4 15400.9 4345.18 4147.41 0 1697.79 0 0 0 0 0
181 1_1_1 1993  0 0 29598 21213.9 22134.1 19757.2 4294.24 3530.48 0 2144.66 0 0 0 0 0
182 1_1_1 1993  0 0 10225.4 21601.5 36137 13692.7 7019.93 2656.38 1376.94 0 0 0 0 0 0
183 1_1_1 1993  0 0 5744.35 19429.8 58184.1 0 9729.82 0 1697.62 0 0 0 0 0 0
184 1_1_1 1993  0 0 12193.4 26931.8 27020.6 20891.5 3560.73 7558.23 0 2093.86 0 0 0 0 0
185 1_1_1 1993  0 0 9258.89 18027 45161.9 6238.52 7348.71 8863.08 0 0 0 0 0 0 0
186 1_1_1 1993  0 0 25398.2 11285.7 37009.5 12805.6 0 10093.5 0 2096.38 0 0 0 0 0
187 1_1_1 1993  0 0 15210.1 19548.1 37330.6 14702 4291.54 4762.36 0 0 0 0 0 0 0
188 1_1_1 1993  0 0 22827.7 20481.2 27618.1 5989.94 8096.59 12967.1 0 0 0 0 0 0 0
189 1_1_1 1993  0 0 12395 20595.5 36923.2 11376.4 5469.19 6134.34 486.95 730.425 0 0 0 0 0
190 1_1_1 1993  0 0 10358.4 13684.3 45201.5 17325.4 4043.17 2422.15 363.546 1090.64 0 0 0 0 0
191 1_1_1 1993  0 0 6753.52 23971.2 39836.9 14394.1 5434.15 2108.26 274.18 959.63 0 0 0 0 0
192 1_1_1 1993  0 0 21698.3 16444.6 35397.3 19370.1 2166.11 722.037 0 0 0 0 0 0 0
193 1_1_1 1993  0 0 14408.5 19184.6 38487.2 19546.3 2944.13 0 0 0 0 0 0 0 0
194 1_1_1 1993  0 0 20908.6 16679 31424.3 14697.7 8669.18 2947.57 1426.03 0 0 0 0 0 0
195 1_1_1 1993  0 0 21931 20835.4 47487.1 972.603 1945.21 972.603 0 2257.53 0 0 0 0 0
196 1_1_1 1993  0 0 19802.3 16371.9 25549.8 8903.66 10133.1 10377.6 1969.25 0 0 0 0 0 0
197 1_1_1 1993  0 0 7137.91 17362.3 40932.2 10901.9 12750.8 2378.84 1689.78 0 0 0 0 0 0
198 1_1_1 1993  0 0 19602.7 22877.3 39069.5 7417.03 1516.23 6210.19 472.931 1182.33 0 0 0 0 0
199 1_1_1 1993  0 0 15930.3 25757.6 18887.8 5965.26 16572.8 12791 0 1735.15 0 0 0 0 0
200 1_1_1 1993  0 0 21416.3 7821.92 39040.6 17356.4 6439.25 4022.81 0 1817.05 0 0 0 0 0
201 1_1_1 1993  0 0 15492.4 16316.5 41767 12176.6 4837.01 5660.38 0 1548.73 0 0 0 0 0
202 1_1_1 1993  0 0 16234.2 22057.5 34988.3 13366.7 2464.15 4957.07 0 1844.42 0 0 0 0 0
203 1_1_1 1993  0 0 21274.9 16493.6 45494.2 2430.46 8138.43 4860.92 0 1593.54 0 0 0 0 0
204 1_1_1 1993  0 0 15388.4 18075.9 42083.1 13090.8 3006.63 5170.64 0 0 0 0 0 0 0
205 1_1_1 1993  0 0 10069.1 16091.8 40615.5 14519.3 5038.1 3039.74 1848.31 0 0 0 0 0 0
206 1_1_1 1993  0 0 10319 21373.4 37867.7 19089.7 4603.35 0 0 1505.19 0 0 0 0 0
207 1_1_1 1993  0 0 10662.1 1712.12 44146.5 11742.3 11403.2 18476 0 2323.62 0 0 0 0 0
208 1_1_1 1993  0 0 14552.1 7670.03 52552.8 10723.1 4941.52 1623.85 0 2261.93 0 0 0 0 0
209 1_1_1 1993  0 0 6922.86 22558.8 40459.2 10505.1 5736.02 8011.73 0 0 0 0 0 0 0
210 1_1_1 1993  0 0 8038.88 15741.9 52033.1 5215.79 6058.09 4710.62 1451 0 0 0 0 0 0
211 1_1_1 1993  0 0 0 0 0 0 0 0 0 0 0 0 0 0 0
212 1_1_1 1993  0 0 8808.9 15253.3 49849.2 12934.7 2835.52 4433.43 0 1683.77 0 0 0 0 0
213 1_1_1 1993  0 0 12335.9 27335.4 26453.8 16139.3 6038.51 1986.34 742.622 742.622 0 0 0 0 0
214 1_1_1 1993  0 0 13985.2 10348.5 46749.2 14706.7 6017.5 2200.02 0 1409.03 0 0 0 0 0
215 1_1_1 1993  0 0 14142 1602 52712.4 13961.5 7116.68 4826.21 0 2321.33 0 0 0 0 0
216 1_1_1 1993  0 0 19557.9 7328.16 43449.9 20447.1 2043.56 1247.87 0 1409.29 0 0 0 0 0
217 1_1_1 1993  0 0 21044.7 11330 37527.9 16361 3675.28 8836.2 0 0 0 0 0 0 0
218 1_1_1 1993  0 0 27123.4 24804.6 21043.4 17333 3889.94 5241.23 0 1625.81 0 0 0 0 0
219 1_1_1 1993  0 0 13276 28350.2 22222 12882.4 3838.19 18209.4 0 0 0 0 0 0 0
220 1_1_1 1993  0 0 6197.61 30870.4 34463.7 13913.3 4728.91 6037.02 0 0 0 0 0 0 0
221 1_1_1 1993  0 0 16227.5 14983.3 40797.6 15687 5498.29 2458.04 0 0 0 0 0 0 0
222 1_1_1 1993  0 0 8375.08 22060.8 35098.9 14546.5 13418.4 2186.81 0 0 0 0 0 0 0
223 1_1_1 1993  0 0 14047.2 16369.3 48043.5 10065.1 3144.18 0 859.231 286.41 0 0 0 0 0
224 1_1_1 1993  0 0 13947.8 17900.3 35457.6 16653.2 5724.18 3536.55 552.322 1104.64 0 0 0 0 0
225 1_1_1 1993  0 0 11960.3 16446.2 43816.4 11238.7 6180.5 2889.31 694.814 694.814 0 0 0 0 0
226 1_1_1 1993  0 0 7389.13 18792.8 57621.5 2762.42 5128.02 0 544.726 1089.45 0 0 0 0 0
227 1_1_1 1993  0 0 9981.96 19966.3 39411 14846.4 3659.29 4258.46 0 1484.14 0 0 0 0 0
228 1_1_1 1993  0 0 13299.6 35572.6 18857 18348.4 3009.97 8108.49 0 0 0 0 0 0 0
229 1_1_1 1993  0 0 15469.2 14220.1 38005.6 12239.5 6063.92 5531.48 0 1730.65 0 0 0 0 0
230 1_1_1 1993  0 0 7391.81 14330.8 51609.6 7460.49 8897.09 1139.45 0 1761.74 0 0 0 0 0
231 1_1_1 1993  0 0 20643.2 23341 35966.1 4600.86 2826.06 7476.61 1493.36 0 0 0 0 0 0
232 1_1_1 1993  0 0 10680.2 19506.8 30628.4 16244.4 10867.3 2820.65 1697.71 0 0 0 0 0 0
233 1_1_1 1993  0 0 11703.5 12893.6 47706.3 12277.1 4257.21 6992.93 0 1495.84 0 0 0 0 0
234 1_1_1 1993  0 0 12534.9 12609.8 45937.5 7389.65 5419.06 13881.6 0 1750.6 0 0 0 0 0
235 1_1_1 1993  0 0 15377.2 19970.3 35188 8630.36 8625.47 8646.79 0 0 0 0 0 0 0
236 1_1_1 1993  0 0 12424.6 13826.8 38745.8 14225.9 9259.66 0 1680.46 0 0 0 0 0 0
237 1_1_1 1993  0 0 12753.6 21631.3 46508.9 7381 3233.42 3690.5 1915.88 0 0 0 0 0 0
238 1_1_1 1993  0 0 5487.89 13356.3 48530.4 12211.4 8621.37 2921.29 1263.45 0 0 0 0 0 0
239 1_1_1 1993  0 0 2727.93 12567.4 55740.8 11652.4 6231.11 0 1680.46 0 0 0 0 0 0
240 1_1_1 1993  0 0 17578.7 6757.71 45561.5 13697.1 11688.9 1961.08 0 0 0 0 0 0 0
241 1_1_1 1993  0 0 18593.3 24169 30255.5 8734.68 5347.28 13126.3 0 0 0 0 0 0 0
242 1_1_1 1993  0 0 10900.4 14482.6 41194.4 23040 2177.57 1524.59 0 0 0 0 0 0 0
243 1_1_1 1993  0 0 14419.3 17962.4 33335.5 8139.65 13051.2 6809.09 966.282 644.188 0 0 0 0 0
244 1_1_1 1993  0 0 15565.3 23764 31305.4 15689.7 9359.83 894.389 0 0 0 0 0 0 0
245 1_1_1 1993  0 0 15997.5 12742.5 37566.3 16078.9 6668.28 7578.58 0 0 0 0 0 0 0
246 1_1_1 1993  0 0 16154.9 21004.9 32903.8 15170.5 7266.53 2072.75 1167.52 0 0 0 0 0 0
247 1_1_1 1993  0 0 12122.2 14781.8 42783.5 10076.2 5054.24 7565.72 0 1625.67 0 0 0 0 0
248 1_1_1 1993  0 0 21952.9 21820.1 28314.6 13164.2 4312.12 11143.5 0 0 0 0 0 0 0
249 1_1_1 1993  0 0 9682.39 17015.9 46855.7 12195 4796.7 0 1585.66 0 0 0 0 0 0
250 1_1_1 1993  0 0 25315 29388.3 24028.7 14214.4 7677.91 1046.14 0 2243.72 0 0 0 0 0
251 1_1_1 1993  0 0 17901.6 22435.3 35655.6 16935.8 4616.86 1639.81 0 1657.01 0 0 0 0 0
252 1_1_1 1993  0 0 8025.28 24863.7 33917.9 15870.5 5541.52 881.392 1879.42 0 0 0 0 0 0
253 1_1_1 1993  0 0 3284.12 18795.3 47866.7 13701 6152.42 3162.31 0 0 0 0 0 0 0
254 1_1_1 1993  0 0 20205.3 26344.7 24359.6 21586.9 7872.03 0 0 2385.76 0 0 0 0 0
255 1_1_1 1993  0 0 11142.6 16603.4 39443.3 14121.9 6253.43 3563.44 1696.35 0 0 0 0 0 0
256 1_1_1 1993  0 0 14317.1 17775.8 29699.1 14850 13638.1 4681.96 0 1737.98 0 0 0 0 0
257 1_1_1 1993  0 0 15405.8 15865.4 49741.6 6925.31 8716.45 0 0 0 0 0 0 0 0
258 1_1_1 1993  0 0 12264 12558 45536.4 11213.4 7800.75 1637.42 0 1525.55 0 0 0 0 0
259 1_1_1 1993  0 0 10836.7 22134.8 43107.5 3542.17 11126.4 3542.17 1794.44 0 0 0 0 0 0
260 1_1_1 1993  0 0 22069.9 7855.14 39607.5 13807.9 8146.76 5562.83 0 0 0 0 0 0 0
261 1_1_1 1993  0 0 18596.7 26672.7 37052.4 7534.6 5680.22 2559.52 0 0 0 0 0 0 0
262 1_1_1 1993  0 0 2750.8 10920.1 64749.9 10659.1 2133.02 0 719.516 719.516 0 0 0 0 0
263 1_1_1 1993  0 0 11624.4 13563.4 43783.4 8772.37 10969.8 4184.56 1176.8 294.199 0 0 0 0 0
264 1_1_1 1993  0 0 18090.3 15447.7 40883.1 11836 7662.26 0 0 1961.55 0 0 0 0 0
265 1_1_1 1993  0 0 19410.7 24073.6 28744.5 16302.5 4395.35 7497.07 0 0 0 0 0 0 0
266 1_1_1 1993  0 0 13311.8 18092.4 38634.2 16496.5 2276.04 4470.01 0 0 0 0 0 0 0
267 1_1_1 1993  0 0 11358.2 26066.3 29684.4 14925.8 4040.96 4274.01 295.384 1476.92 0 0 0 0 0
268 1_1_1 1993  0 0 18169.8 14387.5 41133 4553.64 9298.42 6549.11 0 1801.09 0 0 0 0 0
269 1_1_1 1993  0 0 18206.5 21993.4 34962.8 13143.6 1587.43 4056.28 1271.6 635.801 0 0 0 0 0
270 1_1_1 1993  0 0 11083.9 23777 37779.6 16086.8 3660.3 1284.88 404.824 809.649 0 0 0 0 0
271 1_1_1 1993  0 0 9648.63 23370.1 36021.6 17300.7 6200.56 2957.75 765.596 1531.19 0 0 0 0 0
272 1_1_1 1993  0 0 16459.1 6356.16 46250.2 16712.2 6225.27 1091.63 0 1713.54 0 0 0 0 0
273 1_1_1 1993  0 0 12988.5 24059.3 36027.1 7886.99 9011.67 1466.98 1911.55 0 0 0 0 0 0
274 1_1_1 1993  0 0 25304.5 17502 30453 13627.4 3204.96 9005.36 0 2206.74 0 0 0 0 0
275 1_1_1 1993  0 0 16844.8 20331.2 35090 15940.3 5324.87 6305.39 0 0 0 0 0 0 0
276 1_1_1 1993  0 0 18450.1 16347.8 40622.4 4306.42 8833.11 4802.16 820.639 820.639 0 0 0 0 0
277 1_1_1 1993  0 0 11309.3 19685.7 39528.2 9424.24 7291.31 3429.93 1871.15 0 0 0 0 0 0
278 1_1_1 1993  0 0 20263.9 23606.8 22739.7 25961.5 4943.07 1235.77 0 2527.38 0 0 0 0 0
279 1_1_1 1993  0 0 14244 17272.9 45306.1 7395.09 5620.92 4834.34 0 1679.97 0 0 0 0 0
280 1_1_1 1993  0 0 3904.49 23878.3 38641.3 13475.5 6342.51 2700.46 1563.62 0 0 0 0 0 0
281 1_1_1 1993  0 0 19424 14824.8 35599.8 15962.3 3738.06 3949.05 1465.06 0 0 0 0 0 0
282 1_1_1 1993  0 0 11944.2 31513.7 36370.1 11648.3 2971.09 1069.17 0 0 0 0 0 0 0
283 1_1_1 1993  0 0 13492.6 22516.7 36303.4 13751.9 3648.78 5852.31 0 0 0 0 0 0 0
284 1_1_1 1993  0 0 25776.1 20047.6 16442.7 24483.8 6241.12 2287.61 0 2268.47 0 0 0 0 0
285 1_1_1 1993  0 0 12446.2 19684.1 43485.6 9207.57 5396.91 3586.39 1365.82 0 0 0 0 0 0
286 1_1_1 1993  0 0 9626.11 15428.4 44340.3 8526.68 9882.74 2707.12 1381.47 0 0 0 0 0 0
287 1_1_1 1993  0 0 20095.3 14169.6 23090.6 15787.9 15702.9 5115.87 1948.99 0 0 0 0 0 0
288 1_1_1 1993  0 0 12465.5 10267.4 42978 6247.97 8153.24 11333.7 1551.94 0 0 0 0 0 0
289 1_1_1 1993  0 0 12243.3 25799 27194.3 18187.6 7908.92 6022.64 0 2101.34 0 0 0 0 0
290 1_1_1 1993  0 0 10804.4 13729.3 47957 13696.8 6879.51 3952.95 0 0 0 0 0 0 0
291 1_1_1 1993  0 0 20930.1 13961.4 38579.7 14841.2 5575.22 2827.84 0 0 0 0 0 0 0
292 1_1_1 1993  0 0 14941.7 6899.69 49420.2 10936.4 6839.87 5518.75 0 0 0 0 0 0 0
293 1_1_1 1993  0 0 16058.7 13078.5 46984.4 8962.77 5221.71 2208.88 921.379 691.034 0 0 0 0 0
294 1_1_1 1993  0 0 19397.5 12928.5 39120.3 8916.86 9987.61 1492.19 1666.06 0 0 0 0 0 0
295 1_1_1 1993  0 0 0 16440.6 52145 7743.42 7274.92 4577.55 540.22 1080.44 0 0 0 0 0
296 1_1_1 1993  0 0 18677.5 12458.7 51264.7 0 12845.7 0 2237.68 0 0 0 0 0 0
297 1_1_1 1993  0 0 4223.05 20666 51228.3 10187.5 5088.96 0 0 0 0 0 0 0 0
298 1_1_1 1993  0 0 10221.7 15902 56803.3 3660.74 7321.48 0 4410.38 0 0 0 0 0 0
299 1_1_1 1993  0 0 15825 16277.8 34078.9 13799.1 7913.22 5155.41 1554.74 0 0 0 0 0 0
300 1_1_1 1993  0 0 5084.87 16097.7 47916.1 17115 4531.24 2842.63 0 1470.45 0 0 0 0 0
301 1_1_1 1993  0 0 4761.21 32449.1 31472.7 22902.1 3348.23 0 0 0 0 0 0 0 0
302 1_1_1 1993  0 0 7970.84 11559.8 47716 17836 7234.1 0 0 0 0 0 0 0 0
303 1_1_1 1993  0 0 9555.28 26408 41581.3 3290.95 9731.82 3290.95 1783.35 0 0 0 0 0 0
304 1_1_1 1993  0 0 5268.73 18402.5 47679.3 10691 8940.94 3650.57 0 1475.54 0 0 0 0 0
305 1_1_1 1993  0 0 5960.58 19786.6 49087.2 6885.95 9879.48 1924.08 0 1398.95 0 0 0 0 0
306 1_1_1 1993  0 0 18187.2 11388.9 43855.8 13172 4828.81 3647.84 0 0 0 0 0 0 0
307 1_1_1 1993  0 0 18490.5 18195.9 22983.7 18269.8 10809.8 5644.34 0 2315.78 0 0 0 0 0
308 1_1_1 1993  0 0 24562 20682.5 27925 17053.3 5991.3 1102.39 0 0 0 0 0 0 0
309 1_1_1 1993  0 0 8758.68 17804.8 43293.1 15145.3 3177.96 3418.92 0 1627.36 0 0 0 0 0
310 1_1_1 1993  0 0 10904.7 17232.6 45454.5 6571.18 8195.51 6557.12 0 0 0 0 0 0 0
311 1_1_1 1993  0 0 8115.58 21004.5 38629.4 10383.8 11016.6 3362.15 508.217 762.326 0 0 0 0 0
312 1_1_1 1993  0 0 6002.48 17126.1 48808.2 9330.18 6168.15 5062.36 1494.94 560.604 0 0 0 0 0
313 1_1_1 1993  0 0 11931.8 20179.3 36734.2 14411.4 10082.4 4201.2 0 0 0 0 0 0 0
314 1_1_1 1993  0 0 18274.7 11287.8 47561.7 6616.16 8417.91 1642.49 1424.99 0 0 0 0 0 0
315 1_1_1 1993  0 0 13521.4 23039.7 34794.7 11824.1 5479 4266.95 1509.39 0 0 0 0 0 0
316 1_1_1 1993  0 0 22391.8 24392.2 24418.1 10032.7 5404.54 13918.9 0 0 0 0 0 0 0
317 1_1_1 1993  0 0 12752.8 21301.6 32596.1 10510.1 6045.46 12762.5 0 1967.9 0 0 0 0 0
318 1_1_1 1993  0 0 16358.5 28117.4 27267.9 16133 5445.39 5768.03 0 1887.43 0 0 0 0 0
319 1_1_1 1993  0 0 19748.7 16946.7 31699.3 14439.1 2787.01 9140.05 1139.79 0 0 0 0 0 0
320 1_1_1 1993  0 0 8537.99 15853.3 46232.4 14070.8 1330.61 8017.63 1645.32 0 0 0 0 0 0
321 1_1_1 1993  0 0 9706.64 48516.2 8475.97 17851 6303.32 8616.76 0 0 0 0 0 0 0
322 1_1_1 1993  0 0 15499.1 22778.8 32542.9 16058.3 1591.68 5920.34 0 1198.91 0 0 0 0 0
323 1_1_1 1993  0 0 0 25826.8 50003.8 10503.8 1445.23 1445.23 1105.53 552.764 0 0 0 0 0
324 1_1_1 1993  0 0 18777.3 19159.3 32824.2 14132.4 7454.24 1746.46 467.562 779.27 0 0 0 0 0
325 1_1_1 1993  0 0 11167.7 18921.4 40765.6 10807.7 7558.81 3162.58 0 1584.27 0 0 0 0 0
326 1_1_1 1993  0 0 8232.3 20396.9 41786.2 12891.8 7247.52 4126.79 0 0 0 0 0 0 0
327 1_1_1 1993  0 0 13520.6 15889.8 41365.4 9489 9379.87 5075.06 0 1686.97 0 0 0 0 0
328 1_1_1 1993  0 0 12828.8 14678.5 44031.2 7121.89 4690.58 10776.4 0 2104.56 0 0 0 0 0
329 1_1_1 1993  0 0 22213.8 18626.7 33679 13626.7 4830.84 3717.87 1538.5 0 0 0 0 0 0
330 1_1_1 1993  0 0 23125.5 41631.8 0 13972.9 4380.43 14937.2 706.52 1413.04 0 0 0 0 0
331 1_1_1 1993  0 0 23094.8 23401.2 33902 7630.57 4882.21 4189.56 0 0 0 0 0 0 0
332 1_1_1 1993  0 0 16439.1 11904.8 37616 11115.9 8557.97 7606.37 0 0 0 0 0 0 0
333 1_1_1 1993  0 0 19926.9 15153.7 33726.6 15195 4056.39 4808.77 1738.53 0 0 0 0 0 0
334 1_1_1 1993  0 0 21440.2 13622.7 44281.3 7043.78 3817.27 2760.9 1241.89 0 0 0 0 0 0
335 1_1_1 1993  0 0 27080.4 22833.2 21292.7 17851 5045.5 5493.83 0 2125.7 0 0 0 0 0
336 1_1_1 1993  0 0 21111.6 18866.4 34027.2 12537.1 2951.44 7755.21 0 0 0 0 0 0 0
337 1_1_1 1993  0 0 27271.3 3247.61 39800.4 3337.96 5357.15 13305.3 0 0 0 0 0 0 0
338 1_1_1 1993  0 0 7038.54 23509.2 44247.5 4906.46 9267.15 1401.84 1487.86 0 0 0 0 0 0
339 1_1_1 1993  0 0 11051.8 16338.5 43341.2 15798.6 2566.75 1072.65 0 1491.67 0 0 0 0 0
340 1_1_1 1993  0 0 14788 21448.4 33635.7 11198.6 5850.34 6561.22 371.759 1115.28 0 0 0 0 0
341 1_1_1 1993  0 0 6617.48 20319.6 51436.6 10478.1 0 2898.49 1702.84 0 0 0 0 0 0
342 1_1_1 1993  0 0 4410.24 18649.4 49277 17659 2619.07 0 0 0 0 0 0 0 0
343 1_1_1 1993  0 0 14202.5 22268.3 32305.1 20282.9 6136.97 1355.77 873.342 873.342 0 0 0 0 0
344 1_1_1 1993  0 0 17280.1 8292.32 49219.2 10870.2 2947.83 3880.14 1172.48 0 0 0 0 0 0
345 1_1_1 1993  0 0 33559.4 25087.1 7706.82 21231.3 5979.63 5740.22 0 2083.06 0 0 0 0 0
346 1_1_1 1993  0 0 20339.3 11445.4 39940.9 9118.4 7581.05 3275.76 1717.57 0 0 0 0 0 0
347 1_1_1 1993  0 0 13087.3 21556.7 23018.1 17440.3 16322.7 997.985 1697.7 0 0 0 0 0 0
348 1_1_1 1993  0 0 13089 1071.03 54934.6 13038.3 1646.57 12573.7 0 0 0 0 0 0 0
349 1_1_1 1993  0 0 24199.3 20719.8 24153.7 17743 2814.21 7054.71 1830.91 0 0 0 0 0 0
350 1_1_1 1993  0 0 19612 20464.5 19466.3 17741.6 9266.03 8871.33 0 2396.6 0 0 0 0 0
351 1_1_1 1993  0 0 8476.96 20052 34091.1 18527.2 6496.35 3339.12 1719.68 0 0 0 0 0 0
352 1_1_1 1993  0 0 15911.7 17840.4 36289.1 15553.9 6575.15 1590.23 0 1688.6 0 0 0 0 0
353 1_1_1 1993  0 0 17684.1 14381.4 53675.6 1068.73 7102.87 2248.41 0 0 0 0 0 0 0
354 1_1_1 1993  0 0 17618.4 18669.8 32020.9 15299.9 7325.86 1705.4 1441.07 0 0 0 0 0 0
355 1_1_1 1993  0 0 10589.7 15069.9 52434.5 4889.79 9000.12 2126.6 998.803 665.869 0 0 0 0 0
356 1_1_1 1993  0 0 13467.2 31369.1 29957.7 22505.2 1965.36 4156.17 0 0 0 0 0 0 0
357 1_1_1 1993  0 0 6216.77 23895.8 47560.5 7127.43 4987.34 2614.47 864.858 864.858 0 0 0 0 0
358 1_1_1 1993  0 0 15567.7 27564.7 5217.3 14194.3 20001.1 7109.27 0 2632.02 0 0 0 0 0
359 1_1_1 1993  0 0 13721.9 22002.7 34461.3 14817.4 4200.45 3863.54 952.859 476.429 0 0 0 0 0
360 1_1_1 1993  0 0 14064.2 18367.8 45125 11882.5 2924.82 1269.13 411.488 822.977 0 0 0 0 0
361 1_1_1 1993  0 0 4843.25 21174.2 42894.3 13759.1 4455.1 6512.27 0 1969.96 0 0 0 0 0
362 1_1_1 1993  0 0 8349.58 16797.8 48962.7 6840.09 7345.85 1019.14 1379.6 0 0 0 0 0 0
363 1_1_1 1993  0 0 14275.2 22783.1 41093.9 9742.38 4515.94 822.089 0 1416.28 0 0 0 0 0
364 1_1_1 1993  0 0 11838.7 15082.2 53031.6 7943.53 4937.99 0 0 2212.37 0 0 0 0 0
365 1_1_1 1993  0 0 21550.4 14555.8 36445.1 15927.1 6907.78 6161.15 0 0 0 0 0 0 0
366 1_1_1 1993  0 0 11821 22237.2 40246.8 13044 3294.94 4567.56 0 0 0 0 0 0 0
367 1_1_1 1993  0 0 6354.76 20317.9 40733.4 8478.22 11745.3 1638.87 525.235 1575.71 0 0 0 0 0
368 1_1_1 1993  0 0 9246.56 15473.9 47866.7 15060.5 4759.09 3458.17 0 0 0 0 0 0 0
369 1_1_1 1993  0 0 14098.4 17899.1 37980 11829.1 4346.31 8737.34 0 0 0 0 0 0 0
370 1_1_1 1993  0 0 14459.6 16622.3 34567 10194.3 9251.36 7237.54 1805.99 0 0 0 0 0 0
371 1_1_1 1993  0 0 23010.5 20406.7 28728 9894.05 5548.68 11239.5 0 2368.6 0 0 0 0 0
372 1_1_1 1993  0 0 36868.6 2242.97 3305.18 31340.8 14537.2 11496.4 0 0 0 0 0 0 0
373 1_1_1 1993  0 0 16362.4 12463.8 41238.8 11941 4980.07 6214.07 0 1435.08 0 0 0 0 0
374 1_1_1 1993  0 0 15658.1 18376.8 43384.9 7286.45 7233.2 2154.35 1508.93 0 0 0 0 0 0
375 1_1_1 1993  0 0 12737.2 24341.1 38436.8 8923.08 6632.63 3236.73 1809.54 0 0 0 0 0 0
376 1_1_1 1993  0 0 15436.9 23389.1 35351.2 8170.68 5313.43 7945.24 758.532 758.532 0 0 0 0 0
377 1_1_1 1993  0 0 26355.3 11057 35970.9 12817.4 6653.77 2577.19 0 1600.56 0 0 0 0 0
378 1_1_1 1993  0 0 18844.2 29618.5 14400.5 15724.6 7688.24 8663.73 0 2349.28 0 0 0 0 0
379 1_1_1 1993  0 0 7167.99 13319.4 54419.1 8331.78 5321.55 3515.82 475.137 1425.41 0 0 0 0 0
380 1_1_1 1993  0 0 19598.5 22126.1 33863.7 9981.28 5320.87 2093.62 1914.39 0 0 0 0 0 0
381 1_1_1 1993  0 0 8276.41 17527.8 46757.3 8813.99 10292.7 680.463 1331.75 0 0 0 0 0 0
382 1_1_1 1993  0 0 5297.85 16848.4 44535.7 10725.3 8895.03 4143.37 1241.81 620.907 0 0 0 0 0
383 1_1_1 1993  0 0 22259.3 17418.5 22296.8 14083 17437.7 5780.55 0 0 0 0 0 0 0
384 1_1_1 1993  0 0 18199 19742.9 29039.9 10027.1 10060.9 5313.06 899.929 899.929 0 0 0 0 0
385 1_1_1 1993  0 0 14832.3 8375.64 47481.6 14705.6 6151.77 3174.28 0 0 0 0 0 0 0
386 1_1_1 1993  0 0 10524.5 19227.7 38173.2 19253.9 4089.38 974.415 0 1518.93 0 0 0 0 0
387 1_1_1 1993  0 0 2982.34 14754.3 54129.5 7658.06 7858.17 3856.61 1350.53 0 0 0 0 0 0
388 1_1_1 1993  0 0 12868 15741.9 41750 17411.6 5183.09 0 1283 0 0 0 0 0 0
389 1_1_1 1993  0 0 10610.5 14203.8 47609.8 10937.3 8150.23 2849.43 0 1906.72 0 0 0 0 0
390 1_1_1 1993  0 0 14317.8 11903.5 44226.5 7634.55 10807.7 4694.76 434.336 1303.01 0 0 0 0 0
391 1_1_1 1993  0 0 19594.2 11638.6 44866.9 7753.95 9975.47 2818.66 0 0 0 0 0 0 0
392 1_1_1 1993  0 0 10045 20928.9 38768.3 16966.6 2445.46 2291.02 806.293 806.293 0 0 0 0 0
393 1_1_1 1993  0 0 11891.7 12376.8 46106.1 16980 4522.62 1649.11 0 1795.96 0 0 0 0 0
394 1_1_1 1993  0 0 12126.5 22064.5 36014.5 12490.2 9744.36 2955.07 0 0 0 0 0 0 0
395 1_1_1 1993  0 0 15245.4 15625.9 34538.5 18073.3 8293.02 996.073 853.321 853.321 0 0 0 0 0
396 1_1_1 1993  0 0 9476.87 21136.1 35141.2 14524.6 6616.47 4654.87 1563.78 0 0 0 0 0 0
397 1_1_1 1993  0 0 10408.9 13946.9 47568.4 16753.6 7197.18 633.12 0 0 0 0 0 0 0
398 1_1_1 1993  0 0 15681.1 17122.1 38295.4 14399 5567.01 3987.72 0 0 0 0 0 0 0
399 1_1_1 1993  0 0 13282.4 20582.3 42545.2 14166 4812.94 3412.15 0 0 0 0 0 0 0
400 1_1_1 1993  0 0 34096 12566.6 25552.4 10703.3 0 20561.1 0 0 0 0 0 0 0
401 1_1_1 1993  0 0 14157.4 15952.6 48122.5 12379.2 3388.73 3385.11 0 0 0 0 0 0 0
402 1_1_1 1993  0 0 10451.2 14710.2 46848.2 16065.5 5662.34 1017.61 0 1467.98 0 0 0 0 0
403 1_1_1 1993  0 0 8824.45 20235 44528.7 3181.06 10027.5 8771.92 0 0 0 0 0 0 0
404 1_1_1 1993  0 0 16633.7 11420.9 61363.7 0 6069.3 0 0 0 0 0 0 0 0
405 1_1_1 1993  0 0 13925.5 34467.1 23310.6 14675.4 4134.31 8339.49 0 1490.4 0 0 0 0 0
406 1_1_1 1993  0 0 12499.3 16833.1 40414.8 11104.9 5112.56 6772.59 0 0 0 0 0 0 0
407 1_1_1 1993  0 0 13460.4 14683.5 52116.1 5295.84 6649.47 1176.85 0 1557.74 0 0 0 0 0
408 1_1_1 1993  0 0 5408.26 23463.5 37405.5 20633.7 7867.87 0 0 1512.38 0 0 0 0 0
409 1_1_1 1993  0 0 11858.7 20496.7 42551.7 9662.48 5885.01 2583.1 1096.43 1096.43 0 0 0 0 0
410 1_1_1 1993  0 0 18086.9 16885.3 34169.9 13509.6 6679.08 2942.58 2322.91 0 0 0 0 0 0
411 1_1_1 1993  0 0 17871 18259.1 30687.9 19438.7 6297.31 2520.36 0 2099.36 0 0 0 0 0
412 1_1_1 1993  0 0 3731.06 0 52303.5 25010.2 7322.08 2404.45 0 2289.76 0 0 0 0 0
413 1_1_1 1993  0 0 20882 10692.5 41184.1 14325.7 6861.89 7383.2 0 0 0 0 0 0 0
414 1_1_1 1993  0 0 13551.8 12423.6 44506.7 15260.2 3547.55 4214.34 0 0 0 0 0 0 0
415 1_1_1 1993  0 0 25079.9 20740.9 23258.9 15846.8 4510.81 8476.63 0 2649.86 0 0 0 0 0
416 1_1_1 1993  0 0 14067.1 12316.8 44651.3 9390.03 8633.69 4555.58 799.09 799.09 0 0 0 0 0
417 1_1_1 1993  0 0 13098 15353 44442.1 12417.3 3854.48 6827.8 0 1519.6 0 0 0 0 0
418 1_1_1 1993  0 0 11220.6 17827.2 51649.3 15311.5 3173.48 0 0 0 0 0 0 0 0
419 1_1_1 1993  0 0 3245.51 20552.4 28466.8 19000.2 15347.9 4653.76 0 0 0 0 0 0 0
420 1_1_1 1993  0 0 10504.5 11161.7 45646.3 17449.9 5163.83 927.938 1383.74 0 0 0 0 0 0
421 1_1_1 1993  0 0 19383.4 15799.7 32137.7 18300.7 6197.01 0 2323.76 0 0 0 0 0 0
422 1_1_1 1993  0 0 16957.9 17583 35836.6 18247.2 3975.52 1364.48 1251.76 312.939 0 0 0 0 0
423 1_1_1 1993  0 0 23266 11277.8 44300.4 7178.42 7405.04 2100.07 624.057 624.057 0 0 0 0 0
424 1_1_1 1993  0 0 4485.78 20354.3 53977.8 6506.61 6040.22 743.686 1430.81 0 0 0 0 0 0
425 1_1_1 1993  0 0 13119 24845.7 37011.9 12767.7 2109.37 6816.01 0 0 0 0 0 0 0
426 1_1_1 1993  0 0 13562.9 34014.3 37629.5 11841.5 0 0 2655.76 0 0 0 0 0 0
427 1_1_1 1993  0 0 10130.3 20121.4 38439.4 8426.86 5730.86 8322.83 0 1668.24 0 0 0 0 0
428 1_1_1 1993  0 0 22519.5 3616.7 39604.4 8408.16 11244.8 11124.5 400.962 1603.85 0 0 0 0 0
429 1_1_1 1993  0 0 9111.65 19554.1 41516.4 11010.8 6895.66 1483.07 1418.59 0 0 0 0 0 0
430 1_1_1 1993  0 0 13734.2 12090.1 48502.4 9475.03 7633.54 825.913 1527.97 0 0 0 0 0 0
431 1_1_1 1993  0 0 897.519 11759.5 61278.6 10519.1 5616.45 0 1519.54 0 0 0 0 0 0
432 1_1_1 1993  0 0 8886.29 19684.6 44092.5 10257.3 6420.95 5905.8 0 0 0 0 0 0 0
433 1_1_1 1993  0 0 23500.8 5893.65 37007.5 14102.6 9832.65 2004.48 447.096 1341.29 0 0 0 0 0
434 1_1_1 1993  0 0 10758.8 18730.7 39190 14435.3 3752.47 5006.64 1715.07 0 0 0 0 0 0
435 1_1_1 1993  0 0 13933.9 17725.7 38892.7 17719.8 3956.93 0 1982.48 0 0 0 0 0 0
436 1_1_1 1993  0 0 16854.8 9892.54 34790.9 24868.1 4127.23 6372.89 0 2561.07 0 0 0 0 0
437 1_1_1 1993  0 0 28285.8 11264.9 35661.5 16966 5529.71 1926.77 0 1428.43 0 0 0 0 0
438 1_1_1 1993  0 0 12268.6 21992.9 34300 13418.7 8342.11 3082.27 0 1705.55 0 0 0 0 0
439 1_1_1 1993  0 0 9901.75 25477.2 34810.8 12615.8 7270.67 5044.08 0 0 0 0 0 0 0
440 1_1_1 1993  0 0 27634.7 2940.8 40913.1 15689.3 5528.66 0 2371.24 0 0 0 0 0 0
441 1_1_1 1993  0 0 12899.2 18888.5 45648.6 9440.15 6818.16 0 1750.24 0 0 0 0 0 0
442 1_1_1 1993  0 0 11886.5 20725.7 38687.1 16424.8 8058.25 2059.13 0 0 0 0 0 0 0
443 1_1_1 1993  0 0 14918.2 17598.8 37805.6 11791.1 4952.92 7875.56 1188.4 0 0 0 0 0 0
444 1_1_1 1993  0 0 10374.5 11801.1 49163.9 9200.08 9322.1 4857.45 0 1456.19 0 0 0 0 0
445 1_1_1 1993  0 0 4881.58 11583.5 55008.8 8971.53 8445.37 5393.35 1872.16 0 0 0 0 0 0
446 1_1_1 1993  0 0 21171.4 14197.1 39766.7 12900.8 3398.96 2691.22 0 1603.57 0 0 0 0 0
447 1_1_1 1993  0 0 5085.27 22922.6 36500 9658.82 11751.4 5876.08 391.781 1567.13 0 0 0 0 0
448 1_1_1 1993  0 0 19226 19328.8 31614.7 14771.9 4944.33 9520.04 0 0 0 0 0 0 0
449 1_1_1 1993  0 0 17187.1 18447.5 36301.1 15953.9 1873.34 4499.42 684.596 1369.19 0 0 0 0 0
450 1_1_1 1993  0 0 14514.4 13649.8 39936.8 13050.5 9701.27 2603.5 0 1680.11 0 0 0 0 0
451 1_1_1 1993  0 0 14397.4 8283.35 43863.8 7086.7 10001.8 7577.14 1550.97 0 0 0 0 0 0
452 1_1_1 1993  0 0 16152.9 24064.1 32102.4 10040.4 7260.87 4799.54 456.854 1370.56 0 0 0 0 0
453 1_1_1 1993  0 0 27278.6 17557 30884.6 11824.2 3627.22 9180.49 0 0 0 0 0 0 0
454 1_1_1 1993  0 0 15946.6 13344.7 40525 18014.5 4208.45 2101.38 0 1644.21 0 0 0 0 0
455 1_1_1 1993  0 0 18754.9 19461.2 29481.6 11030.1 8616.96 6950.6 905.084 905.084 0 0 0 0 0
456 1_1_1 1993  0 0 14141.1 21256.8 28244.6 13671.8 14149.2 2951.33 683.056 1024.58 0 0 0 0 0
457 1_1_1 1993  0 0 22217.3 19307.6 27147.3 16932.8 6725.83 5585.92 0 1941.08 0 0 0 0 0
458 1_1_1 1993  0 0 12812.9 16171.5 44366.9 9053.43 8064.61 1176.83 832.553 832.553 0 0 0 0 0
459 1_1_1 1993  0 0 11410 17990.6 42164.5 14943.5 9330.69 1680.55 0 0 0 0 0 0 0
460 1_1_1 1993  0 0 6274.13 20416.4 46498.6 13028.4 4186.98 2094.24 308.612 1234.45 0 0 0 0 0
461 1_1_1 1993  0 0 12761.1 21058.6 38763.8 12808.7 5940.78 3648.89 0 1918.77 0 0 0 0 0
462 1_1_1 1993  0 0 0 36697.4 39826 13090.9 3446.44 0 0 0 0 0 0 0 0
463 1_1_1 1993  0 0 10084.1 14841.5 46741.9 14115.4 2649.19 5836.62 0 0 0 0 0 0 0
464 1_1_1 1993  0 0 10687 20241.5 37744.8 6473.13 11875.1 1618.28 1444.94 0 0 0 0 0 0
465 1_1_1 1993  0 0 5969.33 31719.7 36085.5 13640.8 5839.79 4305.82 0 0 0 0 0 0 0
466 1_1_1 1993  0 0 19000.6 18609.5 40208.7 8622.03 4869.25 1989.07 1792.94 0 0 0 0 0 0
467 1_1_1 1993  0 0 3021.97 20798.4 46113.9 11002.7 11119.9 0 1301.78 520.711 0 0 0 0 0
468 1_1_1 1993  0 0 5055.29 7026.31 53663 12462.6 4149.25 11347.6 0 0 0 0 0 0 0
469 1_1_1 1993  0 0 14161.5 8445.72 37988.4 28415.5 5032.14 0 0 0 0 0 0 0 0
470 1_1_1 1993  0 0 19496.6 16828.4 42739.7 9311.1 4673.79 2237.37 0 0 0 0 0 0 0
471 1_1_1 1993  0 0 10513.2 24064.1 32948 11093.3 7906.31 8935.43 0 0 0 0 0 0 0
472 1_1_1 1993  0 0 6025.56 24935.8 46094.3 11303.8 3751.03 1911.01 0 0 0 0 0 0 0
473 1_1_1 1993  0 0 15923.5 19297.3 28408 13799.8 14472.3 3536.72 1085.33 542.667 0 0 0 0 0
474 1_1_1 1993  0 0 24034.7 14920.8 36434.4 12158.4 2854.73 9094.22 0 0 0 0 0 0 0
475 1_1_1 1993  0 0 15175.5 19382.7 34020.6 14535.7 3505.27 4582.83 578.374 578.374 0 0 0 0 0
476 1_1_1 1993  0 0 28882 15011.8 31988.1 18438 4899.04 2220.05 0 0 0 0 0 0 0
477 1_1_1 1993  0 0 18281.4 10233.7 42376.1 16098.4 2690.67 4392.08 0 0 0 0 0 0 0
478 1_1_1 1993  0 0 10733.1 21174.5 44574.1 5626.75 7714.99 3464.53 0 0 0 0 0 0 0
479 1_1_1 1993  0 0 22753.9 3933.11 45549.2 10960.4 5350.78 7103.39 0 0 0 0 0 0 0
480 1_1_1 1993  0 0 8765.76 17352.6 42106.2 11550.2 9285.79 1875.2 0 1546.14 0 0 0 0 0
481 1_1_1 1993  0 0 19757.2 29633.8 25350 15365.4 3197.91 7945.14 0 1523.63 0 0 0 0 0
482 1_1_1 1993  0 0 9795.43 20772 32135 16652.6 11785.5 4731.66 0 0 0 0 0 0 0
483 1_1_1 1993  0 0 31893.8 24489.8 18984.3 20413.7 5910.15 1704.67 0 0 0 0 0 0 0
484 1_1_1 1993  0 0 11104.9 22948.3 34144.1 11163.7 10507.6 4256.09 1527.5 0 0 0 0 0 0
485 1_1_1 1993  0 0 13975.2 19357.7 38511.7 10641.2 6057.34 6661.84 0 0 0 0 0 0 0
486 1_1_1 1993  0 0 8056.78 19453.6 42685.1 11468.2 8733.61 3377.25 0 1748.78 0 0 0 0 0
487 1_1_1 1993  0 0 21203.8 20282.5 27587 6709.76 4004.6 17436.3 0 2035.07 0 0 0 0 0
488 1_1_1 1993  0 0 7864.84 20229.2 43152.6 12443.3 5715.95 4247.07 0 0 0 0 0 0 0
489 1_1_1 1993  0 0 2253.85 17548.4 53751 10680.7 5334.69 0 344.547 1033.64 0 0 0 0 0
490 1_1_1 1993  0 0 14948.7 25716.6 30823.2 12806 4898.74 7684.65 0 0 0 0 0 0 0
491 1_1_1 1993  0 0 12669 16455.7 36415.7 11473.3 7960.84 9335.4 0 0 0 0 0 0 0
492 1_1_1 1993  0 0 15108.2 15533.6 34809.7 11118.2 9771.2 6721.7 858.829 858.829 0 0 0 0 0
493 1_1_1 1993  0 0 14095.2 28687.6 28371 14072.6 2213.63 6123.41 0 1023.01 0 0 0 0 0
494 1_1_1 1993  0 0 11948.5 18243.7 38058.3 14520.6 6902.12 1473.18 1233.05 411.017 0 0 0 0 0
495 1_1_1 1993  0 0 2648.58 7986.48 55413.7 8964.58 11476.7 1970.86 1609.67 0 0 0 0 0 0
496 1_1_1 1993  0 0 8287.49 28693.7 31288.9 12034.8 10699.2 1478.15 1172.17 293.044 0 0 0 0 0
497 1_1_1 1993  0 0 5579.78 23574.8 28896.9 9763.59 16387.8 6882.15 668.152 668.152 0 0 0 0 0
498 1_1_1 1993  0 0 12901.8 23943.2 34375.2 13015.7 4422.31 3305.99 655.19 655.19 0 0 0 0 0
499 1_1_1 1993  0 0 7404.88 9718.84 51883 9992.58 9506.14 2082.24 1195.26 597.629 0 0 0 0 0
500 1_1_1 1993  0 0 11985.4 20383.7 39936.4 14432.3 3912.92 3084.97 0 0 0 0 0 0 0
501 1_1_1 1993  0 0 13720 11538.1 44090.7 16638.3 4781.33 3824.62 0 0 0 0 0 0 0
502 1_1_1 1993  0 0 10653.4 16327.1 42433.8 8420.5 9925.57 1476.81 1692.24 0 0 0 0 0 0
503 1_1_1 1993  0 0 9636.38 22300.3 32486.2 16076.3 10294.1 4321.86 0 0 0 0 0 0 0
504 1_1_1 1993  0 0 31192 28085.8 4067.53 22137 5267.04 10672.8 0 0 0 0 0 0 0
505 1_1_1 1993  0 0 32370.4 23924.9 17780.7 17183.6 4178.84 4958.78 0 1748.68 0 0 0 0 0
506 1_1_1 1993  0 0 9319.07 19328.4 40194.5 14334.9 4461.41 0 1624.99 0 0 0 0 0 0
507 1_1_1 1993  0 0 9554.32 14908.2 43823.1 13771.4 7436.02 2721.25 0 1740.6 0 0 0 0 0
508 1_1_1 1993  0 0 17438.9 24221.5 33779.4 9028.14 8976.11 3381.42 640.833 961.25 0 0 0 0 0
509 1_1_1 1993  0 0 14030.7 22690.1 37069.2 4565.16 5406.46 12609.6 0 1336.6 0 0 0 0 0
510 1_1_1 1993  0 0 17916.4 26188 29747.6 7995.22 4432.05 4853.72 1974.96 0 0 0 0 0 0
511 1_1_1 1993  0 0 13410.5 15837.4 45727.6 7935.89 3731.17 10323.8 0 0 0 0 0 0 0
512 1_1_1 1993  0 0 11749.8 15494.2 39402.1 16262.7 5560.41 2158.13 1792.12 0 0 0 0 0 0
513 1_1_1 1993  0 0 17500 9163.85 45116.8 8254.05 8062.12 6287.52 0 0 0 0 0 0 0
514 1_1_1 1993  0 0 11416.2 17736.3 47969 8895.81 4664.38 2523.35 321.495 1607.47 0 0 0 0 0
515 1_1_1 1993  0 0 10650.2 11417.2 56184 0 12522.5 0 1317.95 658.975 0 0 0 0 0
516 1_1_1 1993  0 0 7256.46 6262.52 46199.2 18262.5 8815.79 1306.5 0 2427.31 0 0 0 0 0
517 1_1_1 1993  0 0 12585.3 22413.9 33553.4 8349.92 10824.2 8218.48 1318.32 439.439 0 0 0 0 0
518 1_1_1 1993  0 0 16653.7 17930.7 39111 12669.3 4100.77 1950.21 1548.38 0 0 0 0 0 0
519 1_1_1 1993  0 0 9826.85 12811.8 48660.5 4684.21 8284.89 6909.92 1399.77 349.942 0 0 0 0 0
520 1_1_1 1993  0 0 18753.6 6160.42 53509.6 10545.4 5846.33 0 0 1382.65 0 0 0 0 0
521 1_1_1 1993  0 0 5653.72 21804.5 36214.5 19102.2 6112.71 0 1745.72 0 0 0 0 0 0
522 1_1_1 1993  0 0 19783.1 15693.9 32253.2 7082.78 11148.4 5488.79 1060.11 1060.11 0 0 0 0 0
523 1_1_1 1993  0 0 0 9047.05 60457 18026 3347.36 0 0 1752.68 0 0 0 0 0
524 1_1_1 1993  0 0 5325.54 20158.4 41623 11462.6 8835.06 1486.63 1368.7 0 0 0 0 0 0
525 1_1_1 1993  0 0 12443.6 17991.4 39343.2 15830.7 2885.48 4306.82 0 1554.9 0 0 0 0 0
526 1_1_1 1993  0 0 9764.02 20514.4 38571.6 11971.7 7940.72 2920.94 1770.47 0 0 0 0 0 0
527 1_1_1 1993  0 0 15208.3 15035.7 40105.5 15928.4 3666.15 4458.91 0 1438.31 0 0 0 0 0
528 1_1_1 1993  0 0 19135.6 15584.7 32846.5 9958.79 9020.33 6059.57 1402.52 350.63 0 0 0 0 0
529 1_1_1 1993  0 0 6902.73 27688.7 38636.8 10247.4 7374.68 6407.52 0 0 0 0 0 0 0
530 1_1_1 1993  0 0 13694 20796 37242.5 17579.8 2469.89 1932.5 0 1416.54 0 0 0 0 0
531 1_1_1 1993  0 0 3553.89 21946.6 48183.1 10739 5777.18 0 1507.08 0 0 0 0 0 0
532 1_1_1 1993  0 0 8760.32 19548.8 42137.8 12526.2 3856.54 6592.67 0 1412.7 0 0 0 0 0
533 1_1_1 1993  0 0 8735.08 14803.9 47034.7 15406.9 8698.12 1272.94 0 0 0 0 0 0 0
534 1_1_1 1993  0 0 6778.86 21224.3 36222.1 19821.6 7347.7 0 1390.86 0 0 0 0 0 0
535 1_1_1 1993  0 0 12560.2 11735.1 34932 12846.3 16799.2 4046.01 731.21 731.21 0 0 0 0 0
536 1_1_1 1993  0 0 16018.8 10471.7 40044.6 18372.4 3699.66 7428.18 974.053 974.053 0 0 0 0 0
537 1_1_1 1993  0 0 26968.5 10874.2 34222.2 15936.1 4317.35 6809.57 0 1694.02 0 0 0 0 0
538 1_1_1 1993  0 0 8244.94 7751.8 55068.5 15836.5 1667.31 4973.77 189.904 1899.04 0 0 0 0 0
539 1_1_1 1993  0 0 10416.1 24630.9 33898.1 8990.47 10152.6 6156.67 289.666 1448.33 0 0 0 0 0
540 1_1_1 1993  0 0 14085 20393.3 32647.8 18155.2 2892.23 3785.65 588.982 1177.96 0 0 0 0 0
541 1_1_1 1993  0 0 5584.32 19685.1 42836.9 14223.3 3659.39 5265.12 862.679 862.679 0 0 0 0 0
542 1_1_1 1993  0 0 11042.4 13244.6 52516.6 11469.1 775.118 2060.44 1503.65 375.913 0 0 0 0 0
543 1_1_1 1993  0 0 11188.7 18328.5 45117.3 5892.41 10250.3 2329.86 1951.68 0 0 0 0 0 0
544 1_1_1 1993  0 0 11752.9 14516.1 44633.6 11925.1 6472.91 3372.81 1664.29 0 0 0 0 0 0
545 1_1_1 1993  0 0 9175.38 15437.2 43959.3 12622.7 8137.45 0 1619.84 0 0 0 0 0 0
546 1_1_1 1993  0 0 4747.69 27088 32871.5 15883.8 14846.6 0 0 0 0 0 0 0 0
547 1_1_1 1993  0 0 2011.73 11332.9 48594 20406.6 7289.4 0 1909.13 0 0 0 0 0 0
548 1_1_1 1993  0 0 16012.5 23244.9 27439.1 13697 9223.59 5597.12 0 0 0 0 0 0 0
549 1_1_1 1993  0 0 3511.26 20599.6 48266 8641.64 6321.94 1309.24 1423.28 0 0 0 0 0 0
550 1_1_1 1993  0 0 5563.08 14881.2 49944.9 19036.5 4485.61 0 0 0 0 0 0 0 0
551 1_1_1 1993  0 0 0 34862 66240.6 0 0 0 0 0 0 0 0 0 0
552 1_1_1 1993  0 0 4158.02 1386.01 69967.9 12565.5 6388.23 0 0 0 0 0 0 0 0
553 1_1_1 1993  0 0 18045.6 24136.7 22229.8 10300.2 12198.1 6380.53 886.239 886.239 0 0 0 0 0
554 1_1_1 1993  0 0 16844.4 0 36922.9 16540.3 17918.8 4364.29 0 2217.37 0 0 0 0 0
555 1_1_1 1993  0 0 10831.8 26060.7 35698.9 13783.4 4844.84 5239.53 0 0 0 0 0 0 0
556 1_1_1 1993  0 0 8407.12 43830 8407.12 22578.4 3118.1 12553.2 0 0 0 0 0 0 0
557 1_1_1 1993  0 0 19963.3 18674.4 35710 17066.8 3382.9 3650.79 0 0 0 0 0 0 0
558 1_1_1 1993  0 0 13679.7 18520.7 38487.7 15925.8 638.093 11863.2 0 0 0 0 0 0 0
559 1_1_1 1993  0 0 11084.9 21627.3 37714 17341.5 2915.47 3403.25 0 0 0 0 0 0 0
560 1_1_1 1993  0 0 15206.4 26814 40109.6 5806.97 5015.35 2574.69 534.836 802.254 0 0 0 0 0
561 1_1_1 1993  0 0 20243.3 18753.1 41947.9 8202.43 5655.74 1302.91 0 0 0 0 0 0 0
562 1_1_1 1993  0 0 9161.35 31198.1 31792.5 11446.1 4874.15 7963.5 0 0 0 0 0 0 0
563 1_1_1 1993  0 0 20974.9 11772.5 39039 16761.5 4264.92 5971.5 0 1625.31 0 0 0 0 0
564 1_1_1 1993  0 0 21186.7 20958.4 25720.9 18433 4944.21 2891.29 1693.88 0 0 0 0 0 0
565 1_1_1 1993  0 0 14360.2 21031.3 31573.7 10083.7 10932.6 6656.28 416.612 1249.84 0 0 0 0 0
566 1_1_1 1993  0 0 13117.8 15028.1 42809.1 19346.2 7392.25 806.855 0 0 0 0 0 0 0
567 1_1_1 1993  0 0 9517.82 21246.5 36598.8 15863.7 5872.26 3700.72 0 0 0 0 0 0 0
568 1_1_1 1993  0 0 10789.5 16582.9 41499.2 9567.98 4689.68 9181.58 1820.92 0 0 0 0 0 0
569 1_1_1 1993  0 0 13687.2 21403.1 40545.2 7768.49 8591.02 1090.53 1084.54 361.514 0 0 0 0 0
570 1_1_1 1993  0 0 25003.3 17814.1 38659.9 7114.99 11596.5 0 0 0 0 0 0 0 0
571 1_1_1 1993  0 0 24566.3 19630.2 24060.4 14607.6 8358.1 4595.37 0 0 0 0 0 0 0
572 1_1_1 1993  0 0 18680.3 17115.7 38416 9300.97 9309.68 3392.94 800.274 800.274 0 0 0 0 0
573 1_1_1 1993  0 0 11286.2 17089.7 40940.6 8309.01 8503.12 3679.06 1892.16 0 0 0 0 0 0
574 1_1_1 1993  0 0 17673.8 19230.8 29976.8 12554.1 11381.5 2794.01 1469.97 0 0 0 0 0 0
575 1_1_1 1993  0 0 13592.3 17189.2 38309.6 16830.3 4957.17 3521.42 0 0 0 0 0 0 0
576 1_1_1 1993  0 0 17619.7 21808.2 39948.8 5529.07 7580.26 2427.99 286.369 1145.48 0 0 0 0 0
577 1_1_1 1993  0 0 9008.16 35573.2 32974.9 8683.65 8119.25 2126.35 0 0 0 0 0 0 0
578 1_1_1 1993  0 0 12192.2 24620.7 22378.3 16711.7 10812.8 3260.77 1785.51 0 0 0 0 0 0
579 1_1_1 1993  0 0 15540.6 19352.6 26673.3 9681.29 11618.6 7614.81 863.414 863.414 0 0 0 0 0
580 1_1_1 1993  0 0 15339.6 24706.4 30984.8 12489.2 4986.81 6925.46 0 0 0 0 0 0 0
581 1_1_1 1993  0 0 15439 9358.75 42065.6 20074.8 6099.47 0 0 2046.35 0 0 0 0 0
582 1_1_1 1993  0 0 1761.87 14416.9 55391.9 11021.1 9843.89 0 0 0 0 0 0 0 0
583 1_1_1 1993  0 0 11277 17661.2 41238.4 15508.6 4890.12 3098.51 0 1490.97 0 0 0 0 0
584 1_1_1 1993  0 0 14371.6 16553 40064.1 11463.1 5261.13 7083.95 0 0 0 0 0 0 0
585 1_1_1 1993  0 0 9834.35 15345.4 55703.7 5420.79 7561.1 2168.32 0 1610.96 0 0 0 0 0
586 1_1_1 1993  0 0 10671.4 16905.9 36849 10283.7 14862 6117.84 1167.69 1167.69 0 0 0 0 0
587 1_1_1 1993  0 0 17788.2 18926.8 43803.6 7733.3 4694.6 1737.14 1127.56 0 0 0 0 0 0
588 1_1_1 1993  0 0 26884.5 24062.6 13391.4 13246.6 9283.67 8561.2 0 2021.82 0 0 0 0 0
589 1_1_1 1993  0 0 16633.9 18370.3 39173.9 8338.21 2177.36 9242.02 822.388 411.194 0 0 0 0 0
590 1_1_1 1993  0 0 4931.71 22033 43581.6 13121.9 4177.2 5821.9 289.262 1446.31 0 0 0 0 0
591 1_1_1 1993  0 0 11564.9 19030.2 38657.1 8732.32 3204.42 10527.2 0 1564.54 0 0 0 0 0
592 1_1_1 1993  0 0 24425.2 18136.2 34575 11517.4 6540.47 3447.91 0 0 0 0 0 0 0
593 1_1_1 1993  0 0 17050.7 20111 38255.3 8124.85 6887.35 871.44 0 2208.62 0 0 0 0 0
594 1_1_1 1993  0 0 10466.7 25003.2 44430.4 5493.12 4168.68 0 0 2902.32 0 0 0 0 0
595 1_1_1 1993  0 0 21807.2 17524.1 36026.6 18679.3 3455.83 4229.74 0 0 0 0 0 0 0
596 1_1_1 1993  0 0 22998 17087.4 32665.4 20812.1 6643.99 1821.36 0 0 0 0 0 0 0
597 1_1_1 1993  0 0 21044.3 21074.3 32355.7 8773.53 3283.15 8740.78 743.807 743.807 0 0 0 0 0
598 1_1_1 1993  0 0 12794.3 24320.9 33411.5 18660.7 2489.49 3661.46 0 0 0 0 0 0 0
599 1_1_1 1993  0 0 15647.6 19117.3 32796 14021.4 6172.1 4858.05 1657.66 0 0 0 0 0 0
600 1_1_1 1993  0 0 15639.8 10218.3 47723.1 7041.74 4658.43 10545.8 0 0 0 0 0 0 0
601 1_1_1 1993  0 0 16147.1 15870.7 41558.4 16260.5 4508.6 3005.73 0 1922.7 0 0 0 0 0
602 1_1_1 1993  0 0 19235.8 16258.5 41820.8 8470.22 7978.26 1093.3 2322.75 0 0 0 0 0 0
603 1_1_1 1993  0 0 8707.92 19091.6 36809.2 17247.6 12724.3 0 0 2239.23 0 0 0 0 0
604 1_1_1 1993  0 0 14643 11821.4 44751.9 17525.7 7551.36 722.514 0 0 0 0 0 0 0
605 1_1_1 1993  0 0 23595.7 14353.7 43973.2 6559.31 3839.45 3213.41 689.523 1379.05 0 0 0 0 0
606 1_1_1 1993  0 0 19183.8 15279.3 41365.5 10761.2 6161.61 3397.3 0 0 0 0 0 0 0
607 1_1_1 1993  0 0 13405.2 17780.3 43530.9 11846.1 4243.03 3254.51 0 1537.78 0 0 0 0 0
608 1_1_1 1993  0 0 18114.1 19999 33008.2 11232.4 8447.88 2281.81 1952.12 0 0 0 0 0 0
609 1_1_1 1993  0 0 14474.7 18956.7 32620.2 11262.8 9847.3 4797.49 1252.7 0 0 0 0 0 0
610 1_1_1 1993  0 0 17734.8 17877.8 35380.6 12825.5 4395.21 6175.07 0 0 0 0 0 0 0
611 1_1_1 1993  0 0 14656.1 13523.6 48550.1 10051.6 3316.97 2480.64 0 2176.01 0 0 0 0 0
612 1_1_1 1993  0 0 12203 19203.6 38006.6 14152 6701.55 4911.34 0 0 0 0 0 0 0
613 1_1_1 1993  0 0 13091.5 17129.1 34045.3 12602.4 11252.2 4031.2 1582.79 0 0 0 0 0 0
614 1_1_1 1993  0 0 10302.4 15575.3 49747.3 7172.12 6957.09 1273.14 1038.58 519.29 0 0 0 0 0
615 1_1_1 1993  0 0 14647.1 21556.9 31977 12210.5 7132.86 8305.64 0 1574.68 0 0 0 0 0
616 1_1_1 1993  0 0 8074.89 18533.7 43715.7 11419.5 7340.72 1003.09 1465.04 0 0 0 0 0 0
617 1_1_1 1993  0 0 16589.7 7037.05 34722.6 17762.9 12037.5 2101.51 0 0 0 0 0 0 0
618 1_1_1 1993  0 0 11321.8 26754.4 38971.5 16301.4 1426.58 2461.55 827.54 827.54 0 0 0 0 0
619 1_1_1 1993  0 0 12243.8 13176.7 48452.6 7454.52 9226.16 2910.96 0 0 0 0 0 0 0
620 1_1_1 1993  0 0 14179.7 20102.1 30785.3 14211.7 8093.85 4027.35 1639.57 0 0 0 0 0 0
621 1_1_1 1993  0 0 24805.4 11822 29651.7 20726.4 4756.83 6884.59 0 1575.11 0 0 0 0 0
622 1_1_1 1993  0 0 17512.5 18941.6 35020.9 14852.8 4204.42 3393.59 0 1525.92 0 0 0 0 0
623 1_1_1 1993  0 0 13602.2 71779.7 0 0 16064.8 0 0 0 0 0 0 0 0
624 1_1_1 1993  0 0 1591.58 25388 34396.4 19805.8 4123.5 6205.5 0 1886.05 0 0 0 0 0
625 1_1_1 1993  0 0 3626.13 19116.3 45578 5032.78 3237.62 11525.7 0 1936.26 0 0 0 0 0
626 1_1_1 1993  0 0 12841.3 20272.5 38596.3 9476.9 7085.53 4652.46 0 0 0 0 0 0 0
627 1_1_1 1993  0 0 14659.2 23011.7 33149.7 13728.6 6715.05 2546.24 1041.05 1041.05 0 0 0 0 0
628 1_1_1 1993  0 0 27343.8 7771.29 34073 13038.1 4893.21 8938.56 0 2033.13 0 0 0 0 0
629 1_1_1 1993  0 0 46834.8 1679.54 32917.2 14757.4 4213.99 702.332 0 3124.24 0 0 0 0 0
630 1_1_1 1993  0 0 16642.5 22687.8 34410.2 9826.95 3002.11 10090.5 0 1512.64 0 0 0 0 0
631 1_1_1 1993  0 0 21687.1 14355.7 30962.6 24764 1886.05 3772.1 0 0 0 0 0 0 0
632 1_1_1 1993  0 0 9998.61 11067.8 48673.9 12289.6 8368.66 2019.74 562.75 844.124 0 0 0 0 0
633 1_1_1 1993  0 0 16449.1 12687.7 42273.1 16958.7 9188.86 2159.99 0 0 0 0 0 0 0
634 1_1_1 1993  0 0 30380.3 1220.1 52934.4 7165.06 5423.46 1160.96 0 2289.69 0 0 0 0 0
635 1_1_1 1993  0 0 14923.8 20718.1 35323.9 13496.3 8314.51 3363.53 0 0 0 0 0 0 0
636 1_1_1 1993  0 0 30144.4 20028.4 21288.8 17479 5858.82 4962.34 0 0 0 0 0 0 0
637 1_1_1 1993  0 0 14593.7 9949.23 48206.1 16655.2 4618.65 2851.47 0 0 0 0 0 0 0
638 1_1_1 1993  0 0 10252.3 17747.2 42728.9 10823.3 7471.76 4920.67 577.957 963.262 0 0 0 0 0
639 1_1_1 1993  0 0 9626.19 21773.8 39763 8108.24 12494.7 475.281 1356.21 0 0 0 0 0 0
640 1_1_1 1993  0 0 11822.4 15539.4 39667.6 11061.5 8391.62 4179.75 742.307 742.307 0 0 0 0 0
641 1_1_1 1993  0 0 13506.2 17292 36200.7 8861.84 13668.2 3986.66 1371.14 0 0 0 0 0 0
642 1_1_1 1993  0 0 16993 23533.2 27525.3 12428.9 10921 1181.77 1047.35 349.118 0 0 0 0 0
643 1_1_1 1993  0 0 14547.2 18302.5 30663.2 12534.8 14901.2 4434.53 1560.54 0 0 0 0 0 0
644 1_1_1 1993  0 0 13398.1 21539 26131.1 13191.3 13986.2 5936.49 324.674 1623.37 0 0 0 0 0
645 1_1_1 1993  0 0 21912.7 3903.82 42116 8335.91 5639.75 13217.8 0 1781.88 0 0 0 0 0
646 1_1_1 1993  0 0 17136.4 19706.4 32071.6 11028.1 0 16630 468.582 1405.75 0 0 0 0 0
647 1_1_1 1993  0 0 13330.2 30506.7 22662 23803.9 6505.44 3180.5 0 2083.64 0 0 0 0 0
648 1_1_1 1993  0 0 12094.2 25214.4 32994.1 13537.3 3896.88 6473.12 0 1945.02 0 0 0 0 0
649 1_1_1 1993  0 0 16154.3 17760.4 40788.2 11403 5576.01 3219.1 642.622 642.622 0 0 0 0 0
650 1_1_1 1993  0 0 13404.7 14743.4 39421.2 14042.3 8485.64 1742.33 0 1361.11 0 0 0 0 0
651 1_1_1 1993  0 0 19713.6 18154.9 35518.9 5387.39 6057.77 11580 0 1831.64 0 0 0 0 0
652 1_1_1 1993  0 0 8103.79 8899.01 50783.2 17130.8 2333.15 6737.73 0 2068.15 0 0 0 0 0
653 1_1_1 1993  0 0 9940.06 19313.3 35716.6 14499 16471.1 2319.04 0 1931.67 0 0 0 0 0
654 1_1_1 1993  0 0 19186 17838.2 37458.1 16138.5 3197.51 5706.58 0 0 0 0 0 0 0
655 1_1_1 1993  0 0 27193.9 24414.4 20945.3 17162.3 6976.77 4067.93 0 1642.8 0 0 0 0 0
656 1_1_1 1993  0 0 14991.1 29638.3 38330.7 8440.55 7416.82 0 0 0 0 0 0 0 0
657 1_1_1 1993  0 0 15166.7 3837.02 40135.1 18412.9 7642.71 5304.61 1362.08 1362.08 0 0 0 0 0
658 1_1_1 1993  0 0 13930.9 17177.5 37707 7845.37 6003.23 8484.51 1662.2 0 0 0 0 0 0
659 1_1_1 1993  0 0 5869.43 25112.6 38131.8 18972.5 2816.83 1373.49 0 1839.79 0 0 0 0 0
660 1_1_1 1993  0 0 18286.4 15113.2 38338 5308.98 2538.94 16256.4 0 0 0 0 0 0 0
661 1_1_1 1993  0 0 7760.09 31971.8 31860.3 10627.5 5594.26 7001.86 284.777 1139.11 0 0 0 0 0
662 1_1_1 1993  0 0 22555.8 27813.9 22011.1 16114.9 3553.18 9206.85 0 0 0 0 0 0 0
663 1_1_1 1993  0 0 12427.2 19566.3 42033.5 12353.2 5124.74 2320.05 0 1493.08 0 0 0 0 0
664 1_1_1 1993  0 0 23933.1 17506.9 27045 14948.4 6671.47 5396.55 0 1827.62 0 0 0 0 0
665 1_1_1 1993  0 0 12244.8 19248.6 47809.9 9752.22 1161.09 2893.91 2020.64 0 0 0 0 0 0
666 1_1_1 1993  0 0 18550.1 20422.8 35999.6 17797.4 2679.91 4684.81 0 0 0 0 0 0 0
667 1_1_1 1993  0 0 2400.16 23869.5 45196.5 11226 2673.28 4009.46 1530.86 0 0 0 0 0 0
668 1_1_1 1993  0 0 13585.3 18885.4 31921.2 16306.2 9314.04 6800.33 325.925 977.775 0 0 0 0 0
669 1_1_1 1993  0 0 10481.2 14577.8 44712.1 10986.3 8837.67 2689.81 0 1682.89 0 0 0 0 0
670 1_1_1 1993  0 0 9474.31 0 85497 0 5066.1 0 0 0 0 0 0 0 0
671 1_1_1 1993  0 0 13467.2 24190.9 25970.9 9734.91 13820.9 7838.31 289.857 869.571 0 0 0 0 0
672 1_1_1 1993  0 0 18961.6 14980.1 39839.3 12472.1 3330.91 5902.49 0 1339.91 0 0 0 0 0
673 1_1_1 1993  0 0 33785.8 22445.1 17028.4 14029.4 4384.63 3538.64 973.51 973.51 0 0 0 0 0
674 1_1_1 1993  0 0 14348.9 15369 36744.3 15404.5 8881.93 2919.34 280.332 1681.99 0 0 0 0 0
675 1_1_1 1993  0 0 10927.4 16235.3 45054.7 7286 5561.78 11365.4 0 0 0 0 0 0 0
676 1_1_1 1993  0 0 8249.35 22331 44625 15645.8 3789.2 3247.1 0 0 0 0 0 0 0
677 1_1_1 1993  0 0 9550.48 15649.6 50792.1 7524.6 8193.89 677.47 956.31 637.54 0 0 0 0 0
678 1_1_1 1993  0 0 10477.1 27111.3 42751.1 6181.02 5849.22 5970.71 0 0 0 0 0 0 0
679 1_1_1 1993  0 0 5413.21 27874.9 41625.8 5633.1 5322.16 6097.94 0 2403.34 0 0 0 0 0
680 1_1_1 1993  0 0 23697.1 20030 28942.7 17824 4003.8 3444.76 0 0 0 0 0 0 0
681 1_1_1 1993  0 0 6145.13 24764.8 38660.9 11453.1 5902.19 6118.9 0 1325.4 0 0 0 0 0
682 1_1_1 1993  0 0 12897.8 19047.1 40728.9 12468.4 5741.06 2576.01 0 0 0 0 0 0 0
683 1_1_1 1993  0 0 14745.8 19803.8 33422.1 13109.5 10084.3 3767.59 1311.61 437.202 0 0 0 0 0
684 1_1_1 1993  0 0 16157.5 19329.4 46429.6 8788.75 5197.46 1693.05 0 0 0 0 0 0 0
685 1_1_1 1993  0 0 10187 23385.1 36724.2 12550.9 10428.8 3327.67 0 0 0 0 0 0 0
686 1_1_1 1993  0 0 5635.65 18226 44223.1 12660.3 7219.8 2351.97 1098.16 0 0 0 0 0 0
687 1_1_1 1993  0 0 14637.6 10958.9 45723.2 14395.3 3386.08 5229.2 0 0 0 0 0 0 0
688 1_1_1 1993  0 0 11712.6 17245.4 37427.3 12558.8 12627.8 2781.17 583.951 1167.9 0 0 0 0 0
689 1_1_1 1993  0 0 16471.1 10805.6 41706 12311.7 10528 4594.99 0 0 0 0 0 0 0
690 1_1_1 1993  0 0 14767 19658.4 38116.4 4938.48 4599.37 8271.27 1186.36 593.182 0 0 0 0 0
691 1_1_1 1993  0 0 15750.8 14193.9 42831.3 9275.39 8990.28 5152.25 0 1638.91 0 0 0 0 0
692 1_1_1 1993  0 0 25156.7 14125.7 34195.2 14207.9 4778.29 3421.06 0 0 0 0 0 0 0
693 1_1_1 1993  0 0 17813.6 18109.7 32910.5 9607.98 7848.02 5806.18 1747.27 0 0 0 0 0 0
694 1_1_1 1993  0 0 4916.01 30604 34323.2 17230.4 4909.62 1336.58 0 0 0 0 0 0 0
695 1_1_1 1993  0 0 10316.9 18531.5 42581.3 6920.17 0 14390.9 1819.46 0 0 0 0 0 0
696 1_1_1 1993  0 0 9540.76 26186.6 29931.4 11269.6 8941.78 6387.75 915.167 915.167 0 0 0 0 0
697 1_1_1 1993  0 0 6455.86 16916.1 48831.7 12169.1 5313.05 1622.85 1477.16 0 0 0 0 0 0
698 1_1_1 1993  0 0 12012.3 15469.9 43475.6 14537.4 9609.02 0 1844.84 0 0 0 0 0 0
699 1_1_1 1993  0 0 12041.8 16669.5 41112.3 13586.9 6832.6 3287.06 0 1823.18 0 0 0 0 0
700 1_1_1 1993  0 0 9295.23 17526.9 47259.9 9196.08 7207.93 0 898.483 898.483 0 0 0 0 0
701 1_1_1 1993  0 0 11715 17676.6 46883.5 8939.37 5821.55 2268.7 1684.11 0 0 0 0 0 0
702 1_1_1 1993  0 0 12806.3 15926.8 43082 16905.6 4563.28 4413.41 0 0 0 0 0 0 0
703 1_1_1 1993  0 0 9803.54 13142.3 44442.7 9673.6 10316.3 3668.03 2079.06 0 0 0 0 0 0
704 1_1_1 1993  0 0 15803.8 16194.4 35678.9 9985.59 8136.25 6372.85 1520.77 0 0 0 0 0 0
705 1_1_1 1993  0 0 5317.37 13880.2 33337.2 15423.7 21280.2 1796.59 1605.83 0 0 0 0 0 0
706 1_1_1 1993  0 0 13787.2 21194.5 35007.3 8965.78 7755.78 4175.69 876.258 876.258 0 0 0 0 0
707 1_1_1 1993  0 0 20473.6 6457.37 42715.2 16999.8 4624.49 1975.37 0 1372.67 0 0 0 0 0
708 1_1_1 1993  0 0 9661.78 24584.9 34253.1 11212.9 5991.25 5890.26 0 1906.41 0 0 0 0 0
709 1_1_1 1993  0 0 10739.4 13133 47971.2 12645.4 5620.3 4004.81 0 1360.06 0 0 0 0 0
710 1_1_1 1993  0 0 10835.5 20533.1 45728.8 10706.2 2610.78 2854.02 1431.6 0 0 0 0 0 0
711 1_1_1 1993  0 0 4146.84 13344.8 57325.6 8933.92 5932.37 1731.8 224.512 1347.07 0 0 0 0 0
712 1_1_1 1993  0 0 6634.68 25182.3 36558.6 11318.1 7589.32 4452.96 1427.74 0 0 0 0 0 0
713 1_1_1 1993  0 0 14639.5 16509.8 40312.4 11902.4 9101.11 0 1461.86 0 0 0 0 0 0
714 1_1_1 1993  0 0 15188.2 14108.1 44192.7 10483.1 5875.28 3093.59 793.567 793.567 0 0 0 0 0
715 1_1_1 1993  0 0 16499.9 13233.1 38967.6 10609.2 4571.71 7306.95 0 1444.9 0 0 0 0 0
716 1_1_1 1993  0 0 1307.34 20392.9 56956.7 6576.34 5520.76 0 613.657 1227.31 0 0 0 0 0
717 1_1_1 1993  0 0 14892.7 827.208 57231.8 10174.8 8108.88 4095.16 618.366 1236.73 0 0 0 0 0
718 1_1_1 1993  0 0 20021.8 10113.9 42123.5 18318.9 1445.02 3187.4 0 1399.67 0 0 0 0 0
719 1_1_1 1993  0 0 10181.3 16443.7 52835.3 15875.8 3108.18 0 0 0 0 0 0 0 0
720 1_1_1 1993  0 0 5031.08 23991.9 33973.6 18558.1 8957.08 0 0 1841.51 0 0 0 0 0
721 1_1_1 1993  0 0 16998.3 19938.9 31332.4 7084.33 11915.2 7137.09 1602.4 0 0 0 0 0 0
722 1_1_1 1993  0 0 19768.3 17580.8 35315.2 14885.8 6891.27 3197.61 0 0 0 0 0 0 0
723 1_1_1 1993  0 0 33751.6 15885.2 27765.8 14255.7 7142.83 2865.41 0 1869.1 0 0 0 0 0
724 1_1_1 1993  0 0 23810.1 19300 24520.5 7511.97 21039.3 3112.78 805.538 805.538 0 0 0 0 0
725 1_1_1 1993  0 0 3935.48 26031 42012.7 9494.59 7073.56 1126.49 1946.13 0 0 0 0 0 0
726 1_1_1 1993  0 0 6586.84 20463.9 42320.9 15800.7 5380.55 2443.43 0 1491.35 0 0 0 0 0
727 1_1_1 1993  0 0 17225.8 28486.7 32258.6 3816.08 0 12739.2 2542.61 0 0 0 0 0 0
728 1_1_1 1993  0 0 10558.8 14328.5 40974.9 14764.8 8558.31 3155.94 1677.31 0 0 0 0 0 0
729 1_1_1 1993  0 0 8700.35 22360 41348.6 13146.6 0 4490.39 2137.56 0 0 0 0 0 0
730 1_1_1 1993  0 0 11639.9 11724.7 56257.1 8266.16 5292.94 0 0 0 0 0 0 0 0
731 1_1_1 1993  0 0 11099.8 19481.1 39352.1 8791.84 3210.04 12241.7 0 0 0 0 0 0 0
732 1_1_1 1993  0 0 17512.2 10902.3 40947.3 6868.88 4241.35 12577.8 0 0 0 0 0 0 0
733 1_1_1 1993  0 0 6462.39 21148.6 41049.5 16806.9 9259.24 2522.53 0 0 0 0 0 0 0
734 1_1_1 1993  0 0 11730.6 20027.6 41413.1 12511.5 6153.12 3744.46 0 0 0 0 0 0 0
735 1_1_1 1993  0 0 16732.5 17313.7 38067.8 12243.8 2563.62 10020.9 0 0 0 0 0 0 0
736 1_1_1 1993  0 0 10255.7 32279.7 22876.8 20041.5 4002.31 4878.85 0 0 0 0 0 0 0
737 1_1_1 1993  0 0 12778 14684.3 40869 11849.2 8587.83 2462.4 1232.68 0 0 0 0 0 0
738 1_1_1 1993  0 0 8283.81 15508.7 50945.1 11903 3861.4 3785.59 0 1543.1 0 0 0 0 0
739 1_1_1 1993  0 0 11904.4 24633.3 30378.2 13294.6 11526.3 2315.15 0 1561.01 0 0 0 0 0
740 1_1_1 1993  0 0 15134.6 14138.8 42440.2 17336.3 4150.73 1379.05 0 0 0 0 0 0 0
741 1_1_1 1993  0 0 10970 16300.3 47093.9 8277.16 6169.98 2097.5 1721.33 382.517 0 0 0 0 0
742 1_1_1 1993  0 0 11975.6 7151.76 49235.7 13913.4 9361.18 2660.56 889.176 889.176 0 0 0 0 0
743 1_1_1 1993  0 0 11196.8 20780.4 46058.5 7374.07 4121.7 6667.88 0 0 0 0 0 0 0
744 1_1_1 1993  0 0 10482.9 15910.3 45910.9 13592.2 5216.13 3435.1 0 0 0 0 0 0 0
745 1_1_1 1993  0 0 14616.5 17253.3 35563.2 11607 6970.42 6291.96 0 1566.03 0 0 0 0 0
746 1_1_1 1993  0 0 9328.32 27472.7 36941.6 15344.5 1931.49 1287.66 1901.72 0 0 0 0 0 0
747 1_1_1 1993  0 0 14984.6 16390.2 37911.2 14810.8 5444.31 4329.68 0 0 0 0 0 0 0
748 1_1_1 1993  0 0 30061 2719.49 36951.6 13519.3 5604.73 7874.31 0 1508.67 0 0 0 0 0
749 1_1_1 1993  0 0 8617.15 14228.2 47257 10145.9 6579.74 6331.39 0 1762.34 0 0 0 0 0
750 1_1_1 1993  0 0 11571.5 17078.7 40465.8 17322.6 5406.47 1484.34 0 0 0 0 0 0 0
751 1_1_1 1993  0 0 17921.7 12612.9 45882 7188.26 9077.26 802.741 219.059 1314.35 0 0 0 0 0
752 1_1_1 1993  0 0 18403.5 22031.4 31267.5 12988 4751.76 5676.46 0 0 0 0 0 0 0
753 1_1_1 1993  0 0 8217.58 11236.3 55492.4 8736 3773.35 4245.63 0 0 0 0 0 0 0
754 1_1_1 1993  0 0 9325.31 16217.8 40991.5 17241.3 6107.11 0 1760.37 0 0 0 0 0 0
755 1_1_1 1993  0 0 20084.1 19089.4 20372.1 17913.1 15891.3 2332.93 0 1611.84 0 0 0 0 0
756 1_1_1 1993  0 0 13093 35657.4 22223 19661.2 5233.07 2815.74 0 0 0 0 0 0 0
757 1_1_1 1993  0 0 15738.6 17618.2 43086.5 9124.53 3433.55 6272.8 1103.51 157.644 0 0 0 0 0
758 1_1_1 1993  0 0 9208.6 17960.6 35977.9 15574.6 16033.9 0 919.738 919.738 0 0 0 0 0
759 1_1_1 1993  0 0 11095.6 25945 33131.6 3809.45 16094.3 3809.45 1921.46 640.487 0 0 0 0 0
760 1_1_1 1993  0 0 26997 4728.27 49515.1 7404.5 4225.33 3451.46 0 1503.54 0 0 0 0 0
761 1_1_1 1993  0 0 0 27081.8 32065.3 12178.5 11350.4 3902.43 0 2568.94 0 0 0 0 0
762 1_1_1 1993  0 0 14188.5 17832.9 47386.6 8852.94 4162.7 3460.13 0 0 0 0 0 0 0
763 1_1_1 1993  0 0 4687.17 21857.4 40635.2 18333.8 7564.02 725.11 0 0 0 0 0 0 0
764 1_1_1 1993  0 0 18905 22315.2 29527.4 12359.5 6995.66 8097 0 1903.66 0 0 0 0 0
765 1_1_1 1993  0 0 19326.7 18885.7 30389.8 11675.1 10690.6 4028.26 2045.85 0 0 0 0 0 0
766 1_1_1 1993  0 0 8127.99 17478.1 47618 12951 9878.18 0 0 1661.23 0 0 0 0 0
767 1_1_1 1993  0 0 12129.3 25428.6 28117.3 20587.9 8272.81 4513.48 0 1796.44 0 0 0 0 0
768 1_1_1 1993  0 0 11606.1 13317.3 51115.3 3714 7665.45 2785.5 1728.09 0 0 0 0 0 0
769 1_1_1 1993  0 0 2537.52 26835.1 42207.8 12559.8 7143.62 4518.3 0 0 0 0 0 0 0
770 1_1_1 1993  0 0 12933 24169.4 34141.2 12839.8 2467.89 9613.34 0 0 0 0 0 0 0
771 1_1_1 1993  0 0 26144.9 11846.3 41990.8 5691.65 9078.9 2845.83 0 0 0 0 0 0 0
772 1_1_1 1993  0 0 16029 20895.8 35233.9 13402 4089.15 4505.43 1458.12 0 0 0 0 0 0
773 1_1_1 1993  0 0 18141.2 20646.3 26888.5 17121.9 8345.98 1233.24 387.843 1551.37 0 0 0 0 0
774 1_1_1 1993  0 0 8856.49 18565.5 36916.2 16880.6 7064.13 2186.6 889.608 889.608 0 0 0 0 0
775 1_1_1 1993  0 0 17946.6 20225.4 33686 10494 2986.32 11085.8 0 0 0 0 0 0 0
776 1_1_1 1993  0 0 1346.03 14176.6 51781.1 19947.5 3465.54 0 0 1751.65 0 0 0 0 0
777 1_1_1 1993  0 0 14538.3 11563.8 34258.2 14665.6 13323.6 4166.54 1168.55 584.273 0 0 0 0 0
778 1_1_1 1993  0 0 19720.1 20563 34761.3 6704.58 9284.28 2114.14 877.559 877.559 0 0 0 0 0
779 1_1_1 1993  0 0 22825.5 22819.5 28554.4 18659.1 4903.34 610.721 0 0 0 0 0 0 0
780 1_1_1 1993  0 0 6281.87 16720.2 44624.3 15605.5 4488.47 3599.21 1694.99 0 0 0 0 0 0
781 1_1_1 1993  0 0 3280.99 11761.5 62294.1 10493.4 4390.55 0 0 0 0 0 0 0 0
782 1_1_1 1993  0 0 7218.06 10914.5 47385.3 17090.3 8287.18 0 1216.66 608.329 0 0 0 0 0
783 1_1_1 1993  0 0 13334.9 17324.2 38541 9734.77 10436.2 2579.39 1148.93 191.488 0 0 0 0 0
784 1_1_1 1993  0 0 15418.3 17512.1 45124.6 5105.77 5412.02 5975.37 1338.51 0 0 0 0 0 0
785 1_1_1 1993  0 0 17471.2 17930.4 26325 14435.8 5177.89 12635 0 0 0 0 0 0 0
786 1_1_1 1993  0 0 12559.4 17062.6 39900.7 15419.6 1835.67 5215.31 0 0 0 0 0 0 0
787 1_1_1 1993  0 0 12300.8 15260.3 45936.5 12213.1 2771.32 1996.58 0 1711.02 0 0 0 0 0
788 1_1_1 1993  0 0 10849.8 8045.05 57281.6 9311.68 5388.58 0 811.583 811.583 0 0 0 0 0
789 1_1_1 1993  0 0 18500 21528.7 35183.1 11347.5 3975.46 5370.86 0 2102.85 0 0 0 0 0
790 1_1_1 1993  0 0 5650.62 21557 43592.3 12896.3 4362.22 5741.72 0 1478.9 0 0 0 0 0
791 1_1_1 1993  0 0 16828.6 27902.8 37324.2 10295.8 7468.93 1309.53 0 0 0 0 0 0 0
792 1_1_1 1993  0 0 25243.7 21189 37530.7 9582.15 5565.99 3194.05 0 0 0 0 0 0 0
793 1_1_1 1993  0 0 17122.3 16699.3 36437.8 15470.1 5624.61 4567.81 0 0 0 0 0 0 0
794 1_1_1 1993  0 0 13111.1 9854.99 48000 13228.3 4345.34 1611.34 0 1831.99 0 0 0 0 0
795 1_1_1 1993  0 0 11003.6 18486.4 36870.7 19047.6 7044.92 0 0 1671.91 0 0 0 0 0
796 1_1_1 1993  0 0 14703.9 14049.7 43954.2 6161.72 10244.6 5374.86 762.699 572.024 0 0 0 0 0
797 1_1_1 1993  0 0 17293.8 10232.8 38876.3 18056.5 5900.3 2276.06 680.783 680.783 0 0 0 0 0
798 1_1_1 1993  0 0 10874.7 11872.1 47791.5 13388.2 7620.95 0 0 1608.26 0 0 0 0 0
799 1_1_1 1993  0 0 12448.1 27586.7 32634.3 15988.5 3536.89 6556.94 0 1873.75 0 0 0 0 0
800 1_1_1 1993  0 0 9907.23 18122.1 46839.9 10397.8 4964.53 1438.48 0 1899.2 0 0 0 0 0
801 1_1_1 1993  0 0 7295.03 19300.7 43685.2 15580.4 4404.8 5087.56 0 0 0 0 0 0 0
802 1_1_1 1993  0 0 13436.4 25229.3 35208.4 6898.89 10335.8 2670.94 1591.98 0 0 0 0 0 0
803 1_1_1 1993  0 0 7042.29 13932.3 48883.6 13425.4 3041.4 5290.93 1361.25 0 0 0 0 0 0
804 1_1_1 1993  0 0 12542.8 13658.7 52038.1 10648 4154.28 749.743 0 0 0 0 0 0 0
805 1_1_1 1993  0 0 19474.8 19349.9 29334.7 16425.9 6903.94 4461.97 0 1428.42 0 0 0 0 0
806 1_1_1 1993  0 0 4237.11 22909 40828.3 15524.4 6055.41 1640.4 0 1351.16 0 0 0 0 0
807 1_1_1 1993  0 0 15940 9121.79 52476.7 8000.23 9176.11 0 737.874 737.874 0 0 0 0 0
808 1_1_1 1993  0 0 12046.5 10121.6 47128.5 16113.1 3709.44 2963.27 0 1524.98 0 0 0 0 0
809 1_1_1 1993  0 0 13177.4 11330.6 39542.7 15409.1 8005.72 4239.94 1882.5 0 0 0 0 0 0
810 1_1_1 1993  0 0 5248.03 19197 46725.7 11073.9 7358.22 2692.32 1799.88 0 0 0 0 0 0
811 1_1_1 1993  0 0 11456.7 8841.01 53462.8 14097.8 5545.83 4913.12 0 0 0 0 0 0 0
812 1_1_1 1993  0 0 12223 18212.1 48139.2 6180.54 6640.15 2617.26 1293.53 0 0 0 0 0 0
813 1_1_1 1993  0 0 10618.7 18968.3 49697.1 6031.28 5977.16 2250.1 650.694 976.041 0 0 0 0 0
814 1_1_1 1993  0 0 13425.1 20807.4 45935.9 6164.42 3933.8 2994.82 1247.62 311.906 0 0 0 0 0
815 1_1_1 1993  0 0 5277.19 15381.8 47887.8 16800.8 5341.6 1399.88 784.11 784.11 0 0 0 0 0
816 1_1_1 1993  0 0 13560.3 20792.1 37386.5 14253.2 2723.29 5596 0 1543.41 0 0 0 0 0
817 1_1_1 1993  0 0 10508.1 23401.4 32149.3 12269.6 12463.4 2002.75 765.468 765.468 0 0 0 0 0
818 1_1_1 1993  0 0 21341.1 11838.9 44153.1 10271.6 7318.7 2800.5 0 0 0 0 0 0 0
819 1_1_1 1993  0 0 15943 15974.9 45538.5 10231 7206.32 1949.15 0 0 0 0 0 0 0
820 1_1_1 1993  0 0 15285.2 14483.2 41362.5 12925.9 7252.86 2020.78 1491.45 0 0 0 0 0 0
821 1_1_1 1993  0 0 11542.3 30744.6 30824.9 15243.4 6791.52 5270.44 0 1739.45 0 0 0 0 0
822 1_1_1 1993  0 0 16894.5 20854.5 35505.2 10613.4 2300.93 7801.74 1686.78 0 0 0 0 0 0
823 1_1_1 1993  0 0 3804.4 14622.5 49187.4 13991.7 2933.62 6538.06 0 1622.3 0 0 0 0 0
824 1_1_1 1993  0 0 15094.9 23184.7 29899.3 14320 8514.96 3739.47 454.009 908.019 0 0 0 0 0
825 1_1_1 1993  0 0 16412.9 16936.1 32484.4 12127.8 11327.9 6682.65 290.471 1161.88 0 0 0 0 0
826 1_1_1 1993  0 0 14431.9 10432.5 38533.5 12491 6467.46 6909.81 2329.71 0 0 0 0 0 0
827 1_1_1 1993  0 0 2412.81 13272.1 49087.7 11728.2 4158.3 9357.67 949.179 474.589 0 0 0 0 0
828 1_1_1 1993  0 0 11390 19547 36410.8 12735.6 8621.13 3547.7 956.705 956.705 0 0 0 0 0
829 1_1_1 1993  0 0 21682.5 22103.1 29226.1 7749.34 5302.6 9693.75 0 0 0 0 0 0 0
830 1_1_1 1993  0 0 32314.6 0 44555.8 13277.1 4597.97 0 0 1867.32 0 0 0 0 0
831 1_1_1 1993  0 0 17700 11191.4 40266.7 15827.2 4256.31 4249.4 0 0 0 0 0 0 0
832 1_1_1 1993  0 0 26299.3 5204.85 47720.7 7283.72 5475.19 3214.04 0 1785.67 0 0 0 0 0
833 1_1_1 1993  0 0 5855.18 17607.9 42141.3 19025.5 5589.13 1452.05 419.34 1258.02 0 0 0 0 0
834 1_1_1 1993  0 0 14288.7 18210 37815.1 18200 4115.02 4259.2 0 1799.83 0 0 0 0 0
835 1_1_1 1993  0 0 8395.14 23228.6 41815 7107.44 9633.97 6100.08 0 0 0 0 0 0 0
836 1_1_1 1993  0 0 7384.53 18121.7 36242.2 15901.8 12334.2 1819.49 1900.87 0 0 0 0 0 0
837 1_1_1 1993  0 0 8392.12 12467.6 45065 14280.9 5277.78 4316.96 0 1865.15 0 0 0 0 0
838 1_1_1 1993  0 0 11702.7 15360.9 43002.6 17418 3443.22 3015.77 0 0 0 0 0 0 0
839 1_1_1 1993  0 0 16342.8 0 43988.4 25256.8 2784.94 4498.23 0 0 0 0 0 0 0
840 1_1_1 1993  0 0 12682.4 8903.24 45663.2 15926.3 7470.68 0 1452.7 0 0 0 0 0 0
841 1_1_1 1993  0 0 8872.83 17937.8 46777.9 6987.03 7513.3 2917.36 957.013 1196.27 0 0 0 0 0
842 1_1_1 1993  0 0 2449.03 10468.5 56851.6 10588 7937.81 0 779.898 1039.86 0 0 0 0 0
843 1_1_1 1993  0 0 13389 15931.5 45564.4 6555.5 4966.05 6537.74 649.79 1299.58 0 0 0 0 0
844 1_1_1 1993  0 0 14318.1 14907.5 39891.3 16103.5 2448.72 4171.15 0 1609.18 0 0 0 0 0
845 1_1_1 1993  0 0 15408.5 21946 33367.5 10987.1 5293.11 11015.4 0 2126.65 0 0 0 0 0
846 1_1_1 1993  0 0 1983.6 17585.8 50790.4 7429.58 11336.9 0 1869.72 267.104 0 0 0 0 0
847 1_1_1 1993  0 0 14572.6 17622.7 33092.1 14168.2 10813.9 5226.88 0 0 0 0 0 0 0
848 1_1_1 1993  0 0 24370.2 10573.5 40297.8 7137.16 6052.35 4054.44 2374.3 0 0 0 0 0 0
849 1_1_1 1993  0 0 13182.6 16291.8 36090 11272.6 9167.89 4127.86 1782.88 0 0 0 0 0 0
850 1_1_1 1993  0 0 15518.1 18361.6 35457.6 11474.9 6358.83 9185.87 0 2011.65 0 0 0 0 0
851 1_1_1 1993  0 0 25541.9 845.465 46364.6 16912 3407.43 3178.71 0 0 0 0 0 0 0
852 1_1_1 1993  0 0 22064.8 7820.55 48111.9 10393.4 5151.29 2172.13 0 0 0 0 0 0 0
853 1_1_1 1993  0 0 19503.5 15689.4 36185 14533.7 4952.7 6298.85 0 0 0 0 0 0 0
854 1_1_1 1993  0 0 11000.6 7692.69 51545.5 7520.39 4498.25 9598.28 1736.42 0 0 0 0 0 0
855 1_1_1 1993  0 0 22020.3 19744.5 37967.4 9173.35 4147.41 3156.54 872.16 872.16 0 0 0 0 0
856 1_1_1 1993  0 0 20791.3 19137.9 39174.4 7662.26 6060.41 2501.72 1669.49 0 0 0 0 0 0
857 1_1_1 1993  0 0 16679.1 21448.3 37754.2 8015.39 6360.25 1885.78 995.532 248.883 0 0 0 0 0
858 1_1_1 1993  0 0 12589 19699 41635.7 11752.5 2407.78 1869.61 1640.05 0 0 0 0 0 0
859 1_1_1 1993  0 0 17110 16638.8 38209.1 9958.01 6087.52 8243.76 0 0 0 0 0 0 0
860 1_1_1 1993  0 0 21974.7 19517.4 40067.2 15404.6 0 1899.28 0 0 0 0 0 0 0
861 1_1_1 1993  0 0 5484.38 23859.1 39310.3 15566.2 2765.96 9018.5 0 0 0 0 0 0 0
862 1_1_1 1993  0 0 7226.03 13520.1 49227.5 9595.84 9140.15 3899.72 411.014 1233.04 0 0 0 0 0
863 1_1_1 1993  0 0 7608.08 15271.6 43620.2 18110.5 5481.35 3187.75 849.109 424.554 0 0 0 0 0
864 1_1_1 1993  0 0 14562.8 21698.4 30427.3 10979.5 10824.2 3841.92 288.494 1153.98 0 0 0 0 0
865 1_1_1 1993  0 0 18373.6 24785.8 21076.1 10414.6 16022.2 5949.46 0 1789.27 0 0 0 0 0
866 1_1_1 1993  0 0 13499.2 21895.9 38346.4 12656.2 4282.58 2471.74 0 1628.07 0 0 0 0 0
867 1_1_1 1993  0 0 26509.7 23160.2 23356.8 20129.2 3291.2 3348.58 0 1587.72 0 0 0 0 0
868 1_1_1 1993  0 0 12103.2 22589.6 37388.7 12179.7 8719.4 1637.67 1236.33 494.532 0 0 0 0 0
869 1_1_1 1993  0 0 10331.8 18761.1 44309.5 12854.4 9717.73 0 0 0 0 0 0 0 0
870 1_1_1 1993  0 0 10600.3 18182 36253.5 16633.9 6766.28 2123.45 0 1603.86 0 0 0 0 0
871 1_1_1 1993  0 0 18801.9 18623.8 30525.2 13959.8 8494.48 5666.37 0 0 0 0 0 0 0
872 1_1_1 1993  0 0 14138.8 17407.6 52450.8 6899.87 6964.65 0 0 0 0 0 0 0 0
873 1_1_1 1993  0 0 7941.33 18518.5 41036.9 14425.9 11752.4 0 1285.48 428.494 0 0 0 0 0
874 1_1_1 1993  0 0 17148 19552.1 34408.9 14118.2 7931.17 1698.52 339.335 1357.34 0 0 0 0 0
875 1_1_1 1993  0 0 428.198 17968 43502.7 6865.75 19798.7 1994.77 1797.51 0 0 0 0 0 0
876 1_1_1 1993  0 0 18569.7 24225.4 25461.3 16848.4 5565.87 3035.6 1148.65 1148.65 0 0 0 0 0
877 1_1_1 1993  0 0 13515.6 9703.58 46544.8 15358.8 1764.25 5433.24 0 1228.54 0 0 0 0 0
878 1_1_1 1993  0 0 12690 20006.7 35194 7913.59 9517.63 6189.16 0 1735.58 0 0 0 0 0
879 1_1_1 1993  0 0 18713.7 21045.4 26904.6 10635.8 6850.91 8339.35 2070.59 0 0 0 0 0 0
880 1_1_1 1993  0 0 8105.98 24952.2 37810.7 17339.8 5604.35 0 0 1564.71 0 0 0 0 0
881 1_1_1 1993  0 0 12293.5 24372.8 34217.5 13267 7072.72 5640 0 0 0 0 0 0 0
882 1_1_1 1993  0 0 19348.3 15827.7 26924.3 16831.7 12592.2 1667.11 1958.02 0 0 0 0 0 0
883 1_1_1 1993  0 0 5174.86 17889.3 39983.7 12939 7587.5 6819.56 1548.42 0 0 0 0 0 0
884 1_1_1 1993  0 0 18820.4 10059.9 41645.4 19892.7 4553.82 1134.85 0 0 0 0 0 0 0
885 1_1_1 1993  0 0 7055.39 12894 46719.6 20343.5 4419.46 3879.71 0 0 0 0 0 0 0
886 1_1_1 1993  0 0 13453 14175.7 38900.6 14249.1 2639.13 6069.88 1579.87 0 0 0 0 0 0
887 1_1_1 1993  0 0 22174.2 22497.4 16366.6 13328.3 13063.3 6531.83 1883.7 0 0 0 0 0 0
888 1_1_1 1993  0 0 18209 19693.3 37283.6 8780.81 4951.84 4588.34 0 0 0 0 0 0 0
889 1_1_1 1993  0 0 20043.3 18339 37254.2 11031.6 2466.35 8310.56 0 0 0 0 0 0 0
890 1_1_1 1993  0 0 14266.1 40789.5 20448.3 16678.9 4380.09 5273.87 0 0 0 0 0 0 0
891 1_1_1 1993  0 0 10219.9 34379.5 15352.6 18181.3 9103.89 9774.32 0 2665.85 0 0 0 0 0
892 1_1_1 1993  0 0 15659.3 19883.6 29028.1 15577.4 10765.7 3144.15 1764.05 0 0 0 0 0 0
893 1_1_1 1993  0 0 15448.3 20174.6 37578.2 12685.5 5147.88 3971.9 0 1524.89 0 0 0 0 0
894 1_1_1 1993  0 0 27450.5 23005.6 19961.2 13759.9 6175.09 8160.05 0 0 0 0 0 0 0
895 1_1_1 1993  0 0 16291.5 12556.1 41981.3 13790.5 11227.1 2290.74 0 0 0 0 0 0 0
896 1_1_1 1993  0 0 7078.81 25819 49583.1 3868.02 5115.17 7000.73 0 0 0 0 0 0 0
897 1_1_1 1993  0 0 10019.2 21744.6 37082.3 12633.9 6484.04 2398.45 2033.25 0 0 0 0 0 0
898 1_1_1 1993  0 0 16289.8 14657.2 39048 16645.5 4889.63 2826.37 802.681 802.681 0 0 0 0 0
899 1_1_1 1993  0 0 14731 23312.7 37879.2 8908.38 2761.28 3634.34 1680.3 0 0 0 0 0 0
900 1_1_1 1993  0 0 13987.5 21961.8 37509.5 7097.99 10656.1 755.176 852.857 852.857 0 0 0 0 0
901 1_1_1 1993  0 0 3416.89 22345.1 44813.7 12419.8 6008.66 0 1338.59 0 0 0 0 0 0
902 1_1_1 1993  0 0 8404.65 22190.1 38209.8 12868.3 10634.1 3377.5 0 0 0 0 0 0 0
903 1_1_1 1993  0 0 15383.3 19679.6 42234.3 9203.22 1640.22 5919.27 659.924 989.887 0 0 0 0 0
904 1_1_1 1993  0 0 8861.85 16784.3 42628.8 13927.8 8941.65 1810.66 1589.42 454.121 0 0 0 0 0
905 1_1_1 1993  0 0 9008.84 21489.7 39281.9 14259.1 3610.66 6142.63 0 0 0 0 0 0 0
906 1_1_1 1993  0 0 16322.2 17352.1 36593.3 11387.4 4189.93 8086.6 0 2248.58 0 0 0 0 0
907 1_1_1 1993  0 0 14242.1 17357.3 33510.3 10377.4 7080.64 7970.62 1843.99 0 0 0 0 0 0
908 1_1_1 1993  0 0 15013.6 15904.9 44004.9 12668.8 4076.61 1410.07 1067.52 0 0 0 0 0 0
909 1_1_1 1993  0 0 0 7276.11 66271.6 6348.71 0 12453.7 0 1793 0 0 0 0 0
910 1_1_1 1993  0 0 3611.78 21291.8 46087.9 19601.5 2623.18 0 0 2048.93 0 0 0 0 0
911 1_1_1 1993  0 0 10518.1 25539.5 37352.6 15724.4 1890.48 2997.7 1710.72 0 0 0 0 0 0
912 1_1_1 1993  0 0 10976.5 21687.2 32554.9 9725.05 12709.1 7374.43 1899.06 0 0 0 0 0 0
913 1_1_1 1993  0 0 16939.1 9994.71 43931.4 10002.6 5146.27 7256.39 0 1531.38 0 0 0 0 0
914 1_1_1 1993  0 0 9418.08 23778.5 38646.9 14461.1 3784.03 2836.66 0 2004.8 0 0 0 0 0
915 1_1_1 1993  0 0 10933.7 14620.6 42387.7 13644.4 6472.81 2930.44 0 1612.42 0 0 0 0 0
916 1_1_1 1993  0 0 12111.3 16164 38886 11903.9 7731.67 6724.07 0 1450.9 0 0 0 0 0
917 1_1_1 1993  0 0 3640.53 7281.05 55400.6 14952.5 9645.6 3612 0 0 0 0 0 0 0
918 1_1_1 1993  0 0 19086.8 10622 51278 6630.64 5838.7 2052.61 0 2215.01 0 0 0 0 0
919 1_1_1 1993  0 0 5236.94 28343.5 40191.8 7025.38 10613.1 0 806.354 806.354 0 0 0 0 0
920 1_1_1 1993  0 0 13090.6 9338.06 48356.7 12971.9 2496.7 9074.89 0 0 0 0 0 0 0
921 1_1_1 1993  0 0 18611.5 12213.3 42963 15746.6 4237.19 2870.76 0 1332.12 0 0 0 0 0
922 1_1_1 1993  0 0 12025.6 18179.3 35111.2 11817.1 13195.1 2530.3 835.847 501.508 0 0 0 0 0
923 1_1_1 1993  0 0 16080.9 18091.5 38201.5 11360.5 4615.21 6189.76 1634.08 0 0 0 0 0 0
924 1_1_1 1993  0 0 7795.84 16639.4 47705.1 8431.48 6515.16 4187.97 1294.76 0 0 0 0 0 0
925 1_1_1 1993  0 0 0 16220.3 53691.9 10537.4 5593.69 635.399 1566.62 0 0 0 0 0 0
926 1_1_1 1993  0 0 15395.1 16710.8 39468.8 15806.6 4407.95 2834.18 0 1713.7 0 0 0 0 0
927 1_1_1 1993  0 0 5719.72 31244.8 32856.3 15490.2 4377.7 628.603 1097.55 1097.55 0 0 0 0 0
928 1_1_1 1993  0 0 2510.95 19745.5 48713.7 11111.7 6891.64 0 1497.79 0 0 0 0 0 0
929 1_1_1 1993  0 0 9916.56 17443.3 44873.3 6936.05 10482.1 3640.69 0 1828.48 0 0 0 0 0
930 1_1_1 1993  0 0 18902.6 20030.9 32605.2 13846.5 4260.37 7464.29 0 0 0 0 0 0 0
931 1_1_1 1993  0 0 27354.3 19390.5 17693.9 13987.8 7233.65 10965.7 0 1913.32 0 0 0 0 0
932 1_1_1 1993  0 0 3483.69 20777.6 47470.6 11278.4 7959.93 4442.64 0 0 0 0 0 0 0
933 1_1_1 1993  0 0 11915.1 14406.7 54818.6 8156.77 4268 2736.45 0 0 0 0 0 0 0
934 1_1_1 1993  0 0 12624.9 22634.7 40393.9 3231.81 6010.01 6733.26 1535.5 0 0 0 0 0 0
935 1_1_1 1993  0 0 10677.6 15513.1 38406.9 14273.2 12367.7 0 627.728 1255.46 0 0 0 0 0
936 1_1_1 1993  0 0 18443.7 21936.4 33775.3 8227.7 3759.24 9475.78 1319.27 0 0 0 0 0 0
937 1_1_1 1993  0 0 10506.6 23628.7 36467.6 9040.96 6675.43 5649.79 1850.59 0 0 0 0 0 0
938 1_1_1 1993  0 0 11862 16596.5 42974.6 13956.4 6483.29 2000.88 0 1413.21 0 0 0 0 0
939 1_1_1 1993  0 0 24249.6 22228.4 25513.4 8762.58 4077.66 14486.2 0 0 0 0 0 0 0
940 1_1_1 1993  0 0 11222.6 15558.8 47830.6 9342.62 6279.14 3448.47 607.085 910.628 0 0 0 0 0
941 1_1_1 1993  0 0 10182.7 30820.1 31130.7 11385.5 5641.62 4085.21 967.455 967.455 0 0 0 0 0
942 1_1_1 1993  0 0 14175.9 17330.7 40198.5 10195.1 13012.9 709.692 0 0 0 0 0 0 0
943 1_1_1 1993  0 0 7850.34 22700.3 42049 8981.68 11026.4 0 0 1737.63 0 0 0 0 0
944 1_1_1 1993  0 0 14258.8 14513.8 48815.1 7429.94 5384.5 2415.8 540.95 1081.9 0 0 0 0 0
945 1_1_1 1993  0 0 18999.2 24345.3 29743 11477.1 5425.84 8024.4 0 0 0 0 0 0 0
946 1_1_1 1993  0 0 18874.2 14232.4 34609.9 8296.65 13079.7 4832 1651.98 0 0 0 0 0 0
947 1_1_1 1993  0 0 13896.9 14523.6 35760.9 16389.4 8315.22 2153.94 703.229 703.229 0 0 0 0 0
948 1_1_1 1993  0 0 11471.2 14705.9 45401.8 11014.3 4096.1 4174.13 1867.98 0 0 0 0 0 0
949 1_1_1 1993  0 0 19746.4 19957.7 31703.6 18923.8 5531.11 971.418 0 2147.67 0 0 0 0 0
950 1_1_1 1993  0 0 7470.36 17336.8 56819.6 4648.95 6697.18 2739.64 0 1827.18 0 0 0 0 0
951 1_1_1 1993  0 0 6492.38 5767.2 61243.7 11079.7 4119.49 1145.35 2045.87 0 0 0 0 0 0
952 1_1_1 1993  0 0 7685.4 19851.9 47516.7 8118.44 6004.04 734.124 938.678 938.678 0 0 0 0 0
953 1_1_1 1993  0 0 10623 17495.5 46021.1 7916.5 4122.66 3397.64 0 1815.78 0 0 0 0 0
954 1_1_1 1993  0 0 2675.6 29929.2 34593.2 21240 2640.25 0 0 1378.72 0 0 0 0 0
955 1_1_1 1993  0 0 4622.14 18573.6 50679.9 6835.66 8999.94 1053.51 963.564 642.376 0 0 0 0 0
956 1_1_1 1993  0 0 10099.2 24265.9 33502.2 11143.7 11089.4 3925.18 0 1586.04 0 0 0 0 0
957 1_1_1 1993  0 0 18050.8 16619.8 43018.3 5419.14 5932.69 2584.89 1549.73 516.577 0 0 0 0 0
958 1_1_1 1993  0 0 9754.32 13607.1 53656.3 5098.08 7983.52 1274.52 792.282 792.282 0 0 0 0 0
959 1_1_1 1993  0 0 23717.3 20537.1 27618.9 7318.2 11609.4 3703 0 1483.63 0 0 0 0 0
960 1_1_1 1993  0 0 10965.1 17072.2 41923.9 13653.9 6761.14 395.899 818.798 818.798 0 0 0 0 0
961 1_1_1 1993  0 0 3892.19 25000.9 51849.1 7406.17 4215.34 0 0 1572.42 0 0 0 0 0
962 1_1_1 1993  0 0 16097.6 15593.5 40150 6461.11 9643.14 7533.96 768.211 768.211 0 0 0 0 0
963 1_1_1 1993  0 0 4923.08 17042.3 51418.3 13463.9 3136.9 3246.91 0 2155.41 0 0 0 0 0
964 1_1_1 1993  0 0 21801.3 18131.8 34620.6 15515 4001.43 4869.28 0 0 0 0 0 0 0
965 1_1_1 1993  0 0 16206.9 19722.1 38231.2 13480.7 5694.28 2278.31 0 1352.17 0 0 0 0 0
966 1_1_1 1993  0 0 16733.6 20336.6 34972 14836.9 5302.86 4601.71 0 0 0 0 0 0 0
967 1_1_1 1993  0 0 9178.62 28561.7 36222.4 8775.52 6943.05 6757.5 0 0 0 0 0 0 0
968 1_1_1 1993  0 0 7668.95 15967.4 51048.7 6429.22 8596.95 2964.37 0 0 0 0 0 0 0
969 1_1_1 1993  0 0 4308.38 13891.1 51097.3 10080.3 8865.86 2602.51 1387.56 0 0 0 0 0 0
970 1_1_1 1993  0 0 9740.13 15128.6 41239 11495.9 9057.69 4608.16 1226.67 490.668 0 0 0 0 0
971 1_1_1 1993  0 0 14361 13072.6 46838.4 13091.1 3920.87 1497.87 0 1420.91 0 0 0 0 0
972 1_1_1 1993  0 0 14940.8 1070.2 53259.2 16190.6 4728.45 3289.57 941.496 941.496 0 0 0 0 0
973 1_1_1 1993  0 0 24736.8 17756.8 36335.2 7212.35 10240.7 1790.06 1326.62 0 0 0 0 0 0
974 1_1_1 1993  0 0 12456.1 16226.6 40786.8 12329.1 4050.88 5698.18 777.847 777.847 0 0 0 0 0
975 1_1_1 1993  0 0 5135.68 18957.3 46970.9 10177.1 3219.45 10487.8 0 0 0 0 0 0 0
976 1_1_1 1993  0 0 2044.93 15561.7 55895.3 10833.6 2874.85 6849.05 0 0 0 0 0 0 0
977 1_1_1 1993  0 0 7956.91 6217.72 57953.7 9025.61 3016 9912.09 0 0 0 0 0 0 0
978 1_1_1 1993  0 0 14374.6 7878.48 50554.7 12717.3 1285.66 6755.27 1667.09 0 0 0 0 0 0
979 1_1_1 1993  0 0 14540.3 14560.8 50720.3 6639.44 4627.4 2995.75 971.389 388.556 0 0 0 0 0
980 1_1_1 1993  0 0 11661.6 17078.7 49005.5 6782.69 2642.99 5867.39 1804.55 0 0 0 0 0 0
981 1_1_1 1993  0 0 5930.02 10643.5 59035.2 8064.8 9385.64 0 0 0 0 0 0 0 0
982 1_1_1 1993  0 0 17005.5 19603.5 33966.2 16390.3 5407.41 800.511 0 1824.93 0 0 0 0 0
983 1_1_1 1993  0 0 27668.8 22537.2 24125.4 14251 4099.45 9865.16 0 0 0 0 0 0 0
984 1_1_1 1993  0 0 17904.2 15702.1 41151.1 8777.78 9035.64 2544.32 1621.26 0 0 0 0 0 0
985 1_1_1 1993  0 0 14430.3 15910.3 45474.9 7301.12 8091.99 619.963 1085.72 542.859 0 0 0 0 0
986 1_1_1 1993  0 0 8737.85 23972.9 39357.8 12582.5 5601.38 5328.22 0 0 0 0 0 0 0
987 1_1_1 1993  0 0 8376.26 22050.1 40876.3 15292.2 6627.56 0 1562.92 0 0 0 0 0 0
988 1_1_1 1993  0 0 14115.6 12604 43635.4 10409.1 9540.93 1100.01 1664.16 0 0 0 0 0 0
989 1_1_1 1993  0 0 3895.5 24452 44424.3 13328.3 3412.39 7305.2 0 1405.84 0 0 0 0 0
990 1_1_1 1993  0 0 19766.5 32105 20095 16046.7 6682.89 5913.48 0 0 0 0 0 0 0
991 1_1_1 1993  0 0 15910.9 17738.6 36779.7 11952.9 7503.94 4317.78 535.723 1071.45 0 0 0 0 0
992 1_1_1 1993  0 0 12080.4 20847 38144.3 15140.7 3084.63 6343.04 0 0 0 0 0 0 0
993 1_1_1 1993  0 0 12725 15588.1 42459 10208.7 6259.17 4846.77 1755.24 0 0 0 0 0 0
994 1_1_1 1993  0 0 18661.8 14876.4 40239.7 14466.9 7453.88 2068.47 0 0 0 0 0 0 0
995 1_1_1 1993  0 0 12746.3 14360 49574 4871.76 8712.56 3094.05 0 0 0 0 0 0 0
996 1_1_1 1993  0 0 14727 23102.6 38686.6 5898.28 3915.46 5935.79 1046.87 1046.87 0 0 0 0 0
997 1_1_1 1993  0 0 13143.7 14897.8 36666.7 16204 7359.77 5903.3 0 1573.7 0 0 0 0 0
998 1_1_1 1993  0 0 12236.6 15989.5 44815.6 12694.4 4709.42 0 0 1468.84 0 0 0 0 0
999 1_1_1 1993  0 0 2347.2 15466.4 54598.6 11635.2 3507.72 2252.71 1772.29 0 0 0 0 0 0
1000 1_1_1 1993  0 0 16782.3 18038.1 30351.2 12968.7 10184.2 5357.13 1945.44 0 0 0 0 0 0
