1 1_1_1 2004  0 0 20695.5 28126.4 46437.8 13829.8 2561.19 1461.42 2460.02 0 0 78.5545 1.76973 0 0
2 1_1_1 2004  0 0 23082.8 28826.8 44516.2 9990.02 3697 2685.41 1747.02 0 0 640.545 11.6903 0 0
3 1_1_1 2004  0 498.651 17734.5 32748.5 45485.9 11638.6 2885.6 1900.88 1698.6 0 0 381.775 0 0 0
4 1_1_1 2004  0 0 16817.8 34021.6 44916.8 12246.5 2494.79 909.96 3112.9 0 0 716.713 17.7939 0 0
5 1_1_1 2004  0 82.0583 21149.2 30690.8 43029.2 13238.8 3270.57 1161.18 2051.88 0 0 0 0 0 0
6 1_1_1 2004  0 290.557 19605.9 29857.7 44085.7 11588.9 3412.41 1732.93 2560.98 0 0 801.971 10.1662 0 0
7 1_1_1 2004  0 0 21162.1 28499.3 44978.3 12476.3 2996.39 2243.13 2211.47 0 0 122.96 0 0 0
8 1_1_1 2004  0 0 18098.7 33101 47057.4 10281.6 1709.34 2793.48 1581.95 0 0 707.966 0 0 0
9 1_1_1 2004  0 0 19644.2 32297.7 47639 10453 1752.84 921.782 1988.75 0 0 143.257 0 0 0
10 1_1_1 2004  0 0 16312.9 29292.4 48348.7 12262.5 2906.01 2109.11 2398.98 0 0 176.499 19.7056 0 0
11 1_1_1 2004  0 0 26241.4 28292.4 40574.5 10802.7 3552.34 975.197 4487.21 0 0 322.462 0 0 0
12 1_1_1 2004  0 0 22505 31417.6 44242.3 10662.4 2118.61 3052.84 1885.38 0 0 116.444 0 0 0
13 1_1_1 2004  0 0 18725.2 28212.4 46749.7 13525.4 2834.52 872.556 2462.21 0 0 495.877 0 0 0
14 1_1_1 2004  0 0 15786.3 33408.2 48083.2 12022.8 2498.55 1290.61 1584.73 0 0 130.018 6.54699 0 0
15 1_1_1 2004  0 46.7182 18845.3 29044.1 44765.1 12187.6 4695.32 1978.96 1712.95 0 0 950.63 22.1979 0 0
16 1_1_1 2004  0 0 18581.7 34620.6 44308.7 9986.63 4063.98 1179.3 2847.52 0 0 276.27 0 0 0
17 1_1_1 2004  0 234.797 20934 32242 40560.1 12215.8 2274.19 2307.64 4195.25 0 0 0 0 0 0
18 1_1_1 2004  0 166.665 18301.2 31660.6 44814.3 14298.2 1600.39 1396.77 1910.72 0 0 1210.41 0 0 0
19 1_1_1 2004  0 93.147 19909.2 30770.6 46890.4 12677.7 2143.24 1547.69 1158.63 0 0 537.904 0 0 0
20 1_1_1 2004  0 76.1327 16764.8 35103.2 46230.1 8295.92 4663.13 1187.8 1769.83 0 0 302.388 32.8521 0 0
21 1_1_1 2004  0 202.501 17146.3 32524.2 47205.5 11072.4 3288.93 2679.08 1658.46 0 0 306.488 0 0 0
22 1_1_1 2004  0 0 19688.3 32272.7 44393.7 13535 2482.32 999.409 2129.7 0 0 62.099 0 0 0
23 1_1_1 2004  0 0 21126.1 30785.5 43041.1 12487.7 2065.26 2429.54 2028.46 0 0 1328.51 0 0 0
24 1_1_1 2004  0 0 20981.5 27888.3 44399 15680.9 2176.47 1312.95 1965.44 0 0 253.025 0 0 0
25 1_1_1 2004  0 74.9194 19739.3 32103.6 43786.7 12540.9 2740.53 2387.7 1484.71 0 0 275.112 9.21729 0 0
26 1_1_1 2004  0 296.752 22840.8 32322 42748.1 10742.7 1734.09 1696.34 2632.2 0 0 1007.42 25.9113 0 0
27 1_1_1 2004  0 0 19194.4 34298.4 43267.5 13131.1 1736.98 1494.27 2081.48 0 0 0 19.6171 0 0
28 1_1_1 2004  0 318.695 20367.4 30522.8 41125.4 14947.3 2583.01 2550.59 2209.77 0 0 48.1191 0 0 0
29 1_1_1 2004  0 0 18974.6 32413.9 48094.9 11808.7 1572.14 1116.08 1815.3 0 0 583.962 0 0 0
30 1_1_1 2004  0 237.194 19357.3 30519.4 42771.1 14479.5 2135.05 2257.85 2003.68 0 0 908.151 0 0 0
31 1_1_1 2004  0 150.191 21880.4 28870.4 44076 12075.7 1641.07 2275.93 2014.26 0 0 779.984 0 0 0
32 1_1_1 2004  0 0 21915 30734 43000.7 13239.9 3838.71 895.252 1714.51 0 0 456.237 0 0 0
33 1_1_1 2004  0 0 22397.5 29746.7 44369.8 11878.5 3549.99 2145.42 1550.31 0 0 216.973 37.5741 0 0
34 1_1_1 2004  0 0 21400.7 33791.2 41331.9 13551.4 1032.58 1832.93 1581.41 0 0 34.0664 13.403 0 0
35 1_1_1 2004  0 246.375 22692.2 28376.5 42031.7 14112.7 3252.23 960.155 1918.77 0 0 154.565 0 0 0
36 1_1_1 2004  0 423.052 19137.4 35396.1 42400.1 10708.2 2701.74 2422.78 836.979 0 0 910.3 14.5853 0 0
37 1_1_1 2004  0 257.901 24404.4 29513.5 43156.1 12736.9 2197.8 1823.59 1825.83 0 0 0 0 0 0
38 1_1_1 2004  0 89.9758 20847.8 33879.3 40094.1 13181.7 3478.73 2113.55 1288.97 0 0 685.549 17.5219 0 0
39 1_1_1 2004  0 0 21021.2 32873.7 42596.6 13381.1 1502.23 1477.23 1980.28 0 0 303.996 4.48229 0 0
40 1_1_1 2004  0 35.6245 17333.7 34173.1 47471.6 10987.3 1061.89 1740.99 1490.63 0 0 625.494 0 0 0
41 1_1_1 2004  0 172.533 23331.9 30061.5 39484.3 13676.8 3837.2 996.164 3343.5 0 0 306.415 17.013 0 0
42 1_1_1 2004  0 122.531 20847.6 24940.6 50943.5 12614.9 1984.91 1998.41 877.142 0 0 660.613 12.7534 0 0
43 1_1_1 2004  0 0 20976.6 25825.8 49834.6 13253.9 2655.36 933.091 1883.64 0 0 658.539 0 0 0
44 1_1_1 2004  0 296.641 18865.7 33399.2 45078.5 12987.8 2619.57 824.797 1734.95 0 0 111.166 13.8784 0 0
45 1_1_1 2004  0 124.581 17591.4 32480.7 46971.7 11153.7 2913.78 1799.61 2385.71 0 0 313.01 0 0 0
46 1_1_1 2004  0 279.935 21679.8 31409.2 41469.7 13529.8 3087.79 1638.54 1657.53 0 0 213.939 0 0 0
47 1_1_1 2004  0 190.981 16288 33621.2 44496.9 10973.5 3570.4 1529.01 1864.66 0 0 702.264 27.3279 0 0
48 1_1_1 2004  0 0 20297 34249.1 41230 11717.5 1742.51 1751.97 2619.28 0 0 637.321 0 0 0
49 1_1_1 2004  0 0 17746.3 35468.1 43971.3 12314.6 2104.84 592.168 2723.92 0 0 187.961 0 0 0
50 1_1_1 2004  0 187.859 17375.8 34263.4 47766.4 9107.59 1645.77 1993.66 1879.59 0 0 811.014 22.945 0 0
51 1_1_1 2004  0 146.759 24336.7 30996.7 42890.4 12461.7 1271.93 1342.52 2152.99 0 0 0 9.04038 0 0
52 1_1_1 2004  0 0 23050.5 27363.6 45270.9 12810.3 1952.06 1890.4 2345.63 0 0 100.077 22.0633 0 0
53 1_1_1 2004  0 125.866 19548.8 31192.8 44818.2 13863.3 1826.24 484.341 2515.36 0 0 899.035 23.7497 0 0
54 1_1_1 2004  0 0 22140.2 28129.1 45501.2 11830.2 2559.39 1086.34 3049.54 0 0 587.52 0 0 0
55 1_1_1 2004  0 279.073 17635 32805.9 45579.9 12611.9 2054.67 1641.72 1334.67 0 0 857.411 0 0 0
56 1_1_1 2004  0 0 23268 29139.2 43097.5 14819.2 2131.49 653.117 2067.37 0 0 291.467 26.2551 0 0
57 1_1_1 2004  0 0 21582.8 31120.9 42991.8 11516.6 3046.97 1420.93 2430.14 0 0 276.449 0 0 0
58 1_1_1 2004  0 0 19875.6 31879.5 40594.4 15230.2 1841.08 1445.63 3592.39 0 0 253.347 8.7888 0 0
59 1_1_1 2004  0 0 21340.9 30593.7 43218.7 13989 2115.19 1046.08 2503.63 0 0 243.925 0 0 0
60 1_1_1 2004  0 148.141 21595.4 31506.6 45206.1 9746.65 2464.73 1740.42 2801.13 0 0 463.776 33.6224 0 0
61 1_1_1 2004  0 0 22710.9 29487.4 47634 10754.7 2039.45 1550.18 1622.65 0 0 0 0 0 0
62 1_1_1 2004  0 0 23634.4 30573.8 40817.9 14532.7 1713.19 2106.07 2324.73 0 0 352.707 0 0 0
63 1_1_1 2004  0 289.208 20881.2 29974.7 41608.4 14691.2 1871.14 1150.25 4440.71 0 0 269.881 28.9412 0 0
64 1_1_1 2004  0 90.4086 17726.7 29080.9 50358.3 10589.7 1272.03 1457.84 2100.33 0 0 593.727 0 0 0
65 1_1_1 2004  0 224.947 19880.2 34668.4 38562.6 11102.6 3184.11 3032.8 2096.21 0 0 834.08 17.7389 0 0
66 1_1_1 2004  0 221.046 17954.7 34844.4 44004.8 12418.1 2790.63 1541.79 1765.3 0 0 0 22.719 0 0
67 1_1_1 2004  0 0 18365.1 30693.4 44579.2 13081.1 3702.41 1652.52 1898.08 0 0 0 0 0 0
68 1_1_1 2004  0 0 19305.7 32041 45822.2 11322 1543.29 1945.32 2805.13 0 0 136.701 14.1384 0 0
69 1_1_1 2004  0 205.705 20439.5 31202.1 44861.7 11748.8 2714.13 896.019 1507.91 0 0 904.755 0 0 0
70 1_1_1 2004  0 77.0817 25088.3 31111.1 38720.6 11660 4008.63 1458.53 3271.16 0 0 543.498 0 0 0
71 1_1_1 2004  0 0 22302.3 29188.3 42534.8 14661.5 2100.72 1506.78 2803.13 0 0 343.749 0 0 0
72 1_1_1 2004  0 654.572 18430.6 31744.3 42660.2 12878.2 4217.03 3186.57 1590.24 0 0 108.504 0 0 0
73 1_1_1 2004  0 214.222 19113.2 31584.3 40641.8 16344.4 1264.2 1142.45 3437.98 0 0 715.787 0 0 0
74 1_1_1 2004  0 0 20511.1 32066.5 43388.6 12435.1 1484.42 1962.11 2638.54 0 0 302.82 8.1962 0 0
75 1_1_1 2004  0 121.31 20201.5 32029.5 42476.5 16537.1 1435.03 1389.18 1843.68 0 0 283.665 10.0442 0 0
76 1_1_1 2004  0 210.445 20249.9 30275.3 45316.3 10826.1 2508.61 1749.43 2840.66 0 0 268.731 28.6155 0 0
77 1_1_1 2004  0 57.3087 21407.3 31070.1 46327.1 10871.8 2202.36 1583.39 1945.86 0 0 0 0 0 0
78 1_1_1 2004  0 0 22627.8 33464.7 41814.9 13706.4 1866.05 185.838 2341.56 0 0 346.415 16.8344 0 0
79 1_1_1 2004  0 97.0375 23907 30179 40372 14623.4 1132.44 1629.66 2149.53 0 0 605.753 13.2949 0 0
80 1_1_1 2004  0 0 18921.5 33346.3 45802.8 12514.9 2312.38 1167.32 1419.57 0 0 402.729 0 0 0
81 1_1_1 2004  0 151.297 21681.7 30170.6 45285.7 11701.2 1844.98 1129.51 1495.25 0 0 1021.29 11.2569 0 0
82 1_1_1 2004  0 98.4503 20351.2 30801.2 47235.8 10093.8 2613.92 1884.26 1828.25 0 0 362.198 0 0 0
83 1_1_1 2004  0 0 21661.5 28722.9 46615.1 11071.5 1598.23 1365.27 2071.47 0 0 1305.49 0 0 0
84 1_1_1 2004  0 0 19666.6 30477.1 42357.3 14901 2527.83 1859.99 2419.52 0 0 136.85 21.4981 0 0
85 1_1_1 2004  0 0 18046.8 31549.9 42555.1 14547.7 3233.44 1299.82 2398.21 0 0 398.811 33.9167 0 0
86 1_1_1 2004  0 0 19253.9 32349.2 43699.6 14373.5 1275.6 2069.62 1336.82 0 0 440.213 10.7008 0 0
87 1_1_1 2004  0 88.021 22146.7 32461.7 42260.9 12011.1 2147.83 1710.84 2017.75 0 0 0 13.3945 0 0
88 1_1_1 2004  0 250.237 19655 32671.2 41353.4 13388.5 2716.6 1243.28 3700.62 0 0 0 40.6109 0 0
89 1_1_1 2004  0 0 19875.8 29657.9 45256.9 12501.7 2190.87 2220.22 2265.37 0 0 141.005 11.7806 0 0
90 1_1_1 2004  0 0 20992.3 24759.8 43440.3 15887.5 2496.72 1252.82 4712.48 0 0 438.237 0 0 0
91 1_1_1 2004  0 253.267 19853.7 36125.8 40348.2 11870.2 2323.32 1495.79 2538.06 0 0 500.425 7.83331 0 0
92 1_1_1 2004  0 21.4183 22645.8 33548.1 44019.8 8644.01 2239.94 732.839 2215.95 0 0 0 0 0 0
93 1_1_1 2004  0 0 23300.5 31047.7 42341.2 13355 2561.68 1023.68 1693.51 0 0 294.731 24.1 0 0
94 1_1_1 2004  0 0 22697.4 27039.4 41490.1 14428.4 2435.5 3174.72 1953.11 0 0 1770.7 20.9909 0 0
95 1_1_1 2004  0 0 19420 30501 46207.9 12090.3 3778.17 1514.24 1644.01 0 0 290.824 7.92408 0 0
96 1_1_1 2004  0 41.225 19841.8 30894.9 46547.3 8651.83 4122.59 2997.59 1411.1 0 0 139.173 12.387 0 0
97 1_1_1 2004  0 0 19353.5 32231.9 48552.3 7578.42 2635.34 1875.3 2358.45 0 0 611.81 0 0 0
98 1_1_1 2004  0 449.642 19731.7 34027.4 43202.3 12273.4 2995.38 1533.89 2240.11 0 0 51.511 0 0 0
99 1_1_1 2004  0 100.332 17138.4 36642 43447 10754.4 2502.32 913.564 2831.56 0 0 429.946 0 0 0
100 1_1_1 2004  0 119.212 22157.1 28765.1 43448.9 10823 3204.68 2801.26 3695.98 0 0 78.3181 0 0 0
101 1_1_1 2004  0 0 18563 30407.2 41965.7 15845.3 3009.44 1048.36 2671.17 0 0 881.113 17.8512 0 0
102 1_1_1 2004  0 0 20628.6 32955.8 41748.4 15197.2 2801.14 1218.18 1805.19 0 0 0 0 0 0
103 1_1_1 2004  0 0 20570.2 33211.2 43635.5 13250 2564.59 1209.75 1857.94 0 0 0 10.3096 0 0
104 1_1_1 2004  0 0 18722.1 29529.9 47459.2 10998.1 3580.08 1290.76 2064.53 0 0 608.569 0 0 0
105 1_1_1 2004  0 0 17284.9 32971.6 42871 12705.3 3266.44 1496.71 2082.36 0 0 840.897 0 0 0
106 1_1_1 2004  0 0 19940.9 33330.8 42228.2 12061.2 2276.95 1810.66 2994.32 0 0 339.192 0 0 0
107 1_1_1 2004  0 0 17459.3 36530.2 42647.8 10965.9 1206.51 3279.43 1903.81 0 0 284.974 0 0 0
108 1_1_1 2004  0 47.9712 20842.5 33076.8 45256.3 8886.72 2579.03 1661.37 2802.15 0 0 367.843 0 0 0
109 1_1_1 2004  0 146.954 22324.1 33488 42143.1 12224.8 3051.09 1251.84 1595.41 0 0 440.225 2.08141 0 0
110 1_1_1 2004  0 213.106 20422.7 32392.7 43850.2 15321.9 1719.04 861.558 624.448 0 0 460.115 0 0 0
111 1_1_1 2004  0 81.3318 16463.4 33124.8 43522 15056.2 1021.8 670.02 3961.31 0 0 282.948 20.3141 0 0
112 1_1_1 2004  0 0 20259.8 32314.3 44964.9 11778.4 2097.64 1244.44 2018.2 0 0 409.954 0 0 0
113 1_1_1 2004  0 0 20680.1 29489.2 45974 11932.5 2287.04 2250.62 1988.6 0 0 431.705 12.5251 0 0
114 1_1_1 2004  0 253.22 20527.9 28087.7 44757.1 13229.8 3660.55 1959.43 2038.39 0 0 177.269 0 0 0
115 1_1_1 2004  0 0 18549.3 34218.7 45706.9 9999.42 1453.13 2090.3 2555.49 0 0 411.403 0 0 0
116 1_1_1 2004  0 300.517 21092.5 30497.1 45188.1 11717.4 1963.09 916.642 3367.45 0 0 200.396 11.9882 0 0
117 1_1_1 2004  0 0 22952.3 33486.1 38220.8 14935.9 1981.42 1076.92 1319.22 0 0 1168.09 13.9585 0 0
118 1_1_1 2004  0 0 19787.7 29591 45831.1 11818 3784.62 1967.67 1707.08 0 0 237.934 0 0 0
119 1_1_1 2004  0 0 21812.6 34943.1 40224.2 11695.5 2291.01 1717.55 2481.86 0 0 309.014 0 0 0
120 1_1_1 2004  0 0 20407.4 36390.4 38506.3 11934 3007.4 2070.93 1403.31 0 0 730.9 6.50895 0 0
121 1_1_1 2004  0 0 19277.4 26145.1 49643.3 12351.7 2121.01 2171.1 3005.91 0 0 113.435 0 0 0
122 1_1_1 2004  0 0 19989.6 30791 43920.3 12275.9 2636.24 1051.76 2145.74 0 0 1490.83 0 0 0
123 1_1_1 2004  0 0 20629.4 32600.9 42420.8 11728.9 4200.49 1625.02 1938.35 0 0 261.959 9.39454 0 0
124 1_1_1 2004  0 0 20021.4 31729.8 44757.7 11581.7 2243.9 2471.4 820.944 0 0 1384.62 22.6954 0 0
125 1_1_1 2004  0 155.87 20444.4 36145.7 40386.4 12075.8 2022.44 1892.56 1724.79 0 0 422.681 0 0 0
126 1_1_1 2004  0 199.968 19833.4 32590.3 41465.1 12181.1 2321.82 2625.27 3396.83 0 0 0 0 0 0
127 1_1_1 2004  0 0 18787.4 31945.6 47420.1 9799.07 1963.19 1847.94 1823.41 0 0 603.747 9.56387 0 0
128 1_1_1 2004  0 223.981 17963.5 28476.6 44531.4 13782.9 3129.35 1554.84 3139.85 0 0 516.653 23.4586 0 0
129 1_1_1 2004  0 0 22848.4 34638.4 37866.6 13176 2565.02 1322.46 1834.88 0 0 846.271 0 0 0
130 1_1_1 2004  0 0 18874.4 33085.3 44751.1 11942.6 3090.55 1353.52 1387.1 0 0 0 0 0 0
131 1_1_1 2004  0 108.513 20107.2 32134.2 42842.3 11926.6 1936.72 2332.98 2743.02 0 0 337.962 0 0 0
132 1_1_1 2004  0 0 20555.9 35175.9 40962.9 12217.9 2742.07 1942.96 1868.61 0 0 391.546 11.9401 0 0
133 1_1_1 2004  0 0 20576.7 26204.2 46985 14559.1 2074.12 1772.75 2288.78 0 0 250.189 8.15932 0 0
134 1_1_1 2004  0 0 20053.3 31734 44816.5 13104.9 3054.26 1245.23 2135.11 0 0 226.481 0 0 0
135 1_1_1 2004  0 0 22970.4 33390.4 40205.6 12741.5 450.816 3012.8 2666.36 0 0 227.701 4.12601 0 0
136 1_1_1 2004  0 263.061 22118.8 34352.5 41794.7 12956.5 2475.06 904.462 1224.15 0 0 610.927 0 0 0
137 1_1_1 2004  0 90.8473 17829.8 36102.4 42670.7 12659.9 1730.11 1697.72 2639.74 0 0 0 0 0 0
138 1_1_1 2004  0 0 16840.4 33792.1 45695.1 11579.1 2820.99 760.33 3208.69 0 0 130.92 22.4779 0 0
139 1_1_1 2004  0 0 23341.8 31907.8 45809.7 9582.62 821.95 1677.54 2591.79 0 0 45.5227 0 0 0
140 1_1_1 2004  0 86.2285 17093.8 32840.9 45521.1 13113.9 2969.91 1906.99 2297.98 0 0 525.952 0 0 0
141 1_1_1 2004  0 0 19816.6 30658.4 45085.1 13221.9 2507.01 1566.57 1264.33 0 0 932.119 0 0 0
142 1_1_1 2004  0 0 21713.9 31708.6 43573.6 10303.5 3244.87 1470.36 2772.44 0 0 123.449 0 0 0
143 1_1_1 2004  0 125.438 19138.1 32543.6 45255 9978.19 2549.54 1974.62 3524.51 0 0 0 7.38204 0 0
144 1_1_1 2004  0 0 21525.8 24614.7 51159.2 11201.9 1695.2 1752.62 2517.96 0 0 297.041 0 0 0
145 1_1_1 2004  0 0 19375.5 32286.9 42980.8 10637.9 3556.07 2406.51 2534.24 0 0 857.83 0 0 0
146 1_1_1 2004  0 0 19758.4 32848.8 44193.4 11266.6 2998 761.812 2359.05 0 0 406.64 6.29497 0 0
147 1_1_1 2004  0 41.7174 21830.8 28428 40539.2 15458.9 2621.14 2046.32 3094.68 0 0 303.348 0 0 0
148 1_1_1 2004  0 214.964 21158.8 31093.5 43018.9 13324.2 1665.35 1654.45 2132.48 0 0 0 0 0 0
149 1_1_1 2004  0 0 19210.3 33071.4 46187.5 11771.4 1412.05 1865.16 1379.69 0 0 500.116 8.47166 0 0
150 1_1_1 2004  0 32.0403 22574.1 27236.9 45238 11937.9 2408.14 1072.91 2387.47 0 0 941.75 8.09295 0 0
151 1_1_1 2004  0 0 20800.8 32080.8 45235.8 10633.7 3968.41 850.823 2028.03 0 0 56.0892 17.2869 0 0
152 1_1_1 2004  0 0 20997.3 30505.3 45994.8 12240.6 2649.45 727.145 2140.89 0 0 415.683 25.5224 0 0
153 1_1_1 2004  0 0 22100.2 26650.6 45664 13062.9 2261.33 1876.72 2371.79 0 0 198.017 0 0 0
154 1_1_1 2004  0 0 21276.8 34337.4 42078.6 9728.32 3992.82 1621.48 2267.45 0 0 311.984 0 0 0
155 1_1_1 2004  0 0 17402.8 34342.3 47769.7 11221.4 1991.6 1286.22 1977.45 0 0 135.531 0 0 0
156 1_1_1 2004  0 129.997 19715.6 27951.8 44045.7 13985.1 3249.31 2051.36 1985.72 0 0 470.322 21.0041 0 0
157 1_1_1 2004  0 226.792 18859.7 33116.8 43533.3 12098.6 2447.56 1982.73 2050.97 0 0 466.554 1.9651 0 0
158 1_1_1 2004  0 72.8584 22437.4 31079.6 39628 14195.2 3429.41 2522.68 2421.46 0 0 286.85 0 0 0
159 1_1_1 2004  0 0 19888.2 26710.1 47044.6 14099.8 2434.7 1133.51 2360.33 0 0 0 0 0 0
160 1_1_1 2004  0 0 22753.7 26824.1 48185.3 10859.3 2035.74 2293.72 2086.4 0 0 401.441 0 0 0
161 1_1_1 2004  0 0 20680.5 31809.9 47131.5 10506.8 2075.1 1931.8 1838.33 0 0 0 0 0 0
162 1_1_1 2004  0 145.149 23385.9 27570.2 44930.5 16097 1457.7 1813.45 976.71 0 0 346.716 6.40006 0 0
163 1_1_1 2004  0 0 24179.8 27407.7 44247.5 12454.7 2717.54 2478.37 2112.61 0 0 208.784 4.23716 0 0
164 1_1_1 2004  0 91.3077 19806.7 33062.1 41364.2 14316.4 3451.15 1376.65 1792.51 0 0 683.691 0 0 0
165 1_1_1 2004  0 145.134 20597.9 32191.2 48041.3 11427.2 1670.69 1096.98 1214.73 0 0 493.398 0 0 0
166 1_1_1 2004  0 0 18892.8 29629.6 47346.6 11689.9 1506.69 2587.13 1636.83 0 0 470.792 15.507 0 0
167 1_1_1 2004  0 284.314 17721.7 31636.1 43632.8 15088.9 3290.43 2068.09 1223.18 0 0 277.875 25.6803 0 0
168 1_1_1 2004  0 400.389 18522.7 35161.8 43644.7 10620.5 1554.62 2710.46 2383.7 0 0 708.772 3.68745 0 0
169 1_1_1 2004  0 316.099 18010.5 30491.7 47972.1 11520.3 3105.95 1983.88 2018.72 0 0 233.635 15.7446 0 0
170 1_1_1 2004  0 0 17933.8 34255.8 44011 10561.2 2173.49 2208.89 3610.88 0 0 265.41 6.16016 0 0
171 1_1_1 2004  0 123.611 20876.7 30470.4 43757.9 11422 3978.93 1716.13 2284.87 0 0 114.549 0 0 0
172 1_1_1 2004  0 0 20848.7 30785 43974.8 11457.1 1737.22 2540.37 2535.95 0 0 738.476 0 0 0
173 1_1_1 2004  0 173.82 20338.9 34041.8 41533.4 11522 2316.59 2178.78 1845.94 0 0 549.981 6.03572 0 0
174 1_1_1 2004  0 0 21989 30842 42344.2 14434.8 2445.07 1409.86 2157.07 0 0 0 11.8524 0 0
175 1_1_1 2004  0 0 20641.3 35175.5 40254.3 12636.9 3851.39 1506.87 1658.73 0 0 384.066 6.37575 0 0
176 1_1_1 2004  0 0 19016.9 33579.9 44236.6 9419.12 2282.48 1687.68 3593.76 0 0 653.514 26.4023 0 0
177 1_1_1 2004  0 116.678 22409.5 31523.2 42436.1 11572.7 3233.1 1531.98 2116.57 0 0 810.013 0 0 0
178 1_1_1 2004  0 0 22301.9 29237.8 45426.8 10986.9 2933.6 2177.4 1690.21 0 0 684.65 15.3965 0 0
179 1_1_1 2004  0 197.802 21664.5 32796.9 38428.4 16228.5 1961.01 1158.93 1978.78 0 0 1211.87 27.0041 0 0
180 1_1_1 2004  0 0 22557.6 31878.4 43246.4 12271.7 2530.66 1196.03 1302.38 0 0 333.267 14.3517 0 0
181 1_1_1 2004  0 242.496 21478.6 33112.6 38943.8 15707.1 2225.21 2303.21 1723.7 0 0 0 10.767 0 0
182 1_1_1 2004  0 0 16222.1 37197.5 45895.5 9159.93 3181.51 1548.69 1257.96 0 0 0 4.35828 0 0
183 1_1_1 2004  0 0 18153.8 32745.2 45506.7 12280.2 2213.26 1563.54 2576.75 0 0 705.301 0 0 0
184 1_1_1 2004  0 0 20115.2 32876 42840.6 10622.5 4062.41 1880.8 1906.99 0 0 525.055 28.1871 0 0
185 1_1_1 2004  0 0 19155.3 33617.2 44063.6 15876.7 1367.77 407.985 1703.88 0 0 255.61 14.5638 0 0
186 1_1_1 2004  0 0 17797.7 31768.4 47161.3 12572.9 2385.49 2625.54 1076.91 0 0 85.894 0 0 0
187 1_1_1 2004  0 0 18339.8 37227.6 36628.3 15786.4 1527.59 1108.69 2676.67 0 0 856.143 0 0 0
188 1_1_1 2004  0 0 22348.5 32360.5 42223.3 12935.6 3657.3 1117.59 1444.16 0 0 84.3289 3.98149 0 0
189 1_1_1 2004  0 0 20241.1 28376 43166.1 13377.3 3645.27 1171.01 2929.89 0 0 553.669 0 0 0
190 1_1_1 2004  0 0 23555.5 32189.5 42494.4 13821.1 1259.37 1596.73 1017.19 0 0 177.92 0 0 0
191 1_1_1 2004  0 0 20660.7 27139.1 47721.4 13783.8 1240.07 825.549 2671.63 0 0 473.737 8.94473 0 0
192 1_1_1 2004  0 0 22100.2 36513.6 38059.8 13555.3 2020.77 1308.81 2319.76 0 0 307.121 17.7848 0 0
193 1_1_1 2004  0 113.279 17114.1 33384.3 43818.2 15240.7 1941.99 1617.47 1842.06 0 0 292.643 19.0617 0 0
194 1_1_1 2004  0 0 22087.4 32730.7 45681.4 12061.4 2777.29 978.561 1291.85 0 0 82.8008 24.0863 0 0
195 1_1_1 2004  0 122.828 19334.2 30095.5 45351.5 11793.4 1983.32 2489.48 2926.67 0 0 84.1418 0 0 0
196 1_1_1 2004  0 129.625 18935.7 29418.3 44568.5 15682.4 1699.37 2852.02 1817.77 0 0 257.094 0 0 0
197 1_1_1 2004  0 90.2003 18265.6 36046.3 42825.8 13489.5 999.395 1064.26 1929.67 0 0 0 0 0 0
198 1_1_1 2004  0 243.997 18033.3 33201.7 43408.4 8007.45 2856.45 2374.5 3540.3 0 0 227.935 0 0 0
199 1_1_1 2004  0 306.689 17277.5 31372.1 44753.7 14534.1 1612.22 1632.11 2162.39 0 0 732.9 27.5903 0 0
200 1_1_1 2004  0 0 23112.4 27848.3 42881.1 12930.1 3275.53 2742.87 2082.24 0 0 203.33 0 0 0
201 1_1_1 2004  0 213.201 22584.9 30311.4 42066.7 15574.5 1975.73 1505.67 2451.26 0 0 313.591 0 0 0
202 1_1_1 2004  0 58.459 20232.4 35868.3 39549.9 11546.6 3000.07 2346.04 2914.8 0 0 62.8629 5.73797 0 0
203 1_1_1 2004  0 207.066 19124.4 31224.7 46711.9 12055.9 3050.91 1358.24 1936.41 0 0 87.7687 0 0 0
204 1_1_1 2004  0 0 17620.6 30180.9 49427.2 12772.9 1751.59 948.453 1707.5 0 0 1118.31 8.56457 0 0
205 1_1_1 2004  0 0 18218.2 35814.1 41780.2 11871.4 2941.34 2887.9 1929.2 0 0 186.336 0 0 0
206 1_1_1 2004  0 0 21846.5 33220.8 42759.1 14171.4 2207.21 1099.33 1155.18 0 0 376.003 0 0 0
207 1_1_1 2004  0 22.3611 20834.1 31331.6 43541.9 11833.5 2078.5 2199.5 2207.5 0 0 399.223 0 0 0
208 1_1_1 2004  0 0 21642.7 34131.9 38895.4 13116 3068.6 1334.65 2238 0 0 247.519 0 0 0
209 1_1_1 2004  0 90.9149 22301.2 31127.9 45626.6 10255.9 2734.14 1261.77 1958.45 0 0 269.241 4.10251 0 0
210 1_1_1 2004  0 219.228 18684.4 34212 41782.7 14382.8 1645.96 1271.18 1867.95 0 0 371.222 0 0 0
211 1_1_1 2004  0 84.8332 21921.4 30575.7 41601.5 13915.9 3556.49 1029.24 2195.69 0 0 1245.34 5.46276 0 0
212 1_1_1 2004  0 93.6953 21188 34687.1 39165.3 13464.9 3046.82 1308.62 1405.98 0 0 997.374 0 0 0
213 1_1_1 2004  0 0 19997.8 28127.8 44111.9 13841 2872.52 1669.94 3948.57 0 0 246.328 0 0 0
214 1_1_1 2004  0 136.457 19578.6 33660.9 44751.4 10738.4 2895.22 1903.52 2351.7 0 0 339.081 0 0 0
215 1_1_1 2004  0 236.513 19725.3 30190.9 45231.9 11300.9 2196.29 2297.85 3002.28 0 0 621.322 0 0 0
216 1_1_1 2004  0 0 21076.9 29681.3 46256.8 13223.5 1334.07 1369.06 1693.95 0 0 457.992 25.4887 0 0
217 1_1_1 2004  0 110.124 20844.8 31282.5 42013.7 13685.3 2020.11 3049.45 2000.12 0 0 86.976 11.8177 0 0
218 1_1_1 2004  0 204.002 22364.9 28204.1 46197.5 13220.6 1837.74 1820.55 2157.03 0 0 0 23.7999 0 0
219 1_1_1 2004  0 0 21283.8 30683.7 43411 11814.2 3273.46 935.316 2889.34 0 0 114.17 4.29478 0 0
220 1_1_1 2004  0 185.688 20945.9 31761.3 45256.6 11376.1 2167.52 791.863 1782.63 0 0 996.332 12.7516 0 0
221 1_1_1 2004  0 56.4809 21749.4 28205.2 44800.9 11254.4 2511.59 1949.88 3695.01 0 0 0 0 0 0
222 1_1_1 2004  0 0 20243.4 33201 44211.4 9648.5 1442.96 1920.93 3437.65 0 0 344.968 0 0 0
223 1_1_1 2004  0 62.2084 21735.5 25397.5 50344.4 9562.9 2681.2 2217.5 2200.76 0 0 603.829 0 0 0
224 1_1_1 2004  0 0 17311.3 34891.8 44086.2 8734.27 3476.25 3677.07 1633.15 0 0 601.635 17.0576 0 0
225 1_1_1 2004  0 0 20821.1 28332.7 45493.4 15826.2 1354.59 1080.04 2081.2 0 0 217.496 8.60546 0 0
226 1_1_1 2004  0 186.98 17257.6 35681.5 42175.1 14254.3 2321.77 1167.68 2066.52 0 0 162.479 0 0 0
227 1_1_1 2004  0 0 22451.9 31411.5 40623 11246.1 3729.75 1028.88 3918.28 0 0 0 0 0 0
228 1_1_1 2004  0 198.569 21442.6 26780 44561.6 15530 3099.64 1575.33 1010.02 0 0 346.833 0 0 0
229 1_1_1 2004  0 0 22627.3 28985.3 44469.9 11363.1 3758.57 1615.76 1896.29 0 0 1399.55 18.876 0 0
230 1_1_1 2004  0 188.583 19538.4 29807.4 47285 12013.8 1933.4 2464.08 2156.82 0 0 0 22.7379 0 0
231 1_1_1 2004  0 102.379 21034.6 35328.1 39504.8 10722 3754.5 2265.43 2275.85 0 0 296.45 0 0 0
232 1_1_1 2004  0 40.3708 19795.9 31081.6 47115.8 11734.3 1177.43 2362.13 2588.73 0 0 174.666 17.4429 0 0
233 1_1_1 2004  0 108.808 18611.2 29495.5 51455.8 10857.8 2315.48 1043.47 1100.79 0 0 299.546 0 0 0
234 1_1_1 2004  0 0 17884.3 33095 44317.2 13380 3384.37 1826.81 1157.5 0 0 194.597 0 0 0
235 1_1_1 2004  0 0 21424.1 28319.1 45268.3 13582.1 3343.32 799.612 1686.36 0 0 798.365 21.8757 0 0
236 1_1_1 2004  0 135.704 20744.9 29627.9 44986.1 10670.2 3610.29 2056.7 3103.86 0 0 431.164 14.5549 0 0
237 1_1_1 2004  0 283.029 18597.5 31000.3 44529.6 15784.6 1696.44 812.077 1971.04 0 0 462.062 0 0 0
238 1_1_1 2004  0 0 22264.2 31152.2 42657.8 12367.8 2687.46 2473.15 2024.94 0 0 830.43 0 0 0
239 1_1_1 2004  0 0 21293.4 31886 44174.5 13061.4 1657.19 1457.53 1445.87 0 0 405.995 0 0 0
240 1_1_1 2004  0 0 20295.8 28628.5 49626.5 10363.4 2860.08 1204.34 1665.71 0 0 585.947 13.968 0 0
241 1_1_1 2004  0 0 21121.5 30478.5 44014 13163.8 2247.23 1669.17 2671.45 0 0 274.21 0 0 0
242 1_1_1 2004  0 282.11 18916.1 32474.4 41538 15953.6 1834.88 1261.86 2180.2 0 0 321.794 0 0 0
243 1_1_1 2004  0 0 21991.6 30044.6 44840.8 12770.8 1518.96 1485.17 3030.57 0 0 373.804 11.0442 0 0
244 1_1_1 2004  0 68.6043 18360.5 31677.1 44217.5 11487.4 3439.27 2765.54 2179.29 0 0 672.963 14.9044 0 0
245 1_1_1 2004  0 0 19787.8 31832.2 41967.1 13422.1 3528.08 1108.74 3104.25 0 0 0 12.9969 0 0
246 1_1_1 2004  0 0 19517.2 35576 41413.3 12611.6 2169.64 1237.49 2333.65 0 0 0 0 0 0
247 1_1_1 2004  0 0 21731.9 29591.9 45501.5 10285.7 3352.7 1096.56 2942.82 0 0 612.097 0 0 0
248 1_1_1 2004  0 210.115 19350.5 24590.2 45960 17484.2 2800.54 1363.23 2783.7 0 0 101.516 10.8076 0 0
249 1_1_1 2004  0 0 17983.6 33768.4 44489.2 12761.3 2504.47 1582.16 1582.04 0 0 281.85 20.2215 0 0
250 1_1_1 2004  0 56.7879 19764 32817.8 41889.9 13258.5 2156.77 1748.56 2295.2 0 0 316.506 8.86799 0 0
251 1_1_1 2004  0 0 18837.7 32579.2 45311.7 10802.7 2299.04 1717.83 2147.21 0 0 1236.82 0 0 0
252 1_1_1 2004  0 0 20793.4 24824.5 45913.9 12708.8 2650.28 1601.51 3176.42 0 0 812.411 13.4476 0 0
253 1_1_1 2004  0 0 20448.8 29871.6 44771.8 10670.3 3342.19 3196.52 2703.11 0 0 79.3029 6.08047 0 0
254 1_1_1 2004  0 69.7155 20088.1 35084.2 41939.6 12136.4 2895.26 1519.46 914.175 0 0 365.673 4.10301 0 0
255 1_1_1 2004  0 0 19514.7 31605 46916.3 9790.6 1573.62 2292.33 1374.53 0 0 717.023 11.5628 0 0
256 1_1_1 2004  0 211.523 19404 32884.7 47618.3 8234.55 2483.76 906.83 3651.2 0 0 0 8.36287 0 0
257 1_1_1 2004  0 0 20164.6 33415.5 42855.6 11969.1 2457.46 1050.25 2075.01 0 0 320.02 0 0 0
258 1_1_1 2004  0 86.9882 24313.2 28601.7 43050.8 11590.6 2370.56 2044.3 3291.16 0 0 366.954 0 0 0
259 1_1_1 2004  0 140.04 23220.9 31392 43064.4 10578.4 2953.34 2427.36 1478.68 0 0 115.921 0 0 0
260 1_1_1 2004  0 598.508 22440.4 27139.8 43581.6 14224 1333.68 1349.18 3196.22 0 0 224.065 6.15603 0 0
261 1_1_1 2004  0 0 18426.5 33177.1 43850.6 13107.9 2365.53 1011.74 3280.26 0 0 161.76 0 0 0
262 1_1_1 2004  0 161.503 20743.8 29981.5 45993.4 13624.7 2743.58 1383.72 1910.46 0 0 354.36 18.4576 0 0
263 1_1_1 2004  0 0 19971.8 27396.9 43342.3 14740.4 2780.78 1692.52 2270.04 0 0 989.82 9.0678 0 0
264 1_1_1 2004  0 0 19826.9 29740.5 44937.6 12872.5 2987.13 1580.34 3112.99 0 0 57.2495 15.3686 0 0
265 1_1_1 2004  0 0 21295.5 27222.8 43347 12142.7 3516.11 1538.45 3356.4 0 0 371.007 0 0 0
266 1_1_1 2004  0 165.393 24081.7 33751.8 39564.5 12874.7 2997.65 1028.11 2412.64 0 0 483.752 38.0262 0 0
267 1_1_1 2004  0 0 19302.6 31674.8 47278.1 12122.6 2058.14 830.605 2188.26 0 0 495.968 0 0 0
268 1_1_1 2004  0 0 22583.2 30306.1 44278.2 11827.3 2903.32 1681.84 2168.43 0 0 104.619 0 0 0
269 1_1_1 2004  0 0 21535.2 27648.4 43901.7 14622.3 2716.12 1341.85 3417.72 0 0 0 0 0 0
270 1_1_1 2004  0 267.915 19620.7 32268.7 41702.6 12882 1037.38 2133.39 2400.24 0 0 440.076 8.03342 0 0
271 1_1_1 2004  0 0 20722 28991.1 43210.5 12176.8 5112.76 1796.94 2855.89 0 0 398.677 0 0 0
272 1_1_1 2004  0 0 18821.7 29383.4 46117.2 14741.2 1664.56 2029.42 1948.83 0 0 61.5227 21.6541 0 0
273 1_1_1 2004  0 86.9793 18601.4 33294.7 44451.5 13488.6 1732.02 741.065 1990.17 0 0 498.962 12.0059 0 0
274 1_1_1 2004  0 200.146 16991.6 30241.8 48583.5 9586.73 2211.52 1958.24 2903.53 0 0 537.78 0 0 0
275 1_1_1 2004  0 142.677 18907.9 29296.2 46699.6 13789.9 2337.47 2634.86 1124.14 0 0 353.366 4.50317 0 0
276 1_1_1 2004  0 0 23386.6 29367.6 45341.3 11891.5 3549.32 1551.14 1458.6 0 0 409.991 0 0 0
277 1_1_1 2004  0 0 20700.8 30539 43150.9 12899.9 3749.67 1855.99 1679.17 0 0 373.003 0 0 0
278 1_1_1 2004  0 201.163 25289.4 26958.2 44772.2 13579.2 1958.88 1462.74 2401.28 0 0 570.821 0 0 0
279 1_1_1 2004  0 0 22742.1 30652.9 45672.1 10718.1 2425.07 901.735 2313.07 0 0 0 16.159 0 0
280 1_1_1 2004  0 0 17996.6 31386.8 43160 17412.3 2866.99 1031.31 1317.47 0 0 400.914 0 0 0
281 1_1_1 2004  0 127.706 25574.7 35022.7 36973.1 12161.4 1725.34 800.057 2753.15 0 0 510.359 0 0 0
282 1_1_1 2004  0 0 17017.2 32009.8 46019.1 12644.9 928.7 2602.17 3921.82 0 0 0 0 0 0
283 1_1_1 2004  0 113.677 18627.4 31489.1 39660 16592.4 1677.84 1258.11 1782.81 0 0 755.686 15.0348 0 0
284 1_1_1 2004  0 282.696 18890.4 28333.9 47467.1 12198.6 2219.81 1895.06 3562.38 0 0 0 0 0 0
285 1_1_1 2004  0 287.778 21097.8 29420.8 45416.2 11567 2212.27 995.063 2932.11 0 0 304.866 0 0 0
286 1_1_1 2004  0 160.639 19171.8 32795.2 39762.5 16241.4 2570.58 2186.14 1282.46 0 0 476.474 12.4492 0 0
287 1_1_1 2004  0 0 23120.4 29158.8 46757 11593.4 2778.74 1022.71 1370.92 0 0 417.144 0 0 0
288 1_1_1 2004  0 137.138 19809.5 32571.2 46352.4 12282.9 1201.11 604.407 1422.72 0 0 722.015 0 0 0
289 1_1_1 2004  0 0 19662.1 33076.9 44784.1 10411.5 2941.32 1870.84 1949.92 0 0 0 5.90761 0 0
290 1_1_1 2004  0 0 22102.5 29548.7 44374.9 11257.5 1890.28 2531.25 2642.7 0 0 455.187 0 0 0
291 1_1_1 2004  0 0 20841.8 28463.9 45468.9 15545.1 1023.1 1884.41 2345.56 0 0 0 0 0 0
292 1_1_1 2004  0 144.737 20465.3 31133 45621.2 12094.3 2734.2 956.364 2074.41 0 0 152.317 0 0 0
293 1_1_1 2004  0 0 20959.7 29810.9 44617.6 11516.4 1786.45 1312.12 3288.84 0 0 523.28 0 0 0
294 1_1_1 2004  0 0 19391 32008.5 45629.7 12086.7 1801.81 1015.86 2228.41 0 0 446.998 14.5342 0 0
295 1_1_1 2004  0 188.807 18275.9 30637.4 44197 12296.1 2625.98 1144.53 3176 0 0 214.567 0 0 0
296 1_1_1 2004  0 0 21474.1 31835.1 44489.6 11421.9 2363.44 969.149 2174.52 0 0 165.854 16.8414 0 0
297 1_1_1 2004  0 306.691 19722.7 33425.7 44645.9 14786.7 1446.59 1036.2 746.217 0 0 0 0 0 0
298 1_1_1 2004  0 0 21369.9 29781 42107.6 16300 1613.78 1445.18 2559.1 0 0 271.547 0 0 0
299 1_1_1 2004  0 0 20504.6 27505.9 46474 14651.5 2639.37 1603.61 1501.44 0 0 281.169 10.3141 0 0
300 1_1_1 2004  0 0 20608.1 33889.8 39102.7 12879 2875.61 1944.11 2731.83 0 0 0 0 0 0
301 1_1_1 2004  0 0 19605.3 34682.8 43309.9 9303.53 3061.93 1399.19 1894.42 0 0 925.753 26.188 0 0
302 1_1_1 2004  0 231.028 19231 28494.1 46660.8 12264.6 1569.2 1884.95 3125.15 0 0 375.361 0 0 0
303 1_1_1 2004  0 116.965 17677.4 30994.8 48987.3 12332.1 1945.02 1232.15 1043.59 0 0 1205.69 0 0 0
304 1_1_1 2004  0 289.84 18714.8 33872.2 44567.8 13249.4 2328.76 590.413 1162.39 0 0 1047.01 11.1833 0 0
305 1_1_1 2004  0 112.501 18078.8 35129.3 41891.4 11457.8 2957.28 2551.83 1565.67 0 0 466.819 0 0 0
306 1_1_1 2004  0 157.181 21082 28002.9 42657.9 15882 2558.86 1788.56 1331.38 0 0 987.039 0 0 0
307 1_1_1 2004  0 0 19205.9 34701 36351.3 14324.8 2414.03 1743.5 4062.8 0 0 683.26 19.9577 0 0
308 1_1_1 2004  0 0 17543.9 32562.7 41485.6 14346.5 2284.01 1463.68 3443.09 0 0 372.606 0 0 0
309 1_1_1 2004  0 0 19977.4 35265.9 43985.4 10782.5 1518.44 1477.96 2622.95 0 0 257.18 0 0 0
310 1_1_1 2004  0 140.971 22333.3 28925.4 43246.6 14341.3 1914.8 1580.55 2545.96 0 0 328.417 0 0 0
311 1_1_1 2004  0 0 19011.9 31009 44295.5 13561.8 3137.46 1385.37 2371.07 0 0 691.129 17.9752 0 0
312 1_1_1 2004  0 0 18986.5 31746.8 46108.6 11792.9 1877.33 1827.74 1977.22 0 0 362.286 0 0 0
313 1_1_1 2004  0 288.204 19531.6 33289.7 44192.6 11719.5 2102.71 2280.95 1383.57 0 0 294.573 0 0 0
314 1_1_1 2004  0 0 22606.9 29919.7 45041.1 11591.1 1105.77 1403.82 2355.32 0 0 514.403 0 0 0
315 1_1_1 2004  0 209.099 16265.3 32935.9 44624.3 11808.6 1393.25 2601.55 3486.85 0 0 141.738 21.8987 0 0
316 1_1_1 2004  0 0 17183.2 33399.5 42126.1 15751.5 2690.21 1384.32 1496.4 0 0 791.908 0 0 0
317 1_1_1 2004  0 0 19887.9 33525.4 41537.6 16119.3 2757.75 499.219 738.04 0 0 224.844 0 0 0
318 1_1_1 2004  0 0 23087.6 30085.3 41429.6 14129.9 2182.34 376.126 1859.81 0 0 696.654 0 0 0
319 1_1_1 2004  0 113.867 20170 31488.7 41363.7 14526.9 1549.64 2400.2 2481.56 0 0 836.435 0 0 0
320 1_1_1 2004  0 287.912 24238.3 31200 42707.6 10393.8 2444.86 1480.89 1592.26 0 0 1518.63 0 0 0
321 1_1_1 2004  0 0 20572.3 30656.4 43167.4 13878.6 1782.01 957.955 3034.37 0 0 688.725 0 0 0
322 1_1_1 2004  0 145.705 19085.4 31173.6 43353.8 15572.3 1759.56 728.909 3690.94 0 0 174.134 0 0 0
323 1_1_1 2004  0 0 21855.5 28855.8 50981.4 9419.6 1805.54 1392.04 1979.25 0 0 534.185 0 0 0
324 1_1_1 2004  0 0 18801.9 32855.8 42709.2 11386.6 1942.09 1555.95 3907.22 0 0 640.775 20.8207 0 0
325 1_1_1 2004  0 0 21949 32472.9 39311.2 15886 1983.43 1190.42 2877.52 0 0 470.471 4.15539 0 0
326 1_1_1 2004  0 426.318 20525.5 34650.6 42516.9 11663.5 2259.33 1512.43 2436.15 0 0 177.422 0 0 0
327 1_1_1 2004  0 210.615 24623.5 28063 39995.9 14200.5 3348.96 1240.54 3097.4 0 0 369.062 16.2529 0 0
328 1_1_1 2004  0 0 20892.8 31608.2 44747.9 10674.5 2886 2248.24 1742.1 0 0 706.554 0 0 0
329 1_1_1 2004  0 52.4834 22002.7 32598 39760.8 13216 3025.59 1348.77 3002.63 0 0 296.931 0 0 0
330 1_1_1 2004  0 0 21423.4 32467.6 43083.6 10982.1 1971.47 1667.82 2097.48 0 0 1376.82 7.97043 0 0
331 1_1_1 2004  0 0 21755.4 27888.7 46427.7 12050.6 2541.03 1814.95 1868.49 0 0 758.52 0 0 0
332 1_1_1 2004  0 0 19146.5 30843.8 45339.1 10940 3137.72 1320.13 2329.42 0 0 396.549 0 0 0
333 1_1_1 2004  0 0 22450.9 26982.6 44764.2 11614.1 2153.58 2293.37 2206.22 0 0 675.786 25.9244 0 0
334 1_1_1 2004  0 0 16769.4 29866.6 48549.8 11008 3516.69 2062.15 1015.77 0 0 276.039 36.989 0 0
335 1_1_1 2004  0 0 20882.2 29933.5 43927.9 11971.8 3676.65 1929.88 3328.9 0 0 124.187 0 0 0
336 1_1_1 2004  0 0 19259.1 33781.4 43666.9 13845.1 1139.52 975.496 2836.29 0 0 208.585 0 0 0
337 1_1_1 2004  0 0 24414.7 31057.3 43308.5 10170.8 3017.24 1379.84 1863.72 0 0 0 11.5773 0 0
338 1_1_1 2004  0 55.1452 21432 31398.1 41776.6 13676.5 3767.61 1626.04 1944.49 0 0 225.77 0 0 0
339 1_1_1 2004  0 89.7768 18748.7 31130 46046.6 12955.7 2621.4 927.717 1983.46 0 0 379.987 10.0366 0 0
340 1_1_1 2004  0 55.2002 23312.1 31697 42769.5 12560.8 2093.58 1155.03 2446.56 0 0 160.006 0 0 0
341 1_1_1 2004  0 0 20119.8 32148.6 47184.6 9990.45 3873.24 919.119 1077.31 0 0 574.359 0 0 0
342 1_1_1 2004  0 58.69 18717.4 34559.4 43264.9 11838.1 2203.7 2197.2 1277.57 0 0 610.431 0 0 0
343 1_1_1 2004  0 324.379 20809.8 29235.3 42865.4 15205.8 2765.37 2943.23 1514.51 0 0 426.788 10.2849 0 0
344 1_1_1 2004  0 0 23020.1 28265.5 43573.3 11165.7 4310.98 420.743 4122.11 0 0 191.251 0 0 0
345 1_1_1 2004  0 104.102 20381 31360.7 44404.6 11229.1 2179.89 2466.7 3532.07 0 0 384.19 0 0 0
346 1_1_1 2004  0 0 21769.9 29626.1 38546.1 17911.5 2292.46 1743.08 2032.32 0 0 679.537 21.7741 0 0
347 1_1_1 2004  0 220.812 15302.4 32551 47536.9 11759.8 2066.84 1219.48 2238.52 0 0 1145.21 0 0 0
348 1_1_1 2004  0 0 23482 27459.1 48657.5 9755.4 1919.56 700.871 2533.99 0 0 756.027 14.5368 0 0
349 1_1_1 2004  0 0 17609.9 32430.1 45067.7 12866.8 2506.56 1113.45 1983.15 0 0 131.005 4.28595 0 0
350 1_1_1 2004  0 0 23788.8 31079.4 45656.9 11734 1746.57 1199.85 1660.36 0 0 0 0 0 0
351 1_1_1 2004  0 0 22637.8 28742.9 45890.1 11711.2 4366.95 942.013 1760.35 0 0 286.123 0 0 0
352 1_1_1 2004  0 0 19300.9 33720.6 43581.2 13464.8 1963.3 1625.67 2315.86 0 0 249.359 0 0 0
353 1_1_1 2004  0 236.052 17247.4 30072.6 44440.3 13493.3 3399 1574.97 3914.05 0 0 0 22.7488 0 0
354 1_1_1 2004  0 0 21856.4 29886.4 46598.6 11508.2 2699.46 1349.06 1996.35 0 0 0 6.24196 0 0
355 1_1_1 2004  0 0 24478.7 28377.4 42841.7 14323.7 2026.79 785.711 2388.04 0 0 725.096 0 0 0
356 1_1_1 2004  0 0 18167 38281.4 36698.9 12765.7 3643.21 1822.06 2398.23 0 0 331.455 0 0 0
357 1_1_1 2004  0 0 20872 28909.4 48113 12926 1011.09 1873.44 1257.62 0 0 0 20.8333 0 0
358 1_1_1 2004  0 0 20525.3 34116 41385.5 13557.6 1751 1451.43 2624.77 0 0 150.647 0 0 0
359 1_1_1 2004  0 0 22583.2 28290.6 44678.7 11126.2 2447.39 1922.46 2629.81 0 0 272.247 22.1911 0 0
360 1_1_1 2004  0 71.3396 21413.7 31295.9 43341.9 11620.6 3846.95 1190.04 2765.08 0 0 200.883 15.8 0 0
361 1_1_1 2004  0 187.395 19615.1 32876.1 41046.6 14079.7 2591.05 1326.8 1657.51 0 0 629.71 12.1494 0 0
362 1_1_1 2004  0 111.479 21627.8 32453.1 42349.4 11676 4414.82 1284.48 1498.11 0 0 156.182 0 0 0
363 1_1_1 2004  0 212.411 17411.4 33380.3 44889 9536.7 6014.24 1668.94 1939.14 0 0 246.106 0 0 0
364 1_1_1 2004  0 291.636 24045.8 28820.7 44755 11854.7 2981.14 1516.65 1278.03 0 0 0 0 0 0
365 1_1_1 2004  0 174.482 21690.2 30571.3 44935.8 14205.1 2144.48 918.559 1100.75 0 0 0 9.70973 0 0
366 1_1_1 2004  0 0 20570.1 34239.3 39651.2 12514.9 2321.28 2476.16 3114.15 0 0 420.615 21.2386 0 0
367 1_1_1 2004  0 0 22058.3 30522.6 42572.9 12375.9 2221.54 1872.25 2379.63 0 0 520.829 0 0 0
368 1_1_1 2004  0 0 18849.9 27617.7 52509.9 9254.36 3142.52 1433.48 1811.48 0 0 430.252 0 0 0
369 1_1_1 2004  0 187.806 20430.8 29103.1 47087.9 12496.3 2611.35 776.293 2233.32 0 0 465.531 11.229 0 0
370 1_1_1 2004  0 53.4406 19631.8 31437.5 46257.7 10809.6 2849.81 1725.61 1167.27 0 0 228.196 0 0 0
371 1_1_1 2004  0 0 18598.7 33032.6 44438.5 11702.2 2460.22 1359.35 1917 0 0 1616.06 12.4943 0 0
372 1_1_1 2004  0 0 21423.1 32662.9 41813.4 12235.8 2259.32 1185.06 3068.75 0 0 199.077 0 0 0
373 1_1_1 2004  0 146.95 23151.6 24199.1 43372.6 14337.6 4177.33 2371.7 2955.8 0 0 316.112 12.1596 0 0
374 1_1_1 2004  0 94.2763 19147.1 31766.7 43933.6 12224.6 2515.53 1385.17 3342.19 0 0 0 0 0 0
375 1_1_1 2004  0 65.1635 20325.5 30921.7 44576.3 10981.4 3267.89 2014.35 2116.21 0 0 211.485 8.33998 0 0
376 1_1_1 2004  0 404.643 18394.3 33591.2 44832.6 14476.5 1577.85 921.567 988.156 0 0 484.961 0 0 0
377 1_1_1 2004  0 111.082 22002.1 28747.2 46108.7 12412.2 3142.11 1215.61 1845.42 0 0 644.879 0 0 0
378 1_1_1 2004  0 0 18510.7 32670.2 45011.1 10597.7 2516.32 1517.9 2469.51 0 0 130.926 24.7422 0 0
379 1_1_1 2004  0 0 20396.8 32579.6 42103.1 13455.6 3769.88 1220.98 1449.54 0 0 504.57 9.73725 0 0
380 1_1_1 2004  0 345.202 20973.9 29613.9 44477.4 13584.1 2508.31 1041.02 1774.12 0 0 262.625 19.565 0 0
381 1_1_1 2004  0 0 20332.8 34644.5 43194.8 10517.4 1679.16 2741.63 1530.37 0 0 278.124 22.802 0 0
382 1_1_1 2004  0 240.441 19679.9 28747.5 45958.1 12456.1 2057.48 1875.17 3592.48 0 0 144.2 0 0 0
383 1_1_1 2004  0 278.587 19847.9 31004.9 42313.1 13995.8 1689.64 2466.76 1254.69 0 0 167.684 10.2781 0 0
384 1_1_1 2004  0 225.91 21180.6 28300.3 47309.7 11424.5 2122.53 1303.8 2738.49 0 0 942.593 0 0 0
385 1_1_1 2004  0 0 18746.1 32260 48145.4 9974.97 2445.5 908.301 1949.06 0 0 237.509 19.6519 0 0
386 1_1_1 2004  0 0 20410.9 29082.7 51146.3 8175.98 3842.45 2924.07 1167.37 0 0 0 0 0 0
387 1_1_1 2004  0 0 17412 32008.8 46135.4 12288.9 2651.42 2324.51 2245.68 0 0 726.038 14.3552 0 0
388 1_1_1 2004  0 0 19904.6 31149.6 45715.9 11092.6 2971.13 973.214 1732.71 0 0 937.653 24.7293 0 0
389 1_1_1 2004  0 195.824 18519.2 35617.8 41142.8 12930.4 1935.69 2156.03 2363.77 0 0 500.514 2.13059 0 0
390 1_1_1 2004  0 36.9913 23584.1 32919.3 46654.1 7926.07 1395.83 980.248 2913.2 0 0 123.294 0 0 0
391 1_1_1 2004  0 252.912 18380.2 32143.7 42453.3 16805.8 2675.9 304.346 1082.65 0 0 429.075 0 0 0
392 1_1_1 2004  0 97.5383 20551.4 32663.7 44746.5 10780.6 3026.86 689.487 1628.06 0 0 477.153 11.7849 0 0
393 1_1_1 2004  0 249.72 19288.9 32713.7 42892.2 15116.9 1390.92 1730.58 1310.34 0 0 823.544 5.82034 0 0
394 1_1_1 2004  0 0 23384.4 29355.4 45067.2 11180.5 3077.61 755.904 1699.3 0 0 1011.53 0 0 0
395 1_1_1 2004  0 0 20442 31086.5 41602.5 13517.6 1593.05 2553.9 2888.04 0 0 0 0 0 0
396 1_1_1 2004  0 0 19789.1 36260.8 42526.3 10433.7 2451.24 1308.54 1446.25 0 0 635.886 0 0 0
397 1_1_1 2004  0 0 17163 34285.1 43641.6 12600 2182.23 1047.95 3164.42 0 0 543.326 7.63276 0 0
398 1_1_1 2004  0 0 20167.7 31342.4 45582.3 12393.4 1734.59 1794.38 1402.37 0 0 576.41 0 0 0
399 1_1_1 2004  0 0 23004.3 35693.6 41610 9947.64 3262.46 1548.03 791.713 0 0 106.496 24.8136 0 0
400 1_1_1 2004  0 0 20264.6 32330.9 41506.7 13519.1 1593.07 2304 2083.79 0 0 522.232 0 0 0
401 1_1_1 2004  0 71.3474 21205.2 30002 43047.7 12239.3 3855.08 2617.15 2215.91 0 0 629.044 33.7523 0 0
402 1_1_1 2004  0 500.01 18721.4 37332.4 40278.7 12223.5 2209.75 1649.78 1470.46 0 0 473.526 0 0 0
403 1_1_1 2004  0 90.203 22044.4 33368.2 42629.1 10251.7 3731.14 2402.53 1611.81 0 0 190.806 4.17123 0 0
404 1_1_1 2004  0 0 19570.9 32579.8 42914.4 12300.6 1646.32 1236.72 1694.91 0 0 1778.48 15.4124 0 0
405 1_1_1 2004  0 0 20438.4 30319.2 46090 13529.4 2597.19 1686.48 1345.53 0 0 235.287 18.2782 0 0
406 1_1_1 2004  0 0 20951.8 25136 48940.9 14076 2531.89 919.501 2539.33 0 0 330.32 17.812 0 0
407 1_1_1 2004  0 239.725 18738 33525.3 41231.6 14474 3394.8 1844.72 2489.69 0 0 207.264 0 0 0
408 1_1_1 2004  0 0 18530.6 36450.2 39235.3 14459.2 2813.39 1507.58 827.837 0 0 755.095 19.2021 0 0
409 1_1_1 2004  0 0 18059.3 34978.5 43508 11313.3 2748.45 1989.47 2065.22 0 0 218.577 0 0 0
410 1_1_1 2004  0 0 21350.1 29408.2 43203.2 15787 2873.35 2355.6 1239.02 0 0 0 0 0 0
411 1_1_1 2004  0 229.319 23143.9 28913 48310.2 8835.78 1078.25 1868.44 2169.01 0 0 316.707 22.4849 0 0
412 1_1_1 2004  0 71.6003 23274.3 30450.2 39175.9 14677.7 1402.74 2417.99 1362.57 0 0 915.452 9.60239 0 0
413 1_1_1 2004  0 64.3155 18574.9 30548.6 41281.2 19571.9 1882.99 1388.8 1361.08 0 0 482.067 16.7493 0 0
414 1_1_1 2004  0 0 19603.5 30803.6 43065.9 14861.3 3741.5 1541.99 1457.68 0 0 183.135 12.9872 0 0
415 1_1_1 2004  0 0 23058.9 30704.5 40541.4 14093.4 3596.94 1315 2667.77 0 0 411.894 0 0 0
416 1_1_1 2004  0 0 16156.3 36274.6 45787.9 11874.2 1598.91 831.339 2098.55 0 0 545.392 0 0 0
417 1_1_1 2004  0 125.356 18115.4 34009 43720.8 10035.8 4627.95 1377.26 2288.19 0 0 627.364 0 0 0
418 1_1_1 2004  0 242.873 21917.2 25895.1 47171.2 13812.4 1536.24 1336.02 2239.26 0 0 582.658 0 0 0
419 1_1_1 2004  0 282.633 19342.2 30740.4 43224.8 13547.3 2947.24 415.88 3096.97 0 0 521.852 0 0 0
420 1_1_1 2004  0 0 20886.6 28520.1 48062.6 13452.5 963.328 1643.7 1708.51 0 0 131.424 11.2203 0 0
421 1_1_1 2004  0 254.59 20436.7 34138.7 40936.5 13369.5 2072.93 2076.31 1100.71 0 0 397.789 0 0 0
422 1_1_1 2004  0 242.381 19503.6 35976.3 43428.8 8834.41 2308.26 2184.02 3137.18 0 0 284.062 0 0 0
423 1_1_1 2004  0 0 19623.3 36518.7 42688.8 10739.9 1453.87 1507.48 1692.95 0 0 515.248 0 0 0
424 1_1_1 2004  0 0 23614 30142.2 44170.6 10772.2 2120.95 1949.22 1626.48 0 0 480.776 3.85124 0 0
425 1_1_1 2004  0 0 21475.9 31472.3 41736.4 12387.5 3373.82 1753.06 3226.19 0 0 0 0 0 0
426 1_1_1 2004  0 0 19295.4 31125.9 46541.4 11090.5 2963.95 2280.88 1797.27 0 0 0 0 0 0
427 1_1_1 2004  0 0 21457.9 34020.1 44419.7 9133.02 2656.57 1696.7 2662.06 0 0 493.536 13.3313 0 0
428 1_1_1 2004  0 146.548 20198.6 31845.8 41550.8 13976.9 1887.99 2689.69 2688.24 0 0 250.967 0 0 0
429 1_1_1 2004  0 446.456 21051 33108.6 41252.7 10546.7 5550.85 1600.66 1719.81 0 0 296.164 12.6578 0 0
430 1_1_1 2004  0 0 21302.3 32985.7 41666.1 13701.9 2123.89 840.942 2545.23 0 0 463.929 44.5612 0 0
431 1_1_1 2004  0 60.3114 20377 30414.9 47493.5 12006.3 2864.18 1021.89 2011.45 0 0 0 20.8529 0 0
432 1_1_1 2004  0 93.0485 22011 30896.3 37730.8 16628.2 4361.25 2033.65 1675.95 0 0 0 0 0 0
433 1_1_1 2004  0 172.89 21892.7 33445.6 42090.3 11293.1 3631.45 1271.95 1533.62 0 0 326.87 10.0091 0 0
434 1_1_1 2004  0 32.6662 18759.4 28932.1 45573 13119.2 2465.83 2341.12 2196.85 0 0 0 0 0 0
435 1_1_1 2004  0 0 19038.7 33418.6 43776.2 13453.9 1875.59 1347.85 2051.65 0 0 423.84 0 0 0
436 1_1_1 2004  0 0 20778.9 29029.6 47277.8 12887 3347.18 1588.36 1735.21 0 0 248.692 6.28145 0 0
437 1_1_1 2004  0 0 19241.7 30815.2 49699.6 10868.1 1692.79 932.537 2350.17 0 0 0 6.34904 0 0
438 1_1_1 2004  0 0 22321.3 28713.5 43834.3 15618.4 2237.05 1080.92 985.956 0 0 716.497 0 0 0
439 1_1_1 2004  0 0 21924.1 35460.7 38349.4 12344.9 1453.66 1713.74 2355.78 0 0 713.07 0 0 0
440 1_1_1 2004  0 0 22104.9 37640.8 39181.8 11569.1 1742.56 1344.39 1716.76 0 0 194.679 0 0 0
441 1_1_1 2004  0 119.711 19728.1 34190.8 41887.7 12599.8 3951.1 1037.22 1562.5 0 0 602.438 13.2933 0 0
442 1_1_1 2004  0 39.0503 20413.5 28506.1 45534.3 12197.3 3208.46 2202.06 1573.66 0 0 922.578 0 0 0
443 1_1_1 2004  0 0 20147.7 30474.3 47575.6 10707.2 1077.63 1943.12 2354.39 0 0 284.613 0 0 0
444 1_1_1 2004  0 204.717 20886 32553.4 42570.6 12117.8 1699.33 1916.28 2568.02 0 0 388.065 16.6498 0 0
445 1_1_1 2004  0 0 20997.9 32066.6 44641.7 13670 2107.19 934.457 1513.58 0 0 601.443 0 0 0
446 1_1_1 2004  0 0 23103.5 30354.6 42398.9 12139.4 2391.23 1878.99 3342.95 0 0 521.228 0 0 0
447 1_1_1 2004  0 0 20908.5 30219.7 46227 13398.7 1827.58 1073.79 1744.01 0 0 321.56 9.98395 0 0
448 1_1_1 2004  0 0 19444.9 32413.7 43872.6 14764.4 1198.34 1694.59 1843.18 0 0 348.348 0 0 0
449 1_1_1 2004  0 0 23130.9 30971.2 42873.7 12622.9 2244.84 1840.46 1783.58 0 0 793.933 0 0 0
450 1_1_1 2004  0 47.5548 22186.1 26384.3 49103.7 11861.2 2247.26 1475.34 1356.17 0 0 163.673 0 0 0
451 1_1_1 2004  0 113.582 18678.1 35351.1 46530.8 8162.69 1399.03 2354.49 2611.59 0 0 96.8416 0 0 0
452 1_1_1 2004  0 0 19182.3 34496.6 41623.8 12270.6 2254.94 1586.76 1867.49 0 0 926.383 0 0 0
453 1_1_1 2004  0 131.671 21274.8 30710.5 45794.4 11730.8 1652.11 2013.66 1767.28 0 0 431.964 0 0 0
454 1_1_1 2004  0 0 19742.3 30866.4 46112.4 11735.6 2100.82 2155.46 2593.06 0 0 243.24 8.14346 0 0
455 1_1_1 2004  0 0 18970.2 35618 42197.7 13437.6 2166.4 727.192 2382.49 0 0 46.7978 20.3927 0 0
456 1_1_1 2004  0 154.657 18451.8 30037.2 47868.4 10781.9 2099.28 1440.82 1871.04 0 0 1185.39 0 0 0
457 1_1_1 2004  0 0 20438.8 28321.6 42551.6 14945.6 3693.79 2006.23 1636.54 0 0 636.065 0 0 0
458 1_1_1 2004  0 0 21656.5 28703.6 43738.1 15424.4 2056.3 1899.12 1711.5 0 0 459.056 0 0 0
459 1_1_1 2004  0 253.355 21444.2 35640.1 39218.5 12332.7 2576.05 1421.68 2501.54 0 0 542.173 0 0 0
460 1_1_1 2004  0 0 22685.5 26934.7 41944.9 14972.5 1622.24 2529.66 3040.58 0 0 576.259 3.68602 0 0
461 1_1_1 2004  0 0 21242.9 29649.4 46112.7 11496.7 2890.56 1957.73 1448.07 0 0 797.739 0 0 0
462 1_1_1 2004  0 0 18563.9 33207.6 42982.2 12846.8 2980.99 1411.69 2148.7 0 0 0 0 0 0
463 1_1_1 2004  0 0 16754.1 33024.5 45065.1 14625.7 2972.96 1616.45 1947.6 0 0 66.0671 20.7895 0 0
464 1_1_1 2004  0 137.224 21121.9 34378.8 40831.9 12684.7 1689.09 826.777 3152.16 0 0 0 0 0 0
465 1_1_1 2004  0 0 20611.7 33797.8 44564.3 12724.4 1470.77 885.852 1770.41 0 0 0 0 0 0
466 1_1_1 2004  0 205.449 17747 29881.1 44711.4 12946 4206.83 2119.82 739.335 0 0 833.256 0 0 0
467 1_1_1 2004  0 0 21633.6 33132.1 42503.7 11520.6 3066.57 1351.02 2026.09 0 0 122.595 13.3983 0 0
468 1_1_1 2004  0 0 21926.6 30698.6 43577 11810.1 4246.74 1251.49 1642.38 0 0 260.196 0 0 0
469 1_1_1 2004  0 191.484 19227.5 34213.3 41394.6 11630.4 2884.67 1499.24 1305.53 0 0 771.289 21.3336 0 0
470 1_1_1 2004  0 0 18882.5 31541.7 42131.1 14123.9 5100.36 1525.88 1659.1 0 0 0 16.7904 0 0
471 1_1_1 2004  0 301.197 19690.6 37133.3 40489.3 11412.4 2217.73 1592.66 1316.17 0 0 542.318 0 0 0
472 1_1_1 2004  0 29.4971 20224.9 31838.5 47906.7 11070.8 1625.09 944.759 2009.56 0 0 409.52 0 0 0
473 1_1_1 2004  0 230.83 20360.2 27952.5 44211.2 12722 3329.76 794.87 3808.06 0 0 321.894 0 0 0
474 1_1_1 2004  0 139.738 22826.6 33523.7 44561 11455.8 1409.63 1806.32 1022.42 0 0 0 0 0 0
475 1_1_1 2004  0 109.349 20628.3 28720.9 46040.1 15510 762.912 1084.72 2672.41 0 0 487.579 10.0406 0 0
476 1_1_1 2004  0 202.97 19551.2 29134.5 46858.5 14076.2 1738.32 1096.4 2066.33 0 0 357.046 21.4196 0 0
477 1_1_1 2004  0 0 20287.7 30545.3 45991.7 10562.7 3444.16 1216.22 2133.63 0 0 645.456 23.0249 0 0
478 1_1_1 2004  0 297.703 19854.8 29249.3 46441.2 10117.3 4392.81 1589.06 1847.42 0 0 1185.34 0 0 0
479 1_1_1 2004  0 0 20083.1 32470.7 43362.2 12606.8 1592.97 913.388 3014.64 0 0 898.602 0 0 0
480 1_1_1 2004  0 118.133 19383.4 31573.9 47016.9 12608.1 1088.69 1646.91 1854.02 0 0 246.915 14.0783 0 0
481 1_1_1 2004  0 0 21235 29003.2 49687.5 10051.8 2878.75 870.165 1282.45 0 0 45.9909 0 0 0
482 1_1_1 2004  0 84.3013 22900.3 31721.3 40451.8 13768.2 2308.77 1545.58 2775.21 0 0 0 0 0 0
483 1_1_1 2004  0 242.04 20715.3 33026.1 45624.5 8848.46 2457.88 2170.98 1783.51 0 0 463.834 15.3625 0 0
484 1_1_1 2004  0 124.7 18538.1 35858.5 44835.3 11758.9 1114.43 2304.87 1347.56 0 0 331.761 0 0 0
485 1_1_1 2004  0 50.4342 20670.2 33213.5 44297.2 10448.7 1759.26 2230.86 2652.35 0 0 469.922 2.37265 0 0
486 1_1_1 2004  0 136.771 22563.7 32110.5 44697.6 10671.8 2580.75 1374.64 1502.74 0 0 339.367 0 0 0
487 1_1_1 2004  0 0 22069.5 33029.3 41986.4 10427.6 2046.52 2698.44 2850.02 0 0 446.916 15.9283 0 0
488 1_1_1 2004  0 132.588 18619 31261.8 45004.8 13691 2673.54 1373.44 2423.02 0 0 337.477 6.44477 0 0
489 1_1_1 2004  0 275.475 18676.7 31713.5 48809 9564.98 2271.5 1587.41 2786.11 0 0 0 0 0 0
490 1_1_1 2004  0 218.131 20342.6 29083.6 44229.3 12214.1 3373.77 2035.04 2837.55 0 0 430.014 0 0 0
491 1_1_1 2004  0 178.531 17834.9 34352.7 48894 11928.3 700.036 1202.33 465.972 0 0 582.734 0 0 0
492 1_1_1 2004  0 94.962 17814.6 37757.7 38020.6 15047.1 1858.27 1435.27 2479.34 0 0 166.502 18.6056 0 0
493 1_1_1 2004  0 0 21851.8 32548.9 42796.5 11541.1 3224.18 803.797 1749.57 0 0 866.869 21.1617 0 0
494 1_1_1 2004  0 0 23646.5 30479 40626.9 11827.6 4278.38 946.054 2710.51 0 0 381.816 2.22966 0 0
495 1_1_1 2004  0 0 18307.4 30091.2 45984.6 13754.1 1887.74 2008.24 2325.93 0 0 212.853 0 0 0
496 1_1_1 2004  0 90.3174 22956.7 29575.8 42920.8 11313 3070.08 2121.6 1339.2 0 0 1256.47 13.3078 0 0
497 1_1_1 2004  0 54.809 18058.4 28074 47423.3 14280 4010.14 1437.5 1960.14 0 0 228.15 4.42699 0 0
498 1_1_1 2004  0 287.67 19458.6 37975.1 40166.2 10258.3 2473.18 1779.48 3343.68 0 0 238.64 0 0 0
499 1_1_1 2004  0 337.682 19866.5 29484.2 45220.9 12299.3 3659.51 1177.66 2652.63 0 0 52.3091 31.9814 0 0
500 1_1_1 2004  0 253.94 19320.1 32857.4 43251.1 13662.7 2686.81 1056.44 1316.34 0 0 1029.51 0 0 0
501 1_1_1 2004  0 190.749 22727.3 28504.8 40308.3 14925.4 2721.79 1153.19 3224.29 0 0 673.779 12.7386 0 0
502 1_1_1 2004  0 0 20375.2 31843.5 46083.2 10849 3485.62 1094.28 2795.49 0 0 549.737 10.7221 0 0
503 1_1_1 2004  0 188.914 21917.6 25947.5 44250.7 13575.8 1781.47 1986.87 3145.19 0 0 931.589 0 0 0
504 1_1_1 2004  0 73.2862 18677.9 33792.5 43552.2 12269.6 2846.18 1591.6 2228.2 0 0 845.133 8.57498 0 0
505 1_1_1 2004  0 94.4547 21765 32345.4 40376.9 13580.8 2423.89 1398.05 1673.79 0 0 0 12.4435 0 0
506 1_1_1 2004  0 0 21018.9 30156.2 46418.9 11169.8 2159.24 1427.67 2578.64 0 0 379.927 28.6254 0 0
507 1_1_1 2004  0 168.603 21355.2 33140.6 44582.2 10383.1 1406.82 969.84 3214.79 0 0 371.948 5.86168 0 0
508 1_1_1 2004  0 99.9597 19084.4 34041.2 42771.2 12321.3 2430.5 1517.67 2339.23 0 0 273.688 0 0 0
509 1_1_1 2004  0 83.2956 19252 30431.5 42140.7 14758.7 3821.3 2101.41 2627.98 0 0 394.147 0 0 0
510 1_1_1 2004  0 86.573 22447.7 30604.2 41294.6 12534.4 2972.42 1621.69 3696.25 0 0 325.143 0 0 0
511 1_1_1 2004  0 103.034 21457.4 32905.2 42810.5 10590.8 2575.13 1073.12 2056.31 0 0 920.82 0 0 0
512 1_1_1 2004  0 0 19306.6 31875 42962.5 14927.7 2007.13 1190.68 2389.84 0 0 364.973 0 0 0
513 1_1_1 2004  0 117.838 24485.4 28164.3 40974.5 13327.9 2840.78 1976.96 1818.51 0 0 595.24 0 0 0
514 1_1_1 2004  0 0 19946.8 35849.9 40578.1 14440.4 1807.35 1950.16 906.262 0 0 321.983 15.1932 0 0
515 1_1_1 2004  0 0 21098.8 29465.6 47194.9 12283 1342.92 2290.75 847.359 0 0 823.726 0 0 0
516 1_1_1 2004  0 275.401 20536.4 28383.1 45852.2 11455.4 2626.53 2514.52 2180.96 0 0 70.2093 20.7828 0 0
517 1_1_1 2004  0 77.1941 24275.9 28473 46403.1 9481.28 1912.89 1093.95 3496.69 0 0 71.9938 14.8609 0 0
518 1_1_1 2004  0 59.2813 22618.7 28504.3 45917.8 10627.5 4307.52 1013.52 1484.51 0 0 486.982 0 0 0
519 1_1_1 2004  0 168.859 21505.7 31805.6 46932.8 11562.2 1603.76 1440.72 613.508 0 0 242.407 27.9774 0 0
520 1_1_1 2004  0 0 22589.2 30051.9 44647.7 12718.5 1753.84 1581.17 1857.25 0 0 156.606 12.2245 0 0
521 1_1_1 2004  0 228.144 20668.8 33524 44106.7 10348.5 2359.29 2094.88 2082.12 0 0 419.462 0 0 0
522 1_1_1 2004  0 0 20036.9 34655.9 42729.6 12680.9 2467.95 1382.03 1630.15 0 0 409.361 0 0 0
523 1_1_1 2004  0 0 21149.3 27418.8 42928.2 12196.8 4301.67 2805.58 1668.73 0 0 655.122 9.6477 0 0
524 1_1_1 2004  0 0 21680.5 26043.8 46409.6 10839.3 3146.16 1100.68 4000.09 0 0 417.555 0 0 0
525 1_1_1 2004  0 50.6941 24701 32117.2 39124.6 10219.2 2562.55 1715.26 2189.8 0 0 927.077 10.1568 0 0
526 1_1_1 2004  0 0 19474.9 31773.9 43699.3 13070.5 2405.77 271.987 2494.52 0 0 479.832 0 0 0
527 1_1_1 2004  0 0 21159.1 33231.5 43893 10688 2013.3 1595.68 2693.73 0 0 320.074 0 0 0
528 1_1_1 2004  0 199.972 22921.6 32281.1 41949.8 10445.1 1503.1 2408.82 3753.52 0 0 529.705 0 0 0
529 1_1_1 2004  0 294.35 20864.4 35049.3 39613.2 11770.9 2332.44 1440.59 3065.86 0 0 299.104 0 0 0
530 1_1_1 2004  0 0 20196.5 28896.7 50184.1 10923.5 2145.04 842.862 1731.54 0 0 847.86 0 0 0
531 1_1_1 2004  0 51.966 20076.9 31330.6 43464.4 13697.8 2138.17 815.054 2206.61 0 0 531.154 20.7547 0 0
532 1_1_1 2004  0 0 23221.4 28018.5 45746.2 10456.9 3589.91 1672.49 2149.57 0 0 0 0 0 0
533 1_1_1 2004  0 0 20047.2 30615.9 39023.8 15908.3 2906.76 1462.22 2784.36 0 0 579.145 16.9195 0 0
534 1_1_1 2004  0 239.196 19107.7 30189.4 48835.4 9524.86 1737.74 1739.07 2592.27 0 0 438.359 37.2172 0 0
535 1_1_1 2004  0 134.703 20054.8 33741.7 45452.1 12178.9 2785.03 1307.65 670.432 0 0 152.282 0 0 0
536 1_1_1 2004  0 192.575 18420.6 27043.3 52063.3 10401.9 2169.96 2387.77 2133.44 0 0 265.668 14.622 0 0
537 1_1_1 2004  0 0 17500.9 34263.5 43955.4 11914.4 2099.01 1348.8 3188.32 0 0 478.034 30.7008 0 0
538 1_1_1 2004  0 223.591 20380.5 27890.2 48717.1 12310.9 1478.56 333.602 3415.8 0 0 194.632 0 0 0
539 1_1_1 2004  0 0 17261.1 32832.4 42432.7 15741 1650.68 1348.07 3425.7 0 0 172.568 8.06983 0 0
540 1_1_1 2004  0 249.786 20980.5 26697.4 46471.7 11830.4 2654.38 1401.57 3879.52 0 0 384.083 0 0 0
541 1_1_1 2004  0 278.714 21669.4 24402 50951.7 13205.5 1367.14 1733.18 1387.38 0 0 592.381 0 0 0
542 1_1_1 2004  0 218.75 21880.8 29896.9 46806.2 8783.01 3639.17 2486.69 2095.52 0 0 506.364 0 0 0
543 1_1_1 2004  0 122.85 19910 29479.3 46842.9 12667.9 3425.02 694.924 1126.23 0 0 531.143 13.8339 0 0
544 1_1_1 2004  0 122.037 20417.3 29150.1 42710.9 14041.5 2080.16 2143.78 2462.97 0 0 560.509 5.81194 0 0
545 1_1_1 2004  0 116.162 21206.4 33480.7 40235.3 13228.9 2338.92 1697.78 2713.76 0 0 171.016 0 0 0
546 1_1_1 2004  0 0 21539.7 29071.9 43909.2 14876.1 1942.53 1909.65 2115.15 0 0 228.802 0 0 0
547 1_1_1 2004  0 0 21242.7 33609 42467.7 10870.8 2602.88 1150.44 2956.13 0 0 85.8906 15.2634 0 0
548 1_1_1 2004  0 0 20514.2 30166.2 46130.5 13205.6 3378.9 1356.67 1221.13 0 0 0 0 0 0
549 1_1_1 2004  0 0 19103.1 30946.3 45067.2 13063.2 3179.22 1790.93 2449.52 0 0 0 7.8515 0 0
550 1_1_1 2004  0 207.388 21476.7 30753 43312.9 11069.1 3441.49 2491.47 1926.07 0 0 282.017 3.7068 0 0
551 1_1_1 2004  0 0 19066.3 31664.1 43421.2 11989.8 2671.85 1653.43 3221.89 0 0 335.874 24.5358 0 0
552 1_1_1 2004  0 49.6166 20532.3 34780.7 40505.6 14408.1 475.789 2000 1667.81 0 0 372.186 0 0 0
553 1_1_1 2004  0 0 21531.4 32132.2 41953.8 12432.2 3404.35 2144.63 1212.43 0 0 551.449 0 0 0
554 1_1_1 2004  0 0 19050.9 33582.7 45540.4 11342.2 1817.74 1961.19 2160.4 0 0 213.024 9.66521 0 0
555 1_1_1 2004  0 168.939 19101.7 31346.1 42730.4 14517.9 2202.52 2384.09 2185.63 0 0 476.432 0 0 0
556 1_1_1 2004  0 60.3564 19859.8 35816 43343.7 11262.9 1079.36 1540.35 1264.28 0 0 841.869 0 0 0
557 1_1_1 2004  0 0 19602.5 35024.4 42699.6 11139.6 3083.39 1486.72 1965.23 0 0 335.646 4.71134 0 0
558 1_1_1 2004  0 203.844 17931.2 37818.5 39061 12294.7 3663.9 1360.5 1915.04 0 0 427.282 0 0 0
559 1_1_1 2004  0 71.8006 21999.6 29234.8 46770 12820.7 1368.84 712.68 904.137 0 0 472.144 12.3464 0 0
560 1_1_1 2004  0 252.829 21529.4 29726.8 44494.4 12342.1 2525.99 3176.86 1656.47 0 0 55.83 0 0 0
561 1_1_1 2004  0 292.825 19929 30633.3 47253.1 11141.6 3360.52 1088.13 2778.5 0 0 109.542 0 0 0
562 1_1_1 2004  0 54.969 19506.5 31559.6 45312 12265.6 2590.74 945.184 3122.68 0 0 0 0 0 0
563 1_1_1 2004  0 0 19135.3 33650.9 40865.5 14117.9 2002.41 1060.4 2139.93 0 0 0 19.8796 0 0
564 1_1_1 2004  0 0 17212.5 31574.9 45255.9 12968.8 2426.23 1594.54 1916.92 0 0 594.615 0 0 0
565 1_1_1 2004  0 0 21510.2 28545 48582.5 10638.3 2347.35 1501.66 2380.56 0 0 103.773 0 0 0
566 1_1_1 2004  0 76.0711 20769 30980.5 44639.7 12401.6 2240.12 2147.68 1928.71 0 0 101.622 0 0 0
567 1_1_1 2004  0 158.694 19149.7 34158.3 42272.5 13107.7 1586.78 2490.61 2664.89 0 0 380.824 21.7866 0 0
568 1_1_1 2004  0 0 23576.1 33320.2 42386.2 10342.8 2494.05 1786.36 1578.49 0 0 169.965 6.18287 0 0
569 1_1_1 2004  0 0 20651.7 31774.4 46681.5 11736.7 2415.2 1332.11 1874.59 0 0 171.185 11.9743 0 0
570 1_1_1 2004  0 102.738 21833.3 30994.7 43267.4 11338.4 2786.74 2398.25 2033.13 0 0 590.827 0 0 0
571 1_1_1 2004  0 192.413 20025.8 28031.1 45461.3 13750 3351.29 1966.26 1909.28 0 0 530.633 10.2769 0 0
572 1_1_1 2004  0 0 21568.4 30510.4 45636.9 11791.4 3746.23 1524.09 1305.68 0 0 267.29 22.8022 0 0
573 1_1_1 2004  0 0 24922.8 28268.6 42922.6 10434.8 3288.06 1031.98 2608.38 0 0 1019.98 0 0 0
574 1_1_1 2004  0 0 22003.8 31031.8 41868.5 11127 2896.7 1222.8 3757.26 0 0 437.647 0 0 0
575 1_1_1 2004  0 191.536 18529.3 37061.2 45346.5 9459.19 1834.51 804.222 2272.57 0 0 244.888 0 0 0
576 1_1_1 2004  0 0 18834.6 31182.8 47847.4 12055.7 1742.11 2315.03 1842.34 0 0 0 0 0 0
577 1_1_1 2004  0 0 22826.8 28225.7 42953.8 12575.4 3004.91 2263.44 1947.03 0 0 457.913 0 0 0
578 1_1_1 2004  0 0 21976.6 31540.6 44598.3 13847.7 1309.22 1294.93 2037.99 0 0 186.819 17.0972 0 0
579 1_1_1 2004  0 0 21833.1 31124.6 41370.1 13285.6 4415.86 1221.64 1996.73 0 0 521.107 19.3717 0 0
580 1_1_1 2004  0 0 21748.5 35080.5 41719.5 11191.7 2884.23 1925.71 1691.01 0 0 258.754 0 0 0
581 1_1_1 2004  0 0 17826.9 36392.8 42522.3 11506.6 3925.75 1092.18 1841.63 0 0 634.126 15.5301 0 0
582 1_1_1 2004  0 0 22235.9 28965 48758.7 11253.2 2371.95 1770.7 784.412 0 0 346.079 0 0 0
583 1_1_1 2004  0 84.7707 21464.7 30309.8 45645.3 10845.5 1253.57 740.363 3504.03 0 0 807.91 11.5087 0 0
584 1_1_1 2004  0 0 19943.3 28771.5 47658.8 10720.6 3775.75 2190.09 1917.57 0 0 135.319 4.02074 0 0
585 1_1_1 2004  0 0 21337.7 30036.9 46543.1 9491.91 3560.77 1788.71 2489.77 0 0 0 6.11533 0 0
586 1_1_1 2004  0 0 18062.3 28165.7 46399 15604.2 2441.93 1498.46 3330.1 0 0 244.556 0 0 0
587 1_1_1 2004  0 520.318 22187.2 34997.8 42365.8 10677.6 2629.94 964.201 1868.62 0 0 379.271 12.4976 0 0
588 1_1_1 2004  0 0 21688.9 31005.7 42311.8 14144.9 1217.67 1994.82 2367.55 0 0 644.446 0 0 0
589 1_1_1 2004  0 153.988 20769.5 31531 43110.3 13652.2 1793.33 1797.26 2099.69 0 0 601.299 0 0 0
590 1_1_1 2004  0 0 19455.7 33689.6 42021.8 10900.1 2559.01 2594.43 3396.6 0 0 0 0 0 0
591 1_1_1 2004  0 134.853 22479.9 29549.1 43846.7 12053.7 2786.89 2374.84 1675 0 0 276.784 0 0 0
592 1_1_1 2004  0 212.312 21782.5 32770.3 42691 11763.6 1885.15 315.242 3572.95 0 0 586.325 0 0 0
593 1_1_1 2004  0 63.5128 19217.1 27912 49406.3 12912.5 1887.06 1863.72 1166.39 0 0 429.766 0 0 0
594 1_1_1 2004  0 26.2336 19594.7 31234 44345.8 11870.5 1918.61 1588.45 2474.03 0 0 1031.07 27.9683 0 0
595 1_1_1 2004  0 0 18926.1 34507.4 44811 12300.6 1579.57 996.064 1711.16 0 0 198.186 6.03866 0 0
596 1_1_1 2004  0 0 20452.3 31600.7 46173.9 12523.5 169.46 829.712 1469.64 0 0 968.017 0 0 0
597 1_1_1 2004  0 89.0359 21636.1 31057.4 41268.8 10409.7 2526.72 2016.97 4530.1 0 0 691.543 0 0 0
598 1_1_1 2004  0 73.5403 21048.4 28808.3 49357.6 10882.7 2581.99 1396.11 1696.49 0 0 319.638 0 0 0
599 1_1_1 2004  0 121.135 23265 32182.9 42024.8 13681.4 2015.53 1275.39 1063.11 0 0 335.108 0 0 0
600 1_1_1 2004  0 0 22494.6 28711.9 43904.6 14416.4 2516.67 1351.02 2270.78 0 0 293.134 0 0 0
601 1_1_1 2004  0 0 20271.4 34116.2 41339.9 15198.4 817.584 1596.14 2012.85 0 0 342.11 7.7283 0 0
602 1_1_1 2004  0 0 21916.1 29658 43353 10870.2 3279.52 2598.38 1767.23 0 0 360.247 17.3737 0 0
603 1_1_1 2004  0 0 20161.2 30805.6 44666.6 12774.9 2351.52 2302.77 945.412 0 0 685.721 0 0 0
604 1_1_1 2004  0 0 21997.6 31353.6 42579.7 13666.9 2288.25 1807.83 2220.3 0 0 247.859 0 0 0
605 1_1_1 2004  0 188.416 20805.6 31353.9 44171.8 13717.9 2097.39 1311.67 1520.59 0 0 387.238 0 0 0
606 1_1_1 2004  0 80.094 20748.6 29283.1 43181.4 13623.4 1767.05 2220.57 3027.1 0 0 202.198 0 0 0
607 1_1_1 2004  0 227.128 18673.6 32275.7 47132.4 9817.89 2932.87 2023.83 2341.43 0 0 504.229 0 0 0
608 1_1_1 2004  0 0 21322.2 31568 44821.8 12266.1 2586.61 1713.08 1349.1 0 0 93.1764 0 0 0
609 1_1_1 2004  0 0 21357.3 29104.5 48414.9 11075.2 2037.42 1480.19 2095.09 0 0 558.591 11.9076 0 0
610 1_1_1 2004  0 0 21074 31245.4 44163 10959 2985.91 1333.1 3014.15 0 0 314.747 0 0 0
611 1_1_1 2004  0 0 21746.3 28794.7 48976.3 10727 3000.48 1261.92 1168.29 0 0 364.005 7.77496 0 0
612 1_1_1 2004  0 24.4092 21103.8 26839.6 45002.2 12185.5 3337.41 1652.44 3728.57 0 0 264.01 0 0 0
613 1_1_1 2004  0 0 18729 35286.3 44950.8 12225.2 1898.71 901.037 1100.34 0 0 310.813 6.31 0 0
614 1_1_1 2004  0 122.668 20408.1 31869.2 44615.4 10037.3 2349.47 3180.69 2447.56 0 0 216.292 0 0 0
615 1_1_1 2004  0 117.301 22234.2 31057.9 42364.2 13400.8 2096.01 940.995 3430.32 0 0 0 0 0 0
616 1_1_1 2004  0 49.4022 19458.3 32325.2 41430.2 13262.8 4272.62 2631.3 2144.1 0 0 136.923 4.08261 0 0
617 1_1_1 2004  0 43.6456 21784.4 32046.5 39946.7 14123.2 2470.92 1860.07 3004.53 0 0 339.118 9.43098 0 0
618 1_1_1 2004  0 261.511 18289.1 31949.6 46463.4 10962.5 1182.9 1423.01 2586.7 0 0 638.179 36.015 0 0
619 1_1_1 2004  0 82.7257 22513.7 31407.7 43189.3 12263.3 2303.44 1784.53 1321.11 0 0 136.429 13.0436 0 0
620 1_1_1 2004  0 69.4009 18770.7 33490.6 46787.5 10484 1508.71 1390.66 1923.35 0 0 114.607 16.8834 0 0
621 1_1_1 2004  0 0 23673.7 27089.6 49213 8287.71 3384.93 1534.96 2781.18 0 0 410.575 0 0 0
622 1_1_1 2004  0 87.2974 22016.2 29888.9 44656.4 13703.2 2438.96 1908.21 1260.52 0 0 492.395 18.4419 0 0
623 1_1_1 2004  0 214.876 18479.7 34923.8 41899 13239.1 2547.03 1969.94 1012.1 0 0 350.514 0 0 0
624 1_1_1 2004  0 0 20678.1 30841.5 45397.8 11417.3 2865.72 1801.53 2701.91 0 0 345.549 14.5021 0 0
625 1_1_1 2004  0 483.738 20266.1 31325.8 46270.8 9408.56 3679.24 2210.78 2652.75 0 0 228.198 4.02058 0 0
626 1_1_1 2004  0 0 19869.5 31365.4 45567 12400.4 1739.92 662.343 3007.94 0 0 118.038 8.19151 0 0
627 1_1_1 2004  0 0 19637.2 33233.2 40398.1 14291.9 2309.13 2382.21 1774.55 0 0 612.962 0 0 0
628 1_1_1 2004  0 0 20964.6 33333.1 42446.6 12453.1 2564.47 1808.83 2141.28 0 0 0 0 0 0
629 1_1_1 2004  0 0 20702.1 31212.5 44040.8 13206.8 1134.73 624.824 4316.83 0 0 497.808 0 0 0
630 1_1_1 2004  0 0 18350.7 36497.8 41070.6 10201.8 3493.42 1943.13 2253.18 0 0 0 20.1609 0 0
631 1_1_1 2004  0 0 19212.4 37321.8 40560.4 12655.5 1421.1 1525.91 1935.94 0 0 57.3364 0 0 0
632 1_1_1 2004  0 202.637 18778.6 34881.7 41675.7 14161.7 1091.13 2561.24 1199.23 0 0 391.697 5.93977 0 0
633 1_1_1 2004  0 140.876 22298.6 32090.3 45545.9 11159.9 2920.5 1219.35 1232.32 0 0 700.982 0 0 0
634 1_1_1 2004  0 0 20487.3 32942.4 44305.7 10825.1 3233.57 705.786 2211.34 0 0 395.731 0 0 0
635 1_1_1 2004  0 0 21614.1 33142.4 43219.4 10001.5 2438.98 1792.43 2279.06 0 0 494.184 4.02773 0 0
636 1_1_1 2004  0 383.736 20939.6 32647.3 44240.8 12526 2994.26 1387.57 1801.02 0 0 85.3394 0 0 0
637 1_1_1 2004  0 237.22 19545.2 30053.5 45268.7 12135.2 4155.82 970.824 2737.7 0 0 198.775 10.5208 0 0
638 1_1_1 2004  0 0 22791.3 28535.4 44446.1 11893 2051.58 2913.65 2220.88 0 0 784.213 0 0 0
639 1_1_1 2004  0 0 21093.1 31064.4 42309.2 11921.5 2603.27 1549.46 2683.77 0 0 161.366 0 0 0
640 1_1_1 2004  0 79.1705 23520.3 30641.2 40767.7 12990.6 3938.8 1508.14 1738.86 0 0 441.942 0 0 0
641 1_1_1 2004  0 96.6131 19738.8 30862.5 46230.1 10571.7 3295.52 982.213 2912.55 0 0 572.868 5.89782 0 0
642 1_1_1 2004  0 0 23456.4 32955.4 43199.4 10343.6 2907.85 1311.21 846.045 0 0 542.511 0 0 0
643 1_1_1 2004  0 266.166 19425.9 33134.6 44764.1 11772.3 1899.46 1469.17 2518.8 0 0 396.474 9.66543 0 0
644 1_1_1 2004  0 0 20002.7 29476.8 49940.8 11016.6 1555.38 2228.75 1261.06 0 0 594.752 12.6418 0 0
645 1_1_1 2004  0 0 21535.4 27683.7 49884.1 11340.8 973.971 1374.31 1938.06 0 0 509.787 0 0 0
646 1_1_1 2004  0 0 20451.7 35838.3 40593.6 13336.7 3360.22 1929.33 847.971 0 0 244.875 5.67736 0 0
647 1_1_1 2004  0 0 19355.6 33772.6 40135 13006.1 3937.34 1011.85 3544.1 0 0 0 0 0 0
648 1_1_1 2004  0 0 25017.8 27792.6 40319.5 14249.8 3737.4 1211.5 2503.42 0 0 712.005 19.1379 0 0
649 1_1_1 2004  0 171.71 20807.3 31494.2 41065.6 15871.4 2071.34 896.855 1643.16 0 0 563.359 9.54879 0 0
650 1_1_1 2004  0 181.581 20372.7 30814.9 47870.2 9716.52 3127.05 493.069 2859.03 0 0 266.07 0 0 0
651 1_1_1 2004  0 0 21380.4 30006.9 41030.9 13936.3 2000.88 2671.77 2393.22 0 0 334.863 0 0 0
652 1_1_1 2004  0 0 22369.3 36063.2 37732.3 10281.6 3606.69 2253.68 2526.68 0 0 736.461 18.0346 0 0
653 1_1_1 2004  0 0 18296.1 29345.3 47164.2 13587.5 1807.4 2764.21 2711.68 0 0 0 0 0 0
654 1_1_1 2004  0 172.227 19929.3 28740.3 48599.2 9761.53 3407.86 2136.3 2030.01 0 0 0 10.25 0 0
655 1_1_1 2004  0 0 20565.3 27509.3 51551 11908.1 770.728 1508.6 1541.07 0 0 955.014 13.4734 0 0
656 1_1_1 2004  0 0 20325.8 26783.3 48303.4 11934 3330.66 377.487 1945.96 0 0 293.396 0 0 0
657 1_1_1 2004  0 0 20957.8 28250.3 48199 10630.2 3047.98 2238.82 1640.6 0 0 246.421 13.3872 0 0
658 1_1_1 2004  0 115.234 18537 33019.9 46680.3 10642.6 1473.69 828.226 2358.24 0 0 948.583 0 0 0
659 1_1_1 2004  0 0 20075.8 35706.4 39057.7 13908.5 1835.79 1858.18 2029.98 0 0 0 0 0 0
660 1_1_1 2004  0 345.266 17376.8 35020.2 46004.2 10176.5 1618.55 2424.29 1826.25 0 0 370.644 0 0 0
661 1_1_1 2004  0 128.323 19406 30662.2 43626.8 13714.5 2803.77 1849.54 1914.92 0 0 255.768 0 0 0
662 1_1_1 2004  0 136.881 18334.2 32770.5 46819 11579.6 1285.64 2374.34 1191.37 0 0 421.964 0 0 0
663 1_1_1 2004  0 110.527 19708.6 28132.4 47119.5 11325.9 3645.3 1858.18 2007.71 0 0 53.8024 38.7848 0 0
664 1_1_1 2004  0 0 17653.8 35566.2 43338.6 15105.9 1770.27 1223.26 1545.95 0 0 0 0 0 0
665 1_1_1 2004  0 218.231 22458.3 30016.8 47704.9 8593.15 2202.56 1706.89 2146.19 0 0 687.818 0 0 0
666 1_1_1 2004  0 0 20739.8 32217.8 45298.2 12843.3 1806.54 1141.6 967.831 0 0 652.11 4.0196 0 0
667 1_1_1 2004  0 0 19270.4 29260.6 49185.8 10347.3 3860.26 2122.82 1608.63 0 0 101.654 19.1897 0 0
668 1_1_1 2004  0 0 20553.7 34035.2 42038.3 13242.5 2236.66 1365.99 2423.35 0 0 455.591 16.0906 0 0
669 1_1_1 2004  0 0 20411.5 31305.7 44843 12148.8 1339.75 1556.16 3065.82 0 0 141.219 6.01091 0 0
670 1_1_1 2004  0 0 19758.8 34763 40505.8 12975.1 2393.44 2301.83 1885.65 0 0 579.018 14.4715 0 0
671 1_1_1 2004  0 0 18722.6 32546.5 44249.6 11432.2 2092.27 1490.69 2450.74 0 0 463.035 22.3611 0 0
672 1_1_1 2004  0 171.992 19719.1 35032 41039.5 12738.1 4316.63 2479.36 821.077 0 0 0 7.87891 0 0
673 1_1_1 2004  0 183.72 20620.4 28629.4 44499.5 12016.9 2842.16 2959.02 2441.6 0 0 0 4.64755 0 0
674 1_1_1 2004  0 0 19968.8 34275.7 42555.4 13046.1 2767.43 1876.82 1190.96 0 0 347.617 0 0 0
675 1_1_1 2004  0 284.062 21226.7 28638.2 46270.2 12353.9 1885.01 1085.2 3370.46 0 0 568.385 0 0 0
676 1_1_1 2004  0 67.3249 20952.7 31481.6 42714.8 14065 1847.59 1524.08 1319.36 0 0 546.458 0 0 0
677 1_1_1 2004  0 321.512 19171.6 32991.9 40175.7 13644.4 2940.72 917.17 3367.47 0 0 0 3.95497 0 0
678 1_1_1 2004  0 184.137 19491.8 35423.5 40724.4 11435.2 2586.71 2222.63 2440.17 0 0 433.412 0 0 0
679 1_1_1 2004  0 88.1395 19062.2 32450.6 44246.2 13022 2672.01 1635.18 813.055 0 0 940.447 0 0 0
680 1_1_1 2004  0 0 19932.5 33005.3 47436.8 10176.4 2012.3 1702.95 1450.19 0 0 1023.96 0 0 0
681 1_1_1 2004  0 242.755 19663.5 32401 46159.5 10264.4 1469.07 2572.4 1918.61 0 0 681.907 0 0 0
682 1_1_1 2004  0 0 18831 29300 46950.3 13439.6 2009.97 2300.97 2072.83 0 0 174.435 0 0 0
683 1_1_1 2004  0 0 15531.4 41547 37184 13385.8 2903.53 2066.42 1813.65 0 0 369.84 8.99288 0 0
684 1_1_1 2004  0 0 19856.4 28599.1 47148 11405.5 4005.16 1807.81 2038.24 0 0 278.759 0 0 0
685 1_1_1 2004  0 0 19971.3 27988.8 43063.9 18422.2 1802.98 1854.21 1365.36 0 0 259.169 17.7451 0 0
686 1_1_1 2004  0 134.381 18337.3 30591.1 46440.9 13528.2 2689.96 1217.87 1490.55 0 0 182.841 16.0966 0 0
687 1_1_1 2004  0 0 19150.5 30027.9 48751.6 11414.9 3016.92 746.309 1610.06 0 0 209.692 8.53311 0 0
688 1_1_1 2004  0 0 20400.1 29314.6 45249.6 11391.6 4156.43 966.125 2316.38 0 0 289.912 31.6538 0 0
689 1_1_1 2004  0 146.473 20488.3 30662 45295.8 10301.9 3406.57 1005.06 2000.1 0 0 895.827 4.15733 0 0
690 1_1_1 2004  0 0 19618.3 36315.6 38899.3 12475.6 3562.36 987.195 2368.02 0 0 313.033 0 0 0
691 1_1_1 2004  0 0 18212.2 28401.8 47483.5 13768.4 2680.24 852.876 2613.98 0 0 129.308 8.43832 0 0
692 1_1_1 2004  0 222.12 19761.8 29140.7 43726 12560.5 2804.47 2075.68 3645.71 0 0 820.531 0 0 0
693 1_1_1 2004  0 247.501 20387.1 31111.2 43102.9 15588.3 1293.04 1308.48 1957.21 0 0 116.433 22.7128 0 0
694 1_1_1 2004  0 0 20967.8 34502.1 43948.6 11084.2 2710.81 267.614 1252.09 0 0 574.616 0 0 0
695 1_1_1 2004  0 0 20170.6 35418.6 39824.4 13688.5 2053.4 977.159 3046.71 0 0 514.074 0 0 0
696 1_1_1 2004  0 0 21815.6 33927.8 40805.1 10899.2 2994.7 838.074 2759.67 0 0 374.17 9.79936 0 0
697 1_1_1 2004  0 151.628 21940.9 31508.9 43246.5 12827.1 2211.08 2372.8 1379.61 0 0 533.655 0 0 0
698 1_1_1 2004  0 130.615 22436.2 30279.2 43459.4 14162.1 1246.2 766.627 2025.8 0 0 572.523 14.5055 0 0
699 1_1_1 2004  0 73.6208 22431.3 33159 41213.2 10687.1 3759.52 1831.81 1917.42 0 0 540.399 0 0 0
700 1_1_1 2004  0 429.284 16496.7 32541.3 44131.7 14556.6 2711 1153.46 1865.19 0 0 837.845 17.3485 0 0
701 1_1_1 2004  0 147.056 18538.1 31800 46512.7 11357.3 2822.88 1530.98 1253.47 0 0 643.562 0 0 0
702 1_1_1 2004  0 103.076 21268.9 27995.5 43650.8 13743.8 3098.28 1275.27 3580.32 0 0 609.981 10.1687 0 0
703 1_1_1 2004  0 0 19073.2 32677.8 44071.4 10808.5 2552.29 2053.04 3404.78 0 0 150.446 25.5693 0 0
704 1_1_1 2004  0 85.2017 20946.9 33988.5 45161.4 11019.9 1623.62 864.104 1685.02 0 0 631.39 0 0 0
705 1_1_1 2004  0 0 22664.4 27865 46847.4 12029.3 2159.53 469.898 2293.22 0 0 777.618 31.0835 0 0
706 1_1_1 2004  0 0 21527.7 30261.9 45515.6 12420.6 2109.55 1264.64 1870.38 0 0 1053.18 0 0 0
707 1_1_1 2004  0 582.06 18947.1 30573.5 45542.7 13632.3 1865.43 1973.35 1838.34 0 0 494.83 18.2237 0 0
708 1_1_1 2004  0 156.361 17709.9 30740.5 45225.4 14354.7 3231.51 1225.92 1640.28 0 0 348.421 0 0 0
709 1_1_1 2004  0 0 19074.9 31790.6 46416.7 11866.2 1225.75 1974.95 1813.58 0 0 728.905 21.0906 0 0
710 1_1_1 2004  0 0 23908.4 32302.7 40875.7 12804.5 995.177 1962.53 1911.84 0 0 563.202 7.4223 0 0
711 1_1_1 2004  0 0 20840.5 32864.6 42748.2 12259.6 1963.96 2077.29 1686.12 0 0 847.094 0 0 0
712 1_1_1 2004  0 0 19334.3 33572.7 45309.1 10140.1 2167.03 1216.53 2499.13 0 0 704.053 0 0 0
713 1_1_1 2004  0 0 20447.8 29846.8 43215 14902.1 1186.98 1875.3 2853.87 0 0 424.913 11.5647 0 0
714 1_1_1 2004  0 0 20324.9 30815.9 48129.6 9977.37 1279.39 1164.29 1764.64 0 0 236.137 18.789 0 0
715 1_1_1 2004  0 197.187 24537.3 33588.4 40198.9 11546.5 1995.18 1081.06 1687.75 0 0 810.703 0 0 0
716 1_1_1 2004  0 0 20223.1 33704.1 43708.3 13271.2 1924.81 1830.2 1581.7 0 0 0 0 0 0
717 1_1_1 2004  0 57.5977 21206.2 35245 40861.9 10426.3 3058.94 2557.39 1799 0 0 342.413 0 0 0
718 1_1_1 2004  0 44.9897 20581.5 33568.6 43751.1 13896.3 2020.87 614.146 688.562 0 0 500.304 10.4732 0 0
719 1_1_1 2004  0 145.609 17824.2 36336.4 44433.4 10020.9 2126.72 1753.71 1803.11 0 0 252.472 10.8074 0 0
720 1_1_1 2004  0 0 19032.2 30222.6 49943.2 11179 2128.66 1778.65 2077.36 0 0 260.979 0 0 0
721 1_1_1 2004  0 0 21681 28856.2 45522.6 13341.5 1997.87 1451.33 1383.87 0 0 578.399 0 0 0
722 1_1_1 2004  0 0 18979.3 30316.3 46581.3 12438.8 2224.7 1443.82 3259.18 0 0 233.554 11.3324 0 0
723 1_1_1 2004  0 0 21407.3 29271.5 43937.2 14597.5 2615.86 1235.12 1661.88 0 0 383.667 0 0 0
724 1_1_1 2004  0 0 16975.8 35644.6 43425.1 12473.6 1776.78 2164.18 2145.48 0 0 0 15.6645 0 0
725 1_1_1 2004  0 203.251 21717 31773.5 47461.5 8667.31 2122.24 1079.12 1880.74 0 0 415.451 0 0 0
726 1_1_1 2004  0 0 18122.8 32747.1 42331.4 11497.3 3217.26 926.403 4549.12 0 0 266.003 9.77999 0 0
727 1_1_1 2004  0 0 21497.6 32789.7 40668.1 12789.4 3121.16 839.671 2291.78 0 0 736.024 16.5029 0 0
728 1_1_1 2004  0 0 23357.6 28153 42953.9 14375.6 2457.48 3225.62 1213.57 0 0 400.519 0 0 0
729 1_1_1 2004  0 0 21352.9 33952.1 42335.5 11698.8 2055.86 1687.87 1541.75 0 0 365.972 0 0 0
730 1_1_1 2004  0 230.792 21750.6 32809.8 41515.3 13479.5 2444.04 977.043 2420.22 0 0 229.789 14.8379 0 0
731 1_1_1 2004  0 0 20550.3 30324.6 47700.3 11242.4 2232.75 830.316 2389.97 0 0 586.985 0 0 0
732 1_1_1 2004  0 0 22352.1 27838.4 44886.9 11282.9 1858.29 2489.12 3562.27 0 0 266.76 0 0 0
733 1_1_1 2004  0 217.103 19728.9 28715.4 44122.3 13176.2 2693.11 1812.32 3334.44 0 0 194.361 0 0 0
734 1_1_1 2004  0 0 17215.8 32330.9 40261.8 17731.8 1618.87 3063.55 2491.71 0 0 257.6 8.40792 0 0
735 1_1_1 2004  0 0 17422.3 33313 46638.6 10517.9 3618.22 1765.57 712.134 0 0 470.054 0 0 0
736 1_1_1 2004  0 0 22675.6 29185.2 43183 13435.7 3378.49 1637.73 1654.12 0 0 504.483 7.12748 0 0
737 1_1_1 2004  0 70.2324 19791.7 31191.4 47187 11832.6 1479.22 1616.47 1898.44 0 0 314.757 8.1955 0 0
738 1_1_1 2004  0 0 22865.5 31380.1 40755.9 11131.2 3115.98 1523.91 3532.97 0 0 0 0 0 0
739 1_1_1 2004  0 218.443 19479.7 34128.6 42204 13412.2 823.797 1151.42 2506.87 0 0 684.785 17.6364 0 0
740 1_1_1 2004  0 0 20401.7 27475.7 48475.5 10466.7 3751.12 2491.81 1695.63 0 0 173 0 0 0
741 1_1_1 2004  0 180.205 26532.3 22737.7 45478.8 12928.7 2155.75 2032.25 3131.09 0 0 453.925 21.7053 0 0
742 1_1_1 2004  0 0 18917.2 34910 40886.4 12130.4 2797.05 385.053 3696.61 0 0 0 13.3166 0 0
743 1_1_1 2004  0 0 18648.5 30862.9 50752.1 9005.23 1049.03 1083.03 2864.43 0 0 403.558 24.6712 0 0
744 1_1_1 2004  0 0 20109.4 29890.4 47521.9 13465.4 1683.51 1213.85 2212.52 0 0 157.106 0 0 0
745 1_1_1 2004  0 0 19060.3 28942.7 48966.8 13151.6 2143.74 2126.03 1102.94 0 0 244.887 11.3601 0 0
746 1_1_1 2004  0 0 20641 31345.5 45022.1 11604.1 3343.33 858.503 2558.57 0 0 225.416 0 0 0
747 1_1_1 2004  0 0 16887.4 38796.1 40707.5 9826.63 3551.46 2238.81 1961 0 0 577.453 16.3006 0 0
748 1_1_1 2004  0 0 21296.6 29292.6 47297.6 10811.2 2088.94 2276.83 1083.51 0 0 0 0 0 0
749 1_1_1 2004  0 0 19784.4 30311.9 47480.8 11502.8 2047.29 2663.36 507.144 0 0 589.139 8.42883 0 0
750 1_1_1 2004  0 69.5861 20488.1 30757.3 42649.8 12346.1 2153.94 1125.87 3128.61 0 0 757.368 0 0 0
751 1_1_1 2004  0 188.851 22686 26721.7 47094 11665.7 3326.21 2049.94 2232.63 0 0 150.732 4.03453 0 0
752 1_1_1 2004  0 130.597 19141 32446.7 44916.6 11943.8 4548.54 917.324 1835.49 0 0 387.717 9.47761 0 0
753 1_1_1 2004  0 249.757 22756.2 30537.2 45281.9 11886.7 1740.8 1547.63 2105.71 0 0 422.65 0 0 0
754 1_1_1 2004  0 0 19665.1 32345.9 46225.7 11189.6 2011.61 1802.61 2428.28 0 0 65.2868 0 0 0
755 1_1_1 2004  0 0 22492.9 27284.4 46941.8 11380.8 3323.73 1931.26 1539.85 0 0 517.188 4.53045 0 0
756 1_1_1 2004  0 0 21213.4 32333.6 44556.3 12455.7 2277.28 1216.92 1354.73 0 0 222.161 7.53854 0 0
757 1_1_1 2004  0 430.84 19823.3 33309.1 42541.7 11856.2 3179.6 1657.88 2762.42 0 0 439.232 8.34736 0 0
758 1_1_1 2004  0 0 23352.1 30852.4 44602 8717.19 3429.88 1923.53 3106.99 0 0 0 0 0 0
759 1_1_1 2004  0 71.0926 18899.7 31954.4 43741.7 14668.6 1859.3 1137.6 1494.45 0 0 355.713 0 0 0
760 1_1_1 2004  0 0 20789.8 30085.7 44525.2 11219.3 2902.96 2196.16 2453.77 0 0 910.298 0 0 0
761 1_1_1 2004  0 154.536 21630.6 32915.6 41730.9 11928.9 1808.27 2171.54 1720.42 0 0 221.444 19.9165 0 0
762 1_1_1 2004  0 149.174 17950.3 33393.3 43972.7 11845.2 1941.28 977.779 3183.08 0 0 1182.2 0 0 0
763 1_1_1 2004  0 0 20335.5 30884.6 43385.7 9115.35 5152.03 1069.65 2676.04 0 0 794.2 0 0 0
764 1_1_1 2004  0 268.434 22621.6 34305 39580.9 14123.9 1741.83 1131.49 2257.73 0 0 130.857 7.43677 0 0
765 1_1_1 2004  0 0 21460.4 31476.4 43070.6 13961.4 2739.81 2368.79 1664.31 0 0 0 11.6734 0 0
766 1_1_1 2004  0 0 18835.3 32160.2 46098.2 11271.4 3267.35 1293.52 2063.54 0 0 287.126 12.2148 0 0
767 1_1_1 2004  0 0 18161.9 34588.6 42106.5 13598.8 3136.73 2077.55 1263.22 0 0 480.878 30.1329 0 0
768 1_1_1 2004  0 0 21736.1 32652.8 40505.6 10251.1 4254.37 2336.48 2604.51 0 0 82.3874 8.07021 0 0
769 1_1_1 2004  0 0 22653.6 30435.2 40423.4 17297.1 1384.51 1365.45 1932.08 0 0 130.596 0 0 0
770 1_1_1 2004  0 281.749 19095 31471.7 45101.8 12082.4 1523.54 3524.79 2523.8 0 0 0 18.4523 0 0
771 1_1_1 2004  0 220.418 21760.1 30367.5 45423.8 12642.2 1439.49 965.152 2237.03 0 0 0 0 0 0
772 1_1_1 2004  0 0 21153.6 35446.5 44208.8 10203.8 1691.89 1129.03 1838.51 0 0 0 4.07464 0 0
773 1_1_1 2004  0 88.2831 21460.2 30644.1 45716.9 11315.2 1299.46 1240.98 3153.56 0 0 0 0 0 0
774 1_1_1 2004  0 0 19349.2 35352.7 39546.1 12809.2 954.89 1493.87 3701.24 0 0 762.147 0 0 0
775 1_1_1 2004  0 0 20696 34169.1 42464.8 11664.9 1692.36 1602.37 2472.41 0 0 0 8.93384 0 0
776 1_1_1 2004  0 0 20164.6 31791.3 41438.8 13745.4 1919.38 1584.25 2929.73 0 0 761.218 0 0 0
777 1_1_1 2004  0 0 19002.6 33866.3 43445.4 14283.1 1817.65 1655.54 2151.47 0 0 366.704 8.53649 0 0
778 1_1_1 2004  0 76.4882 20394.9 38123.7 41787.6 9612.73 3280.95 904.464 1808.48 0 0 0 18.8503 0 0
779 1_1_1 2004  0 0 20110.9 29510.2 46831.4 11806.5 2471.31 2357.46 1938.46 0 0 467.526 0 0 0
780 1_1_1 2004  0 0 17220.2 31478.1 45126.1 11634.8 2725.27 923.35 3682.4 0 0 797.231 0 0 0
781 1_1_1 2004  0 329.565 17884.6 33203.3 42061 14684.9 3378.59 817.417 821.734 0 0 679.467 6.01495 0 0
782 1_1_1 2004  0 0 17963.6 36869 38864.9 11224.9 2403.91 1044.94 4263.71 0 0 209.369 28.0902 0 0
783 1_1_1 2004  0 251.879 19371.3 30907.5 42040.6 12629.4 3464.4 1750.74 3814.92 0 0 0 0 0 0
784 1_1_1 2004  0 48.4141 23565.4 30293.4 41335.6 15363.3 243.541 1351.96 1272.27 0 0 656.153 21.5645 0 0
785 1_1_1 2004  0 119.797 20779.7 33175.1 44472.5 10090 1694.03 1972.56 2099.2 0 0 89.5073 15.7788 0 0
786 1_1_1 2004  0 160.783 22005.3 29442.6 41930.4 15904.6 1835.74 1729.76 2913.62 0 0 345.444 0 0 0
787 1_1_1 2004  0 0 18742.8 30271.8 46319.3 12972.6 2015.23 2239.19 1314.6 0 0 704.809 22.4875 0 0
788 1_1_1 2004  0 0 22143.1 26625.4 45789.7 14508.8 1971.94 1075.5 2715.05 0 0 469.996 18.3627 0 0
789 1_1_1 2004  0 74.0728 20990.5 35405.2 40417.9 12140.6 2686.73 1803.23 2103.32 0 0 221.028 14.0956 0 0
790 1_1_1 2004  0 0 18329.3 27559.7 50444.6 11202.5 2469.97 2513.26 1575.72 0 0 515.828 0 0 0
791 1_1_1 2004  0 0 18861.5 32909.6 43518.1 11240.5 2751.93 1892.13 1777.88 0 0 921.049 0 0 0
792 1_1_1 2004  0 0 18756.6 32206.9 45421.5 12096 1493.11 2016.84 1940.43 0 0 494.536 14.1944 0 0
793 1_1_1 2004  0 56.9956 20879.4 33415.2 40816.4 11484.8 3112.22 1217.27 2789.37 0 0 0 19.8442 0 0
794 1_1_1 2004  0 199.118 19637.8 29570.8 44780.9 12147.7 2371.79 1573.95 3229.68 0 0 346.036 0 0 0
795 1_1_1 2004  0 253.688 16774.1 29979.4 43566 13788.5 2488.2 2688.42 3056.32 0 0 690.722 24.7818 0 0
796 1_1_1 2004  0 47.8295 21277.6 32249.7 42359.1 13975.9 1254.81 1551.84 2136.61 0 0 668.506 0 0 0
797 1_1_1 2004  0 0 18886.6 29127 49103 10436.7 1911.75 2065.73 1082.12 0 0 403.077 0 0 0
798 1_1_1 2004  0 99.2982 20021.3 30424.8 46670.2 9329.93 3496.7 961.229 3856.85 0 0 179.705 0 0 0
799 1_1_1 2004  0 121.441 23177.1 30158.1 42628.7 10593.4 2982.03 1239.08 2722.46 0 0 1408.85 0 0 0
800 1_1_1 2004  0 0 23557.7 28672.4 41687.4 12954.2 4154.71 1132.27 1652.78 0 0 530.204 5.96378 0 0
801 1_1_1 2004  0 24.9038 18429.1 32993.8 42726.7 13939.1 1340.16 1647.32 3233.38 0 0 243.952 0 0 0
802 1_1_1 2004  0 48.512 18343.3 32674.6 47568 12979 2306.56 1097.43 1259.62 0 0 163.155 0 0 0
803 1_1_1 2004  0 175.448 20751.3 28916 43316.5 15987.3 2046.28 1418.92 1738.91 0 0 605.374 18.1182 0 0
804 1_1_1 2004  0 321.426 21333.8 34819.6 38992 12700.4 2239.26 1858.3 2332.33 0 0 511.594 0 0 0
805 1_1_1 2004  0 0 20393.1 26938 47255.1 13578.8 2835.06 1730.05 2968.3 0 0 271.624 15.0022 0 0
806 1_1_1 2004  0 0 23895.9 28258 43714.1 12534.1 1909.9 1084.23 2481.16 0 0 1294.53 0 0 0
807 1_1_1 2004  0 0 17590.3 31675.3 46565.1 12245.3 2256.15 1726.63 1984.7 0 0 461.517 0 0 0
808 1_1_1 2004  0 0 20305.9 30242.2 45445.7 12155 3474.7 1901.28 2057.5 0 0 387.123 15.2431 0 0
809 1_1_1 2004  0 227.708 22584.2 29206.6 46651.6 11774.8 2077.63 1804 1476.21 0 0 393.408 40.6053 0 0
810 1_1_1 2004  0 154.513 24407 28931.1 45289.1 10048.8 1464.5 1954.1 2412.44 0 0 185.259 0 0 0
811 1_1_1 2004  0 0 23851.9 29599.9 37613 16488.9 2680.1 1719.1 1856.22 0 0 600.571 0 0 0
812 1_1_1 2004  0 0 19801.2 33211.6 43662.6 9258.4 4705.1 508.362 2677.12 0 0 321.125 0 0 0
813 1_1_1 2004  0 177.054 22223.7 30438.7 41630.1 11976.3 2709.88 2987.61 2642.53 0 0 0 16.747 0 0
814 1_1_1 2004  0 0 20740.4 27425.6 53013.8 7557.74 1475.47 2620.18 1427.52 0 0 634.839 0 0 0
815 1_1_1 2004  0 153.651 20327.2 34678.7 44146.5 9911.58 1117.96 2954.86 1705.53 0 0 111.548 20.1564 0 0
816 1_1_1 2004  0 0 20655.9 28490.3 46366.3 11666.2 4328.74 1540.07 2631.71 0 0 0 0 0 0
817 1_1_1 2004  0 114.495 21544.8 27133 44544.1 13715.5 3707.06 1409.93 2355.56 0 0 836.094 20.9753 0 0
818 1_1_1 2004  0 259.278 17266.4 31900.9 46615.7 13611.1 2882.29 2044.16 1250.65 0 0 0 6.3842 0 0
819 1_1_1 2004  0 187.993 21910.2 27327.7 47572.8 13245 2696.78 1920.99 2023.45 0 0 0 0 0 0
820 1_1_1 2004  0 0 16560.5 32146.8 47199.1 8831.56 2781.74 1838.39 2061 0 0 1551.83 0 0 0
821 1_1_1 2004  0 0 21934.9 28676 46512 12343.2 2827.68 1168.86 2465.92 0 0 0 0 0 0
822 1_1_1 2004  0 0 17085.8 33155.9 43243.5 14037 2636.72 1467.66 2607.37 0 0 443.484 0 0 0
823 1_1_1 2004  0 0 22869.9 29971 43428.1 13324.9 2623.82 905.78 2367 0 0 455.475 0 0 0
824 1_1_1 2004  0 0 19021.5 32866.4 42172.4 11768.1 2379.56 1574.6 4275.64 0 0 0 7.43732 0 0
825 1_1_1 2004  0 186.376 19543.6 29394.1 42059.3 16015.4 2233.85 667.706 1853.14 0 0 821.553 0 0 0
826 1_1_1 2004  0 0 22006.6 32318.9 43570.2 11790.5 2785.16 1558.84 874.6 0 0 269.733 0 0 0
827 1_1_1 2004  0 130.24 16673.6 34974.1 43250.8 11341.2 1782.58 1763.2 3791.43 0 0 518.366 0 0 0
828 1_1_1 2004  0 0 20151.1 31555.5 43789 12973.6 1020.82 1364.4 3097.32 0 0 939.778 2.08422 0 0
829 1_1_1 2004  0 39.1464 19738.8 32261.3 43087.7 11683.4 2795.35 2191.1 1962.84 0 0 784.649 0 0 0
830 1_1_1 2004  0 0 22114.4 29804.4 45008 10885.4 3642.52 953.402 1301.04 0 0 725.414 0 0 0
831 1_1_1 2004  0 0 22713.4 26482.4 44431.9 12567.3 3570.14 940.96 3069.9 0 0 512.886 16.8679 0 0
832 1_1_1 2004  0 0 18996.2 28044 49821.6 11190.2 3189.74 1163.98 1819.82 0 0 303.856 37.7204 0 0
833 1_1_1 2004  0 0 22227.2 31103.3 40793.1 15935.6 1889.2 1225.86 2397.56 0 0 232.087 0 0 0
834 1_1_1 2004  0 67.6888 20277.4 28138.8 46438.1 13728.5 1546.39 1614.13 2471.56 0 0 81.4797 15.0935 0 0
835 1_1_1 2004  0 130.472 17902.5 29480.5 47360.8 14325 1992.33 1193.6 2423.46 0 0 325.627 15.9139 0 0
836 1_1_1 2004  0 85.8505 22243.5 33419 42241.9 10640 2015.09 2157 1773.17 0 0 257.987 15.5414 0 0
837 1_1_1 2004  0 0 19578.7 34387.4 44918.4 10442.7 1894.54 1191.57 2678.28 0 0 0 0 0 0
838 1_1_1 2004  0 330.633 16001 32289.2 46907.1 12959.3 2221.52 1471.38 1228.16 0 0 682.336 18.5561 0 0
839 1_1_1 2004  0 0 20583.2 29379.6 46769.3 14495.1 1189.54 724.845 1444.7 0 0 689.518 8.95997 0 0
840 1_1_1 2004  0 357.371 22264.3 31769.6 39187.7 13972.7 3751.7 1685.12 2475.37 0 0 0 0 0 0
841 1_1_1 2004  0 0 21605.4 31431.9 46129.5 8592.42 3228.88 1025.98 2005.11 0 0 696.784 0 0 0
842 1_1_1 2004  0 301.294 24019.8 26787.7 44412.9 9966.93 4716.45 2448.79 2608.88 0 0 260.022 18.8675 0 0
843 1_1_1 2004  0 0 18734.7 32142.3 44108.6 13991.1 1456.29 1726.09 2002.35 0 0 534.43 6.10864 0 0
844 1_1_1 2004  0 356.583 23182.9 30857.2 42355.3 11827.4 1085.12 3170.32 1705.33 0 0 268.26 4.1521 0 0
845 1_1_1 2004  0 172.681 21006.5 32969.1 42616.7 10175.2 3008.76 1866.78 2759.24 0 0 0 0 0 0
846 1_1_1 2004  0 39.7898 17916.3 33191.9 44190.7 13881.8 3036.49 1151.72 2014.99 0 0 332.931 0 0 0
847 1_1_1 2004  0 0 20603.1 32448.3 43483.9 13026.9 2000.12 1812.24 2288.72 0 0 0 12.9066 0 0
848 1_1_1 2004  0 33.4031 20300.4 30742.3 42686.7 14385.8 2441.08 2098.28 2516.82 0 0 0 0 0 0
849 1_1_1 2004  0 0 18275.2 31241.6 46719.2 12636.5 1691.89 1983.05 2534 0 0 0 11.9857 0 0
850 1_1_1 2004  0 123.036 21014.2 29139.5 46531.6 12053.4 1753.46 1337.61 2930.24 0 0 593.419 12.2419 0 0
851 1_1_1 2004  0 0 19963.3 28255.5 48077.4 11424.4 3176.51 1631.73 1883.88 0 0 360.101 0 0 0
852 1_1_1 2004  0 0 20391.3 31995.1 40674.2 13538.8 3370.56 2279.83 2574.25 0 0 608.185 11.594 0 0
853 1_1_1 2004  0 339.193 20515.7 33124.4 44700.1 11417.5 3003.54 1555.07 1319.66 0 0 45.7946 18.9872 0 0
854 1_1_1 2004  0 0 21981.7 31315.7 46797.6 10368.8 2971.07 1839.8 1126.94 0 0 573.327 0 0 0
855 1_1_1 2004  0 0 20987.2 29869.9 44681.6 13558.2 2506.79 889.757 2340.18 0 0 507.04 0 0 0
856 1_1_1 2004  0 212.962 17864.9 36088.5 43991.1 11503 1327.63 1795.03 2218.17 0 0 199.159 12.4727 0 0
857 1_1_1 2004  0 82.8252 20779.2 28732 44350.9 12676.2 2959.6 1277.97 2775.02 0 0 849.767 7.36224 0 0
858 1_1_1 2004  0 137.444 19103.5 31227.9 43347.8 12443.6 1848.37 1458.62 3359.6 0 0 220.178 4.0504 0 0
859 1_1_1 2004  0 39.6839 21435.9 31999.8 43551.5 11140.6 2270.22 1777.69 750.947 0 0 1384.16 0 0 0
860 1_1_1 2004  0 31.7716 22544.2 30186.2 39186.9 13950.9 3102.52 1284.08 3224.45 0 0 624.071 11.8461 0 0
861 1_1_1 2004  0 318.064 21730.9 34213.9 39038.3 9519.29 3546.76 1398.57 3197.31 0 0 1579.13 0 0 0
862 1_1_1 2004  0 375.02 17885.8 31281 41535.8 15450.8 2819.59 1334.94 2721.89 0 0 347.837 16.0141 0 0
863 1_1_1 2004  0 79.3159 20794.9 33252.9 41933.3 13717.7 2097.55 1195.96 1270.98 0 0 0 0 0 0
864 1_1_1 2004  0 0 21377 34718 42713.3 10093 886.771 1201.76 3760.22 0 0 158.222 1.84773 0 0
865 1_1_1 2004  0 0 21235.3 32930.7 45402.1 9374.59 2264.04 1470.79 2329.19 0 0 325.779 0 0 0
866 1_1_1 2004  0 94.5929 22262.2 33327.7 39757 13314.8 1603.85 2749.24 2364.33 0 0 133.349 0 0 0
867 1_1_1 2004  0 134.602 20208.2 35028.6 44978.3 9365.95 1672.8 1668.43 2281.99 0 0 447.489 0 0 0
868 1_1_1 2004  0 0 21504.9 27604.8 47750.6 12851.6 1369.04 1251.06 2350.89 0 0 506.478 17.6655 0 0
869 1_1_1 2004  0 0 19416.7 34485.7 43821.9 10530.7 1734.27 2516.08 1847.59 0 0 473.452 12.553 0 0
870 1_1_1 2004  0 0 20013.2 35008.5 42743.8 10574.6 4277.79 1360.53 1261.5 0 0 438.948 10.7585 0 0
871 1_1_1 2004  0 148.883 21140.2 33257.9 41878.4 11983.6 2412.31 893.365 2350.41 0 0 413.055 14.3751 0 0
872 1_1_1 2004  0 115.706 20302.2 30204.1 44917.4 12731.1 2649.25 1840.84 1402.13 0 0 474.473 0 0 0
873 1_1_1 2004  0 0 23165.3 35087.7 38263.8 12574 1610.83 535.985 2793.03 0 0 978.982 0 0 0
874 1_1_1 2004  0 0 16669.4 30762.8 45991.3 12785.3 2598.07 2033.02 3166.82 0 0 501.295 0 0 0
875 1_1_1 2004  0 0 21997.8 28633 43124.6 13263.4 2881.98 2117.33 2124.03 0 0 1001.95 11.4824 0 0
876 1_1_1 2004  0 55.1312 22120.4 31101.5 43546.6 13315.4 1598.69 1447.97 1410.03 0 0 357.348 0 0 0
877 1_1_1 2004  0 154.658 20455.2 33859.3 41005.2 14007.9 2286.35 681.812 2292.95 0 0 585.605 20.9971 0 0
878 1_1_1 2004  0 227.654 20170.1 28155.7 48014.5 11690.1 3974.96 1880.91 1944.66 0 0 339.449 10.161 0 0
879 1_1_1 2004  0 82.0786 17882.8 31959 46306.4 14148.7 1894.13 1940.95 711.877 0 0 105.432 22.2001 0 0
880 1_1_1 2004  0 82.1197 16456.5 31730 49339.2 11737.7 2232.89 1005.9 679.593 0 0 1394.54 0 0 0
881 1_1_1 2004  0 88.5823 19085.9 34786.2 44601.4 9604.81 2970.13 1344.08 3106.97 0 0 360.272 14.4042 0 0
882 1_1_1 2004  0 180.651 21053.8 29794.9 44840.9 13725.6 2590.82 1644.59 961.151 0 0 507.967 0 0 0
883 1_1_1 2004  0 0 19442.7 28609.6 45919.9 13989.5 2893.9 1908.18 2332.68 0 0 438.989 0 0 0
884 1_1_1 2004  0 37.4834 21722.1 37895 35511 11914.9 2046.09 1944.08 1835.57 0 0 609.286 0 0 0
885 1_1_1 2004  0 177.913 18439.4 35157.2 45154.8 11925.1 2890.29 1255.39 1203.66 0 0 179.107 14.2698 0 0
886 1_1_1 2004  0 0 22524.6 28652 43935.9 15686.4 1192.75 1532.36 1153.77 0 0 414.514 17.6443 0 0
887 1_1_1 2004  0 0 21754.9 30857.6 45693.7 10335 1779.36 1751.16 2005.06 0 0 312.744 0 0 0
888 1_1_1 2004  0 0 19434.6 30725.2 41797.4 13917.6 2278.78 2853.8 3198.69 0 0 271.917 0 0 0
889 1_1_1 2004  0 0 20955.1 32307.9 39993 13262.9 3064.77 516.445 2952.28 0 0 327.003 8.5515 0 0
890 1_1_1 2004  0 0 21471.7 32209.8 43302.7 11486.3 3017.34 1515.31 1705.92 0 0 398.238 0 0 0
891 1_1_1 2004  0 206.818 16682.3 34120.4 45249.1 12013.9 3328.15 1137.29 1087.88 0 0 503.7 0 0 0
892 1_1_1 2004  0 0 22005.6 33378.2 40483 13521.9 2851.78 1480.51 2242.03 0 0 0 0 0 0
893 1_1_1 2004  0 79.5541 22896.7 32352.8 41322.6 11888.6 1695.92 1790.15 2230.62 0 0 437.084 0 0 0
894 1_1_1 2004  0 0 21068 28210.6 43140.3 15337.9 2773.27 785.539 2636.5 0 0 389.407 0 0 0
895 1_1_1 2004  0 0 21085.8 30822.4 40869.3 16340.9 913.398 1011.33 3563.8 0 0 280.551 25.2696 0 0
896 1_1_1 2004  0 106.995 22441 28031.8 43700.3 14523.5 2914.93 1200.06 2142.07 0 0 553.853 12.6116 0 0
897 1_1_1 2004  0 228.504 17427.6 31793.7 48528.3 10684.4 1898.83 567.979 2239.84 0 0 826.796 0 0 0
898 1_1_1 2004  0 0 20819.8 32014.9 41419.3 12152.9 2538.79 2196.46 2524.74 0 0 350.412 0 0 0
899 1_1_1 2004  0 219.635 21151.4 28471 44362.1 13855.8 1645.43 2347.1 3838.54 0 0 559.148 19.9716 0 0
900 1_1_1 2004  0 0 22334.2 28115.7 47240 11869.4 2623.66 694.675 1471.12 0 0 1043.85 0 0 0
901 1_1_1 2004  0 186.293 21657.3 31154.9 41796.9 15399.1 2298.91 976.792 1503.74 0 0 238.905 17.2965 0 0
902 1_1_1 2004  0 171.096 23339.8 26259.2 50111 11834.8 1398.13 537.338 1574.46 0 0 371.176 2.05264 0 0
903 1_1_1 2004  0 152.067 21577 33131.8 41804 12906.2 2821.27 1297.96 2256.35 0 0 325.139 35.7408 0 0
904 1_1_1 2004  0 124.912 22266.4 31587.9 43735.4 12020.4 3112.44 2035.29 1440.43 0 0 178.037 0 0 0
905 1_1_1 2004  0 0 21863.3 31167.8 43141.2 13567.6 1696.02 2620.36 1229.89 0 0 0 26.1862 0 0
906 1_1_1 2004  0 377.737 20368.9 31984.4 49323.5 9924.35 1207.84 1214.48 938.371 0 0 385.93 0 0 0
907 1_1_1 2004  0 0 22055.1 34623.2 40040 11518.9 2261.63 1228.28 2546.8 0 0 131.688 13.423 0 0
908 1_1_1 2004  0 0 24656.2 30635.6 43003.7 10679.6 1079.07 2676.58 2035.67 0 0 915.763 0 0 0
909 1_1_1 2004  0 0 16998.5 35687.1 45489.9 10790.3 2108.44 1003.01 1468.2 0 0 508.813 0 0 0
910 1_1_1 2004  0 0 21873.9 32913.5 44220.8 12249.5 1224.13 1370.59 1006.44 0 0 134.519 31.8938 0 0
911 1_1_1 2004  0 407.076 20653.1 29547.9 44811.2 15291.5 2336.61 675.461 2436.62 0 0 133.114 10.3269 0 0
912 1_1_1 2004  0 186.527 16310.7 32041.3 41691.1 13509.6 4181.65 2577.31 2273.06 0 0 1264.46 20.95 0 0
913 1_1_1 2004  0 121.308 21626.8 33451.5 44936.6 10747 2045.86 970.841 2104.1 0 0 132.741 0 0 0
914 1_1_1 2004  0 0 19510.9 31406.2 44676.5 13990 1642.65 1384.21 2371.68 0 0 162.822 0 0 0
915 1_1_1 2004  0 0 18831.1 33392 43624.1 9947.17 1178.14 2300.46 4139.16 0 0 403.056 18.0273 0 0
916 1_1_1 2004  0 0 21236.5 31575.8 46135.1 11980.5 2376.85 1231.17 2039.67 0 0 120.429 0 0 0
917 1_1_1 2004  0 0 21841.6 28843.6 43783.2 13241.8 3249.38 1584.86 2719.36 0 0 142.96 0 0 0
918 1_1_1 2004  0 0 19850.5 31936.1 43226.3 12392.6 3241.99 1637.29 2344.09 0 0 743.19 0 0 0
919 1_1_1 2004  0 0 17295.1 37070.2 41469 11108.3 3643.8 1499.03 2334.22 0 0 741.849 11.9918 0 0
920 1_1_1 2004  0 199.834 18905.7 36543.9 39940.3 12167.6 3825.92 1049.84 1648.45 0 0 185.955 22.0844 0 0
921 1_1_1 2004  0 0 20770.7 30596.1 46802.9 9732.47 1955.85 1244.44 2138.59 0 0 1113.55 0 0 0
922 1_1_1 2004  0 0 19262.8 31879.3 45580.2 11577 1490.25 1514.45 1884.73 0 0 588.54 10.116 0 0
923 1_1_1 2004  0 216.637 19124.6 35642.5 42302.7 11192.1 3178.76 1720.39 1766.88 0 0 60.3727 28.181 0 0
924 1_1_1 2004  0 169.565 18775.6 30426.5 43284 11518.7 4152.42 2813.94 1855.35 0 0 847.666 14.3343 0 0
925 1_1_1 2004  0 241.829 18338.5 34738 40495.5 13587.7 2734.27 2039.56 1736.5 0 0 930.927 0 0 0
926 1_1_1 2004  0 0 18711.4 32460.7 45841.6 12731.4 2269.82 1826.4 1963.54 0 0 0 13.4702 0 0
927 1_1_1 2004  0 83.8103 21981.8 33811.6 38629.4 13719.3 2306.72 1086.1 3346.57 0 0 132.255 22.5181 0 0
928 1_1_1 2004  0 106.624 17723.1 32744.1 46478.6 10745.3 3977.99 1796.46 2122.45 0 0 0 24.4983 0 0
929 1_1_1 2004  0 0 23535.8 26605 43856.7 16372.6 910.005 1352.21 2635.29 0 0 290.75 13.7777 0 0
930 1_1_1 2004  0 59.5876 23316.1 27845.1 43051.7 14054.5 2617.13 1221.99 2389.24 0 0 740.075 17.9566 0 0
931 1_1_1 2004  0 0 20552.7 33279.9 41933.1 10902.3 4134.79 1669.67 2626.28 0 0 222.239 0 0 0
932 1_1_1 2004  0 90.556 19435.1 30437.1 43563.1 14591.7 1078.3 1593.8 2504.65 0 0 297.627 0 0 0
933 1_1_1 2004  0 167.405 22029.6 31171.5 43202.6 12230.4 2580.61 1013.69 2805.6 0 0 324.281 17.6722 0 0
934 1_1_1 2004  0 148.544 19729.2 34787.7 40891.4 11505.9 3934.51 1836.42 1768.12 0 0 487.969 0 0 0
935 1_1_1 2004  0 109.774 19560.5 32589.1 44377.2 12577.4 1414.28 988.699 1953.95 0 0 848.98 0 0 0
936 1_1_1 2004  0 0 20269.6 30628.2 44555.7 14667.5 614.438 1582.57 2119.16 0 0 927.819 0 0 0
937 1_1_1 2004  0 269.234 20516.9 32485.4 42743.3 11916.9 3423.76 227.989 3421.95 0 0 72.5411 10.3963 0 0
938 1_1_1 2004  0 0 21002.1 32499.8 43036.4 11444.1 3292.63 1289.06 2285.36 0 0 0 0 0 0
939 1_1_1 2004  0 0 17650.9 34179.1 40291.9 15195.2 3575.8 1010.54 2178.96 0 0 715.788 0 0 0
940 1_1_1 2004  0 0 19896.8 28745 43673.6 14557.7 2224.06 1778.08 3357.59 0 0 175.585 0 0 0
941 1_1_1 2004  0 0 19408.3 35403.1 42481.6 13403.8 2848.35 784.974 949.642 0 0 562.005 1.90519 0 0
942 1_1_1 2004  0 0 23011.1 30560.5 42780.2 12794.5 2319.09 478.862 2902.41 0 0 559.246 6.24712 0 0
943 1_1_1 2004  0 0 21490 27734.9 44019.8 15268.7 2801.38 1066.32 2576.35 0 0 493.521 11.7978 0 0
944 1_1_1 2004  0 127.624 17390.1 34806.6 41351 12211.6 2416.88 2086.1 3557.64 0 0 158.584 7.96077 0 0
945 1_1_1 2004  0 182.685 19959 32509.4 42823.3 12019.5 3280.61 1844.41 1901.52 0 0 178.276 8.16422 0 0
946 1_1_1 2004  0 0 19404.9 32266.3 45650 10645.3 3925.55 1562.96 1689.35 0 0 0 11.2923 0 0
947 1_1_1 2004  0 0 18287.4 32497.1 41755.2 14616 1530.87 2491.75 1187.9 0 0 1128.77 30.5627 0 0
948 1_1_1 2004  0 0 20811.4 29642.5 43904.4 14493.5 2428.1 254.271 2221.11 0 0 0 10.3525 0 0
949 1_1_1 2004  0 0 21717.5 28673.2 44322.5 13754.9 2126.98 1645.18 2509.74 0 0 0 0 0 0
950 1_1_1 2004  0 0 18334.5 33728.8 47885.6 12083.3 1166.58 947.685 1566.9 0 0 124.426 0 0 0
951 1_1_1 2004  0 0 23456.3 28410.3 43598.1 13659.9 2005.85 1599.18 1802.82 0 0 1003.8 0 0 0
952 1_1_1 2004  0 187.542 21094.5 33401.2 43381 12531.9 2219 2296.45 2017.42 0 0 125.626 0 0 0
953 1_1_1 2004  0 0 19183.2 28321.1 47096.3 10972 4789.36 1510.88 1735.48 0 0 170.821 0 0 0
954 1_1_1 2004  0 0 20894.8 31234.5 42496.3 13774.3 2980.64 2148.43 1563.68 0 0 374.463 29.5515 0 0
955 1_1_1 2004  0 200.462 19150 34669.2 42973.8 11551.3 2988.91 843.05 762.589 0 0 922.836 8.36999 0 0
956 1_1_1 2004  0 0 19327.7 33854.8 41899.4 9363.19 2973.29 2944.72 2518.6 0 0 419.475 4.51972 0 0
957 1_1_1 2004  0 178.561 20097.6 28615 46941.5 13131.5 1792.5 821.091 2517.04 0 0 425.724 4.0405 0 0
958 1_1_1 2004  0 0 24262.2 33440.8 38282.9 12461.1 2414.91 1628.39 3254.21 0 0 53.467 0 0 0
959 1_1_1 2004  0 51.152 18096 31904.9 44567.6 13798.7 2635.46 1383.47 2655.87 0 0 482.374 27.7392 0 0
960 1_1_1 2004  0 228.863 23127.4 32180.4 40540.5 10641.2 3517.7 1150.14 3669.04 0 0 381.777 0 0 0
961 1_1_1 2004  0 108.878 20456 26888.3 47544.9 12075.4 2015.25 1996.03 2302.42 0 0 576.963 26.7692 0 0
962 1_1_1 2004  0 114.247 19775.3 30742.7 44610.3 12116 3962.3 1562.12 1734.97 0 0 688.933 0 0 0
963 1_1_1 2004  0 325.266 20313.2 31357.5 44087.9 13665.8 1935.65 963.528 1685.38 0 0 223.741 0 0 0
964 1_1_1 2004  0 93.5985 15553.1 32153.9 46553 12617.9 2128.63 2035.39 2647.64 0 0 452.017 8.56121 0 0
965 1_1_1 2004  0 0 21179 32798.5 45289.6 9519.67 1851.56 2782.85 2079.4 0 0 161.231 21.4499 0 0
966 1_1_1 2004  0 0 22121.7 30369.1 45090.4 12381.6 1149 1717.99 1722.72 0 0 684.679 0 0 0
967 1_1_1 2004  0 0 19744.1 30722.9 45571.3 11015.6 2098.27 840.228 2878.69 0 0 935.423 16.61 0 0
968 1_1_1 2004  0 243.88 17802.6 34921.8 43352.9 12879.3 1454.2 1313.49 2010.07 0 0 439.992 0 0 0
969 1_1_1 2004  0 0 22710.6 32970.1 42906.7 12498.9 1133.37 1326.47 1556.9 0 0 76.3924 15.3409 0 0
970 1_1_1 2004  0 54.3565 22174.6 34009.3 42845.5 10802.9 1947.1 1195.45 2400.71 0 0 568.886 0 0 0
971 1_1_1 2004  0 0 19746.7 31509 45114.3 12795.1 1949.33 934.127 2888.31 0 0 113.782 0 0 0
972 1_1_1 2004  0 0 23552.9 25227.9 48328.3 13251 2547.68 761.846 1541.8 0 0 593.839 0 0 0
973 1_1_1 2004  0 175.687 19339.8 31827.5 46680 10054.4 856.145 2423.4 3009.53 0 0 503.24 19.3559 0 0
974 1_1_1 2004  0 0 22480.9 30268 43075.6 12221.3 3962.41 2073.74 1135.43 0 0 584.347 0 0 0
975 1_1_1 2004  0 0 21523.9 34089.5 42256.2 11197.3 1589.22 1506.23 1701.39 0 0 1319.91 0 0 0
976 1_1_1 2004  0 199.984 18006.3 31715.2 49291.6 9144.9 2003.15 1530 2916.11 0 0 450.574 14.5538 0 0
977 1_1_1 2004  0 237.843 19648.6 29063.1 48405.2 10854.8 2389.1 674.768 3490.45 0 0 111.951 0 0 0
978 1_1_1 2004  0 235.183 21019.6 32690.6 43127.2 10408.1 3490.99 887.129 2909.25 0 0 932.143 0 0 0
979 1_1_1 2004  0 121.182 21059.4 32641.7 44373.8 11826.7 2762.69 1149.99 1452.36 0 0 682.284 0 0 0
980 1_1_1 2004  0 233.631 18799 34404.4 42028.6 10228.9 2477.19 1714.41 3671.18 0 0 420.682 13.9616 0 0
981 1_1_1 2004  0 0 19589 31823.5 47493.1 10999.7 3466.53 519.434 2022.84 0 0 330.19 23.6606 0 0
982 1_1_1 2004  0 0 21387.7 31026.9 41732.7 12147.5 2877.23 2255.37 2434.97 0 0 670.325 14.2888 0 0
983 1_1_1 2004  0 0 19312.8 33319.5 42372 14888.8 1226.05 1028.98 2151.89 0 0 614.749 18.5578 0 0
984 1_1_1 2004  0 0 15131.7 34815.4 42955.1 14519.1 2610.12 1426.53 2861.25 0 0 209.453 0 0 0
985 1_1_1 2004  0 0 19947.8 33969.9 41949.5 12488.6 3190.37 2072.53 1709.1 0 0 280.408 11.9641 0 0
986 1_1_1 2004  0 79.1929 19986.1 28991 46404 12453.7 1827.92 2196.11 2292.32 0 0 425.485 18.9218 0 0
987 1_1_1 2004  0 156.842 20821.4 33800.8 43722.1 10542.8 2156.27 2550.96 1932.73 0 0 0 22.3021 0 0
988 1_1_1 2004  0 144.599 19298.5 35919.5 42599.4 10627.6 3099.86 1825.26 2729.02 0 0 407.218 0 0 0
989 1_1_1 2004  0 63.362 18204 35428.9 45818.3 8706.2 3234.52 1609.1 1374.63 0 0 570.815 0 0 0
990 1_1_1 2004  0 130.208 17814.9 33034.3 43419.1 13889.8 2699.07 2097.9 1888.58 0 0 219.739 10.1312 0 0
991 1_1_1 2004  0 185.324 17202 28588.9 47154 12668.1 1698.15 1927.69 3046.65 0 0 366.616 10.1181 0 0
992 1_1_1 2004  0 0 23813 30000.7 44852.5 10010.6 2025.89 2169.06 2340.13 0 0 827.24 0 0 0
993 1_1_1 2004  0 0 19839.7 28248.5 45044.9 14896.6 2899.29 1396.94 3194.88 0 0 200.247 0 0 0
994 1_1_1 2004  0 35.4283 20325.4 32044.5 45380.2 10416.9 2206.53 1058.41 2273.73 0 0 541.782 0 0 0
995 1_1_1 2004  0 0 22904.3 28964.3 42057.3 16416.4 558.021 807.629 3662.91 0 0 0 6.74412 0 0
996 1_1_1 2004  0 0 20843.7 29936.8 44746.1 12466.4 2548.66 3161.06 960.913 0 0 306.884 18.4459 0 0
997 1_1_1 2004  0 0 20059.3 33013.5 45647.1 12831 802.974 1102.15 2345.92 0 0 136.522 0 0 0
998 1_1_1 2004  0 287.35 23961.1 28480.2 45311 10522.8 3007.35 1472.99 1490.16 0 0 539.248 0 0 0
999 1_1_1 2004  0 192.904 20244.5 30825.9 43233.9 12220.2 1712.08 513.376 4831.35 0 0 366.91 0 0 0
1000 1_1_1 2004  0 266.448 18059.3 34528.6 48057.5 9173.33 1582.39 1023 2510.92 0 0 795.986 10.3428 0 0
