1 1_1_1 1991  0 0 4615.51 7444.17 9439.51 3733.59 2824.08 1045.07 547.467 713.739 25.1769 0 0 0 0
2 1_1_1 1991  0 0 3945.89 6703.65 9291.78 4931.9 3065.83 580.008 0 852.766 321.914 0 0 0 0
3 1_1_1 1991  0 0 3664.93 5991.3 7273.88 5503.29 3385.41 1142.38 556.677 699.588 0 0 0 0 0
4 1_1_1 1991  0 0 3717.91 5750.98 6875.82 7007.61 5143.48 980.946 0 369.647 560.178 0 0 0 0
5 1_1_1 1991  0 0 3823.88 5211.74 7241.35 6298.52 3893.53 1864.05 224.821 559.456 41.1481 80.8475 0 0 0
6 1_1_1 1991  0 0 4106.71 5689.76 7497.5 5667.57 3770.26 1891.65 499.747 508.177 42.662 179.129 0 0 0
7 1_1_1 1991  0 0 3807.86 4958.59 10337.3 5490.85 4355.84 2160.24 203.823 970.125 0 131.566 0 0 0
8 1_1_1 1991  0 0 4504.14 6703.78 7886.58 4308.25 4540.33 1404.76 310.06 427.543 0 31.1572 0 0 0
9 1_1_1 1991  0 0 3518.73 4843.39 6768.76 7398.7 4352.99 2190.14 863.244 663.693 590.861 306.092 0 0 0
10 1_1_1 1991  0 0 4422.89 4208.52 4937.19 8087.87 6378.13 2604.51 202.61 1020.41 175.532 369.519 0 0 0
11 1_1_1 1991  0 0 4411.29 4689 4013.63 6679.24 8813.66 2579.21 451.34 720.783 0 110.273 0 0 0
12 1_1_1 1991  0 0 3681.6 5978.68 7194.75 5754.1 3797.54 983.133 200.457 296.475 83.668 0 0 0 0
13 1_1_1 1991  0 0 4449.66 6206.23 8705.54 5931.31 3293.46 609.217 15.1652 0 0 0 0 0 0
14 1_1_1 1991  0 0 4643.45 6724.8 10225.9 4179.17 2358.52 898.316 405.671 651.909 0 0 0 0 0
15 1_1_1 1991  0 0 3866.42 5421.51 6276.41 7744.74 5241.28 1082.14 62.1616 412.738 235.857 0 0 0 0
16 1_1_1 1991  0 0 4063.1 6895.29 5848.32 6728.44 4283.6 1179.3 269.691 0 200.451 0 0 0 0
17 1_1_1 1991  0 0 4277.68 6253.33 9119.19 4316.15 4275.41 949.949 0 262.4 0 0 0 0 0
18 1_1_1 1991  0 0 4169.01 5266.06 10123.6 6110.75 2365.03 534.158 71.0495 88.6834 272.179 0 0 0 0
19 1_1_1 1991  0 0 4173.54 5588.8 5559.56 7173.69 6550.85 1936.09 64.2135 719.608 142.258 213.995 0 0 0
20 1_1_1 1991  0 0 2914.68 7955.03 6833.32 6820.92 2636.96 1439.69 110.308 193.144 138.961 0 0 0 0
21 1_1_1 1991  0 0 4707.5 6708.6 9520.57 5657.21 2773.11 760.058 244.651 439.45 142.324 174.137 0 0 0
22 1_1_1 1991  0 0 4618.97 6985.3 8182.93 5608.43 3176.42 516.858 182.245 482.917 66.9399 128.455 0 0 0
23 1_1_1 1991  0 0 3530.62 9442.73 8368.62 5046.66 1604.75 522.225 61.5882 479.371 51.7684 0 0 0 0
24 1_1_1 1991  0 0 4062.22 6963.9 6210.52 5282.49 6379.11 1977.51 0 274.692 62.5958 0 0 0 0
25 1_1_1 1991  0 0 5251.73 5294.84 7367.7 6298.34 5095.31 1261.99 306.783 212.546 252.504 0 0 0 0
26 1_1_1 1991  0 0 4170 8670.96 9043.19 4100.11 2240.97 596.224 306.374 222.466 63.5399 0 0 0 0
27 1_1_1 1991  0 0 2868.5 6582.91 6394.66 5758.97 4250.22 1917.82 376.368 391.434 549.209 124.405 0 0 0
28 1_1_1 1991  0 0 3434.3 5320.1 8528.72 5646.57 4055.23 1454.03 143.443 381.437 339.855 0 0 0 0
29 1_1_1 1991  0 0 3055.96 6545.34 5200.72 5960.16 5459.5 1250.54 44.8425 405.188 201.051 62.3818 0 0 0
30 1_1_1 1991  0 0 3305.05 7047.72 4824.05 5371.28 4977.19 2499.66 598.657 252.181 592.155 0 0 0 0
31 1_1_1 1991  0 0 4552 7391.15 8082.58 6270.68 2613.23 511.87 470.26 437.879 0 0 0 0 0
32 1_1_1 1991  0 0 4695.91 9967.46 9078.83 3280.12 1032.13 124.673 30.8357 197.779 200.997 0 0 0 0
33 1_1_1 1991  0 0 4841.14 5912.75 9076.42 5395.59 2963.3 739.519 0 727.641 544.008 0 0 0 0
34 1_1_1 1991  0 0 4687.24 6107.87 7636.08 5010.48 5752.34 1461.48 102.458 508.139 160.288 99.217 0 0 0
35 1_1_1 1991  0 0 3827.11 6939.51 6979.26 5452.62 6320.37 760.383 0 200.459 147.992 81.0818 0 0 0
36 1_1_1 1991  0 0 2123.85 9985.24 8238.62 3719.74 2366.24 341.498 448.329 78.5196 0 0 0 0 0
37 1_1_1 1991  0 0 4078.55 8417.71 5987.24 6380.08 3751.17 1004.7 434.801 224.687 153.535 58.3965 0 0 0
38 1_1_1 1991  0 0 4786.67 6270.38 6964.95 5354.2 4663.73 650.347 711.477 95.3485 0 507.801 0 0 0
39 1_1_1 1991  0 0 4547.87 3638.18 6741.75 5923.8 5904.04 1739.22 287.41 876.012 152.698 64.8487 0 0 0
40 1_1_1 1991  0 0 2906.79 8024.89 7283.44 5239.07 5923.18 1110.66 46.6063 704.182 82.9169 199.803 0 0 0
41 1_1_1 1991  0 0 3564.97 5653.57 5511.62 9182.93 4931.94 1181.64 0 187.389 0 0 0 0 0
42 1_1_1 1991  0 0 5514.89 6183.69 8023.19 5664.16 3576.62 948.882 0 196.093 116.632 0 0 0 0
43 1_1_1 1991  0 0 4592.07 4748.24 9111.9 5633.75 5549.88 1231.05 0 147.464 314.247 0 0 0 0
44 1_1_1 1991  0 0 3873.02 11414.1 4649.65 6884.64 3285.44 279.651 0 0 279.651 303.892 0 0 0
45 1_1_1 1991  0 0 3933.56 9470.85 6789.1 4089.71 2370.69 921.081 508.914 549.073 21.3004 0 0 0 0
46 1_1_1 1991  0 0 4109.11 5986.09 7976.51 6374.4 2927.33 1397.04 666.934 629.109 263.658 0 0 0 0
47 1_1_1 1991  0 0 3430.15 6356.8 7630.87 5596.54 4412.14 951.534 48.5405 515.415 291.703 0 0 0 0
48 1_1_1 1991  0 0 4049.7 6278.84 6193.85 4702.01 5945.59 1512.8 1414.61 82.4758 882.235 130.776 0 0 0
49 1_1_1 1991  0 0 4043.58 5681.86 5972.79 6595.01 5223.46 2123.28 98.1793 899.912 146.596 0 0 0 0
50 1_1_1 1991  0 0 4026.07 8362.04 8426.66 2852.61 3387.82 878.007 409.393 507.491 0 0 0 0 0
51 1_1_1 1991  0 0 4124.86 4318.07 6510.04 7408.03 6611.56 1081.51 447.803 266.044 156.111 0 0 0 0
52 1_1_1 1991  0 0 4263.91 6797.01 5830.49 5877.47 5626.42 1724.64 306.341 415.123 350.49 46.6175 0 0 0
53 1_1_1 1991  0 0 4746.77 10153.5 8527.03 3533.19 823.517 26.7532 59.8223 72.1477 114.451 0 0 0 0
54 1_1_1 1991  0 0 3770.74 7357.85 8041.4 5774.46 2648.88 995.886 80.7222 456.373 209.472 0 0 0 0
55 1_1_1 1991  0 0 3992.26 6662.88 7437.73 5919.89 2538.97 1210.39 343.647 577.785 0 0 0 0 0
56 1_1_1 1991  0 0 3096.99 7294.05 7519.88 5745.73 3919.11 825.708 0 167.824 345.189 133.113 0 0 0
57 1_1_1 1991  0 0 4215.29 7552.92 9494.91 4157.29 1772.11 868.633 100.844 438.012 65.4689 122.405 0 0 0
58 1_1_1 1991  0 0 3332.26 5265.5 7699.98 7973.14 4163.57 1817.7 142.58 320.037 248.399 0 0 0 0
59 1_1_1 1991  0 0 4178.24 6988.84 6764.91 4210.46 4541.88 1465.53 618.735 432.97 338.344 104.018 0 0 0
60 1_1_1 1991  0 0 3264.03 7048.38 8603.84 4637.95 4006.42 605.501 0 98.2438 33.1574 33.7594 0 0 0
61 1_1_1 1991  0 0 4706.87 6430.34 7320.89 6711.97 4283.47 651.918 38.6223 67.4009 557.269 66.7563 0 0 0
62 1_1_1 1991  0 0 3373.95 10673.1 8897.35 3554.09 1480.32 493.014 0 111.213 96.1416 0 0 0 0
63 1_1_1 1991  0 0 2552.86 3916.78 8051.92 7053.96 5777.04 1357.22 615.54 107.751 429.319 0 0 0 0
64 1_1_1 1991  0 0 3560.33 5450.26 8564.6 5930.4 3478.18 1679.01 17.2935 206.666 200.621 0 0 0 0
65 1_1_1 1991  0 0 3500.69 5466.35 7403.34 6846.45 5791.97 995.206 36.1174 140.896 288.784 177.583 0 0 0
66 1_1_1 1991  0 0 4938.9 5466.8 9431.55 5727.13 3155.43 1641.1 203.564 326.575 69.332 395.35 0 0 0
67 1_1_1 1991  0 0 4202.42 6590 8466.8 6200.95 2555.66 465.93 97.9552 479.523 163.973 0 0 0 0
68 1_1_1 1991  0 0 6823.19 3196.42 10251.8 7702.75 2248.45 501.303 0 178.232 0 182.988 0 0 0
69 1_1_1 1991  0 0 4679.99 6455.74 6529.98 5227.72 4854.52 1191.9 187.497 610.631 145.794 32.6996 0 0 0
70 1_1_1 1991  0 0 4670.36 6694.64 6264.31 5493.47 6049.84 439.4 0 333.855 129.24 32.3278 0 0 0
71 1_1_1 1991  0 0 4816.39 4823.21 6427.16 6157 6283.77 2420.79 44.4839 464.569 64.8748 0 0 0 0
72 1_1_1 1991  0 0 3761.99 5693.39 7569.73 4826.19 4957.55 999.155 0 101.055 431.853 0 0 0 0
73 1_1_1 1991  0 0 3717.43 7195.72 8368.73 5635.07 2644.4 927.921 563.32 147.058 136.9 40.7975 0 0 0
74 1_1_1 1991  0 0 3388.7 6973.2 9450.27 4697.57 3108.07 158.404 48.9173 137.103 194.448 0 0 0 0
75 1_1_1 1991  0 0 3084.51 6099.93 8017.43 5195.18 4186.27 1098.37 87.0626 220.533 177.31 0 0 0 0
76 1_1_1 1991  0 0 4344.05 8948.3 11041.8 3478.85 331.236 36.1817 9.02682 187.565 73.5157 0 0 0 0
77 1_1_1 1991  0 0 5817.4 5554.08 7168.22 6037.78 3970.28 1453.17 205.178 565.275 85.5369 90.0912 0 0 0
78 1_1_1 1991  0 0 3568.37 9433.06 7202.36 3757.66 2710.18 960.478 183.227 199.413 85.3275 0 0 0 0
79 1_1_1 1991  0 0 4370.91 7087.81 7732.1 3914.6 5313.98 2057.79 62.9115 362.103 42.5806 0 0 0 0
80 1_1_1 1991  0 0 3331.28 9315.45 7968.38 3590.05 2074.57 1062.32 269.404 505.371 55.5551 0 0 0 0
81 1_1_1 1991  0 0 3015.08 9309.57 9607.69 3259.95 1250.4 188.548 13.1976 329.843 41.0412 0 0 0 0
82 1_1_1 1991  0 0 4903.09 5605.81 8128.06 6120.09 4505.05 612.61 0 340.492 0 26.0253 0 0 0
83 1_1_1 1991  0 0 4473.39 6143.89 7952.63 6201.26 3784.6 913.397 227.84 325.446 0 0 0 0 0
84 1_1_1 1991  0 0 3945.32 6618.26 7188.42 5401.82 4074.25 1022.14 577.115 254.808 159.14 0 0 0 0
85 1_1_1 1991  0 0 4472.61 6128.67 8708.38 5046.58 3897.14 463.02 85.2831 0 328.647 0 0 0 0
86 1_1_1 1991  0 0 3619.78 4704.36 8836.35 6164.08 5047.36 1013.09 0 0 387.103 0 0 0 0
87 1_1_1 1991  0 0 4648.16 6182.02 7871.24 6837.29 3470.64 768.86 0 492.597 145.019 21.8497 0 0 0
88 1_1_1 1991  0 0 2654.43 5247.33 7210.36 6997.93 4102.96 908.901 0 310.357 247.794 30.8276 0 0 0
89 1_1_1 1991  0 0 4314.3 6004.93 7389.23 5328.08 5628.88 1745.37 403.687 433.137 266.351 31.665 0 0 0
90 1_1_1 1991  0 0 4252.4 6438.43 8462.76 5790.34 2753.62 707.369 0 0 335.939 0 0 0 0
91 1_1_1 1991  0 0 4898.51 9044.95 9637.33 3777.39 599.222 0 0 55.1933 0 0 0 0 0
92 1_1_1 1991  0 0 3147.77 6612.59 7765.75 5465.4 4191.62 854.158 0 174.47 379.699 128.107 0 0 0
93 1_1_1 1991  0 0 4296.22 5308.43 8492.22 6048.19 4225.57 1143.24 459.781 627.06 130.264 87.7433 0 0 0
94 1_1_1 1991  0 0 4297.39 5663.72 7630.87 5680.89 5504.51 446.189 337.623 450.291 303.897 132.147 0 0 0
95 1_1_1 1991  0 0 2846.59 6833.46 9901.7 5590.16 2574.85 563.825 44.8642 46.2053 55.0151 191.089 0 0 0
96 1_1_1 1991  0 0 4306.56 6541.39 11310.8 4462.68 1774.5 525.295 78.8927 0 111.763 0 0 0 0
97 1_1_1 1991  0 0 4486.94 9730.66 7798.85 3875.44 3256 697.073 0 238.038 394.246 79.2363 0 0 0
98 1_1_1 1991  0 0 4209.24 4608.82 5128.86 7162.14 5851.75 2553.15 136.564 849.602 250.639 173.941 0 0 0
99 1_1_1 1991  0 0 4278.4 6205.78 6707.43 6123.7 3698.13 876.117 325.408 1320.91 0 240.846 0 0 0
100 1_1_1 1991  0 0 4899.52 8418.42 6337.28 5438.89 3506.89 1023.78 255.687 380.974 65.4139 0 0 0 0
101 1_1_1 1991  0 0 3754.03 5995.77 11318.9 5761.24 1058.81 194.745 316.203 502.822 0 0 0 0 0
102 1_1_1 1991  0 0 3087.13 7726.78 9138.09 4915.38 2069.23 431.707 29.7426 50.6074 25.3343 0 0 0 0
103 1_1_1 1991  0 0 4127.79 8121.09 8436.31 4684.3 1797.19 737.949 319.074 482.575 0 0 0 0 0
104 1_1_1 1991  0 0 4834.64 4412.66 9611.59 4895.58 4880.69 878.448 50.7849 0 0 0 0 0 0
105 1_1_1 1991  0 0 3174.89 8151.95 10002.3 5520.24 1432.81 302.087 71.7239 252.373 160.566 0 0 0 0
106 1_1_1 1991  0 0 3259.25 7541.18 9027.22 5010.41 2926.72 135.745 61.7415 0 0 0 0 0 0
107 1_1_1 1991  0 0 4354.26 7642 8318.2 5737.31 3478.44 14.3883 83.8109 140.068 0 111.795 0 0 0
108 1_1_1 1991  0 0 3268.84 7090.44 7525.27 5835.47 4033.71 653.57 199.092 313.192 115.669 0 0 0 0
109 1_1_1 1991  0 0 5459.47 6172.17 5988.87 6131.78 5970 832.758 164.5 773.395 98.9603 0 0 0 0
110 1_1_1 1991  0 0 3400.17 6134.95 8464.34 4984.63 4741.87 1141.04 128.303 341.026 149.014 27.6392 0 0 0
111 1_1_1 1991  0 0 4090.94 6163.24 8772.12 4260.08 2505.2 1495.43 440.767 972.215 471.28 93.5377 0 0 0
112 1_1_1 1991  0 0 3632.31 9261.26 7194.7 4002.25 3513.64 205.419 40.7255 62.0777 449.01 0 0 0 0
113 1_1_1 1991  0 0 4430.22 5401.81 6446.02 6547.77 6421.71 1124.23 0 562.878 398.327 63.3194 0 0 0
114 1_1_1 1991  0 0 4313.99 6933.45 6141.38 4534.02 6001.91 1514.49 68.3634 474.988 197.421 0 0 0 0
115 1_1_1 1991  0 0 3742.58 8097.78 10893.8 2988.52 1564.69 97.7578 100.334 0 55.9095 0 0 0 0
116 1_1_1 1991  0 0 2506.93 7051.01 7548.57 6482.22 4822.09 909.997 30.5554 238.48 365.604 41.9613 0 0 0
117 1_1_1 1991  0 0 3604.8 8203.87 8589.39 4643.33 3492.16 509.183 0 367.95 404.681 0 0 0 0
118 1_1_1 1991  0 0 4420.18 6054.94 6931.28 6372.34 5016.28 1231.31 194.817 305.042 608.476 52.2879 0 0 0
119 1_1_1 1991  0 0 3351.8 7894.66 6031.62 4789.99 2478.23 1254 685.89 1535.94 620.933 0 0 0 0
120 1_1_1 1991  0 0 4118.1 6533.41 6346.09 6324.69 4845.96 874.534 40.0903 76.9986 300.801 114.694 0 0 0
121 1_1_1 1991  0 0 4405.96 7638.31 7676.08 5566.93 3635.43 1072.44 187.351 95.6837 0 0 0 0 0
122 1_1_1 1991  0 0 4354.11 9134.62 6566.98 4694.34 4073.53 185.7 0 35.7396 0 145.765 0 0 0
123 1_1_1 1991  0 0 3999.09 4392.36 6093.77 6750.51 7742.65 1439.02 0 243.291 171.575 54.9502 0 0 0
124 1_1_1 1991  0 0 2882.06 6160.16 7529.2 5363.77 5439.87 2040.62 150.403 319.829 209.493 50.9417 0 0 0
125 1_1_1 1991  0 0 3669.08 4764.4 8191.17 6634.32 5037.97 944.377 217.41 385.44 344.843 53.2918 0 0 0
126 1_1_1 1991  0 0 3593.38 7692.65 9070.18 5544.26 1387.55 573.131 186.27 436.39 0 0 0 0 0
127 1_1_1 1991  0 0 4876.81 6822.44 9865.17 3600.18 1483.44 595.808 118.755 311.737 0 0 0 0 0
128 1_1_1 1991  0 0 4630.48 4330.34 7471.39 6267.81 4873.71 703.246 185.836 611.784 0 0 0 0 0
129 1_1_1 1991  0 0 4425.46 5170.8 5663.75 8741.02 4159.89 817.998 0 1384.82 386.119 95.5145 0 0 0
130 1_1_1 1991  0 0 4553.01 9283.45 7823.42 4773.93 2261.17 474.096 368.006 329.684 0 0 0 0 0
131 1_1_1 1991  0 0 4918.6 7387.66 8798.12 5821.5 3165.22 1096.39 0 110.737 0 0 0 0 0
132 1_1_1 1991  0 0 3357.28 7095.52 7091.75 4043.67 5607.36 957.687 0 26.4961 911.861 42.2688 0 0 0
133 1_1_1 1991  0 0 4039.78 6415.29 6413.04 7023.65 5327.68 1660.87 0 537.812 133.863 0 0 0 0
134 1_1_1 1991  0 0 4241.52 6021.33 7194.55 4769.02 5289.3 1520.52 186.56 141.95 342.497 0 0 0 0
135 1_1_1 1991  0 0 4376.2 6038.72 8707.5 5238.77 5157.23 532.218 0 254.329 113.351 188.237 0 0 0
136 1_1_1 1991  0 0 4645.7 7539.98 9506.48 5020.53 1070.45 1186.3 0 70.7066 332.125 0 0 0 0
137 1_1_1 1991  0 0 5076.48 6539.44 9255.4 4544.22 3576.64 320.863 222.551 376.686 303.209 0 0 0 0
138 1_1_1 1991  0 0 3505.12 4547.2 7657.69 7381.44 5196.68 1202.74 126.314 421.146 285.741 96.5979 0 0 0
139 1_1_1 1991  0 0 3645.75 6375.82 5561.07 8044.65 4346.64 1357.93 389.045 479.093 132.906 0 0 0 0
140 1_1_1 1991  0 0 3401.95 9804.79 9469.58 3368.08 1510.5 722.031 20.9428 201.104 0 79.2815 0 0 0
141 1_1_1 1991  0 0 3083.37 5122.03 7105.55 7257.81 6399.55 933.343 31.9398 373.546 79.1951 28.4904 0 0 0
142 1_1_1 1991  0 0 3983.36 6742.47 7705.45 5878.14 3806.06 698.579 495.543 181.544 434.216 0 0 0 0
143 1_1_1 1991  0 0 4000.84 6469.11 7669.26 5594.2 5674.87 779.821 0 0 216.692 0 0 0 0
144 1_1_1 1991  0 0 3713.49 6182.33 5116.8 6780.71 6012.99 1697.26 98.6971 1380.54 82.063 93.6068 0 0 0
145 1_1_1 1991  0 0 4311.48 6872.07 8541.47 5830.71 3076.11 557.621 0 120.634 99.0193 0 0 0 0
146 1_1_1 1991  0 0 4476.85 8016.09 8366.26 4791.82 1611.11 485.083 347.964 330.075 0 0 0 0 0
147 1_1_1 1991  0 0 5137.46 7309 9508.85 5546.97 2835.86 467.172 0 105.399 524.116 0 0 0 0
148 1_1_1 1991  0 0 4232.3 5778.12 9181.96 4104.32 4942.79 1000.19 49.5938 387.844 0 0 0 0 0
149 1_1_1 1991  0 0 3569.4 7293.1 5773.42 5396.9 4470.65 2078.57 297.194 157.275 0 0 0 0 0
150 1_1_1 1991  0 0 5088.77 7969.89 9012.87 4109.79 3334.87 1113.81 244.548 256.817 30.3357 0 0 0 0
151 1_1_1 1991  0 0 3574.96 7045.38 7072.77 6027.21 3494.09 861.369 220.168 572.128 290.894 0 0 0 0
152 1_1_1 1991  0 0 3672.14 6060.74 6982.04 6355.69 4579.61 1319.53 0 27.6393 469.634 0 0 0 0
153 1_1_1 1991  0 0 3447.52 3731.18 6645.11 8563.71 5239.48 2349.52 228.525 621.925 112.786 0 0 0 0
154 1_1_1 1991  0 0 3703.14 7412.1 8437.4 6403.34 2597.11 311.539 0 410.171 215.246 0 0 0 0
155 1_1_1 1991  0 0 3862.54 7600.24 4642.82 4471.89 4964.31 2377.89 685.126 608.721 217.912 0 0 0 0
156 1_1_1 1991  0 0 4987.25 6362.89 7476.22 6261.86 6292.21 1471.05 53.4205 461.213 0 0 0 0 0
157 1_1_1 1991  0 0 4498.96 5695.03 6041.41 4931.18 5591.82 2114.13 406.769 671.77 382.016 0 0 0 0
158 1_1_1 1991  0 0 4611.1 6198.42 7508.94 7207.48 3109.38 452.152 60.1523 404.07 121.819 0 0 0 0
159 1_1_1 1991  0 0 4801.22 10021.2 8251.34 3290.19 2379.45 234.03 0 156.351 103.56 0 0 0 0
160 1_1_1 1991  0 0 3926.79 4897.06 7687.69 6032.09 5104.71 1277.35 472.992 394.513 36.1489 0 0 0 0
161 1_1_1 1991  0 0 4299.02 5796.84 6283.76 5973.37 5786.95 2355.06 298.083 425.348 148.147 50.1321 0 0 0
162 1_1_1 1991  0 0 3621.19 5920.16 8354.63 6639.31 3627.97 613.111 0 280.089 204.543 77.9603 0 0 0
163 1_1_1 1991  0 0 3938.69 6230.17 8788.47 5063.06 2776.02 1124.64 217.847 529.05 275.395 0 0 0 0
164 1_1_1 1991  0 0 4412.02 4936.5 7442.2 6135.25 3873.39 1007.11 244.717 232.939 165.938 30.2637 0 0 0
165 1_1_1 1991  0 0 5347.37 3698.26 6118.77 8409.98 5989.59 1361.34 0 594.291 49.9587 153.311 0 0 0
166 1_1_1 1991  0 0 3474.91 5018.35 4723.78 8889.51 4552.49 3111.08 340.322 530.839 284.732 0 0 0 0
167 1_1_1 1991  0 0 3681.29 7382.31 5948.27 8042 4150.02 521.855 0 416.566 319.629 57.7152 0 0 0
168 1_1_1 1991  0 0 3292.48 7382.19 6054.33 6186.52 4206.83 1865.26 228.291 212.354 74.8161 0 0 0 0
169 1_1_1 1991  0 0 2874.07 7385.68 6227.53 5716.22 3075.81 1728.5 756.124 487.788 0 124.736 0 0 0
170 1_1_1 1991  0 0 5322.67 7087.37 7048.04 4520.92 7042.67 531.54 0 75.4492 0 94.9277 0 0 0
171 1_1_1 1991  0 0 4362.73 8278.4 7672.87 3477.36 3373.05 811.193 457.149 324.472 385.137 0 0 0 0
172 1_1_1 1991  0 0 3399.42 6033.94 10725.6 3334.27 3706.75 1756.45 125.997 553.175 269.61 41.8212 0 0 0
173 1_1_1 1991  0 0 3306.44 7591.36 7206.33 6092.4 3062.78 449.361 50.0855 117.556 569.85 210.987 0 0 0
174 1_1_1 1991  0 0 6191.59 5208.41 9232.07 6275.58 3370.15 920.294 0 86.2929 50.2683 21.1689 0 0 0
175 1_1_1 1991  0 0 4352.44 5336.17 7300.24 7037.43 4440.46 1917.6 245.194 333.819 58.6595 0 0 0 0
176 1_1_1 1991  0 0 2608.42 9117.63 8291.54 3076.89 4255.58 290.968 0 0 105.053 0 0 0 0
177 1_1_1 1991  0 0 4519 6523.88 8634.6 4504.94 3524.6 1711.01 21.5028 120.985 0 162.141 0 0 0
178 1_1_1 1991  0 0 3692.66 9382.88 7955.45 3977.12 2447.13 760.723 561.452 399.935 96.1841 0 0 0 0
179 1_1_1 1991  0 0 3383.29 8572.93 5669.98 5067.78 4204.41 1371.61 125.792 250.933 314.28 0 0 0 0
180 1_1_1 1991  0 0 4657.21 8385.15 8309.75 5449.51 2171.13 471.591 19.0648 207.886 130.173 37.5158 0 0 0
181 1_1_1 1991  0 0 4519.81 5530.42 6623.57 6787.54 4102.83 1225.16 273.239 524.248 302.636 0 0 0 0
182 1_1_1 1991  0 0 4475.78 6585.88 8175.9 7141.16 1877.31 471.93 0 0 152.017 84.919 0 0 0
183 1_1_1 1991  0 0 3703.97 5631.69 6642.29 5950.95 5485.77 2767.51 203.32 365.713 1014.05 0 0 0 0
184 1_1_1 1991  0 0 3681.28 6853.33 8421.38 5627.98 3583 434.291 0 27.7175 32.6608 0 0 0 0
185 1_1_1 1991  0 0 4623.11 5415.64 5246.67 9572.87 4828.64 2092.13 0 357.696 225.259 284.288 0 0 0
186 1_1_1 1991  0 0 3631.05 7364.85 7659.7 5081.4 3099.84 1373.15 682.822 749.922 0 0 0 0 0
187 1_1_1 1991  0 0 3206.01 6737.76 9414.24 5155.13 2376.75 1454.26 238.074 410.247 136.9 101.119 0 0 0
188 1_1_1 1991  0 0 4327.86 6245.9 7572.9 6253.5 3783.53 236.063 0 520.477 148.035 0 0 0 0
189 1_1_1 1991  0 0 4891.12 5520.56 6375.61 6691.87 5792.43 1699.34 0 249.281 149.033 200.395 0 0 0
190 1_1_1 1991  0 0 3999.9 6446.59 5699.03 5999.09 5971.92 1605.75 0 0 365.393 103.914 0 0 0
191 1_1_1 1991  0 0 4713.62 4051.29 7583.96 6842.46 4866.18 1410.78 301.115 636.204 73.6143 94.765 0 0 0
192 1_1_1 1991  0 0 4488.71 7945.67 6798.75 3389.68 5107.26 1769.77 366.492 524.573 384.533 100.064 0 0 0
193 1_1_1 1991  0 0 3550.55 6443.07 9069.99 5685.82 3972.63 1845.74 251.569 169.619 0 0 0 0 0
194 1_1_1 1991  0 0 2978.14 8026.16 10127.7 3924.99 1174.11 108.609 661.283 356.298 55.2598 0 0 0 0
195 1_1_1 1991  0 0 3946.54 6321.17 7817.5 6161.85 3525.66 647.519 27.9485 271.097 65.7096 105.439 0 0 0
196 1_1_1 1991  0 0 3332.63 11270 6426.29 4012.68 1316.91 613.527 103.679 282.402 84.857 0 0 0 0
197 1_1_1 1991  0 0 3184.16 7992.36 6288.22 5992.82 3859.67 1903.64 237.97 337.039 0 342.541 0 0 0
198 1_1_1 1991  0 0 3362.4 6650.67 7907.29 5508.09 5116.21 605.628 39.1086 160.308 43.9715 337.107 0 0 0
199 1_1_1 1991  0 0 4755.81 7476.68 7091.92 4620.26 3782.53 1004.64 0 113.839 0 0 0 0 0
200 1_1_1 1991  0 0 4287.35 6681.78 9890.5 4921.06 2231.61 430.763 0 0 394.186 0 0 0 0
201 1_1_1 1991  0 0 3545.54 7144.9 8812.5 4609.84 2833.78 579.38 107.338 0 0 0 0 0 0
202 1_1_1 1991  0 0 3673.52 4105.4 7480.63 6511.16 5500.7 1790.35 680.618 113.242 183.312 125.404 0 0 0
203 1_1_1 1991  0 0 4244.92 4147.75 9302.02 8125.48 2690.42 1016.59 99.7578 849.39 0 0 0 0 0
204 1_1_1 1991  0 0 3820.96 7798.86 6138.25 4414.93 7598.98 2022.98 69.2094 0 0 0 0 0 0
205 1_1_1 1991  0 0 4530.02 5247.44 7828.49 6322.7 5455.72 630.356 75.6242 143.358 0 0 0 0 0
206 1_1_1 1991  0 0 2799.76 5704.27 8400.37 6534.86 3911.7 1156.37 346.48 297.477 0 113.588 0 0 0
207 1_1_1 1991  0 0 4351.4 4946.95 10017.4 5384.73 2941.93 271.068 42.3873 0 0 66.6162 0 0 0
208 1_1_1 1991  0 0 3585.58 7624.62 9157.91 5213.89 2508.7 261.798 0 377.477 0 0 0 0 0
209 1_1_1 1991  0 0 5054.99 5258.32 12158.8 3385.36 1130.51 485.675 131.818 307.486 108.854 0 0 0 0
210 1_1_1 1991  0 0 3858.38 8014.61 8791.02 3425.66 3070.94 548.832 272.868 154.949 309.613 0 0 0 0
211 1_1_1 1991  0 0 4133.38 6688.66 6886.85 6291 4044.46 471.177 0 57.6236 298.075 102.137 0 0 0
212 1_1_1 1991  0 0 3575.96 6790.56 6212.59 7802.38 3723.95 798.457 82.9131 140.35 0 82.3565 0 0 0
213 1_1_1 1991  0 0 3547.28 5984.06 8045.94 7148.26 2886.42 494.591 45.5727 0 142.113 0 0 0 0
214 1_1_1 1991  0 0 4986.72 7901.97 7531.99 6442.1 2090.83 34.4744 0 161.458 173.265 88.5753 0 0 0
215 1_1_1 1991  0 0 4813.05 7811.63 7771.09 6166.59 3074.07 312.351 0 88.4967 86.7298 43.6774 0 0 0
216 1_1_1 1991  0 0 4739.42 5911.95 6436.26 6444.82 6018.52 270.441 0 0 284.334 58.7144 0 0 0
217 1_1_1 1991  0 0 4349.32 3236.02 8679.81 6265.28 4363.73 1321.48 355.246 988.611 303.837 137.413 0 0 0
218 1_1_1 1991  0 0 3842.79 7306.12 7854.42 4944.12 3398.8 745.402 840.758 555.523 0 420.307 0 0 0
219 1_1_1 1991  0 0 4801.3 4514.44 6491.9 6808.74 4478.02 2187.47 137.546 713.37 140.851 142.214 0 0 0
220 1_1_1 1991  0 0 4540.85 5282.99 8435.82 3778.14 5868.28 1292.86 30.1491 430.188 87.3062 0 0 0 0
221 1_1_1 1991  0 0 4208.47 5335.86 4884.26 5656.71 8042.12 1753.98 294.349 133.054 314.547 106.832 0 0 0
222 1_1_1 1991  0 0 3818.37 7941.94 6108.25 4070.58 4729.78 1997.12 256.058 0 446.033 0 0 0 0
223 1_1_1 1991  0 0 4424.34 6056.9 8180.37 5673.69 4060 659.978 0 0 239.504 0 0 0 0
224 1_1_1 1991  0 0 4910.67 5690 5506.01 8010.85 5245.7 2256.53 226.228 429.95 339.02 95.8537 0 0 0
225 1_1_1 1991  0 0 4157.55 6627.94 7267.91 4785.48 5841.41 747.126 0 246.519 336.765 20.2139 0 0 0
226 1_1_1 1991  0 0 4708.39 6957.28 6165.8 6860.23 2652.28 1835.63 0 485.19 57.3971 0 0 0 0
227 1_1_1 1991  0 0 3097.02 4965.26 9139.77 5864.27 4167.86 664.59 216.474 66.9635 46.7254 0 0 0 0
228 1_1_1 1991  0 0 3138.44 6698.84 6506.42 5815.97 5823.08 841.64 98.9462 399.498 127.979 35.2215 0 0 0
229 1_1_1 1991  0 0 4405.02 4403.95 8263.97 6270.26 4861.77 1406.49 181.445 413.762 0 42.4523 0 0 0
230 1_1_1 1991  0 0 5770.35 3915.26 8605.32 6763.61 4361.37 1192.47 218.383 346.53 376.32 0 0 0 0
231 1_1_1 1991  0 0 3100.67 6072.33 8008.94 6002.69 4507.5 1088.7 0 426.951 218.303 0 0 0 0
232 1_1_1 1991  0 0 4125.87 8113.81 10460.9 4469.01 494.199 147.363 29.2006 0 307.627 0 0 0 0
233 1_1_1 1991  0 0 3972.59 5332.1 7672.76 6357.67 4147.68 1973.43 65.4029 175.866 208.222 0 0 0 0
234 1_1_1 1991  0 0 3742.37 7089.11 7227.72 5031.53 5414.94 1252.83 466.181 312.804 0 203.282 0 0 0
235 1_1_1 1991  0 0 4335.74 6457.84 6245 6071.08 5566.09 1636.69 156.066 283.671 314.407 0 0 0 0
236 1_1_1 1991  0 0 2612.97 7524.88 9176.34 2915.79 3822.91 833.423 369.826 1341.03 97.958 77.6437 0 0 0
237 1_1_1 1991  0 0 3876.6 7707.33 7542.01 5382.05 2986.87 1330.85 155.172 278.515 77.2279 37.5899 0 0 0
238 1_1_1 1991  0 0 4030.5 7178.76 10509.4 5789.58 1426.9 18.4197 26.1902 60.473 0 94.075 0 0 0
239 1_1_1 1991  0 0 2994.22 5312.65 9502.11 5714.68 5031.02 555.517 0 0 0 152.436 0 0 0
240 1_1_1 1991  0 0 3760.33 5594.25 7318.11 6373.43 4770.37 1419.05 162.363 0 166.14 106.592 0 0 0
241 1_1_1 1991  0 0 4204.24 7711.57 8723.25 3975.08 3944.52 24.5966 29.8548 445.353 0 124.619 0 0 0
242 1_1_1 1991  0 0 4928.07 5717.18 7445.31 5622.84 5220.69 1240.42 0 72.1659 570.82 29.963 0 0 0
243 1_1_1 1991  0 0 4426.82 5837.27 9512.55 3301 4430.77 1236.64 414.324 37.5951 334.535 189.108 0 0 0
244 1_1_1 1991  0 0 3542.63 5285.59 6605.78 6857.47 5246.53 2027.66 0 822.437 353.062 112.606 0 0 0
245 1_1_1 1991  0 0 4284.17 10658.5 7742.63 4504.71 1244 333.81 304.328 362.101 0 0 0 0 0
246 1_1_1 1991  0 0 4127.94 7114.22 6198.44 6954.57 2314.05 2121.59 263.517 395.982 514.096 0 0 0 0
247 1_1_1 1991  0 0 4504.51 5765.7 7813.47 6462.68 4329.71 1121.52 336.59 119.813 129.957 45.5473 0 0 0
248 1_1_1 1991  0 0 4073.03 7470.83 8302.86 5440.11 4080.01 80.4749 31.2579 70.1773 42.1967 0 0 0 0
249 1_1_1 1991  0 0 4152.13 7987.02 8375.71 4792.22 3454.21 337.749 0 187.534 492.15 0 0 0 0
250 1_1_1 1991  0 0 4282.73 5530.87 6050.73 8346.08 4437.99 1674.6 0 414.914 113.997 201.127 0 0 0
251 1_1_1 1991  0 0 3545.26 6185.85 8758.82 5497.76 3860.96 658.743 0 173.948 209.206 126.413 0 0 0
252 1_1_1 1991  0 0 4400.37 7267.54 8649.03 4602.09 4801.43 699.697 0 44.5802 154.3 61.4462 0 0 0
253 1_1_1 1991  0 0 4366.66 9625.28 10025.7 3141.44 781.586 81.3029 39.6937 0 94.3781 0 0 0 0
254 1_1_1 1991  0 0 4439.56 9489.39 5444.78 3717 4265.74 2488.51 235.599 0 93.1122 0 0 0 0
255 1_1_1 1991  0 0 3498.31 6360.26 6171.11 6127.94 5918.79 1116.68 198.634 356.944 435.467 54.8403 0 0 0
256 1_1_1 1991  0 0 3846.1 7531.07 7239.46 5743.43 3812.97 910.53 70.6497 0 64.648 0 0 0 0
257 1_1_1 1991  0 0 3232.91 5668.84 8800.02 6703.08 3868.22 489.969 0 0 253.655 0 0 0 0
258 1_1_1 1991  0 0 3995.88 5882.03 7625.33 5729.81 3605.87 1319.59 184.403 536.213 349.466 56.356 0 0 0
259 1_1_1 1991  0 0 4910.89 6634.25 7395.89 4688.91 4482.04 471.716 309.466 515.633 0 39.6536 0 0 0
260 1_1_1 1991  0 0 5796.24 4436.5 8853.57 5738.58 2857.49 1903.22 150.946 760.867 0 33.9433 0 0 0
261 1_1_1 1991  0 0 3786.82 6374.58 7382.53 6345.4 4060.04 357.323 26.1515 149.142 252.579 0 0 0 0
262 1_1_1 1991  0 0 4414.23 5717.24 5770.98 6231.56 6400.01 1540.5 375.79 607.062 147.841 84.8285 0 0 0
263 1_1_1 1991  0 0 4769.29 5602.86 8885.19 5969.65 4852.66 845.571 0 128.692 130.447 119.245 0 0 0
264 1_1_1 1991  0 0 4034.52 8703.7 9778.72 3665.94 1223.15 551.954 358.519 183.269 0 0 0 0 0
265 1_1_1 1991  0 0 4095.42 4762.17 10331.2 5418.1 3816.83 913.812 0 233.174 105.734 31.0443 0 0 0
266 1_1_1 1991  0 0 4174.07 6496.02 5560.44 7824.08 3872.62 1512.84 136.054 390.211 42.0506 0 0 0 0
267 1_1_1 1991  0 0 3803.03 5291.41 8443.74 5992.5 5440.76 342.614 0 179.9 122.175 83.7513 0 0 0
268 1_1_1 1991  0 0 3300.23 6011.8 9278.98 5431.27 4391.77 736.143 11.6745 210.637 90.9559 0 0 0 0
269 1_1_1 1991  0 0 3808.3 8661.98 10962.3 3750.35 1053.37 391.425 76.1973 264.264 63.8515 0 0 0 0
270 1_1_1 1991  0 0 3692.66 8209.22 8333.55 5847.9 1786.12 508.113 470.689 203.245 0 0 0 0 0
271 1_1_1 1991  0 0 5670.68 5800.52 8445.15 5590.7 3427.08 790.257 0 725.849 0 53.9806 0 0 0
272 1_1_1 1991  0 0 4682.79 5312.94 6512 6802.62 4362.79 2087.44 711.545 652.229 0 0 0 0 0
273 1_1_1 1991  0 0 4207.07 7176.7 8491.94 4562.56 4193.76 603.463 362.305 716.895 0 122.738 0 0 0
274 1_1_1 1991  0 0 4469.15 5604.09 8918.77 6059.49 3843.61 908.486 184.189 235.308 0 0 0 0 0
275 1_1_1 1991  0 0 4202.61 6475.43 7107.45 6334 3665.17 1405.01 206.342 269.623 0 61.7208 0 0 0
276 1_1_1 1991  0 0 2504.56 5014.24 10890.1 4748.57 2537.24 1185.67 813.091 360.451 129.723 0 0 0 0
277 1_1_1 1991  0 0 3369.93 7577.76 6880.29 4964.45 4635.07 1589.17 477.246 395.366 73.7038 0 0 0 0
278 1_1_1 1991  0 0 3423.5 4212.45 5503.12 10925.9 5442.26 1594.44 0 512.461 97.5446 0 0 0 0
279 1_1_1 1991  0 0 4017.9 5627.63 5499.98 5728.97 6687.29 1801.16 24.9605 294.134 79.7045 67.4929 0 0 0
280 1_1_1 1991  0 0 5291.82 5392.83 8842.73 7814.73 2302.57 419.046 0 289.153 77.8722 107.347 0 0 0
281 1_1_1 1991  0 0 5317.11 6544.13 7770.1 5076.13 2932.02 872.79 0 155.705 128.33 62.9729 0 0 0
282 1_1_1 1991  0 0 2617.45 7389.77 10852.9 4283.33 992.575 377.785 0 241.114 219.546 0 0 0 0
283 1_1_1 1991  0 0 3885.76 7099.33 9233.02 4530.5 3203.19 335.078 0 129.911 410.662 0 0 0 0
284 1_1_1 1991  0 0 4360.66 5691.45 5904.11 5598.42 6854.42 1701.96 292.838 452.935 900.166 40.5144 0 0 0
285 1_1_1 1991  0 0 3168.2 4598.68 8168.02 5908.01 5599.33 1462.24 250.746 424.345 155.807 0 0 0 0
286 1_1_1 1991  0 0 4035.27 5901.39 5895.09 8725.22 4071.89 1514.65 307.332 705.914 140.862 0 0 0 0
287 1_1_1 1991  0 0 4634.66 6566.53 9402.09 5322.53 2270.02 450.394 0 0 0 0 0 0 0
288 1_1_1 1991  0 0 4722.81 5704.6 8025.6 7376.92 3574.72 823.012 0 0 370.065 0 0 0 0
289 1_1_1 1991  0 0 4237.65 7808.08 8334.29 4466.51 3827.39 991.173 26.0056 83.91 139.344 0 0 0 0
290 1_1_1 1991  0 0 5397.94 5494.89 12290.6 3778.17 1680.19 890.212 92.9728 68.9603 0 11.0681 0 0 0
291 1_1_1 1991  0 0 4604.47 6791.93 9361.37 3580.83 3944.19 334.968 0 123.996 283.971 99.2395 0 0 0
292 1_1_1 1991  0 0 4182.2 6283.15 9740.81 5330.88 3528.62 876.689 56.9361 0 105.574 0 0 0 0
293 1_1_1 1991  0 0 4832.96 4028.82 7317.7 5846.94 5771.56 2233.29 428.55 767.056 175.755 216.731 0 0 0
294 1_1_1 1991  0 0 4541.08 6603.08 8986.36 5562.79 2219.69 749.677 0 68.6265 48.8774 0 0 0 0
295 1_1_1 1991  0 0 4744.14 8663.81 6727.23 4992.72 2807.93 925.888 320.575 364.614 353.612 0 0 0 0
296 1_1_1 1991  0 0 3088.19 5457.96 9015.61 8140.3 2387.88 968.639 0 313.624 0 0 0 0 0
297 1_1_1 1991  0 0 3203.26 5403.72 9209.2 6422.94 3200.97 743.808 306.979 615.74 186.122 0 0 0 0
298 1_1_1 1991  0 0 4505.34 6577.9 11144.9 3736.7 2210.78 474.595 25.8225 0 215.959 0 0 0 0
299 1_1_1 1991  0 0 3366.02 4651.68 7638.82 5077.43 6287.97 1850.16 282.695 393.14 330.385 375.338 0 0 0
300 1_1_1 1991  0 0 3429.35 8371.53 5876.52 5775.3 3485.28 1871.91 1317.75 243.133 194.264 42.3571 0 0 0
301 1_1_1 1991  0 0 4576.71 6641.3 8077.41 5569.93 2731.29 924.688 142.344 464.522 147.467 0 0 0 0
302 1_1_1 1991  0 0 3483.12 6220.32 6621.42 4830.56 6462.01 1711.95 0 249.19 443.124 0 0 0 0
303 1_1_1 1991  0 0 3920.85 6965.18 9357.03 5615.95 2982.99 113.743 0 0 0 27.8264 0 0 0
304 1_1_1 1991  0 0 4992.54 9220.25 9623.34 3280.27 1028.46 466.916 123.958 184.689 267.387 0 0 0 0
305 1_1_1 1991  0 0 4876.33 6684.82 6890.17 4756.33 5146.67 1605.71 229.449 527.425 353.452 60.7801 0 0 0
306 1_1_1 1991  0 0 3345.36 6246.19 6302.34 6665.35 5606.29 591.687 610.988 506.048 238.859 0 0 0 0
307 1_1_1 1991  0 0 2590.37 4035.81 7685.44 7831.42 5293.09 1399.26 25.0536 512.092 312.924 0 0 0 0
308 1_1_1 1991  0 0 4388.42 5490.5 4860.52 6881.24 6488.29 2929.37 984.235 524.559 404.786 605.612 0 0 0
309 1_1_1 1991  0 0 3803.93 5490.68 5047.56 7059.69 6793.32 1344.27 417.853 497.762 271.788 0 0 0 0
310 1_1_1 1991  0 0 4685.76 5452.33 7026.99 6658.04 4160.31 965.584 29.3005 562.182 70.106 315.507 0 0 0
311 1_1_1 1991  0 0 4150.87 6101.9 7342.28 6508.1 5503.58 881.332 72.5461 183.384 355.19 0 0 0 0
312 1_1_1 1991  0 0 3796.66 5074.64 6724.59 4605.44 6696.47 2375.82 317.867 1028.02 383.516 48.9221 0 0 0
313 1_1_1 1991  0 0 3233.37 6108.37 9755.73 5031.98 4932.82 445.395 0 86.8651 214.272 85.9454 0 0 0
314 1_1_1 1991  0 0 3203.53 9150.19 7094.77 5854.77 3227.7 411.224 0 0 584.614 0 0 0 0
315 1_1_1 1991  0 0 4109.92 6883.2 5718.77 5490.29 6991.23 34.5555 0 44.055 156.81 217.531 0 0 0
316 1_1_1 1991  0 0 3707.48 5439.77 8079.63 6628.48 4562.71 795.542 93.9867 244.938 297.666 0 0 0 0
317 1_1_1 1991  0 0 2921.15 4229.63 6222.5 8025.54 5488.97 1986.52 219.901 776.558 87.529 0 0 0 0
318 1_1_1 1991  0 0 4601.67 3712.24 7092.95 6521.39 4302.68 2380.29 0 762.926 394.689 0 0 0 0
319 1_1_1 1991  0 0 4189.3 7273.64 5469.84 6851.62 4253.59 1760.79 0 103.462 221.478 0 0 0 0
320 1_1_1 1991  0 0 3573.43 6249.37 9023.47 5331.11 3245.49 973.139 268.356 326.823 75.3959 0 0 0 0
321 1_1_1 1991  0 0 3890.62 7100.31 11221.2 2806.28 1143.6 1394.41 327.598 141.444 52.1897 0 0 0 0
322 1_1_1 1991  0 0 3931.5 5131.55 9145.87 6043.72 2985.3 1465.62 0 68.1168 0 0 0 0 0
323 1_1_1 1991  0 0 2704.68 6977.66 7160.78 6490.74 4089.26 1267.53 261.64 222.04 149.045 116.3 0 0 0
324 1_1_1 1991  0 0 4472.36 5599.61 5351.75 5438.34 7410.82 2107.27 0 214.466 89.9626 0 0 0 0
325 1_1_1 1991  0 0 4110.09 4546.98 5562.59 5963.37 7861 2762.83 878.099 251.679 315.37 64.159 0 0 0
326 1_1_1 1991  0 0 4225.41 5450.42 4912.26 8178.88 7038.56 780.509 134.691 716.877 519.63 168.968 0 0 0
327 1_1_1 1991  0 0 3964.31 7095.48 8020.11 5337.65 4530.45 396.242 40.2695 199.904 40.8808 57.6912 0 0 0
328 1_1_1 1991  0 0 3289.91 6104.22 6894.04 6745.07 3807.28 1372.08 251.08 672.064 252.479 0 0 0 0
329 1_1_1 1991  0 0 4236.48 7256.47 10606 3686.77 1773.35 654.611 217.486 382.595 170.034 0 0 0 0
330 1_1_1 1991  0 0 4950.34 8401.87 7978.51 5975.11 2707.2 1123.61 501.356 318.783 0 35.4584 0 0 0
331 1_1_1 1991  0 0 2980.44 4242.54 6125.38 7007.91 6054.52 2727.69 239.747 0 328.677 0 0 0 0
332 1_1_1 1991  0 0 3210.47 7025.79 7879.88 5638.58 3718.08 1542.35 241.36 307.448 0 0 0 0 0
333 1_1_1 1991  0 0 3664.94 4510.59 7015.68 8586.71 3331.11 1133.5 626.558 421.057 0 0 0 0 0
334 1_1_1 1991  0 0 4655.06 9299.81 9295 3906.35 1578.52 34.9377 48.5316 433.421 0 0 0 0 0
335 1_1_1 1991  0 0 4130.12 5383.66 7372.93 7085.01 4103.52 542.149 39.3032 201.553 219.747 0 0 0 0
336 1_1_1 1991  0 0 2535.49 8957.24 5107.37 4017.21 6477.6 1234.27 330.304 1034.55 0 62.1044 0 0 0
337 1_1_1 1991  0 0 3909.32 7066.7 8773.49 4050.12 2592.53 1155.12 161.958 654.138 118.833 0 0 0 0
338 1_1_1 1991  0 0 4075.02 6280.83 5312.4 6603.41 7092.53 813.421 44.6195 121.713 294.133 81.6805 0 0 0
339 1_1_1 1991  0 0 3636.95 7216.91 7808.44 5492.35 3796.62 978.195 361.677 235.728 0 454.111 0 0 0
340 1_1_1 1991  0 0 4658.15 8868.87 9291.31 3257.38 2204.05 78.7406 75.9997 0 39.3347 0 0 0 0
341 1_1_1 1991  0 0 4051.49 6540.03 6300.16 5972.62 5004.27 1659.07 23.4206 360.518 104.297 69.5175 0 0 0
342 1_1_1 1991  0 0 4789.79 8487.06 8121.81 4429.79 3211.11 313.044 0 0 194.243 121.341 0 0 0
343 1_1_1 1991  0 0 3008.91 9320.07 7690.08 3289.18 5688.27 34.4507 47.4125 0 0 0 0 0 0
344 1_1_1 1991  0 0 4308.62 7503.26 7517.95 4922.31 3836.29 549.346 49.5502 144.178 186.54 0 0 0 0
345 1_1_1 1991  0 0 3587.93 7705.65 6550.71 4863.76 3344.91 790.245 258.968 322.46 299.504 0 0 0 0
346 1_1_1 1991  0 0 4744.25 7602.43 7048.37 6294.19 2061.9 266.152 35.8855 0 37.6651 155.338 0 0 0
347 1_1_1 1991  0 0 3648.53 7748.75 8561.41 4495.73 3052.87 663.008 222.166 0 0 0 0 0 0
348 1_1_1 1991  0 0 5029.82 4593.75 8274.59 6397.16 4424.49 642.116 16.2128 56.7239 339.519 71.6943 0 0 0
349 1_1_1 1991  0 0 4171.13 4663.88 8244.58 5171.95 5011.85 2215.53 80.8707 358.653 116.476 0 0 0 0
350 1_1_1 1991  0 0 4418.04 6991.88 7477.86 5876.18 3773.02 879.88 277.03 105.782 854.559 0 0 0 0
351 1_1_1 1991  0 0 4605.16 6384.82 8388.76 4230.03 4852.97 167.102 0 0 701.281 0 0 0 0
352 1_1_1 1991  0 0 3393.92 6148.03 7863.05 3979.68 6460.12 46.0709 15.5196 84.8759 665.737 0 0 0 0
353 1_1_1 1991  0 0 3711.21 6886.55 6520.27 7289.84 5142.44 953.892 31.8457 560.47 118.313 76.2247 0 0 0
354 1_1_1 1991  0 0 3692.58 6480.76 6770.95 6739.54 5233.17 392.782 0 218.477 0 23.3196 0 0 0
355 1_1_1 1991  0 0 4137.68 5439.95 8454.37 5472.91 4243.54 1096.89 0 495.441 358.291 0 0 0 0
356 1_1_1 1991  0 0 3934.15 5004.72 7597.56 6678.26 4914.37 749.292 77.0179 79.5614 446.469 96.3375 0 0 0
357 1_1_1 1991  0 0 5605.16 4504.74 6649.85 8859.16 2739.56 1035.55 574.587 353.738 67.6648 0 0 0 0
358 1_1_1 1991  0 0 3647.23 6014.75 6768 6022.75 5730.16 817.444 255.691 424.327 150.257 30.8244 0 0 0
359 1_1_1 1991  0 0 3952.99 8924.79 8605.69 4907.99 1746.14 302.024 225.002 150.438 0 0 0 0 0
360 1_1_1 1991  0 0 3494.34 6688.88 4884.08 7286.09 5843.41 1205.77 43.6259 382.143 306.244 213.913 0 0 0
361 1_1_1 1991  0 0 3600.73 4999.52 5723.48 7901.51 5385.53 2068.2 40.8997 420.929 170.897 167.854 0 0 0
362 1_1_1 1991  0 0 3757.89 4291.03 6692.72 7955.68 4769.82 1185.6 57.0325 678.982 195.925 171.558 0 0 0
363 1_1_1 1991  0 0 4005.44 7473.86 10859.6 4348.18 951.471 80.0353 0 0 34.3062 0 0 0 0
364 1_1_1 1991  0 0 5069.38 5606.04 6958.92 8700.1 3277.17 464.398 0 0 340.685 0 0 0 0
365 1_1_1 1991  0 0 4025.29 7814.08 6737.17 6020.46 4013.94 1047.87 17.0208 934.254 157.998 185.447 0 0 0
366 1_1_1 1991  0 0 3815.66 5432.05 6424.36 4419.75 5131.74 2629.78 1994.8 271.006 0 0 0 0 0
367 1_1_1 1991  0 0 4270.3 4985.23 9716.42 6130.57 2462.74 301.41 0 141.284 174.608 0 0 0 0
368 1_1_1 1991  0 0 3880.33 6919.68 6440.19 6146.33 3572.93 1306.24 353.14 627.931 123.862 0 0 0 0
369 1_1_1 1991  0 0 3998.08 5829.6 8907.01 6528.71 2476.8 420.237 53.3139 121.596 176.588 139.689 0 0 0
370 1_1_1 1991  0 0 4457.22 5665.1 7021.19 5429.04 4957.43 1774.76 240.258 663.861 296.551 40.1338 0 0 0
371 1_1_1 1991  0 0 4190 3284.38 8344.96 9046.4 3938.17 1328.21 179.603 531.164 108.174 0 0 0 0
372 1_1_1 1991  0 0 4725.15 8061.29 8610.74 4346.95 1209.7 446.826 597.545 394.694 0 0 0 0 0
373 1_1_1 1991  0 0 5134.4 6693.14 6980.95 5107.84 4983.01 1693.11 0 270.571 227.091 0 0 0 0
374 1_1_1 1991  0 0 3758.82 6694.66 6601.17 5755.46 4913.95 1028.32 586.244 392.438 54.0168 37.3499 0 0 0
375 1_1_1 1991  0 0 3216.37 8530.57 6775.82 5087.25 2949.53 1768.79 231.84 268.445 32.7969 0 0 0 0
376 1_1_1 1991  0 0 3995.89 7720.11 9049.58 4088.52 2201.52 1257.23 157.486 494.666 151.954 0 0 0 0
377 1_1_1 1991  0 0 4057.22 5307.86 10636.4 4900.98 3309.3 425.525 0 61.0252 102.614 0 0 0 0
378 1_1_1 1991  0 0 4145.75 5377.46 7294.46 8452.61 5217.69 1700.86 0 251.034 319.715 51.4617 0 0 0
379 1_1_1 1991  0 0 4037.67 4568.54 6706.48 7509.77 5124.63 1798.37 154.742 1412.67 138.193 327.513 0 0 0
380 1_1_1 1991  0 0 2967.22 6362.26 9711.09 3322.9 4165.32 1132.2 20.4433 0 383.988 0 0 0 0
381 1_1_1 1991  0 0 5231.98 3961 5108.71 5788.04 7266.98 2147.56 934.828 445.792 609.153 204.087 0 0 0
382 1_1_1 1991  0 0 3677.55 7881.42 8029.15 4773.83 3523.99 799.487 36.4354 63.6219 90.068 44.9133 0 0 0
383 1_1_1 1991  0 0 3473.72 6209.12 10017.5 4658.15 3476.76 1013.88 314.807 295.22 314.881 103.716 0 0 0
384 1_1_1 1991  0 0 4763.8 8356.81 6407.06 6433.05 3253.47 1306.66 424.565 545.356 0 84.7275 0 0 0
385 1_1_1 1991  0 0 3548.15 6902.85 7173.5 6799.99 3875.09 1057.6 15.3912 888.527 21.544 598.543 0 0 0
386 1_1_1 1991  0 0 4682.84 7560.73 8776.99 6621.4 1785.59 193.732 123.427 315.743 0 0 0 0 0
387 1_1_1 1991  0 0 3004.48 8836.34 9212.82 3823.74 1288.31 40.3905 62.9532 186.088 45.9045 0 0 0 0
388 1_1_1 1991  0 0 4238.65 5019.01 9395.15 5575.78 3136.65 15.255 28.1185 270.233 0 39.1126 0 0 0
389 1_1_1 1991  0 0 3578.42 8120.99 8643.29 5308.06 1867.44 337.685 42.552 135.291 0 73.3169 0 0 0
390 1_1_1 1991  0 0 3853.81 6215.82 6596.62 7690.86 4348.58 817.795 0 161.017 0 69.276 0 0 0
391 1_1_1 1991  0 0 3512.6 7514.63 8554.94 4804.09 3096.45 1339.35 0 279.484 247.335 0 0 0 0
392 1_1_1 1991  0 0 4535.28 6401.06 6673.83 5053.3 5211.73 982.305 126.391 180.856 276.485 0 0 0 0
393 1_1_1 1991  0 0 2650.51 5938.07 9118.54 5333.89 4018.95 947.668 35.4547 0 608.539 32.6701 0 0 0
394 1_1_1 1991  0 0 3894.19 5525.45 8052.21 7246.61 2592.21 1203.78 147.172 732.674 130.838 0 0 0 0
395 1_1_1 1991  0 0 2800.59 5029.25 8203.96 6119.22 4119.46 1142.67 42.4709 159.687 292.241 0 0 0 0
396 1_1_1 1991  0 0 4257.99 4761.94 6698.49 6616.46 6354.75 1724.29 112.462 634.571 151.796 116.367 0 0 0
397 1_1_1 1991  0 0 3938.69 7432.55 10572.9 4147.75 3372.11 0 0 0 0 24.9476 0 0 0
398 1_1_1 1991  0 0 5016.11 6698.37 7818.12 6425.67 3440.73 168.181 0 0 355.179 60.1591 0 0 0
399 1_1_1 1991  0 0 4763.29 6575.1 8749.29 5719.33 2561.58 878.32 159.496 216.71 58.2496 0 0 0 0
400 1_1_1 1991  0 0 5364.17 5096.24 11090.4 5640.09 1075.38 536.012 0 213.898 0 0 0 0 0
401 1_1_1 1991  0 0 4244.35 4502.39 9101.12 6753.11 3880.72 577.486 0 483.192 237.809 0 0 0 0
402 1_1_1 1991  0 0 2889.45 5783.12 7151.44 6996.2 4199.24 701.628 0 203.982 216.883 152.263 0 0 0
403 1_1_1 1991  0 0 4598.61 7471.07 7251.27 5657.95 3206.27 1171.57 524.402 542.085 340.911 0 0 0 0
404 1_1_1 1991  0 0 3852.62 6816.54 7454.73 5472.04 4695.56 960.505 0 0 517.155 0 0 0 0
405 1_1_1 1991  0 0 6172.89 4275.68 8279.01 5077.7 3778.52 1937.46 323.438 413.761 87.8988 40.7918 0 0 0
406 1_1_1 1991  0 0 4007.2 4479.98 7478.59 6099.98 3755.86 1054.15 389.406 823.091 278.639 393.256 0 0 0
407 1_1_1 1991  0 0 4415.41 5263.72 7311.82 8542.81 3956.23 1030.83 174.453 0 225.923 0 0 0 0
408 1_1_1 1991  0 0 3604.26 6823.91 8985.39 5392.76 2013.29 930.798 249.103 407.974 199.965 0 0 0 0
409 1_1_1 1991  0 0 3791.55 7768.27 6755 5425.62 3027.22 1216.42 388.031 109.882 560.264 0 0 0 0
410 1_1_1 1991  0 0 4134.73 4061.47 8144.36 4326.24 7866.22 1332.96 0 175.429 41.1205 50.3259 0 0 0
411 1_1_1 1991  0 0 4288.86 5134.81 7151.74 6281.74 5000.78 1589.04 117.117 730.55 195.222 51.5678 0 0 0
412 1_1_1 1991  0 0 3725.53 7767.37 8990.37 5169.22 2939.07 597.757 154.576 270.724 112.868 22.235 0 0 0
413 1_1_1 1991  0 0 4562.95 4993.09 8986.61 6975.1 4133.87 399.237 0 369.298 107.594 130.597 0 0 0
414 1_1_1 1991  0 0 3517.31 7029.58 9350.28 5041.09 3267.7 798.106 0 241.013 0 124.885 0 0 0
415 1_1_1 1991  0 0 3831.46 5467.14 7282.47 6457.54 6148.67 2038.11 0 252.408 79.8607 17.8646 0 0 0
416 1_1_1 1991  0 0 4839.51 8072.29 8567.98 5660.96 2934.04 364.131 0 234.045 0 21.7078 0 0 0
417 1_1_1 1991  0 0 5181.65 6309.86 8656.94 6005.77 3799.38 1614.61 361.368 194.302 180.772 28.3388 0 0 0
418 1_1_1 1991  0 0 3894.56 6445.28 10487.4 5055.66 2332.06 334.875 33.6812 27.8029 0 0 0 0 0
419 1_1_1 1991  0 0 4768.1 4682.08 8667.9 5296.52 3775.6 928.181 0 168.126 0 0 0 0 0
420 1_1_1 1991  0 0 3378.28 4767 5546.27 8099.33 5594.47 1421.89 558.772 536.783 0 0 0 0 0
421 1_1_1 1991  0 0 5606.16 6460.98 9018.62 4890.38 2854.09 283.036 0 194.454 325.503 0 0 0 0
422 1_1_1 1991  0 0 4380.58 5401.28 7227.85 5775.77 5818.05 1692.28 562.442 184.356 94.6785 155.582 0 0 0
423 1_1_1 1991  0 0 3738.71 3562.04 5180.24 8153.78 5542.89 2223.32 729.515 639.964 614.507 0 0 0 0
424 1_1_1 1991  0 0 3782.87 4664.04 7577.5 6180.81 6148.87 1151.62 0 369.829 315.093 371.96 0 0 0
425 1_1_1 1991  0 0 4006.5 8394.79 9957.03 3377.87 915.793 793.695 335.395 382.83 345.112 0 0 0 0
426 1_1_1 1991  0 0 5162.48 5871.66 10123.2 6732.61 814.006 139.156 0 0 84.1787 0 0 0 0
427 1_1_1 1991  0 0 4465.89 5814.34 8436.74 5703.97 4205 415.776 380.192 172.731 996.985 20.8907 0 0 0
428 1_1_1 1991  0 0 4304.21 6285.48 7252.72 7798.08 2543.61 621.398 0 137.757 246.457 40.736 0 0 0
429 1_1_1 1991  0 0 3040.07 5149.09 8585.2 5926.4 4038.09 1298.09 376.661 173.162 72.8435 0 0 0 0
430 1_1_1 1991  0 0 3525.62 6511.07 6889.28 7903.69 3691 1217.6 0 410.124 94.3404 0 0 0 0
431 1_1_1 1991  0 0 2994.79 7299.58 7890.39 5394.58 4278.22 532.399 0 235.402 90.3767 0 0 0 0
432 1_1_1 1991  0 0 3430.89 7141.54 5124.89 8316.52 3564.63 2194.33 375.735 387.544 329.163 0 0 0 0
433 1_1_1 1991  0 0 5301.23 4292.81 7284.03 6957.4 7605.19 817.84 0 133.414 275.536 17.4337 0 0 0
434 1_1_1 1991  0 0 4603.62 6300.99 10484.1 4089.12 3287.48 1514.06 29.0625 62.5082 127.692 0 0 0 0
435 1_1_1 1991  0 0 3317.17 6682.53 6873.19 5147.34 4339.58 1820.55 404.161 477.096 264.942 0 0 0 0
436 1_1_1 1991  0 0 4612.34 6952.39 5931.2 5466.65 5235.6 1771.47 409.995 96.1115 252.035 0 0 0 0
437 1_1_1 1991  0 0 3305.55 7544.15 8735.18 4981.44 4071.11 16.8628 51.2952 28.6568 0 61.652 0 0 0
438 1_1_1 1991  0 0 3944.83 6788.81 11249.1 4118.63 1011.68 120.435 0 101.603 92.8242 0 0 0 0
439 1_1_1 1991  0 0 3797.96 4924.27 7444.18 6954.55 3996.59 1111.11 166.345 823.942 143.084 78.9142 0 0 0
440 1_1_1 1991  0 0 3891.61 7875.76 8282.61 5719.04 2992.9 491.418 188.946 165.135 0 70.682 0 0 0
441 1_1_1 1991  0 0 4233.42 6886.95 7500.93 6974.05 3410.75 740.168 0 83.0586 181.74 0 0 0 0
442 1_1_1 1991  0 0 5199.68 8160.8 7312.73 4255.19 5413.07 400.052 255.369 311.646 0 13.721 0 0 0
443 1_1_1 1991  0 0 4654.14 6009.84 8483.12 5866.14 3940.91 1171.32 199.1 670.61 252.585 0 0 0 0
444 1_1_1 1991  0 0 4698.36 5641.22 10348 3823.33 4009.15 753.834 0 213.174 54.9109 0 0 0 0
445 1_1_1 1991  0 0 3693.2 5640.15 8315.42 5393.66 5151.34 1611.93 202.664 501.423 0 175.175 0 0 0
446 1_1_1 1991  0 0 3731.99 5542.59 9143.56 5167.45 3397.04 1273.19 0 396.725 412.953 0 0 0 0
447 1_1_1 1991  0 0 3862.99 5571.22 6755.4 5908.85 5351.47 1007.57 27.7751 235.935 320.726 382.515 0 0 0
448 1_1_1 1991  0 0 3923.15 6270.86 6269.23 5127.87 6158.13 1265.38 681.508 180.666 765.356 0 0 0 0
449 1_1_1 1991  0 0 4097.56 4911.71 10371.2 5997.44 1879.77 156.755 153.99 299.959 512.074 0 0 0 0
450 1_1_1 1991  0 0 4526.48 6147.88 6700.29 7884.6 3955.1 1618.67 137.844 519.223 0 0 0 0 0
451 1_1_1 1991  0 0 5183.65 4208.36 6048.8 6902.14 6375.38 1123.53 26.2804 314.86 169.587 249.541 0 0 0
452 1_1_1 1991  0 0 4827.91 6683.86 8038.41 6333.55 2254.96 1351.26 0 115.888 0 32.5818 0 0 0
453 1_1_1 1991  0 0 4506.17 7064.69 8736.13 3714.44 2094.87 476.725 161.253 580.781 193.597 0 0 0 0
454 1_1_1 1991  0 0 4872.37 5526 6763.48 5799.98 5699.82 1449.82 276.843 254.192 0 0 0 0 0
455 1_1_1 1991  0 0 5053.86 6356.16 8893.22 5475.17 2688.03 858.268 55.0995 515.74 0 61.7537 0 0 0
456 1_1_1 1991  0 0 3245.95 8990.41 8588.88 4888.81 1723.1 1344.42 0 97.5287 111.087 0 0 0 0
457 1_1_1 1991  0 0 3694.82 5362.22 7653.59 6394.14 5843.64 849.138 0 385.202 157.654 46.9441 0 0 0
458 1_1_1 1991  0 0 4099.89 5608.71 8097.68 7034.24 3591.4 1174.19 158.648 247.355 92.2292 0 0 0 0
459 1_1_1 1991  0 0 3359.75 6459.59 9266.95 5714.1 3331.33 826.231 566.442 380.568 0 42.6635 0 0 0
460 1_1_1 1991  0 0 2649.58 5904.88 6753.68 6186.4 5296.94 1433.06 671.729 377.835 0 208.566 0 0 0
461 1_1_1 1991  0 0 2987.63 5568.23 11903.8 4040.61 3542.22 304.616 0 49.1668 0 0 0 0 0
462 1_1_1 1991  0 0 5182.87 4953 8291.4 5693.68 6702.75 811.813 71.2201 0 0 0 0 0 0
463 1_1_1 1991  0 0 4205.73 8809.78 8545.83 2954.94 2502.25 504.518 0 0 338.279 0 0 0 0
464 1_1_1 1991  0 0 3734.53 5933.07 8959.35 5870.37 4058.79 773.118 438.566 204.632 88.5816 105.473 0 0 0
465 1_1_1 1991  0 0 3404.41 10667.4 7355.9 3974.34 2054.95 612.248 47.269 264.319 34.4396 0 0 0 0
466 1_1_1 1991  0 0 4480.3 8185.98 7234.51 4494.83 4933.3 693.285 67.3999 49.8235 0 30.0196 0 0 0
467 1_1_1 1991  0 0 4089.86 9202.31 8641.93 4489.46 491.321 589.84 52.02 125.113 0 0 0 0 0
468 1_1_1 1991  0 0 4043.85 6657.47 8095.87 6636.32 3076.97 1194.67 0 0 231.442 0 0 0 0
469 1_1_1 1991  0 0 3987.3 4645.7 7129.99 7485.28 5737.42 907.012 0 45.8416 151.39 0 0 0 0
470 1_1_1 1991  0 0 3092.4 7574.3 8513.14 6586.51 3412.01 225.029 0 188.996 0 64.596 0 0 0
471 1_1_1 1991  0 0 3985.44 7718.41 10159.5 3711.87 4447.77 317.958 0 0 335.1 87.4449 0 0 0
472 1_1_1 1991  0 0 4827.63 8357 6472.9 4443.3 4017.18 1194.04 175.277 232.136 51.1389 0 0 0 0
473 1_1_1 1991  0 0 4777.84 5181.17 7489.77 6739.32 5775.37 1473.98 102.998 657.014 0 110.408 0 0 0
474 1_1_1 1991  0 0 3912.95 5975.52 6012.68 6249.06 4655.54 1735 324.293 350.592 74.5175 160.977 0 0 0
475 1_1_1 1991  0 0 4332.16 8291.83 8694.94 6246.62 1744.77 0 0 225.751 0 66.5614 0 0 0
476 1_1_1 1991  0 0 3914.19 7485.95 7847.23 4100.02 4753.71 447.174 0 318.219 0 36.714 0 0 0
477 1_1_1 1991  0 0 2770.28 8498.13 11099.4 3359.07 922.314 148.127 0 0 65.5065 0 0 0 0
478 1_1_1 1991  0 0 3267.51 5409.99 7376.21 6266.62 4729.02 676.381 19.3457 338.047 131.876 105.743 0 0 0
479 1_1_1 1991  0 0 3088.96 4506.18 6165.16 8237.22 5622.13 810.27 0 0 838.499 70.0075 0 0 0
480 1_1_1 1991  0 0 4118.81 7308.97 8753.89 3617.03 4118.7 862.642 413.032 581.361 42.501 0 0 0 0
481 1_1_1 1991  0 0 5027.16 8359.57 9084.87 3898.29 2619.43 306.812 0 49.1434 0 25.865 0 0 0
482 1_1_1 1991  0 0 2688.65 7722.81 7961.81 5550.62 4618.7 907.706 0 0 530.233 190.324 0 0 0
483 1_1_1 1991  0 0 2831.53 9248.72 8018.78 5919.34 1680.58 22.1109 0 81.2076 361.319 42.7766 0 0 0
484 1_1_1 1991  0 0 4032.6 4229.61 5231.01 8536.72 6617.33 2756.66 21.1476 68.5857 0 303.649 0 0 0
485 1_1_1 1991  0 0 3860.11 6252.21 5047.39 5991.87 5310.86 2023.2 1217.76 452.744 304.678 0 0 0 0
486 1_1_1 1991  0 0 4863.45 5365.38 8382.08 6976.82 4086.62 512.505 34.9339 447.2 93.0092 115.998 0 0 0
487 1_1_1 1991  0 0 4442.86 6624.04 6799.69 5719.99 4497.51 1462.58 358.429 355.449 203.255 13.7454 0 0 0
488 1_1_1 1991  0 0 3929.37 7867.72 7386.32 4538.99 3023.81 1150.18 0 1204.28 547.336 0 0 0 0
489 1_1_1 1991  0 0 4180.02 6526.6 8626.11 4600.63 4377.21 829.243 395.237 413.65 0 132.747 0 0 0
490 1_1_1 1991  0 0 4673.72 6869.82 9453.4 3810.62 4360.1 338.738 0 171.26 79.0452 0 0 0 0
491 1_1_1 1991  0 0 4288.2 7828.63 8964.12 4360.29 2989.99 1294.91 230.972 310.838 0 39.2577 0 0 0
492 1_1_1 1991  0 0 3216.55 7775.72 7242.93 4551.53 3054.76 1408.85 420.799 836.426 169.732 0 0 0 0
493 1_1_1 1991  0 0 4818.2 7844.04 7217.37 5120.44 5916.76 63.7021 15.9255 303.839 85.022 290.998 0 0 0
494 1_1_1 1991  0 0 4188.55 7208.83 9951.07 3980.45 4302.8 1257.7 0 204.938 0 0 0 0 0
495 1_1_1 1991  0 0 4121.96 7097.21 9950.22 4224.51 3791.8 198.802 418.945 493.732 0 76.5659 0 0 0
496 1_1_1 1991  0 0 4731.37 7630.5 9053.12 5431.06 871.744 665.424 0 374.445 0 0 0 0 0
497 1_1_1 1991  0 0 2828.94 9469.52 10245.9 3332.75 1771.92 440.693 0 45.615 75.9871 0 0 0 0
498 1_1_1 1991  0 0 3720.92 6757.79 6172.86 6574.44 4405.57 1080.79 42.8012 299.377 141.606 213.304 0 0 0
499 1_1_1 1991  0 0 4213.87 8583.49 6812.54 5320.17 3192.66 529.359 0 91.4483 204.38 0 0 0 0
500 1_1_1 1991  0 0 3017.84 6218.32 5724.3 6052.4 4805.59 1985.95 553.993 1058.13 222.896 0 0 0 0
501 1_1_1 1991  0 0 5590.68 5488.64 5013.34 7245.19 4560.54 1558.64 0 615.084 304.367 48.5671 0 0 0
502 1_1_1 1991  0 0 3859.42 7678.21 6605.72 4693.56 4421.04 1188.4 324.952 0 0 0 0 0 0
503 1_1_1 1991  0 0 4962.39 6439.45 9331.04 4374.08 2685.43 587.175 31.4483 0 180.155 0 0 0 0
504 1_1_1 1991  0 0 3943.22 5790.61 6960.27 5546.3 5184.77 1807.7 680.501 394.966 0 85.5659 0 0 0
505 1_1_1 1991  0 0 4188.55 7535.82 7532.23 5901.54 3388.5 853.527 30.6783 0 251.998 0 0 0 0
506 1_1_1 1991  0 0 3885.28 5212.48 9311.16 7292.65 2880.66 238.62 16.3647 71.1053 188.932 181.08 0 0 0
507 1_1_1 1991  0 0 4070.88 5762.94 8263.42 4502.82 3774.69 1543.48 191.786 393.959 175.722 0 0 0 0
508 1_1_1 1991  0 0 4327.32 5036.8 9114.29 5046.44 4068.15 992.587 12.372 200.527 99.432 86.8036 0 0 0
509 1_1_1 1991  0 0 4033.92 7552.63 9381.92 4370.21 2667.78 453.249 42.5771 210.052 102.821 57.0075 0 0 0
510 1_1_1 1991  0 0 4075.49 6458.93 7624.15 6438.08 3895.72 678.393 0 369.874 218.378 140.67 0 0 0
511 1_1_1 1991  0 0 3147.96 5692.32 6861.1 7327.08 4177.6 1655.1 754.811 901.085 291.863 0 0 0 0
512 1_1_1 1991  0 0 4248.36 7202.96 7974.23 4201.81 3918.12 937.721 0 636.404 137.579 92.8982 0 0 0
513 1_1_1 1991  0 0 4428.68 6853.08 7372.25 5359.79 2770.28 1097.83 0 849.149 0 72.1322 0 0 0
514 1_1_1 1991  0 0 5644.73 6237.06 8177.34 7083.57 3365.99 466.395 0 132.857 80.8688 68.6279 0 0 0
515 1_1_1 1991  0 0 4233.92 5806.4 6813.88 5778.04 6126.59 1031.84 26.5337 867.265 175.466 132.476 0 0 0
516 1_1_1 1991  0 0 3699.95 6448.73 6645.08 4363.24 5702.23 1421.11 274.61 1131.36 166.432 151.668 0 0 0
517 1_1_1 1991  0 0 4558.6 4637.49 7378.2 8948.59 3192.36 500.79 61.1917 173.321 271.374 0 0 0 0
518 1_1_1 1991  0 0 3667.02 4370.44 7483.85 6403.2 4811.61 1522.93 78.7625 498.774 505.215 37.9243 0 0 0
519 1_1_1 1991  0 0 4687.66 5895.84 7102.03 6387.61 5112.07 1497.32 280.285 572.263 0 0 0 0 0
520 1_1_1 1991  0 0 5080.32 4871.97 6869.24 6742.01 6062.7 1812.48 58.3298 175.929 247.929 81.1119 0 0 0
521 1_1_1 1991  0 0 4530.39 5656.34 6943.86 7529.59 4748.44 698.369 374.984 153.291 111.665 81.7552 0 0 0
522 1_1_1 1991  0 0 5000.8 7904.91 9460.06 5906.84 900.775 225.188 0 181.792 0 0 0 0 0
523 1_1_1 1991  0 0 4340.15 7334.69 10120 4518.72 885.248 384.085 506.961 243.876 0 0 0 0 0
524 1_1_1 1991  0 0 4439.28 7155.68 5846.95 6926.64 3979.34 1256.47 427.018 340.844 0 69.8154 0 0 0
525 1_1_1 1991  0 0 3798.17 6605.03 5076.94 7542.95 3869.11 1031.36 370.949 752.05 165.77 184.185 0 0 0
526 1_1_1 1991  0 0 3698.83 7090.26 6600.82 6744.27 4349.08 1315.01 340.018 287.252 0 110.951 0 0 0
527 1_1_1 1991  0 0 5465.39 4963.66 5811.95 6813.17 5077.48 1793.09 241.678 892.404 338.5 176.691 0 0 0
528 1_1_1 1991  0 0 4991.54 9670.44 8295.84 4615.4 1535.56 29.1367 0 51.7803 0 0 0 0 0
529 1_1_1 1991  0 0 4065.95 6224.5 8567.16 6214.64 2780.19 1145.58 267.057 0 96.4846 0 0 0 0
530 1_1_1 1991  0 0 3863.34 8211.18 7591.18 5387.26 2079.26 799.892 0 463.016 256.545 0 0 0 0
531 1_1_1 1991  0 0 4086.72 8659.2 7851.87 5549.92 1097.71 235.53 34.4665 229.768 125.993 0 0 0 0
532 1_1_1 1991  0 0 3679.56 5179.36 8642 6324.55 4205.37 764.576 386.261 640.719 0 147.777 0 0 0
533 1_1_1 1991  0 0 5026.86 5868.69 9342.06 4572.2 4921.68 390.35 0 100.127 0 227.234 0 0 0
534 1_1_1 1991  0 0 4231.29 8076.7 9538.66 3307.01 3262.52 585.768 83.5382 147.768 0 0 0 0 0
535 1_1_1 1991  0 0 3664.43 9798.47 6593.98 5742.13 1192.58 721.302 448.863 167.556 0 0 0 0 0
536 1_1_1 1991  0 0 3747.49 7734.94 6887.09 5588.46 3086.24 390.511 1291.36 473.588 0 60.0786 0 0 0
537 1_1_1 1991  0 0 3747.21 5469.21 6775.19 7661.55 4355.12 1307.77 340.139 305.903 306.285 112.55 0 0 0
538 1_1_1 1991  0 0 2875.31 5731.81 6437.41 5960.16 5932.36 2253.95 69.0674 241.126 146.482 0 0 0 0
539 1_1_1 1991  0 0 4042.07 6647.47 7351.93 5536.72 3551.63 904.607 0 180.308 233.182 29.3622 0 0 0
540 1_1_1 1991  0 0 4157.29 8939.44 8681.95 3686.02 3045.38 354.119 50.475 310.091 121.277 56.019 0 0 0
541 1_1_1 1991  0 0 3710.15 7406.44 7962.18 6181.8 3967.48 573.888 267.173 507.717 0 0 0 0 0
542 1_1_1 1991  0 0 5282.32 6184.73 9755.41 4951.73 2566.17 633.469 162.534 316.439 60.741 0 0 0 0
543 1_1_1 1991  0 0 4068.25 6996.39 7945.74 5476.18 3607.4 1362.42 622.788 256.292 51.7225 0 0 0 0
544 1_1_1 1991  0 0 4898.84 6547.75 8782.83 4259.41 5219.93 1018.99 186.741 56.7919 0 22.2103 0 0 0
545 1_1_1 1991  0 0 4344.66 7408.88 9144 5464.61 2589.52 997.978 174.175 127.635 0 54.3659 0 0 0
546 1_1_1 1991  0 0 3373.97 6432.65 7669.03 6197.73 2823.71 1243.74 59.2632 373.359 223.176 0 0 0 0
547 1_1_1 1991  0 0 4242.98 9313.98 7766.49 4471.22 2247.14 226.963 318.532 290.292 0 0 0 0 0
548 1_1_1 1991  0 0 4105.31 6692.76 9558.83 6779.05 2199.3 441.792 13.4917 272.912 162.222 0 0 0 0
549 1_1_1 1991  0 0 4522.21 7554.54 7868.2 4703.1 1722.04 1428.99 655.113 117.669 350.478 0 0 0 0
550 1_1_1 1991  0 0 5179.66 6643.83 9166.77 5462.2 1949.35 852.226 0 365.6 116.819 177.547 0 0 0
551 1_1_1 1991  0 0 4060.64 5693.71 6030.14 5817.88 5558 1912.26 170.695 233.737 151.653 94.9137 0 0 0
552 1_1_1 1991  0 0 4352.69 6275.7 9521.76 3824.76 3171.83 1172.62 272.716 433.669 176.178 0 0 0 0
553 1_1_1 1991  0 0 5261.02 5413.8 6096.92 6089.32 6310.01 1474.4 235.669 306.361 240.797 70.0022 0 0 0
554 1_1_1 1991  0 0 3350.23 10208 7763.71 4129.21 1919.57 589.013 116.43 249.153 0 0 0 0 0
555 1_1_1 1991  0 0 3765.35 7807.5 6813.32 6496.28 2101.42 1093.61 262.764 445.344 167.165 0 0 0 0
556 1_1_1 1991  0 0 4412.79 6734.16 8899.95 5622.02 3747.7 398.05 0 101.927 137.37 187.759 0 0 0
557 1_1_1 1991  0 0 4592.05 6243.8 7260.01 6497.41 4113.27 1768.65 19.5242 119.048 90.9336 27.1664 0 0 0
558 1_1_1 1991  0 0 3233.03 6379.53 9906.46 5507.24 2611.37 569.3 150.722 260.655 0 41.7436 0 0 0
559 1_1_1 1991  0 0 4596.29 4830.6 9226.31 6735.84 2974.77 845.843 0 509.638 573.811 0 0 0 0
560 1_1_1 1991  0 0 4019.43 6806.2 8382.47 4285.87 4539.32 906.525 0 85.4751 203.128 0 0 0 0
561 1_1_1 1991  0 0 3924.88 5851.08 8016.89 7957.35 3137.24 466.055 263.975 0 112.454 0 0 0 0
562 1_1_1 1991  0 0 3990.25 5582.79 8361.9 4850.16 5054.77 868.154 123.83 366.189 0 29.8198 0 0 0
563 1_1_1 1991  0 0 3998.9 4781.37 8096.05 5267.08 4684.01 1848.13 438.022 756.092 282.351 0 0 0 0
564 1_1_1 1991  0 0 2651.04 6942.37 9235.83 5670.1 2853.11 455.822 305.41 340.209 176.373 130.402 0 0 0
565 1_1_1 1991  0 0 4478.92 6674.91 6359.81 6830.08 3478.66 2735.13 146.923 106.828 404.55 0 0 0 0
566 1_1_1 1991  0 0 4624.08 6629.39 9739.63 4705.45 2514.16 280.714 0 0 602.857 0 0 0 0
567 1_1_1 1991  0 0 3932.91 7146.31 10745 4980.32 2547.68 302.587 0 75.0582 0 22.6547 0 0 0
568 1_1_1 1991  0 0 5433.35 5681.67 5932.02 7235.42 5411.47 1305.68 623.571 544.844 96.8694 0 0 0 0
569 1_1_1 1991  0 0 4144.73 5260.54 8206.5 7460.42 3670.6 1339.09 152.074 122.393 260.232 0 0 0 0
570 1_1_1 1991  0 0 4736.74 7406.09 5029.91 5224.42 4835.06 2017.59 468.118 443.595 95.5593 0 0 0 0
571 1_1_1 1991  0 0 3863.52 6526.88 9168.74 4133.32 5769.2 871.441 0 379.226 101.717 171.143 0 0 0
572 1_1_1 1991  0 0 3461.4 5885.06 8519.77 4190.48 5752.57 1263.3 0 259.247 313.303 236.621 0 0 0
573 1_1_1 1991  0 0 5087.43 6430.09 9775.03 5174.28 2442.66 205.398 76.7574 293.806 42.6107 115.724 0 0 0
574 1_1_1 1991  0 0 4823.67 4817.44 10050.5 4824.35 3878.11 726.269 210.178 473.327 250.083 0 0 0 0
575 1_1_1 1991  0 0 3961.06 6625.86 7850.04 4803.17 4119.71 1231.6 0 633.754 250.116 0 0 0 0
576 1_1_1 1991  0 0 5362.86 4574.39 7186.92 6007.72 4892.1 1283.56 211.509 1569.08 167.813 398.249 0 0 0
577 1_1_1 1991  0 0 4098.68 4822.53 5676.16 7050.55 8035.85 543.019 0 0 267.283 191.355 0 0 0
578 1_1_1 1991  0 0 3944.67 5843.19 7536.84 6712.47 3467.65 1181.24 516.342 457.155 143.316 70.7682 0 0 0
579 1_1_1 1991  0 0 2971.26 4964.77 10525.4 7114.1 2179.61 261.509 59.815 100.656 192.939 0 0 0 0
580 1_1_1 1991  0 0 4004.48 7574.73 10580 5682.3 2042.16 123.501 0 82.421 666.74 0 0 0 0
581 1_1_1 1991  0 0 3643.07 4384.67 8433.48 6881.66 4165.15 848.769 48.9788 82.3548 224.407 63.3053 0 0 0
582 1_1_1 1991  0 0 3874.51 7091.3 6565.37 6762.04 2486.17 844.518 533.399 131.106 559.813 0 0 0 0
583 1_1_1 1991  0 0 4556.43 5668.29 3927.19 7711.68 6086.97 1795.16 820.737 792.142 483.983 71.7438 0 0 0
584 1_1_1 1991  0 0 3342.91 5076.76 6240.02 5579.84 6800.28 1613.15 275.77 375.88 761.913 0 0 0 0
585 1_1_1 1991  0 0 4522.67 6839.43 8209.5 4662.52 3778.35 1083.36 43.0123 99.676 266.944 48.7946 0 0 0
586 1_1_1 1991  0 0 4612.57 6610.94 8439.25 4961.52 3513.31 1114.94 113.255 114.337 0 0 0 0 0
587 1_1_1 1991  0 0 4180.27 8792.63 8339.17 4161.08 2032.23 364.41 213.418 369.101 0 146.595 0 0 0
588 1_1_1 1991  0 0 4534.03 4814.94 6842.22 6336.1 5867.92 1721.66 301.996 355.684 0 0 0 0 0
589 1_1_1 1991  0 0 3580.26 6509.24 6394.91 4713.74 5732.79 1527.36 541.303 570.285 264.347 88.4512 0 0 0
590 1_1_1 1991  0 0 3695.51 6840.25 7599.97 5551.58 5478.58 1806.97 369.968 348.285 158.51 61.0825 0 0 0
591 1_1_1 1991  0 0 4734.99 8314.08 11250.1 3243.9 1317.45 342.521 0 133.894 0 0 0 0 0
592 1_1_1 1991  0 0 3259.8 6548.88 6203.19 5765.17 6065.4 2263.5 274.748 410.066 100.85 94.6531 0 0 0
593 1_1_1 1991  0 0 3710.14 9034.9 8824.11 3625.27 3114.42 361.644 0 0 93.9125 38.7683 0 0 0
594 1_1_1 1991  0 0 4465.5 5856.78 6323.76 6831.48 4210.09 1754.94 156.576 632.227 0 113.036 0 0 0
595 1_1_1 1991  0 0 4796.75 5610.26 7301.03 6231.97 3717.89 768.254 68.2439 153.694 112.876 35.686 0 0 0
596 1_1_1 1991  0 0 4284.3 7365.51 10589.7 3717.12 1528.58 143.867 0 140.365 74.8299 0 0 0 0
597 1_1_1 1991  0 0 3292 8714.31 7402.63 5939.98 1630.77 565.466 92.396 124.402 0 0 0 0 0
598 1_1_1 1991  0 0 4586.33 5009.78 7526.91 6228.23 5091.98 956.344 207.348 779.683 438.937 70.666 0 0 0
599 1_1_1 1991  0 0 3546.69 5127.27 8929.43 4449.31 5855.97 1046.65 0 422.896 69.6066 42.1849 0 0 0
600 1_1_1 1991  0 0 2847.59 4706.09 8279.81 7931.39 3698.79 1199.79 23.0339 0 83.8129 0 0 0 0
601 1_1_1 1991  0 0 4303.41 6424.69 5501.21 5193.95 6737.95 1426.94 181.76 524.907 229.861 59.7955 0 0 0
602 1_1_1 1991  0 0 3782.6 8501.23 7739.36 4711.07 2703.99 429.949 383.372 157.127 136.478 0 0 0 0
603 1_1_1 1991  0 0 3699.19 7440.69 6115.42 4884.27 5428.69 1050.81 0 322.291 632.946 80.3963 0 0 0
604 1_1_1 1991  0 0 3819.01 7869.17 7408.99 5081.4 3933.52 603.599 37.563 558.369 59.9864 68.4106 0 0 0
605 1_1_1 1991  0 0 5648.2 4879.06 6242.77 5971.67 4640.27 1665.94 251.857 715.472 0 104.514 0 0 0
606 1_1_1 1991  0 0 4220.88 6995.19 9897.05 4244.49 2900.3 545.763 56.5299 57.7616 80.5917 54.8045 0 0 0
607 1_1_1 1991  0 0 3641.73 10014.5 6560.56 4732.41 1768.8 744.029 139.102 792.359 129.048 0 0 0 0
608 1_1_1 1991  0 0 4482.93 8166.12 10358.6 3855.64 1031.97 511.565 207.901 466.79 0 0 0 0 0
609 1_1_1 1991  0 0 4876.34 8389.11 7552.91 3016.15 4826.92 534.231 29.5661 534.208 142.636 336.557 0 0 0
610 1_1_1 1991  0 0 3191.39 7764.73 7976.2 6508.32 2957.5 393.443 0 332.416 102.607 171.401 0 0 0
611 1_1_1 1991  0 0 3637.72 5084.98 9348.32 6441.96 2936.06 996.153 0 554.338 403.334 0 0 0 0
612 1_1_1 1991  0 0 4245.97 6903.15 7611.84 5402.94 4638.44 810.133 14.1757 216.039 127.573 71.496 0 0 0
613 1_1_1 1991  0 0 3935.16 7746.78 9563.78 5587.49 1102.06 309.514 17.7245 64.4805 145.322 0 0 0 0
614 1_1_1 1991  0 0 3983.77 5001.27 7341.6 7311.43 5435.18 908.564 0 33.225 0 0 0 0 0
615 1_1_1 1991  0 0 4698.44 5450.94 5428.05 8411.88 4857.3 1100.29 512.398 858.511 141.758 0 0 0 0
616 1_1_1 1991  0 0 5162.2 5967.69 6215.21 5524.03 5363.23 1916.31 556.432 512.716 0 0 0 0 0
617 1_1_1 1991  0 0 3807.08 7771.18 5843.18 5108.23 6169.61 1249.91 127.752 367.043 492.671 38.372 0 0 0
618 1_1_1 1991  0 0 4723.39 7159.15 7227.42 4389.82 5004.95 1098.89 208.381 867.564 0 38.6296 0 0 0
619 1_1_1 1991  0 0 5274.23 6394.51 6725.58 6557.13 5779.74 1178.03 31.7385 467.119 97.2382 0 0 0 0
620 1_1_1 1991  0 0 4613.82 7875.53 9356.53 4418.24 1661.49 680.45 215.581 88.9255 84.6504 0 0 0 0
621 1_1_1 1991  0 0 3028.26 5252.74 8278.65 6422.98 4745.31 956.313 107.178 787.025 354.584 257.115 0 0 0
622 1_1_1 1991  0 0 4252.11 4705.56 8327.84 5800.12 4696.64 1969.47 243.42 951.605 306.808 193.4 0 0 0
623 1_1_1 1991  0 0 4698.93 10412.9 7460.12 3810.49 2493.33 20.1425 0 110.321 33.6624 0 0 0 0
624 1_1_1 1991  0 0 4416.1 9148.2 9113.59 2796.88 2282.03 17.9464 47.6008 191.185 0 0 0 0 0
625 1_1_1 1991  0 0 4851.23 4354.8 4923.49 6982.07 8164.2 2250.54 0 783.949 104.92 498.424 0 0 0
626 1_1_1 1991  0 0 4458.36 2521.59 6892.8 6629.02 8844.79 2302.47 0 303.174 339.648 191.615 0 0 0
627 1_1_1 1991  0 0 4456.29 4636.41 9527.69 5742.45 2878.14 1195.74 382.408 363.629 132.255 0 0 0 0
628 1_1_1 1991  0 0 4958.69 5510.42 7887.78 7674.96 2635.54 600.906 0 136.797 217.001 0 0 0 0
629 1_1_1 1991  0 0 4173.84 4654.09 7461.55 6725.04 4650.73 2414.15 0 327.076 217.803 81.1905 0 0 0
630 1_1_1 1991  0 0 5347.76 5821.65 6123.89 6346.29 5648.99 1530.94 353.401 810.383 122.718 0 0 0 0
631 1_1_1 1991  0 0 4224.82 6290.96 8077.42 6108.46 4543.72 246.887 59.2863 0 47.1399 122.906 0 0 0
632 1_1_1 1991  0 0 4596.98 5611.07 4719.55 6939.13 6428.41 1540.51 146.397 828.953 415.673 0 0 0 0
633 1_1_1 1991  0 0 2914.44 7256.27 9256.02 6446.07 1667.02 465.87 59.1079 211.325 0 0 0 0 0
634 1_1_1 1991  0 0 3852.85 5456.92 8860.41 5378.67 4823.71 737.321 29.774 666.059 55.7455 159.727 0 0 0
635 1_1_1 1991  0 0 4229.27 5726.37 8315.13 7060.21 4089.34 1043.62 0 87.1395 412.059 89.9316 0 0 0
636 1_1_1 1991  0 0 4266.26 4499.91 7145.18 5633.83 5304.94 2589.98 397.252 714.795 0 0 0 0 0
637 1_1_1 1991  0 0 4573.48 7665.99 7920.81 4952.86 3363.32 171.321 7.76176 279.248 0 51.8774 0 0 0
638 1_1_1 1991  0 0 3592.31 8847.56 8965.37 3481.88 3724.47 463.173 0 84.9958 45.1096 38.6702 0 0 0
639 1_1_1 1991  0 0 4528.47 6504.02 7137.83 5350.91 4659.46 1286.67 439.644 703.663 116.768 0 0 0 0
640 1_1_1 1991  0 0 4944.35 6055.38 8319.87 5109.27 3728.4 1761.13 426.381 352.26 168.927 41.824 0 0 0
641 1_1_1 1991  0 0 5342.32 5818.62 7192.41 6353.56 4271.29 1156.46 357.549 191.257 114.291 0 0 0 0
642 1_1_1 1991  0 0 3714.11 5827.2 9753.94 4080.1 3002.47 1685.66 346.213 820.276 49.068 66.197 0 0 0
643 1_1_1 1991  0 0 3928.81 6652.12 9625.22 5530.39 2986.8 656.76 0 1215.59 0 90.2097 0 0 0
644 1_1_1 1991  0 0 4312.42 6975.42 7615.92 5256.01 5314.13 698.843 45.1597 87.7773 87.2657 0 0 0 0
645 1_1_1 1991  0 0 4521.91 4868.13 5792.77 8491.85 3583.16 2167.18 641.264 304.838 225.174 0 0 0 0
646 1_1_1 1991  0 0 3888.01 5895.28 6523.32 5173.16 6400.89 1354.6 278.835 285.234 237.366 41.6887 0 0 0
647 1_1_1 1991  0 0 4121.3 5173.66 6900.83 8795.19 4302.68 1152.51 47.3471 143.343 181.78 105.973 0 0 0
648 1_1_1 1991  0 0 3955.31 6524.74 7896.63 5451.84 3913.94 1004.3 290.892 272.912 70.5005 0 0 0 0
649 1_1_1 1991  0 0 3130.52 7175.88 8682.77 4337.37 4283.85 322.975 0 54.0375 0 29.1631 0 0 0
650 1_1_1 1991  0 0 2776.38 7868.27 6055.27 6257.34 4174 1185.87 519.34 153.503 223.517 107.214 0 0 0
651 1_1_1 1991  0 0 3960.42 5399.84 6752.44 5602.11 5399.14 1910.26 424.99 1033.19 343.66 0 0 0 0
652 1_1_1 1991  0 0 3975.05 7319.41 7377.28 5917.76 2833.97 1231.75 309.866 501.536 0 0 0 0 0
653 1_1_1 1991  0 0 4143.1 6275.35 8314.54 5221.44 3004.08 930.553 356.504 178.822 249.942 0 0 0 0
654 1_1_1 1991  0 0 4173.91 6213.33 5588.12 7060.29 5288.92 1708.37 737.722 129.321 520.304 0 0 0 0
655 1_1_1 1991  0 0 2400.2 7537.57 8457.34 5035.45 3162.5 844.865 78.7952 0 405.473 0 0 0 0
656 1_1_1 1991  0 0 3847.29 4809.29 8146.6 9174.32 1685.24 258.653 406.457 605.063 56.9062 0 0 0 0
657 1_1_1 1991  0 0 4062.74 6210.87 6515.62 7393.61 2346.91 1946.27 265.337 281.585 292.803 0 0 0 0
658 1_1_1 1991  0 0 4998.26 7300.71 10437.2 3802.58 2151 330.506 22.268 102.176 0 41.0195 0 0 0
659 1_1_1 1991  0 0 5459.66 7060.74 8621.39 5353.35 3094.62 526.034 0 90.4488 113.258 0 0 0 0
660 1_1_1 1991  0 0 4173.19 5882.52 8964.38 5762.88 3732.82 994.832 0 203.346 111.663 0 0 0 0
661 1_1_1 1991  0 0 3820.18 6651.66 6918.77 5317.15 4029.19 753.024 657.641 701.106 424.736 256.726 0 0 0
662 1_1_1 1991  0 0 4980.44 6962.04 9265.07 3742.65 2823.59 1796.19 117.909 220.774 0 121.919 0 0 0
663 1_1_1 1991  0 0 4444.57 7180.06 6714.23 6110.35 3700 1538.69 123.533 306.729 0 41.8335 0 0 0
664 1_1_1 1991  0 0 3962.18 6348.1 9127.88 5105.19 2309.18 1659.41 0 91.634 536.57 0 0 0 0
665 1_1_1 1991  0 0 4936.33 9065.78 9036.9 4063.48 1677.68 455.957 96.5601 168.405 181.837 0 0 0 0
666 1_1_1 1991  0 0 3966.94 6017.23 7899.54 5003.89 5069.45 813.44 0 422.847 265.424 236.164 0 0 0
667 1_1_1 1991  0 0 4590.27 6824.12 7732.16 5955.71 3162.17 1738.3 270.848 610.906 605.561 0 0 0 0
668 1_1_1 1991  0 0 4862.15 5510.06 7805.87 5085.98 5466.06 1304.02 0 305.948 194.249 34.7299 0 0 0
669 1_1_1 1991  0 0 4111.34 7644.13 7011.89 5147.2 4324.09 358.683 0 205.414 79.392 71.7196 0 0 0
670 1_1_1 1991  0 0 5405.83 6036.91 9290.65 4688.08 1974.06 1053.22 173.996 112.899 166.098 0 0 0 0
671 1_1_1 1991  0 0 4772.42 5153.18 6961.45 7668.36 4136.95 2302.48 573.74 313.478 323.31 0 0 0 0
672 1_1_1 1991  0 0 3766.49 4173.26 9204.49 6816.38 3702.22 827.746 0 433.996 264.129 47.0726 0 0 0
673 1_1_1 1991  0 0 4241.81 5500.83 12468.3 3739.14 1824.88 673.319 0 101.577 0 0 0 0 0
674 1_1_1 1991  0 0 3792.19 5300.66 11245.5 2822.46 5317.2 1001.2 0 100.89 167.8 0 0 0 0
675 1_1_1 1991  0 0 3300.82 3393.75 7312.7 7702.91 5640.55 1238.22 372.264 490.103 0 0 0 0 0
676 1_1_1 1991  0 0 4773.17 7668.78 9442.79 4466.5 3356.63 679.194 35.8628 354.961 0 0 0 0 0
677 1_1_1 1991  0 0 5161.09 5527 8320.69 7163.35 3045.11 593.267 27.5193 45.4651 107.664 153.463 0 0 0
678 1_1_1 1991  0 0 4130.85 5615.27 7140.1 6057.86 3787.25 1477.6 188.312 879.025 268.706 0 0 0 0
679 1_1_1 1991  0 0 4591.19 7037.89 7680.32 3748.49 4678.57 1360.29 0 963.356 0 165.006 0 0 0
680 1_1_1 1991  0 0 5113.56 3922.12 7502.54 7677.41 4170.41 1198.59 137.363 524.142 675.117 0 0 0 0
681 1_1_1 1991  0 0 3998.98 7250.13 11729.4 3760.47 770.912 65.2616 0 0 107.387 0 0 0 0
682 1_1_1 1991  0 0 4203.34 6587.28 8354.3 5727.7 3137.64 875.553 0 396.828 71.1768 0 0 0 0
683 1_1_1 1991  0 0 5586.64 6065.04 8039.86 5324.2 4657.75 991.996 0 149.521 0 28.2201 0 0 0
684 1_1_1 1991  0 0 4965.2 7129.53 9493.18 6636.56 2461.06 617.77 0 0 0 0 0 0 0
685 1_1_1 1991  0 0 4291.19 8152.57 9317.88 4674.43 845.594 665.904 255.771 55.2733 68.6772 0 0 0 0
686 1_1_1 1991  0 0 5019.83 5194.46 8583.89 5682.46 4632.47 753.112 0 99.4757 219.202 0 0 0 0
687 1_1_1 1991  0 0 5779.07 6695.68 8034.63 5788.26 5731.5 273.572 0 0 0 0 0 0 0
688 1_1_1 1991  0 0 4858.83 5188.05 6415.75 5917.54 5418.73 1735.13 431.757 563.588 239.988 0 0 0 0
689 1_1_1 1991  0 0 5359.63 4464.19 8538.66 7168.08 4098.99 792.582 212.637 447.761 0 36.2622 0 0 0
690 1_1_1 1991  0 0 2587.92 4753.88 8761.05 7863.88 3890.2 576.958 0 0 220.928 203.686 0 0 0
691 1_1_1 1991  0 0 5084.34 5509.06 7286.42 6650.72 3862.24 1032.09 170.881 718.381 81.3476 0 0 0 0
692 1_1_1 1991  0 0 5113.53 6071.87 10943.7 4682.38 1497.68 269.221 240.654 521.236 0 0 0 0 0
693 1_1_1 1991  0 0 4955.62 4029.99 10043 5708.7 2982.48 717.562 214.754 228.085 124.036 0 0 0 0
694 1_1_1 1991  0 0 3763.22 3872.75 8317.74 6942.72 4534.42 1633.04 107.659 1490.1 132.421 71.1419 0 0 0
695 1_1_1 1991  0 0 3815.19 6410.18 8488.64 5088.58 4001.78 1123.95 393.934 553.716 95.9298 82.6019 0 0 0
696 1_1_1 1991  0 0 4519.73 5405.1 5901.98 7416.14 4786.62 960.571 466.525 265.599 0 182.034 0 0 0
697 1_1_1 1991  0 0 4621.96 6288.33 7205.32 6686.51 2677.9 639.817 103.201 615.092 150.28 87.8551 0 0 0
698 1_1_1 1991  0 0 4430.86 7839.36 6400.99 5943.56 4936.07 525.484 0 102.929 176.911 0 0 0 0
699 1_1_1 1991  0 0 4039.22 7551 6800.1 5430.43 4683.15 1000.49 0 714.461 0 398.159 0 0 0
700 1_1_1 1991  0 0 3636.26 4778.13 7844.14 5718.39 4624.17 1572.73 0 306.135 145.09 28.8796 0 0 0
701 1_1_1 1991  0 0 3363.07 6925.63 9534.75 3915.73 2643.29 778.664 308.169 734.644 339.066 0 0 0 0
702 1_1_1 1991  0 0 3507.38 4571.55 8386.93 7441.27 4548.83 897.766 75.1465 164.114 120.777 0 0 0 0
703 1_1_1 1991  0 0 5546.16 7888.45 9692.1 3977.45 1035 596.607 236.685 578.859 169.147 0 0 0 0
704 1_1_1 1991  0 0 5383.36 7541.62 7755.25 5073.6 3686.54 787.289 32.3702 98.2557 285.689 124.819 0 0 0
705 1_1_1 1991  0 0 4338.22 8557.77 6585.6 2682.07 6269.63 403.228 0 268.728 133.643 78.2806 0 0 0
706 1_1_1 1991  0 0 3952.74 6590.18 8607.18 5642.1 3251.97 1162.23 218.204 287.371 331.846 0 0 0 0
707 1_1_1 1991  0 0 3974.48 6791.28 8219.34 5853.55 3119.19 858.997 97.3279 247.886 0 250.246 0 0 0
708 1_1_1 1991  0 0 3247.68 6147.57 10495.5 5984.34 2022.99 509.144 395.083 748.961 127.541 0 0 0 0
709 1_1_1 1991  0 0 4579.75 5830.89 8942.11 5327.22 4142.55 1004.79 0 233.075 0 113.009 0 0 0
710 1_1_1 1991  0 0 4124.4 8785.06 8168.53 3848.39 3553.67 751.68 254.457 356.712 0 0 0 0 0
711 1_1_1 1991  0 0 3445.85 6123.45 7298.55 5961.55 5958.85 1104.44 0 92.6492 56.0358 55.3529 0 0 0
712 1_1_1 1991  0 0 4582.01 7238.2 6752.18 5647.13 4076.97 1236.16 242.979 512.399 244.025 0 0 0 0
713 1_1_1 1991  0 0 3594.92 6893.66 6447.29 6250.99 4192.9 918.272 0 27.9909 328.144 0 0 0 0
714 1_1_1 1991  0 0 4523.07 6688.59 8144.5 6764.56 2937.16 886.798 29.3528 0 541.277 0 0 0 0
715 1_1_1 1991  0 0 4598.59 3947.63 6834.6 6971.7 5806.73 1101.89 0 101.491 389.203 47.769 0 0 0
716 1_1_1 1991  0 0 5197.76 4053.84 5489.25 7592.72 6313.15 1544.29 357.381 874.194 0 355.144 0 0 0
717 1_1_1 1991  0 0 5695.7 4537.63 8166.9 6661.91 4951.53 948.297 342.497 402.589 0 0 0 0 0
718 1_1_1 1991  0 0 2815.99 6737.28 9037.43 4655.5 3815.79 183.375 23.0232 232.377 50.9292 36.7122 0 0 0
719 1_1_1 1991  0 0 3758.28 8148.14 8206.68 5056.02 2778.29 206.939 37.6744 32.8224 0 0 0 0 0
720 1_1_1 1991  0 0 3635.01 6515.05 8390.87 4835.81 4454.72 350.471 0 91.9613 351.358 38.0623 0 0 0
721 1_1_1 1991  0 0 3163.78 4886.91 8367.62 6004.17 5617.83 1002.7 49.5591 0 243.898 0 0 0 0
722 1_1_1 1991  0 0 2933.96 5280.99 7179.7 5814.02 5504.1 800.308 246.229 444.45 98.4676 138.85 0 0 0
723 1_1_1 1991  0 0 4178.64 10057.5 8380.02 4062.34 1681.74 79.5848 24.2468 0 121.936 212.152 0 0 0
724 1_1_1 1991  0 0 4454.19 5623.94 5768.74 6647.48 6140.12 1648.29 153.497 349.733 110.304 76.8514 0 0 0
725 1_1_1 1991  0 0 3558.08 7151.83 7656.42 4126.57 5064.96 944.435 0 0 284.099 0 0 0 0
726 1_1_1 1991  0 0 5237.05 5347.62 8192.19 6031.83 4406.03 1295.67 116.316 556.587 0 66.2315 0 0 0
727 1_1_1 1991  0 0 2477.75 5702.32 10241.8 5359.34 3740.72 1016.32 103.318 1284.61 0 60.4184 0 0 0
728 1_1_1 1991  0 0 3992.13 6270.94 8443.29 4771.01 4188.96 1038.57 0 201.78 209.284 0 0 0 0
729 1_1_1 1991  0 0 4428.27 5696.8 8721.15 6358.75 3970.53 1783.68 398.24 129.053 0 0 0 0 0
730 1_1_1 1991  0 0 3945.16 6302.13 7041.91 5156.29 5300.03 1470.44 111.853 305.633 291.501 246.227 0 0 0
731 1_1_1 1991  0 0 3372.29 6812.35 7581.9 5348.05 5016.72 1023.97 42.2316 369.591 0 0 0 0 0
732 1_1_1 1991  0 0 5749.8 5918.81 7224.42 5331.17 4791.37 1131.43 188.811 469.65 0 70.9923 0 0 0
733 1_1_1 1991  0 0 4119.55 8005.76 9666 3263.17 2039.29 901.099 252.164 329.894 154.949 0 0 0 0
734 1_1_1 1991  0 0 4340.82 5169.49 8663.48 5142.48 4593.79 443.752 0 391.51 191.405 105.61 0 0 0
735 1_1_1 1991  0 0 4499.88 8771.92 6571.72 4722.23 4837.28 853.457 0 445.548 68.3297 36.2086 0 0 0
736 1_1_1 1991  0 0 2906.03 6194.49 8238.74 5487.88 5044.38 1368.2 0 138.593 93.3806 99.0472 0 0 0
737 1_1_1 1991  0 0 3633.09 6631.99 8221.44 4995.93 4175.69 733.441 21.6981 181.824 117.95 226.339 0 0 0
738 1_1_1 1991  0 0 4967.18 6013.13 8938.87 6294.48 3674.07 586.73 0 101.099 504.136 0 0 0 0
739 1_1_1 1991  0 0 3476.97 4594.47 6300.48 6301.07 4754.34 2067.4 265.331 733.596 351.123 0 0 0 0
740 1_1_1 1991  0 0 3165.03 6158.04 7114.47 6099.28 4807.98 1436.3 14.0399 253.478 231.005 42.7157 0 0 0
741 1_1_1 1991  0 0 4008.35 11196.5 8733.27 3400.85 1100.84 664.317 0 20.4196 103.659 0 0 0 0
742 1_1_1 1991  0 0 4544.61 5677.49 9154.83 5995.96 4211.82 1302.73 208.989 717.813 0 38.9692 0 0 0
743 1_1_1 1991  0 0 3605.7 5694.67 5756.62 7513.59 6318.07 1419.14 216.539 778.309 495.476 0 0 0 0
744 1_1_1 1991  0 0 4919.11 6585.79 6529.84 6831.4 3395.56 1162.6 547.215 807.942 282.94 0 0 0 0
745 1_1_1 1991  0 0 5717.44 6621.39 7599.33 6333.49 3724.55 981.408 294.36 270.172 230.048 0 0 0 0
746 1_1_1 1991  0 0 4063.24 5335.63 7774.47 6812.72 3847.67 1353.4 351.127 689.56 218.108 0 0 0 0
747 1_1_1 1991  0 0 4298.63 5814.99 5875.22 5538.46 5000.34 2387.53 299.481 683.758 233.46 0 0 0 0
748 1_1_1 1991  0 0 4126.04 5429.1 8878.97 6088.5 1966.48 1300.39 739.793 491.273 0 49.7811 0 0 0
749 1_1_1 1991  0 0 4997.14 6931.6 9056.24 5849.01 2081.38 417.242 0 127.515 256.325 109.279 0 0 0
750 1_1_1 1991  0 0 4206.53 6184.59 7698.55 5958.01 2432.14 719.743 0 452.178 394.555 292.722 0 0 0
751 1_1_1 1991  0 0 3612.99 5599.1 10315.3 5009.53 4756.94 752.608 0 726.477 145.97 151.057 0 0 0
752 1_1_1 1991  0 0 3925.36 5895.22 7293.86 5604.47 4967.25 1694.83 0 720.883 417.351 282.418 0 0 0
753 1_1_1 1991  0 0 5081.74 5446.38 7147.12 5449.11 5774.93 1251.44 212.012 423.769 827.088 55.4052 0 0 0
754 1_1_1 1991  0 0 3385.8 6508.82 7994.16 5957.48 3908.36 1295.05 39.2191 432.302 0 0 0 0 0
755 1_1_1 1991  0 0 4733.14 6035.14 7397.76 5109.69 4770.3 1405.36 321.443 552.024 384.261 0 0 0 0
756 1_1_1 1991  0 0 4213.57 5247.5 6442.98 6437.75 5578.17 1770.56 186.061 632.098 132.356 109.685 0 0 0
757 1_1_1 1991  0 0 3931.17 9037.57 7376.14 4666.38 2176.13 1224.25 130.768 220.974 215.478 0 0 0 0
758 1_1_1 1991  0 0 4566.91 8567.38 8113.26 4512.22 2411.33 457.594 355.218 470.894 153.71 0 0 0 0
759 1_1_1 1991  0 0 4156.37 6575.94 10123.3 6624.12 1694.64 368.231 0 0 102.692 0 0 0 0
760 1_1_1 1991  0 0 4575.45 5650.6 9103.89 6733.8 3072.49 360.832 158.132 84.9407 226.094 0 0 0 0
761 1_1_1 1991  0 0 3846.08 7981.14 7517.66 5355.1 4290.69 675.556 0 144.474 242.109 0 0 0 0
762 1_1_1 1991  0 0 3485.4 9187.13 7879.83 5248.32 2258.15 221.195 23.4 0 0 0 0 0 0
763 1_1_1 1991  0 0 3216.59 9090.87 7166.44 4313.78 3573.09 753.76 1252.41 224.484 262.72 58.609 0 0 0
764 1_1_1 1991  0 0 3213 5703.46 9346.94 5447.56 3225.01 1079.29 56.7883 471.81 92.1875 0 0 0 0
765 1_1_1 1991  0 0 4295.27 7420.47 10017 4805.72 1539.89 316.095 0 206.913 0 0 0 0 0
766 1_1_1 1991  0 0 3646.43 4149.84 8492.48 6708.89 3862.81 1788.61 25.5272 0 165.056 0 0 0 0
767 1_1_1 1991  0 0 4040.8 5600.41 7226.54 6444.74 5320.47 972.08 0 160.716 353.619 160.565 0 0 0
768 1_1_1 1991  0 0 3699.46 6152.62 8035.86 7796.25 4033.52 661.68 0 0 0 51.5757 0 0 0
769 1_1_1 1991  0 0 4601.26 3736.65 9920.33 6433.32 3484.16 693.303 84.1634 71.8368 148.868 0 0 0 0
770 1_1_1 1991  0 0 4077.02 6866.21 5285.75 6734.94 5424.06 2354.37 31.7552 85.354 91.3427 0 0 0 0
771 1_1_1 1991  0 0 4203.68 6659.47 7004.9 4431.01 5662.98 945.582 259.603 422.711 115.911 0 0 0 0
772 1_1_1 1991  0 0 3893.4 5665.3 6637.09 5039.15 5717.11 2439.27 0 640.462 93.9009 176.56 0 0 0
773 1_1_1 1991  0 0 4933.72 7499.38 7177 4961.51 3065.13 634.993 77.0599 197.14 155.802 149.11 0 0 0
774 1_1_1 1991  0 0 5437.71 8155.69 5865.69 5159.21 4321.28 1344.5 174.529 301.082 113.352 47.3987 0 0 0
775 1_1_1 1991  0 0 4081.73 8812.71 8025.36 3665.23 4824.55 754.654 0 82.9288 82.7175 0 0 0 0
776 1_1_1 1991  0 0 4783.33 8399.59 8501.43 4791.96 3338 598.119 54.7051 96.39 0 60.8877 0 0 0
777 1_1_1 1991  0 0 5053.38 7264.3 6564.14 8080.35 2102.92 1016.27 37.3103 0 236.539 0 0 0 0
778 1_1_1 1991  0 0 2994.8 4408.12 8370.77 6178.62 4541.27 1474 0 407.657 0 191.089 0 0 0
779 1_1_1 1991  0 0 4762.7 6351.2 8775.3 5934.74 2543.92 644.808 0 138.2 78.1005 0 0 0 0
780 1_1_1 1991  0 0 4395.07 7942.14 8734.48 3587.81 2860.62 388.242 127.029 342.167 69.1693 86.7326 0 0 0
781 1_1_1 1991  0 0 4586.56 5725 7966.71 6554.27 2980.16 1281.54 0 645.746 0 0 0 0 0
782 1_1_1 1991  0 0 3154.56 7508.15 6916.64 6331.4 2394.11 1974.87 241.284 221.164 133.74 0 0 0 0
783 1_1_1 1991  0 0 3979.56 6801.51 8382.27 4652.14 2648.39 1255.82 194.289 252.65 489.481 0 0 0 0
784 1_1_1 1991  0 0 4465.22 6061.12 6136.38 7404.35 4259.81 1107.04 0 355.641 245.892 20.4367 0 0 0
785 1_1_1 1991  0 0 5345 7324.03 8258.92 4738.24 2947.41 904.174 396.732 531.737 0 271.554 0 0 0
786 1_1_1 1991  0 0 3752.58 5069.25 7339.29 6366.12 4366.39 1421.56 124.285 701.956 327.914 0 0 0 0
787 1_1_1 1991  0 0 3175.96 4466.05 7762.83 7177.5 3680.9 1779.95 17.0633 705.835 332.017 0 0 0 0
788 1_1_1 1991  0 0 3849.43 6904.45 9445.45 5743 2748.61 237.165 388.992 574.335 0 0 0 0 0
789 1_1_1 1991  0 0 4250.79 5854.01 9578.35 6055.45 1890.35 992.393 0 162.229 77.7091 91.1383 0 0 0
790 1_1_1 1991  0 0 4201.58 6160.05 10957.4 6120.9 1999.61 717.356 0 641.732 187.985 0 0 0 0
791 1_1_1 1991  0 0 5929.1 3800.42 6262.24 5910.7 7431.86 1509.95 300.627 334.151 204.1 0 0 0 0
792 1_1_1 1991  0 0 3305.59 6656.43 10146.3 5585.7 1520.17 113.886 0 162.881 0 238.752 0 0 0
793 1_1_1 1991  0 0 4478.63 5126.71 9274.26 5395.51 2929.18 475.711 0 575.178 33.709 49.0442 0 0 0
794 1_1_1 1991  0 0 4066.03 5399.94 7917.07 7700 3773.01 828.965 13.8686 127.512 299.682 0 0 0 0
795 1_1_1 1991  0 0 2413.89 6926.17 6116.13 7852.58 3151.41 1564.6 855.63 91.876 282.993 0 0 0 0
796 1_1_1 1991  0 0 5051.46 6959.64 8741.64 5543.13 1817.59 0 0 90.5513 0 0 0 0 0
797 1_1_1 1991  0 0 3813.75 4505.65 8632.25 5907.09 4545.6 761.747 0 208.021 117.807 105.582 0 0 0
798 1_1_1 1991  0 0 4039.01 8058.52 10873.8 3025.99 2936.28 46.1752 85.7606 62.5863 114.406 0 0 0 0
799 1_1_1 1991  0 0 5166.34 4966.13 5725.24 5860.97 5391.07 1840.69 1092.9 505.25 444.503 105.652 0 0 0
800 1_1_1 1991  0 0 4162.82 7036.38 8224.71 4489.39 3053.38 712.796 0 651.578 0 136.775 0 0 0
801 1_1_1 1991  0 0 2925.55 7295.85 8440.64 5096.24 6021.9 582.641 0 82.3858 801.001 253.927 0 0 0
802 1_1_1 1991  0 0 3463.9 5270.29 8761.78 6192.28 4441.18 537.656 146.396 94.7577 126.954 0 0 0 0
803 1_1_1 1991  0 0 3396.96 3593.75 5762.55 8372.19 6169.59 1960.54 201.604 473.479 226.953 65.5394 0 0 0
804 1_1_1 1991  0 0 4414.68 4719.53 8531.1 6245.31 3566.34 1149.24 131.493 162.093 631.181 0 0 0 0
805 1_1_1 1991  0 0 5239.54 5553.92 7512.21 5331.19 4357.81 1093.63 0 485.864 228.087 44.7658 0 0 0
806 1_1_1 1991  0 0 4416.83 5808.91 6478.31 7532.95 3884.41 617.924 0 390.247 0 0 0 0 0
807 1_1_1 1991  0 0 3658.95 6901.68 8920.16 5581.77 2681.1 844.647 99.1492 223.541 251.44 30.5611 0 0 0
808 1_1_1 1991  0 0 3901.77 4830.76 7367.99 5805.72 5040.6 2000.5 654.556 763.501 307.374 103.899 0 0 0
809 1_1_1 1991  0 0 4330.45 3588.43 8671.57 6340.54 4928.08 1788.5 172.798 165.182 582.206 0 0 0 0
810 1_1_1 1991  0 0 4521.1 7242.6 10541.3 2472.95 2944.03 767.252 137.225 211.408 140.758 0 0 0 0
811 1_1_1 1991  0 0 4204.13 5193.31 6923.99 6792.75 4341.16 1427.47 199.626 743.796 0 0 0 0 0
812 1_1_1 1991  0 0 5112.22 3390.38 8041.58 5975.82 7112.23 1303.39 0 439.076 280.287 51.7301 0 0 0
813 1_1_1 1991  0 0 4206.94 3371.21 7844.03 8317.29 3272.54 1564.34 0 734.174 313.2 74.0312 0 0 0
814 1_1_1 1991  0 0 1807.71 5349.25 6702.68 7421.58 5529.08 1087.4 0 174.412 537.416 109.766 0 0 0
815 1_1_1 1991  0 0 3585.87 5143.3 4836.57 7623.25 5724.23 2505.15 410.305 624.346 304.319 117.959 0 0 0
816 1_1_1 1991  0 0 3497.09 8817.5 9458.48 3407.74 2062.78 123.213 0 80.3078 0 0 0 0 0
817 1_1_1 1991  0 0 5518.1 5095.39 7322.35 6003.16 3979.5 624.944 73.2549 504.47 389.022 136.35 0 0 0
818 1_1_1 1991  0 0 3765.59 8075.5 7974.65 5987.01 2535.4 468.653 64.1285 0 43.8903 0 0 0 0
819 1_1_1 1991  0 0 4614.5 5764.45 6932.73 5277.11 7087.23 0 40.5265 0 0 0 0 0 0
820 1_1_1 1991  0 0 3371.22 6762.1 9344.85 5942.9 2112.95 384.247 0 330.589 129.168 33.6854 0 0 0
821 1_1_1 1991  0 0 4560.1 4714.68 5933.4 6618.41 6479.31 1885.85 61.0421 897.85 262.7 348.516 0 0 0
822 1_1_1 1991  0 0 5091.73 3680.69 7955.7 6112.88 5272.01 1441.28 624.884 643.135 0 45.2801 0 0 0
823 1_1_1 1991  0 0 4041.44 5352.13 7499.59 7198.36 4038.41 827.243 75.2273 119.748 86.1659 0 0 0 0
824 1_1_1 1991  0 0 3988.91 6924.03 7523.09 4707.45 4082.95 675.663 0 173.099 100.797 22.2551 0 0 0
825 1_1_1 1991  0 0 4380.95 4980.34 8415.79 6014.67 5150.78 1301.36 0 77.2271 89.3296 26.1646 0 0 0
826 1_1_1 1991  0 0 5127.8 4933.5 9729.41 7296.53 3977.33 691.384 0 183.364 142.085 48.1582 0 0 0
827 1_1_1 1991  0 0 4957.81 6039.55 9334.2 5943.43 2061.28 465.855 50.2186 217.452 0 79.1445 0 0 0
828 1_1_1 1991  0 0 3651.8 5994.76 7132.14 7225.85 4051.75 858.292 214.895 436.073 78.2359 0 0 0 0
829 1_1_1 1991  0 0 4464 7743.24 6117.74 5953.56 4694.8 1050.6 23.1602 687.653 65.7359 92.7289 0 0 0
830 1_1_1 1991  0 0 2687.63 9301.87 7399.2 4485.36 2717.83 605.903 0 0 45.376 0 0 0 0
831 1_1_1 1991  0 0 4190.37 6829.38 8375.08 5614.87 2971.91 975.134 273.197 288.94 256.988 0 0 0 0
832 1_1_1 1991  0 0 3351.15 8065.75 6645.91 5504.73 3015.87 1093 0 297.325 116.691 0 0 0 0
833 1_1_1 1991  0 0 2763.36 10852.1 7777.44 3526.17 2157.26 501.972 425.947 331.689 0 0 0 0 0
834 1_1_1 1991  0 0 3766.32 4096.11 6811.96 6697.27 5775.63 2231.48 476.262 149.778 296.964 47.5415 0 0 0
835 1_1_1 1991  0 0 4317.8 7574.35 8218.44 4854.3 3134.5 489.585 0 665.751 385.743 104.673 0 0 0
836 1_1_1 1991  0 0 4669.72 6736.23 8972.91 5509.63 3937.6 830.763 0 0 150.493 43.5168 0 0 0
837 1_1_1 1991  0 0 3164.18 8909.99 6766.32 5059.17 4232.23 796.882 0 267.26 221.23 0 0 0 0
838 1_1_1 1991  0 0 4889.2 7119.14 5872.3 7690.11 3706.48 1158.18 334.083 179.881 107.12 0 0 0 0
839 1_1_1 1991  0 0 4531.54 7496.35 8077.47 4027.45 4328.35 643.758 24.3073 271.548 0 49.84 0 0 0
840 1_1_1 1991  0 0 3705.55 7592.29 6757.67 3875.57 6344.28 1978.65 0 182.283 263.196 0 0 0 0
841 1_1_1 1991  0 0 5048.23 5445.59 8415.14 5477.69 4227.07 875.826 129.827 223.812 200.153 37.6476 0 0 0
842 1_1_1 1991  0 0 5345.07 6821.06 6287.49 5965.52 5044.9 1089.59 0 377.034 324.891 139.719 0 0 0
843 1_1_1 1991  0 0 3235.58 6713.97 6106.39 5301.04 5856.15 2171.16 552.815 563.81 301.799 0 0 0 0
844 1_1_1 1991  0 0 4337.79 7497.96 8682.97 5739.13 1651.68 453.648 53.54 89.8239 377.964 0 0 0 0
845 1_1_1 1991  0 0 4958.55 6410.57 6349.36 7262.99 3290.85 1099.68 558.448 172.084 192.459 0 0 0 0
846 1_1_1 1991  0 0 4661.23 5721.21 10375.8 5662.72 2329.32 557.775 61.1072 0 348.932 0 0 0 0
847 1_1_1 1991  0 0 3331.85 8773.08 5342.14 7320.84 3988.78 584.24 0 0 77.5732 0 0 0 0
848 1_1_1 1991  0 0 3582.81 5477.69 8447.39 5604 4473.22 877.661 45.0335 893.081 119.21 163.305 0 0 0
849 1_1_1 1991  0 0 3525.45 6219.82 5993.16 7426.83 3883.74 1805.59 367.634 376.159 137.147 0 0 0 0
850 1_1_1 1991  0 0 5491.83 5065.15 7183.48 6073.52 4664.87 1520.45 352.769 430.77 214.816 28.453 0 0 0
851 1_1_1 1991  0 0 3867.93 6594.33 7638.78 6261.24 4112.27 643.128 221.817 281.094 0 75.1579 0 0 0
852 1_1_1 1991  0 0 4254.27 5118.26 4215.04 7749.97 6354.42 2329.95 22.4227 894.577 110.922 0 0 0 0
853 1_1_1 1991  0 0 3543.3 6931.6 5505.99 7080.04 5873.71 1127.01 125.866 187.48 85.5396 42.7758 0 0 0
854 1_1_1 1991  0 0 3620.94 4680.79 6540.81 6731.51 5897.33 1002.11 392.082 1082.06 275.515 0 0 0 0
855 1_1_1 1991  0 0 4421.09 5835.68 8155.92 4711.22 4597.16 2238.02 159.455 128.768 0 0 0 0 0
856 1_1_1 1991  0 0 4311.44 10754.2 7300.62 4400.6 2315.45 0 0 40.5015 48.3196 0 0 0 0
857 1_1_1 1991  0 0 3577.99 4602.79 6881.34 7617.68 5061.85 1783.14 119.588 569.949 0 32.5933 0 0 0
858 1_1_1 1991  0 0 4399.99 5397.73 8109.41 6180.13 4553.57 1361.75 0 200.065 355.844 36.1136 0 0 0
859 1_1_1 1991  0 0 5356.91 6846.75 9739.4 4422.07 1382.08 499.507 106.169 142.546 126.699 0 0 0 0
860 1_1_1 1991  0 0 4486.07 10824.1 9900.8 1699.55 520.038 91.1703 40.4703 158.049 73.0532 0 0 0 0
861 1_1_1 1991  0 0 3729.06 6372.84 6151.12 5507.52 4020.82 1151.12 565.839 533.217 289.846 138.926 0 0 0
862 1_1_1 1991  0 0 3747.52 5779.86 9881.69 4987.73 4406.92 327.964 0 61.4494 0 0 0 0 0
863 1_1_1 1991  0 0 4452.56 6262.46 8306.33 6911.44 2195.86 825.791 65.6864 52.6417 178.677 23.7673 0 0 0
864 1_1_1 1991  0 0 4596.1 9530.89 8359.9 4360.58 807.405 180.936 0 0 320.676 0 0 0 0
865 1_1_1 1991  0 0 4719.8 5866.93 7291.1 6171.37 5425.32 873.472 0 241.995 111.305 129.241 0 0 0
866 1_1_1 1991  0 0 3669.81 7147.78 9168.89 3681.77 4161 625.206 0 0 236.98 46.2742 0 0 0
867 1_1_1 1991  0 0 3731.15 5878.22 7787.55 6655.82 3645.88 1047.04 193.999 268.052 256.168 0 0 0 0
868 1_1_1 1991  0 0 3325.12 5195.36 7260.25 7410.56 3702.82 2054.63 42.2051 400.529 135.181 378.552 0 0 0
869 1_1_1 1991  0 0 3909.85 6621.19 6275.35 4656.07 4150.72 1871.17 529.676 686.888 448.692 106.211 0 0 0
870 1_1_1 1991  0 0 3952.38 5995.09 7684.91 4461.01 5069.07 1397.23 30.4011 438.844 193.544 48.7442 0 0 0
871 1_1_1 1991  0 0 4394.6 4801.29 6813.01 5926.23 5606.91 2652.86 326.762 669.735 44.7568 132.568 0 0 0
872 1_1_1 1991  0 0 4807.52 6853.28 8690.38 6976.26 2190.1 61.1917 35.1298 167.113 49.1473 0 0 0 0
873 1_1_1 1991  0 0 3352.06 4778.79 9842.96 5013.22 4943.57 544.298 0 81.5643 119.917 0 0 0 0
874 1_1_1 1991  0 0 3633.26 9736.2 7244.36 4038.75 1903.4 884.129 213.607 493.813 168.987 0 0 0 0
875 1_1_1 1991  0 0 4637.09 6880.73 8458.24 6115.74 2075.15 910.604 147.118 317.153 0 0 0 0 0
876 1_1_1 1991  0 0 4244.96 6817.4 3948.3 7459.71 6040.46 848.44 461.188 480.136 0 0 0 0 0
877 1_1_1 1991  0 0 3959.55 5761 7932.4 6242.99 3775.96 900.158 0 389.502 204.997 0 0 0 0
878 1_1_1 1991  0 0 4529.19 6675.17 5524.18 7631.41 3522.86 1025.96 0 65.4999 102.985 45.3112 0 0 0
879 1_1_1 1991  0 0 4642.38 7390.93 7636.9 5940.55 5117.13 873.424 47.2775 165.035 0 20.5165 0 0 0
880 1_1_1 1991  0 0 4162.03 5218.03 6898.96 6284.49 5009.42 1625.14 515.035 746.947 781.625 76.7424 0 0 0
881 1_1_1 1991  0 0 4518.86 3673.24 7682.82 6995.11 5440.73 1630.72 158.095 434.827 514.981 162.146 0 0 0
882 1_1_1 1991  0 0 5474.79 5528.08 10074.4 5696.88 4295.94 627.816 0 73.8491 0 44.4378 0 0 0
883 1_1_1 1991  0 0 3406.1 8514.41 9071.03 4612.86 2371.28 322.719 45.2455 182.899 182.613 0 0 0 0
884 1_1_1 1991  0 0 3601.84 8053.07 7075.46 5144.14 4826.31 0 0 460.437 932.443 0 0 0 0
885 1_1_1 1991  0 0 3381.19 3609.3 10806.4 7613.46 2947.29 235.803 37.6189 192.688 491.928 0 0 0 0
886 1_1_1 1991  0 0 4546 5095.22 5867.29 6062.51 6386.01 1977.07 394.065 696.041 228.422 178.939 0 0 0
887 1_1_1 1991  0 0 3696.6 6538.12 8447.44 5430.32 3702.32 1018.53 310.533 476.917 226.661 0 0 0 0
888 1_1_1 1991  0 0 4456.22 10781.2 6766.41 4129.41 1082.75 668.78 433.235 797.503 71.1971 0 0 0 0
889 1_1_1 1991  0 0 3819.53 7865.26 7196.32 3153.12 3614.64 1789.59 376.746 425.86 83.8842 66.7098 0 0 0
890 1_1_1 1991  0 0 4514.6 8837.84 5940.88 4215.36 5601.8 1096.68 0 554.277 0 31.312 0 0 0
891 1_1_1 1991  0 0 3305.76 5630.29 10070.7 4937.8 1879.22 967.527 213.634 522.826 199.695 0 0 0 0
892 1_1_1 1991  0 0 2705.16 6976.65 6791.43 6215.05 4435.82 937.609 13.6374 91.6406 28.1806 0 0 0 0
893 1_1_1 1991  0 0 4924.57 6328.48 8314.18 5933.32 4489.12 578.02 177.073 279.592 548.972 47.0973 0 0 0
894 1_1_1 1991  0 0 4792.89 8546.9 8487.29 4052.96 1672.38 774.278 0 54.1747 0 0 0 0 0
895 1_1_1 1991  0 0 3883.63 6292.81 7846.14 6768.56 2980.92 690.463 0 122.574 38.5876 0 0 0 0
896 1_1_1 1991  0 0 3346.55 8170.15 8671.1 4437.4 3050.48 575.112 46.0196 147.869 0 0 0 0 0
897 1_1_1 1991  0 0 4234.07 7401.46 9459.94 4237.05 3135.74 114.68 0 0 0 46.8003 0 0 0
898 1_1_1 1991  0 0 5596.16 6116.14 8867.48 4951.27 2240.84 1399.74 0 322.476 0 0 0 0 0
899 1_1_1 1991  0 0 4685.74 5398.52 8869.17 5818.58 4268.24 781.262 0 201.178 290.907 0 0 0 0
900 1_1_1 1991  0 0 3532.15 7159.78 7931.8 6331.21 3607.05 684.065 16.7792 31.8676 123.569 16.5861 0 0 0
901 1_1_1 1991  0 0 3839.92 4693.28 5851.8 5202.83 7968.7 2298.55 217.607 501.821 273.541 50.6734 0 0 0
902 1_1_1 1991  0 0 3910.03 6540.05 10230.3 4845.56 1503.45 442.915 149.048 711.234 289.359 0 0 0 0
903 1_1_1 1991  0 0 4097.54 5417.27 7263.8 6708.74 5373.35 982.108 28.7562 45.1654 199.733 36.0506 0 0 0
904 1_1_1 1991  0 0 4761.42 7966.87 7952.86 4336.36 2238.58 1503.73 141.474 709.851 0 0 0 0 0
905 1_1_1 1991  0 0 4026.7 7816.93 7462.07 4380.97 3781.05 1093.57 186.169 376.529 257.584 0 0 0 0
906 1_1_1 1991  0 0 4316.53 5866.1 5604.08 7305.61 6392.16 1418.66 0 239.828 319.192 24.5722 0 0 0
907 1_1_1 1991  0 0 3906.72 8130.47 10829.1 4137.79 850.197 35.1225 39.7963 112.076 0 0 0 0 0
908 1_1_1 1991  0 0 4222.47 5585.65 11105.4 5069.9 2670.03 137.074 0 0 0 113.781 0 0 0
909 1_1_1 1991  0 0 4285.67 6122.08 8035.12 5874.66 4813.6 1181.24 47.232 292.177 163.108 0 0 0 0
910 1_1_1 1991  0 0 4096.34 6682.28 10881.9 5277.61 569.35 530.168 265.697 472.028 0 0 0 0 0
911 1_1_1 1991  0 0 4583.97 4470.9 7748.43 5621.87 4745.81 1059.24 0 199.896 491.194 101.328 0 0 0
912 1_1_1 1991  0 0 3975 6418.27 7651.49 4684.25 4258.52 2787.62 0 251.952 64.8046 0 0 0 0
913 1_1_1 1991  0 0 4976.67 6949.3 8424.39 4855.74 3759.56 1045.46 265.619 356.614 0 0 0 0 0
914 1_1_1 1991  0 0 3356.32 6956.79 8427.05 4447.71 5431.41 238.688 0 292.555 0 57.2354 0 0 0
915 1_1_1 1991  0 0 5620.48 4518.37 7992.57 6226.4 5406.02 448.346 38.0728 152.553 301.859 0 0 0 0
916 1_1_1 1991  0 0 4017.01 4690.67 7894.35 6452.6 5078.49 1117.61 139.775 601.429 298.835 20.9135 0 0 0
917 1_1_1 1991  0 0 3146.52 6495.45 5607.74 4714.75 7265.21 1721.13 426.892 492.913 347.329 42.3453 0 0 0
918 1_1_1 1991  0 0 3387.14 6073.15 5633.72 6875.91 6085.71 791.224 0 368.364 63.2921 0 0 0 0
919 1_1_1 1991  0 0 3815.17 4996.71 8110.41 5316.33 4641.11 1758.8 650.075 812.22 285.597 0 0 0 0
920 1_1_1 1991  0 0 4234.06 5040.97 5858.43 7608.96 5502.79 1632.73 200.455 823.038 285.706 0 0 0 0
921 1_1_1 1991  0 0 3995.01 7205.21 6336.43 6812.11 4085.32 821.9 182.454 439.757 289.08 94.1953 0 0 0
922 1_1_1 1991  0 0 4740.87 4847.89 5404.85 7685.62 5122.87 1827.28 97.1885 890.614 449.056 0 0 0 0
923 1_1_1 1991  0 0 3989.3 5020.13 4567.1 6465.73 6294.01 2477.84 589.46 649.152 31.6097 0 0 0 0
924 1_1_1 1991  0 0 3726.37 6293.46 6159.36 6471.92 5166.54 1721.35 325.861 595.331 303.128 0 0 0 0
925 1_1_1 1991  0 0 4522.38 6671.39 10335.9 4796.35 2129.64 784.278 492.374 0 77.324 0 0 0 0
926 1_1_1 1991  0 0 5344.41 6233.38 10466.7 4870.22 2121.49 0 10.6805 80.5911 0 39.4336 0 0 0
927 1_1_1 1991  0 0 4927.66 4160.32 6090.62 8072.56 4680.89 1826.38 316.185 606.269 356.368 0 0 0 0
928 1_1_1 1991  0 0 4547.79 8109.3 7766.87 4422.67 3893.69 663.845 226.603 228.536 291.675 0 0 0 0
929 1_1_1 1991  0 0 5499.52 6155.38 4926.06 7245.78 6112.35 894.977 215.917 625.534 173.588 96.072 0 0 0
930 1_1_1 1991  0 0 3889.41 6716.48 8123.83 5636.38 3828.35 1179.94 55.2997 356.639 340.665 24.759 0 0 0
931 1_1_1 1991  0 0 3173.45 4900.86 9376.75 5975.71 4433.15 933.814 0 35.3812 204.639 0 0 0 0
932 1_1_1 1991  0 0 4549.32 5655.74 5759.26 5902.65 6076.21 2629.12 69.0484 219.81 112.981 0 0 0 0
933 1_1_1 1991  0 0 4429.79 6104.22 7951.23 6401.51 3321.98 872.648 0 837.502 0 217.132 0 0 0
934 1_1_1 1991  0 0 2707.86 8977.94 9636.44 4419.6 1323.25 162.334 0 436.556 143.662 0 0 0 0
935 1_1_1 1991  0 0 3589.3 6362.14 7539.08 6154.85 4327.19 827.642 155.425 768.946 0 110.308 0 0 0
936 1_1_1 1991  0 0 3105.45 10041.5 6944.76 5492.69 1095.78 656.11 471.085 678.953 90.6411 171.998 0 0 0
937 1_1_1 1991  0 0 4444.98 7170.71 9759.45 4380.45 2482.56 766.749 556.686 401.931 89.3428 0 0 0 0
938 1_1_1 1991  0 0 4004.38 3428.49 7049.24 8015.96 7026.08 1201.93 28.9196 124.141 206.176 34.9908 0 0 0
939 1_1_1 1991  0 0 2828.55 5762.68 8758.32 6153.1 4319.48 864.516 44.0142 0 401.748 182.005 0 0 0
940 1_1_1 1991  0 0 3822.9 4814.59 11386.2 5311.58 1915.69 955.364 98.2978 0 65.5268 26.633 0 0 0
941 1_1_1 1991  0 0 3098.88 5038.16 9191.22 7175.44 2901.56 833.737 34.0348 170.193 476.667 78.7217 0 0 0
942 1_1_1 1991  0 0 2968.19 5823.52 6957.58 6184.74 5278.06 1320.59 240.206 192.547 228.748 116.631 0 0 0
943 1_1_1 1991  0 0 4467.45 6028.4 10190.1 4359.74 4037.72 680.412 17.1879 0 142.25 117.957 0 0 0
944 1_1_1 1991  0 0 4182.93 7283.22 8709.2 5163.57 3970.04 418.039 0 118.671 313.915 46.3719 0 0 0
945 1_1_1 1991  0 0 3536.47 8955.36 9770.6 3972.31 1581.42 382.622 0 225.579 97.0243 0 0 0 0
946 1_1_1 1991  0 0 5281.57 4575.13 7952.59 6829.34 4301.66 870.611 48.349 33.3305 248.896 0 0 0 0
947 1_1_1 1991  0 0 3772.14 5712.23 7608.23 5162.02 4952.2 1831.13 138.87 746.95 73.9634 0 0 0 0
948 1_1_1 1991  0 0 5439.74 5150.4 6703.82 7600 6069.44 1525.11 790.398 61.8425 0 81.3177 0 0 0
949 1_1_1 1991  0 0 4614.78 6269.65 7452.06 6759.55 2470.23 559.367 221.844 318.836 148.063 0 0 0 0
950 1_1_1 1991  0 0 4084.2 5806.34 8414.35 4883 3711.28 2130.42 281.702 617.051 109.365 0 0 0 0
951 1_1_1 1991  0 0 4753.27 6685.09 7386.67 5973.82 5425.4 845.903 0 0 0 0 0 0 0
952 1_1_1 1991  0 0 2696.01 8456.36 6558.77 5874.03 4154.91 485.007 0 0 102.312 0 0 0 0
953 1_1_1 1991  0 0 4014.85 5981.06 7372.22 7174.03 4698.01 579.269 19.1141 0 373.798 0 0 0 0
954 1_1_1 1991  0 0 3968.95 7084.39 9181.45 3745.23 2842.12 536.969 447.24 520.035 76.7837 0 0 0 0
955 1_1_1 1991  0 0 4222.44 6735.18 6979.75 5047.27 5316.98 1152.8 0 173.398 836.186 153.547 0 0 0
956 1_1_1 1991  0 0 4363.68 5154.25 7435.84 4645.15 5238.55 2065.33 132.609 1000.38 379.461 0 0 0 0
957 1_1_1 1991  0 0 4441.85 7763.4 7264.89 5195.06 4518.06 607.619 25.462 169.078 0 57.962 0 0 0
958 1_1_1 1991  0 0 4417.49 5548.24 7453.33 4220.9 5852.84 603.406 265.539 306.716 460.223 0 0 0 0
959 1_1_1 1991  0 0 4466.45 4896.54 8599.51 5885.54 5010.58 1498.48 0 194.184 137.088 24.0236 0 0 0
960 1_1_1 1991  0 0 4056.09 3974.84 6898.76 10266 3859.16 785.818 31.7037 50.2004 202.784 0 0 0 0
961 1_1_1 1991  0 0 4961.58 4658.82 9508.4 6638.26 3570.4 750.969 86.6008 80.5582 203.945 132 0 0 0
962 1_1_1 1991  0 0 4792.39 8519.89 8088.33 4702.08 2763 526.665 238.379 237.906 241.134 0 0 0 0
963 1_1_1 1991  0 0 3331 6655.72 8080.11 6608.66 2144.06 795.212 0 0 327.066 18.8833 0 0 0
964 1_1_1 1991  0 0 4232.04 6837.03 12133.4 4606.48 1402.94 367.801 173.98 0 0 0 0 0 0
965 1_1_1 1991  0 0 3726.41 6585.21 10089 4816.98 1846.24 166.906 36.3468 200.115 0 126.602 0 0 0
966 1_1_1 1991  0 0 4559.44 9648.42 9383.53 3677.66 754.115 135.376 21.97 40.8873 57.9469 0 0 0 0
967 1_1_1 1991  0 0 4866.51 6395.54 10233.9 4409.61 2062.37 332.135 0 0 0 23.9376 0 0 0
968 1_1_1 1991  0 0 4470.34 7177.39 5523.11 4837.03 4685.01 1634.37 656.787 310.046 314.862 0 0 0 0
969 1_1_1 1991  0 0 3857.38 8169.7 8794.78 5344.31 1414.37 992.85 0 0 162.971 0 0 0 0
970 1_1_1 1991  0 0 4023.38 5944.47 10221.6 4410.18 2910.14 815.072 334.596 1290.97 0 0 0 0 0
971 1_1_1 1991  0 0 4407.63 7968.9 8165.25 4228.5 3238.7 1027.98 54.8601 151.404 0 0 0 0 0
972 1_1_1 1991  0 0 3860.77 10273.6 9460.43 2358.56 2793.81 29.5944 137.95 0 0 0 0 0 0
973 1_1_1 1991  0 0 4803.99 5432.01 9328.15 6416.67 3916.31 612.247 182.111 156.772 145.099 41.2682 0 0 0
974 1_1_1 1991  0 0 3594.65 5996.72 9946.38 5603.15 2129.12 1273 139.983 601.43 148.653 0 0 0 0
975 1_1_1 1991  0 0 5724.69 4978.87 8675.13 5062.46 4611.16 918.393 0 602.555 134.566 102.114 0 0 0
976 1_1_1 1991  0 0 3902.09 7238.5 6051.21 5710.22 4855.24 1135.97 461.101 247.191 0 0 0 0 0
977 1_1_1 1991  0 0 4043.35 7996.64 8071.37 6174.38 2141.92 521.211 15.3589 118.473 91.7229 0 0 0 0
978 1_1_1 1991  0 0 4739.33 6483.62 10134.6 4696.14 1866.04 325.57 32.1999 221.857 207.238 0 0 0 0
979 1_1_1 1991  0 0 3727.95 6372.44 9045.54 5180.18 2663.7 1402.45 661.098 180.708 311.534 0 0 0 0
980 1_1_1 1991  0 0 4320.04 8286.46 6903.49 4970.81 4146.22 271.842 0 272.988 142.317 90.3485 0 0 0
981 1_1_1 1991  0 0 4346.85 5615.62 9231.49 4950.71 4394.17 690.184 24.6302 45.0958 65.0591 0 0 0 0
982 1_1_1 1991  0 0 3987.47 7219.7 9631 4637.55 2515.39 820.845 307.286 333.153 0 0 0 0 0
983 1_1_1 1991  0 0 3988.51 6737.35 9028.61 4700.11 3724.12 451.221 0 355.361 64.3711 320.664 0 0 0
984 1_1_1 1991  0 0 3666.46 7451 7953 4633.52 3264.1 740.749 0 247.657 261.577 68.7282 0 0 0
985 1_1_1 1991  0 0 5310.74 5255.18 8865.28 5616.57 3090.07 640.025 208.73 387.632 164.321 34.2052 0 0 0
986 1_1_1 1991  0 0 3621.52 5803.06 7055.23 6197.36 5096.85 980.861 0 243.602 0 0 0 0 0
987 1_1_1 1991  0 0 2851.61 7209.18 7328.83 5325.1 3322.48 1668.7 334.763 632.032 0 0 0 0 0
988 1_1_1 1991  0 0 3563.93 6117.82 9205.02 6377.55 2672.97 1071.1 286.393 453.573 92.2369 0 0 0 0
989 1_1_1 1991  0 0 4950.87 5953.56 6293.61 6307.73 4314.55 1161.45 218.111 895.773 245.406 0 0 0 0
990 1_1_1 1991  0 0 3859.24 8110.56 8475.13 4762.74 1716.55 982.153 231.19 540.101 0 0 0 0 0
991 1_1_1 1991  0 0 2851.46 9555.08 8374.14 5402.97 1170.62 191.97 17.5547 0 0 0 0 0 0
992 1_1_1 1991  0 0 3065.46 8171.72 6965.75 5314.74 2216.01 1515.72 238.929 559.848 0 0 0 0 0
993 1_1_1 1991  0 0 5488.44 7440.99 8161.79 5276.8 2586.09 551.025 214.622 395.165 0 0 0 0 0
994 1_1_1 1991  0 0 2822.46 8139.81 9405.91 5353.46 734.662 0 81.3686 51.0054 0 0 0 0 0
995 1_1_1 1991  0 0 4182.85 7122.94 5406.38 5397.14 4699.61 2312.96 409.162 711.174 256.653 0 0 0 0
996 1_1_1 1991  0 0 2934.86 5223.44 6633.2 7342.79 6466.05 1776.29 180.609 256.722 237.272 48.7953 0 0 0
997 1_1_1 1991  0 0 4085.09 7686.01 8823.73 5416.75 2318.29 843.572 317.845 421.499 50.6548 0 0 0 0
998 1_1_1 1991  0 0 3926.23 10242.7 6070.6 4914.46 3043.02 1557.5 573.136 451.282 0 0 0 0 0
999 1_1_1 1991  0 0 4098.13 5755.34 8356.25 6429.41 3627.91 912.059 0 71.8297 328.642 0 0 0 0
1000 1_1_1 1991  0 0 3475 7738.93 7858.45 5553.42 2806.85 688.246 665.774 356.53 181.814 96.9787 0 0 0
