1 1_1_1 1997  0 0 19638.7 7729.3 64288.6 4031.27 1611.01 652.756 1503.49 304.264 0 0 0 0 0
2 1_1_1 1997  0 0 11334.3 1311.09 71377.8 5862.8 1294.7 442.95 2055.61 280.672 0 0 0 0 0
3 1_1_1 1997  0 0 19087.4 4469.04 64735.6 2204.73 1782.05 254.293 3082.69 381.754 0 0 0 0 0
4 1_1_1 1997  0 0 19297.5 10338.5 60293.5 3393.32 906.913 269.756 3136.48 463.832 0 0 0 0 0
5 1_1_1 1997  0 0 20071.3 2074.8 63041 9100.77 0 1558.59 4072.79 747.591 0 0 0 0 0
6 1_1_1 1997  0 0 15798.9 17317.3 56707.1 1906.2 1719.6 1121.47 3241.52 0 0 0 0 0 0
7 1_1_1 1997  0 0 22674.8 7279.37 56450.8 3604.04 4533.14 1008.34 2868.98 82.2149 0 0 0 0 0
8 1_1_1 1997  0 0 14660.7 12335.3 64954.6 2016.71 1270.27 0 3209.68 93.1025 0 0 0 0 0
9 1_1_1 1997  0 0 14522 4960.23 71010.4 2623.82 1181.24 1173.91 1401.92 57.4431 0 1.43287 0 0 0
10 1_1_1 1997  0 0 16942.7 0 67986.1 7000.56 856.234 141.927 2631.49 1881.84 0 3.97342 0 0 0
11 1_1_1 1997  0 0 17166.7 0 69134 4450.86 319.129 1925.46 1370.05 501.034 0 6.98539 0 0 0
12 1_1_1 1997  0 0 13735.2 1166.54 70738 4370.34 1045.11 0 4921.23 693.18 0 1.26696 0 0 0
13 1_1_1 1997  0 0 14793.6 12146.2 62526 1646.48 2008.96 1277.27 3254.25 112.99 0 0 0 0 0
14 1_1_1 1997  0 0 15580.2 6363.42 70552.1 2162.2 597.281 544.599 1180.67 0 0 0 0 0 0
15 1_1_1 1997  0 0 15433.5 5653.64 62906.4 4700.56 620.283 355.938 5547.01 90.9011 0 0 0 0 0
16 1_1_1 1997  0 0 17736.3 5498.27 65449.3 3723.89 3813.27 1287.28 3219.18 824.626 0 1.51314 0 0 0
17 1_1_1 1997  0 0 22679 5375.52 59316.4 5519.17 2343.1 550.325 5317.39 98.2343 0 0 0 0 0
18 1_1_1 1997  0 0 7974.78 10970.6 63318 929.952 437.159 1168.7 2686.1 0 0 0 0 0 0
19 1_1_1 1997  0 0 7082.46 10171.3 74120.6 1661.8 616.046 929.577 1296.37 0 0 0 0 0 0
20 1_1_1 1997  0 0 17782.9 1308.59 70708.6 3649.69 606.364 833.583 3246.15 734.662 0 1.56173 0 0 0
21 1_1_1 1997  0 0 14488.5 7409.27 66978.4 3247.7 459.08 2179.22 981.114 0 0 0 0 0 0
22 1_1_1 1997  0 0 20659.3 3490.93 63862.4 4195.77 1072.42 509.243 2016.43 1196.91 0 0 0 0 0
23 1_1_1 1997  0 0 19051.3 0 75666.9 2285.96 1634.28 0 2934.06 602.223 0 0 0 0 0
24 1_1_1 1997  0 0 18969.2 3473.67 61142.4 1657.82 1857.74 1027.44 5262.6 0 0 6.24212 0 0 0
25 1_1_1 1997  0 0 13728.2 10657.7 65075.2 4435.84 986.632 1226.38 3190.7 698.313 0 0 0 0 0
26 1_1_1 1997  0 0 16854.9 12957 59165.3 1977.06 1229.57 839.942 1926.84 0 0 0 0 0 0
27 1_1_1 1997  0 0 17960.9 4032.57 69349 3821.52 462.628 1121.19 4191.74 0 0 4.36438 0 0 0
28 1_1_1 1997  0 0 13436.2 0 74288.9 2762.86 605.566 1529.44 2608.46 0 0 0 0 0 0
29 1_1_1 1997  0 0 13580 0 75486 1340.44 1105.91 323.416 4513.08 0 0 0 0 0 0
30 1_1_1 1997  0 0 13336.2 2627.51 66321.1 9185.09 298.325 397.766 3531.72 100.311 0 0 0 0 0
31 1_1_1 1997  0 0 20072.2 1927.29 69182.1 4271.19 347.674 834.673 4217.27 59.0678 0 0 0 0 0
32 1_1_1 1997  0 0 24104.5 11475.6 54472.4 2934.45 2684.12 500.752 2690.38 105.284 0 0 0 0 0
33 1_1_1 1997  0 0 12754.6 2801.32 69569.1 4610.05 4861.78 731.381 2899.06 97.7029 0 0 0 0 0
34 1_1_1 1997  0 0 13462.3 6952.84 65392.6 2912.49 6723.11 307.369 2363.5 120.026 0 0 0 0 0
35 1_1_1 1997  0 0 26496.9 5481.84 59018.9 2502.7 1548.44 77.3915 2759.13 122.513 0 0 0 0 0
36 1_1_1 1997  0 0 14630.5 8945.26 63759.3 7568.89 0 1264.26 3637.67 0 0 0 0 0 0
37 1_1_1 1997  0 0 16097.1 5749.22 67668.1 1564.55 2804.73 642.526 2059.56 0 0 0 0 0 0
38 1_1_1 1997  0 0 8565.73 0 70311.7 2071.03 528.649 0 2206.72 0 0 0 0 0 0
39 1_1_1 1997  0 0 25574.1 0 66059 405.424 3531.51 0 2565.84 78.2906 0 0 0 0 0
40 1_1_1 1997  0 0 12757 2234.29 70466.7 1451.98 2927.1 839.832 5774.03 0 0 0 0 0 0
41 1_1_1 1997  0 0 21399.4 617.888 63047.7 3986.09 2098.36 289.536 4177.86 92.0024 0 4.51919 0 0 0
42 1_1_1 1997  0 0 21370.5 1774.59 66150.5 4397.8 1219.24 0 4997.95 70.8877 0 0 0 0 0
43 1_1_1 1997  0 0 19951.2 5148.61 61659.2 5232.86 1885.94 1512.87 1774.12 154.257 0 0 0 0 0
44 1_1_1 1997  0 0 18687.4 886.619 71519.3 3202.79 2159.01 0 2017.61 0 0 3.15246 0 0 0
45 1_1_1 1997  0 0 9195.81 2364.69 75481.2 2519.61 1116.36 329.514 2034.15 985.984 0 4.25829 0 0 0
46 1_1_1 1997  0 0 11226.8 2947.27 70257.8 3678.72 5222.43 0 2080.77 475.068 0 9.45695 0 0 0
47 1_1_1 1997  0 0 25169.7 4106.8 64419.9 1162.35 478.578 1389.43 1857.24 565.69 0 3.82036 0 0 0
48 1_1_1 1997  0 0 18126.5 11226.7 58855.9 3097.52 980.084 612.41 1527.19 112.905 0 4.11211 0 0 0
49 1_1_1 1997  0 0 14545.7 22365.5 52146.9 3941.85 760.735 1245.04 2195.49 402.963 0 0 0 0 0
50 1_1_1 1997  0 0 5371.65 8757.12 68083.9 8057.9 1950.25 1270.85 2902.18 874.079 0 0 0 0 0
51 1_1_1 1997  0 0 19889.9 12730.7 51967.1 13366 0 1476.63 3645.14 0 0 0 0 0 0
52 1_1_1 1997  0 0 29607 0 63662.7 3862.11 453.309 1194.65 2547.91 296.815 0 0 0 0 0
53 1_1_1 1997  0 0 15867.3 5400.04 63649.8 3345.48 4231 0 3796.48 67.75 0 0 0 0 0
54 1_1_1 1997  0 0 15283.5 1731.62 72377.3 2249.73 885.726 160.724 4082.22 2476.11 0 0 0 0 0
55 1_1_1 1997  0 0 20595 3965.89 64475.4 3903.87 0 597.684 3137.69 131.766 0 0 0 0 0
56 1_1_1 1997  0 0 23511.7 3608.4 60825.2 4859.44 1993.51 0 4675.7 147.451 0 4.04681 0 0 0
57 1_1_1 1997  0 0 16246.4 5280.74 57280.8 10291.7 109.343 827.018 7617.97 65.462 0 0 0 0 0
58 1_1_1 1997  0 0 11287.7 6065.26 72903.6 2385.08 1179.54 288.848 1367.64 589.657 0 0 0 0 0
59 1_1_1 1997  0 0 3943.43 7125.19 77736.7 701.854 0 2351.84 1273.38 350.927 0 0 0 0 0
60 1_1_1 1997  0 0 18886.6 3489.93 64677.2 4031.88 1135.61 461.657 2645.49 0 0 0 0 0 0
61 1_1_1 1997  0 0 20897 2259.83 63683.5 3576.22 1799.31 723.074 4078.77 99.0406 0 1.3301 0 0 0
62 1_1_1 1997  0 0 22803.6 8828.51 56617.2 1427.19 1668.19 931.53 4630.5 854.698 0 0 0 0 0
63 1_1_1 1997  0 0 17017.7 10397.9 60797.9 2566.36 1369 1045.9 3221.87 0 0 0 0 0 0
64 1_1_1 1997  0 0 23507.1 0 53150.2 6429.03 1162.1 944.856 13983.2 315.222 0 0 0 0 0
65 1_1_1 1997  0 0 16764.9 1102.2 70560.9 3218.89 1636.89 666.669 3193.87 716.708 0 0 0 0 0
66 1_1_1 1997  0 0 21667.5 7906.5 59380.7 5756.58 989.606 844.365 3255.25 77.6699 0 0 0 0 0
67 1_1_1 1997  0 0 20089.6 6831.26 66832.9 2388.12 0 1647.91 1826.22 508.047 0 4.59165 0 0 0
68 1_1_1 1997  0 0 10893.7 6088.24 72578.2 3764.94 390.986 1305.98 1745.71 654.813 0 0 0 0 0
69 1_1_1 1997  0 0 19412.1 7349.48 60578.7 5261.7 3915.44 451.208 2201.02 82.8918 0 0 0 0 0
70 1_1_1 1997  0 0 17337.6 8553.11 58997.5 3168.85 701.571 407.927 4353.2 0 0 0 0 0 0
71 1_1_1 1997  0 0 15890.1 9058.7 58638.3 3473.63 2899.66 815.29 4618.66 0 0 0 0 0 0
72 1_1_1 1997  0 0 21583.7 1535.88 67934 3814.64 449.659 398.973 3297.63 703.116 0 0 0 0 0
73 1_1_1 1997  0 0 18112.8 1302.35 73411.6 1564.61 671.898 676.541 1837.49 103.738 0 0 0 0 0
74 1_1_1 1997  0 0 23796.1 9195.29 54154.1 3843.51 76.7686 516.483 5915.84 118.107 0 0 0 0 0
75 1_1_1 1997  0 0 20744.8 6309.14 65702.3 2730.79 4483.45 973.467 2397.46 1012.81 0 0 0 0 0
76 1_1_1 1997  0 0 17543.9 2907.56 72227.7 974.753 390.468 1260.96 2757.96 780.531 0 0 0 0 0
77 1_1_1 1997  0 0 16437.8 4551.71 69172.2 1374.34 2010.8 377.253 2937.87 97.251 0 0 0 0 0
78 1_1_1 1997  0 0 24669.9 5433.32 58455.2 2730.67 2530.83 1069.86 3863.67 51.1665 0 0 0 0 0
79 1_1_1 1997  0 0 23692.1 0 65219 2294.44 754.26 0 5716.82 736.77 0 5.38541 0 0 0
80 1_1_1 1997  0 0 19440.7 17899.6 53462.5 974.863 949.813 1302.67 2157.43 0 0 0 0 0 0
81 1_1_1 1997  0 0 26106.6 7037.05 48858.9 10277 809.565 544.343 3532.16 659.224 0 0 0 0 0
82 1_1_1 1997  0 0 16412.9 9603.31 66794 1164.37 0 400.954 2172.96 0 0 0 0 0 0
83 1_1_1 1997  0 0 24060.3 7628.65 56024.9 4167.26 1411.54 171.028 5965.1 203.839 0 0 0 0 0
84 1_1_1 1997  0 0 18048.2 9786.47 59891.3 8488.09 839.315 733.957 3492.25 1008.92 0 0 0 0 0
85 1_1_1 1997  0 0 6662.02 1467.71 70715 8010.91 4128.15 938.78 4230.48 1237.79 0 0 0 0 0
86 1_1_1 1997  0 0 16144.4 6139.61 67051 5375.71 791.387 317.691 4335.21 602.948 0 0 0 0 0
87 1_1_1 1997  0 0 16356.6 2940.13 73290.9 3567.09 797.341 606.675 1574 638.682 0 1.58147 0 0 0
88 1_1_1 1997  0 0 16428.9 3862.42 68687.9 2546.46 2475.75 248.476 3809.36 444.114 0 0 0 0 0
89 1_1_1 1997  0 0 12355.3 2478.02 72568.8 6176.3 2476.28 1052.28 2314.86 262.625 0 0 0 0 0
90 1_1_1 1997  0 0 24202 2140.25 62115.4 4079.02 640.77 0 5389.92 521.561 0 3.10948 0 0 0
91 1_1_1 1997  0 0 15850.9 4984.33 70401.5 1948.03 2674.77 323.064 4304.12 81.7644 0 0 0 0 0
92 1_1_1 1997  0 0 12678.8 13078.3 64242.3 736.405 3328.14 1221.1 2265.36 0 0 1.42199 0 0 0
93 1_1_1 1997  0 0 20314.3 6905.52 65817.6 2377.77 2122.25 780.359 2672.55 50.9621 0 1.46837 0 0 0
94 1_1_1 1997  0 0 23709.9 2303.3 62970.7 3147.38 2833.37 730.458 3033.7 550.484 0 0 0 0 0
95 1_1_1 1997  0 0 18762.4 5781.17 63858.5 1960.48 640.932 1104.07 7829.13 0 0 0 0 0 0
96 1_1_1 1997  0 0 14836.4 0 76157.3 3486.4 1035.97 219.907 4273.16 0 0 0 0 0 0
97 1_1_1 1997  0 0 20938.8 7471.36 65985.4 993.235 638.423 1155.09 1594.37 808.611 0 0 0 0 0
98 1_1_1 1997  0 0 20344.5 3098.3 66587.8 3972.51 2080.97 864.425 1103.28 106.738 0 0 0 0 0
99 1_1_1 1997  0 0 13370.4 7296.55 65352.2 8424.82 199.88 1350.54 1682.71 771.36 0 0 0 0 0
100 1_1_1 1997  0 0 12949.2 1643.18 69753.9 1590.43 4643.88 2220.9 1915.21 0 0 0 0 0 0
101 1_1_1 1997  0 0 10764.7 13904.6 64498.4 3231.09 3573.3 2050.9 2221.3 1119.17 0 3.67443 0 0 0
102 1_1_1 1997  0 0 16716.1 8041.55 63657.3 2175.68 6120.5 1337.31 2101.25 0 0 0 0 0 0
103 1_1_1 1997  0 0 24095.8 5378.14 60777.2 3035.28 2545.33 410.607 2564.77 113.532 0 0 0 0 0
104 1_1_1 1997  0 0 11678.5 0 73612.2 4902.31 780.618 439.717 3646.75 1429.57 0 0 0 0 0
105 1_1_1 1997  0 0 18359.2 5594.55 71155.4 2496.95 662.581 211.609 3808.67 380.293 0 0 0 0 0
106 1_1_1 1997  0 0 19269.5 6231.94 62993.7 2742.52 895.81 223.892 5214.87 0 0 0 0 0 0
107 1_1_1 1997  0 0 14108.4 2520.87 71647.5 3088.39 1029.86 444.297 3758.14 1148.48 0 1.54154 0 0 0
108 1_1_1 1997  0 0 12095.6 0 70333.5 3609.12 821.828 273.943 4416.56 0 0 0 0 0 0
109 1_1_1 1997  0 0 15025.4 9877.25 64552.1 1396.43 1005.4 476.047 2991.44 0 0 0 0 0 0
110 1_1_1 1997  0 0 16773 3968.83 68343.1 2395 1124.8 498.555 4193.03 819.816 0 0 0 0 0
111 1_1_1 1997  0 0 16531.2 3068.22 66100.1 4154.94 417.488 0 4627.54 452.437 0 0 0 0 0
112 1_1_1 1997  0 0 11211.5 13787.4 62676.8 2876.6 4627.53 1175.22 3621.62 319.87 0 0 0 0 0
113 1_1_1 1997  0 0 23496.8 2508.55 63321.7 1594.47 3293.79 218.822 2990.93 184.024 0 0 0 0 0
114 1_1_1 1997  0 0 12050.5 2127.44 74337.3 4354.88 2822.99 0 1607.57 717.072 0 0 0 0 0
115 1_1_1 1997  0 0 12535.7 7117.91 62657.4 5194.75 2719.56 1783.46 4064.54 0 0 0 0 0 0
116 1_1_1 1997  0 0 17742.6 2719.45 68215.8 3161.18 1260.95 307.311 3194.39 532.449 0 1.46845 0 0 0
117 1_1_1 1997  0 0 11213.8 18615.2 55599.5 2828 2697.02 1299.14 4440.3 0 0 0 0 0 0
118 1_1_1 1997  0 0 12897.8 1719.94 68730.4 3739.72 1707.64 0 4837.49 1769.13 0 4.30992 0 0 0
119 1_1_1 1997  0 0 15797.2 1523.07 67920.7 1526.11 4293.75 372.401 3718.86 413.363 0 0 0 0 0
120 1_1_1 1997  0 0 7579.01 0 77194 3556.98 3071.17 1162.08 2140.68 397.797 0 0 0 0 0
121 1_1_1 1997  0 0 9001.88 9891.88 70295.9 1416.37 1962.93 1358.3 1701.74 0 0 0 0 0 0
122 1_1_1 1997  0 0 19253.1 10043.8 55643.6 3610.92 1751.09 546.708 5760.42 97.5229 0 5.19236 0 0 0
123 1_1_1 1997  0 0 20715.6 1098.21 65147.1 7203.22 501.316 166.32 3678.07 0 0 0 0 0 0
124 1_1_1 1997  0 0 16894.5 7447.47 60278.1 7032.74 1263.88 695.975 6495.32 0 0 0 0 0 0
125 1_1_1 1997  0 0 6994.29 10555 69744.6 3601.23 2511.88 785.847 1393.29 0 0 0 0 0 0
126 1_1_1 1997  0 0 18594.2 0 64770.8 3616.53 1394.55 1067.17 3309.91 0 0 0 0 0 0
127 1_1_1 1997  0 0 9374.8 7605.2 67040 8647.55 1339.23 781.752 884.06 0 0 0 0 0 0
128 1_1_1 1997  0 0 12115 1629.13 70600.2 3974.39 827.242 638.123 4514.18 131.278 0 0 0 0 0
129 1_1_1 1997  0 0 20986.2 1610.89 68228.5 5468.97 2006.47 292.269 1614.48 0 0 1.27752 0 0 0
130 1_1_1 1997  0 0 14892.8 5919.3 63493.4 3137.7 2705.39 128.824 6708.68 163.284 0 0 0 0 0
131 1_1_1 1997  0 0 20331.3 0 72285.3 5054.37 0 1608.5 2854.57 114.416 0 1.34216 0 0 0
132 1_1_1 1997  0 0 10216.5 6619.44 69130 3793.35 4867.62 211.05 2607.09 622.708 0 7.97105 0 0 0
133 1_1_1 1997  0 0 24847.6 5691.5 60962.3 2468.26 1782.7 567.833 2574.28 117.181 0 0 0 0 0
134 1_1_1 1997  0 0 19522 9057.91 57868.4 8468.02 504.313 1402.02 560.167 363.405 0 0 0 0 0
135 1_1_1 1997  0 0 13829.3 4347.57 68783.5 3471.97 1775.97 0 5971.58 1205.54 0 0 0 0 0
136 1_1_1 1997  0 0 13536.6 0 67617.5 6098 0 593.027 8607.73 0 0 0 0 0 0
137 1_1_1 1997  0 0 12916.2 2968.37 69210.3 6218.96 5791.05 498.536 3057.96 423.796 0 0 0 0 0
138 1_1_1 1997  0 0 19337.4 1894.31 66628.2 1639.53 1813.96 641.653 3048.5 1832.59 0 0 0 0 0
139 1_1_1 1997  0 0 20671.5 11337.5 56043 5786.26 1435.01 868.308 3932.13 0 0 0 0 0 0
140 1_1_1 1997  0 0 18745 1146.47 70706.3 2114.69 1098.61 283.522 3410.65 910.709 0 0 0 0 0
141 1_1_1 1997  0 0 21833 12697.4 51422.9 2859.42 1871.67 835.091 7073.17 0 0 0 0 0 0
142 1_1_1 1997  0 0 9006.15 0 67178.4 865.718 2551.18 769.271 15335.1 1949.78 0 0 0 0 0
143 1_1_1 1997  0 0 17076.3 5396.41 66654.2 2331.1 572.105 219.452 5758.08 120.739 0 1.45283 0 0 0
144 1_1_1 1997  0 0 17659.3 2182.16 67907.8 3148.78 1666.64 327.606 2559.71 601.804 0 0 0 0 0
145 1_1_1 1997  0 0 12377.4 5624.61 69837.6 1999.44 2213.33 837.234 5408.33 114.488 0 0 0 0 0
146 1_1_1 1997  0 0 13056.1 4098 69304.8 4809.26 2059.86 202.389 4147.74 602.23 0 0 0 0 0
147 1_1_1 1997  0 0 23904.5 7331.39 58928.9 2855.85 1093.36 1092.69 3896.67 468.416 0 0 0 0 0
148 1_1_1 1997  0 0 17083.4 2520.04 70667.7 5191.1 760.645 698.646 1197.87 306.808 0 0 0 0 0
149 1_1_1 1997  0 0 16801.1 3866.77 70740.4 1642.79 2421.3 384.816 4142.94 0 0 0 0 0 0
150 1_1_1 1997  0 0 25098.7 0 62842.6 3811.69 1730.3 379.28 3038.71 86.4616 0 3.60588 0 0 0
151 1_1_1 1997  0 0 13319.7 11996.5 62133.4 4032.72 2101.57 476.424 2329.73 0 0 0 0 0 0
152 1_1_1 1997  0 0 11502.8 0 68278.6 4126.39 2917.82 1607.52 6500.92 513.83 0 0 0 0 0
153 1_1_1 1997  0 0 20006.6 0 67988 3661.82 2580.42 289.602 5269.25 561.661 0 2.72724 0 0 0
154 1_1_1 1997  0 0 14752.5 9595.86 68913 516.151 129.038 562.179 3315.46 0 0 0 0 0 0
155 1_1_1 1997  0 0 18861.1 4221.8 63076.9 6743.96 820.691 395.432 5001.21 105.495 0 0 0 0 0
156 1_1_1 1997  0 0 19813 3743.51 68094.2 3013.52 2397.66 743.056 2155.01 50.5028 0 0 0 0 0
157 1_1_1 1997  0 0 18234.3 8480.25 67227.6 499.429 1181.18 850.027 2712.67 0 0 0 0 0 0
158 1_1_1 1997  0 0 11145.5 8069.06 65551.6 4760.19 0 1519.87 3341.51 1185.25 0 0 0 0 0
159 1_1_1 1997  0 0 15635 754.935 71216.1 4428.54 3811.11 1209.75 3324.4 0 0 0 0 0 0
160 1_1_1 1997  0 0 21593.6 12014.4 58641 2091.46 1956.67 1607.95 2951.22 99.668 0 0 0 0 0
161 1_1_1 1997  0 0 20241.4 6033.99 67830.1 4440.54 1160.43 1456.58 3524.74 616.505 0 0 0 0 0
162 1_1_1 1997  0 0 22717.7 5030.66 63342.1 5564.01 282.769 1716.22 1770.95 966.93 0 0 0 0 0
163 1_1_1 1997  0 0 23651.8 8175.92 58711.4 3810.47 2536.35 821.591 4906.81 74.5676 0 0 0 0 0
164 1_1_1 1997  0 0 12502 4980.26 69844.8 774.671 264.504 1051.8 4068.19 113.24 0 0 0 0 0
165 1_1_1 1997  0 0 13276.6 9582.04 64077.2 6722.64 5275.08 1019.46 1436.49 131.859 0 0 0 0 0
166 1_1_1 1997  0 0 18489.8 8219.39 62591.3 5488.66 1617.1 698.765 1845.9 0 0 0 0 0 0
167 1_1_1 1997  0 0 17249 0 71483.7 2470.38 948.329 463.032 3288.41 374.568 0 4.57409 0 0 0
168 1_1_1 1997  0 0 21988.2 0 66111.6 2652.64 807.106 131.999 2612.27 94.938 0 0 0 0 0
169 1_1_1 1997  0 0 9173.39 1753.57 78197.7 1907.86 0 1251.56 1980.39 0 0 0 0 0 0
170 1_1_1 1997  0 0 23469.7 5308.18 55235 3482.62 225.291 992.797 6605.4 718.502 0 0 0 0 0
171 1_1_1 1997  0 0 12627.7 1360.67 73353 3558.03 3952.17 984.546 3216.25 99.7139 0 0 0 0 0
172 1_1_1 1997  0 0 14732.5 5719.86 65592.3 3867.15 500.551 923.712 6491.52 1142.42 0 0 0 0 0
173 1_1_1 1997  0 0 12072.2 2780.89 69433.4 3250.28 2169.8 0 5184.51 1018.32 0 0 0 0 0
174 1_1_1 1997  0 0 19321.7 5375.23 64643 2822.49 2396.58 968.518 2936.7 637.743 0 0 0 0 0
175 1_1_1 1997  0 0 22584 2076.88 59932.7 5834.49 0 0 5021.03 1459.04 0 6.97129 0 0 0
176 1_1_1 1997  0 0 15548.1 6655.57 64935.1 6323.03 1999.45 1368.77 1274.13 0 0 0 0 0 0
177 1_1_1 1997  0 0 15897.1 7820.48 57583.6 1967.13 1654.26 654.372 4488.92 92.5599 0 3.03875 0 0 0
178 1_1_1 1997  0 0 12746.1 9585.31 64540.7 2340.11 2074.58 747.162 1892.01 0 0 0 0 0 0
179 1_1_1 1997  0 0 21611.3 5514.99 63434.6 2004.15 4103.35 127.076 2699.52 92.9666 0 0 0 0 0
180 1_1_1 1997  0 0 25621.2 4055.96 65065.8 3851.46 2811.21 1392.63 933.211 401.482 0 0 0 0 0
181 1_1_1 1997  0 0 13663.3 7853.86 65396.9 2193.22 811.186 772.27 2288.47 1462.15 0 0 0 0 0
182 1_1_1 1997  0 0 10041.2 9645.24 67838 4804.73 1646.82 429.327 937.251 536.401 0 0 0 0 0
183 1_1_1 1997  0 0 16807.4 1755.13 72864.6 3051.38 457.726 1022.26 2266.75 455.398 0 4.43647 0 0 0
184 1_1_1 1997  0 0 18547.1 0 68068.7 4853.9 743.608 385.907 4909.42 974.396 0 0 0 0 0
185 1_1_1 1997  0 0 23615.9 5773.34 58625.8 3700.12 3408.73 1378.32 2998.38 103.456 0 4.53072 0 0 0
186 1_1_1 1997  0 0 11118.2 7497.95 67588.3 2076.03 3093.09 449.501 5541.19 0 0 0 0 0 0
187 1_1_1 1997  0 0 13501.6 12853.1 67250.3 2695.47 191.672 372.001 2372.69 118.618 0 0 0 0 0
188 1_1_1 1997  0 0 21742.7 3985.46 65458.9 3173.57 1219.6 1178.34 1312.22 573.094 0 0 0 0 0
189 1_1_1 1997  0 0 14001.5 8462.94 67067.3 3213.08 1117.63 670.526 2452.41 69.9479 0 0 0 0 0
190 1_1_1 1997  0 0 14214.7 3956.22 72646 2365.9 3512.56 790.041 1330.12 0 0 1.29406 0 0 0
191 1_1_1 1997  0 0 27556.1 4768.77 57260.7 3632.04 3658.32 417.966 2816.41 109.302 0 0 0 0 0
192 1_1_1 1997  0 0 13223.6 3092 73366.7 1858.47 5057.09 0 3909.71 1182.42 0 0 0 0 0
193 1_1_1 1997  0 0 26042.5 5516.37 58224.6 2750.03 1400.31 218.036 4393.14 121.971 0 0 0 0 0
194 1_1_1 1997  0 0 23315.6 1796.05 65540.2 1517.95 1673.37 889.326 3105.19 771.478 0 0 0 0 0
195 1_1_1 1997  0 0 18917.5 4895.06 65562.2 4508.36 181.252 805.124 3844.16 88.0004 0 1.40134 0 0 0
196 1_1_1 1997  0 0 16543 1804.83 71422.3 5233.37 451.615 217.738 3126.58 339.586 0 1.67684 0 0 0
197 1_1_1 1997  0 0 29354.3 0 59023 3279.94 2843.97 683.667 4098.48 371.822 0 0 0 0 0
198 1_1_1 1997  0 0 19065.7 7018.42 66471 1952.52 745.589 600.39 2039.09 967.415 0 0 0 0 0
199 1_1_1 1997  0 0 19917.5 2654.91 69120 2820.88 2663.93 526.217 3519.24 449.271 0 0 0 0 0
200 1_1_1 1997  0 0 12890.1 5032.08 73323.1 2455.21 1893.6 570.334 1472.91 648.421 0 3.67397 0 0 0
201 1_1_1 1997  0 0 13663.1 5523.35 74897.9 3690.82 399.635 666.196 2533.99 0 0 0 0 0 0
202 1_1_1 1997  0 0 9420.19 5947.32 72025.6 2348.42 2057.29 379.116 4532.97 0 0 0 0 0 0
203 1_1_1 1997  0 0 20156.2 2898.37 66319.1 3386.67 906.781 919.721 2287.8 306.781 0 0 0 0 0
204 1_1_1 1997  0 0 13952.2 0 69329.2 3620.65 916.768 0 5028.59 135.845 0 0 0 0 0
205 1_1_1 1997  0 0 7094.37 4398.81 73362.2 2841.12 2289.59 385.85 3762.91 654.789 0 0 0 0 0
206 1_1_1 1997  0 0 23479.9 8460.71 62153.6 1206.09 1246.05 873.492 2725.09 0 0 2.61647 0 0 0
207 1_1_1 1997  0 0 9584.07 762.746 71694.3 4012.93 0 1319.24 7784.21 764.752 0 0 0 0 0
208 1_1_1 1997  0 0 19068.1 10238.3 59012.5 3225.72 698.742 888.488 5810.98 715.097 0 0 0 0 0
209 1_1_1 1997  0 0 19562.8 5472.6 64476.9 2194.97 713.96 566.478 5099.36 0 0 2.89649 0 0 0
210 1_1_1 1997  0 0 11100.9 7891.5 65526 4804.31 1430.36 702.683 3709.97 89.4723 0 0 0 0 0
211 1_1_1 1997  0 0 21526.5 4061.36 59645.2 4774.95 2843.23 344.633 4075.44 676.096 0 0 0 0 0
212 1_1_1 1997  0 0 16789.5 7642.5 64426.5 3888.2 491.532 633.202 3105.65 119.122 0 5.64594 0 0 0
213 1_1_1 1997  0 0 22842.9 0 61756.5 5780.22 1921.91 99.0366 3633.38 0 0 0 0 0 0
214 1_1_1 1997  0 0 18677 7383.51 63870.7 1565.83 115.427 504.333 3760.32 0 0 0 0 0 0
215 1_1_1 1997  0 0 20067.6 10333.2 60498.2 3445.5 1437.07 1530.02 1119.15 403.209 0 0 0 0 0
216 1_1_1 1997  0 0 17810.3 0 68749.6 4941.93 1707.35 0 4706.83 159.663 0 0 0 0 0
217 1_1_1 1997  0 0 18360.1 0 66620.3 4668.3 1186.93 522.57 4436.97 881.26 0 0 0 0 0
218 1_1_1 1997  0 0 9700.06 4186.25 67151.2 1458.47 1998.78 355.991 3186.65 795.221 0 0 0 0 0
219 1_1_1 1997  0 0 16578.2 0 71346.7 3899.88 2197.25 759.668 4932.32 0 0 0 0 0 0
220 1_1_1 1997  0 0 21296.5 0 65054.6 5015.23 757.114 399.871 5742.54 82.1574 0 0 0 0 0
221 1_1_1 1997  0 0 26245.4 3625.6 62947.2 2069.45 0 761.403 3247.23 122.685 0 0 0 0 0
222 1_1_1 1997  0 0 9231.51 3311.15 68669.9 3052.92 5322.21 1583.08 2931.73 0 0 0 0 0 0
223 1_1_1 1997  0 0 16758.2 0 72665.5 979.163 563.896 703.646 2780.33 648.881 0 0 0 0 0
224 1_1_1 1997  0 0 23247.3 8976.41 55329.5 1980.68 2782.04 1066.79 2432.13 0 0 6.47594 0 0 0
225 1_1_1 1997  0 0 20601.1 0 65807.8 4582.92 2589.31 66.736 4492.13 401.929 0 3.13525 0 0 0
226 1_1_1 1997  0 0 18561.3 2876.02 63372.5 5431 3612.46 0 6334.23 104.247 0 0 0 0 0
227 1_1_1 1997  0 0 20665 5636.78 55683.1 3809.62 1630.44 956.726 4981.62 1372.94 0 0 0 0 0
228 1_1_1 1997  0 0 25471.6 4551.81 57833.8 5725.68 389.073 794.617 3135.4 664.271 0 0 0 0 0
229 1_1_1 1997  0 0 23028.3 0 57143.1 4130.69 1128.31 236.828 8372.32 1269.85 0 0 0 0 0
230 1_1_1 1997  0 0 18016.5 0 69674.8 1872.24 1790.98 431.877 3572.55 0 0 0 0 0 0
231 1_1_1 1997  0 0 22390.6 3575.86 64104.4 4053.38 1078.53 901.143 3848.77 304.795 0 4.32213 0 0 0
232 1_1_1 1997  0 0 17891 7155.76 65232.2 1771.9 877.233 730.085 4652.89 143.216 0 0 0 0 0
233 1_1_1 1997  0 0 16674.2 3882.64 65575.5 2405.3 610.47 692.962 6547.96 106.802 0 4.76813 0 0 0
234 1_1_1 1997  0 0 18902 1027.06 70004.8 2441.3 1476.96 1433.94 2945.13 404.1 0 0 0 0 0
235 1_1_1 1997  0 0 21636.9 0 65060.3 3071.54 1921.47 762.708 6998.47 282.89 0 0 0 0 0
236 1_1_1 1997  0 0 21775.9 3045.63 58340.8 3159.65 1031.23 0 11348.3 739.397 0 0 0 0 0
237 1_1_1 1997  0 0 19417.7 6504.65 68224.5 4801.66 1979.05 1312.87 1749.43 0 0 0 0 0 0
238 1_1_1 1997  0 0 22698.5 11694.4 58004.5 2457.21 1770.06 281.204 1543.52 406.353 0 0 0 0 0
239 1_1_1 1997  0 0 22724.8 2661.99 63871.2 5026.33 660.352 1294.87 2413.32 81.6223 0 0 0 0 0
240 1_1_1 1997  0 0 13621.9 11130.6 68280.7 1351.7 1293.39 778.783 1747.05 0 0 3.05589 0 0 0
241 1_1_1 1997  0 0 15194.2 4411.65 67473.6 306.87 2226.52 498.881 5707.86 0 0 0 0 0 0
242 1_1_1 1997  0 0 23287.9 7828.07 59845.2 3792.88 143.651 718.257 4045.89 421.106 0 0 0 0 0
243 1_1_1 1997  0 0 18440.1 10428.9 61104 7147.79 3176.59 488.47 1878.37 0 0 0 0 0 0
244 1_1_1 1997  0 0 18245.7 11667.2 59664.2 2092.86 1947.75 627.642 3411.36 0 0 0 0 0 0
245 1_1_1 1997  0 0 16334.7 21415.4 49630.7 3679.65 295.723 738.055 5055.45 87.4051 0 0 0 0 0
246 1_1_1 1997  0 0 25977.4 9520.06 55802.5 2875.84 1167.9 951.508 2069.96 84.8847 0 0 0 0 0
247 1_1_1 1997  0 0 12044.1 12362.2 56044.8 4854.45 4918.08 0 5383.21 0 0 0 0 0 0
248 1_1_1 1997  0 0 18461.2 4322.29 69778.8 1447.37 2097.7 537.282 4467.72 629.59 0 1.3974 0 0 0
249 1_1_1 1997  0 0 13055 4227.47 67221.9 4144.36 2409.93 980.292 1839.49 867.331 0 0 0 0 0
250 1_1_1 1997  0 0 10350.9 8618.92 71307.2 3070.81 1973.32 371.95 4250.09 781.9 0 0 0 0 0
251 1_1_1 1997  0 0 5860.05 15547.4 64880.6 3748.25 255.858 861.162 4823.87 255.858 0 0 0 0 0
252 1_1_1 1997  0 0 13855.7 1025.04 70324.8 3576.08 3747.05 73.001 4719.23 817.147 0 2.87333 0 0 0
253 1_1_1 1997  0 0 23163.9 2151.55 67328.8 3053.76 2720.1 830.186 2627.89 437.815 0 1.50968 0 0 0
254 1_1_1 1997  0 0 27257.1 1535.03 61853.9 3207.62 273.346 367.708 3185.22 582.733 0 7.22868 0 0 0
255 1_1_1 1997  0 0 17321.2 0 63735.2 3066.07 1353.85 101.276 5565.33 1101.54 0 2.36668 0 0 0
256 1_1_1 1997  0 0 12721.2 4633.67 69480.3 1557.95 907.787 100.138 3544.98 0 0 0 0 0 0
257 1_1_1 1997  0 0 14913.1 11734.5 56946.4 1207.9 388.935 403.825 8251.72 0 0 0 0 0 0
258 1_1_1 1997  0 0 20210.1 2353.96 65925.8 2596.64 2504.51 119.546 2917.14 92.2076 0 0 0 0 0
259 1_1_1 1997  0 0 17626.4 6941.39 60467.7 6771.1 3679.5 837.175 2129.02 674.255 0 0 0 0 0
260 1_1_1 1997  0 0 7489.32 5810.59 73736.3 3214.34 652.836 1087.13 2477.73 0 0 0 0 0 0
261 1_1_1 1997  0 0 4144.96 5963.39 79167.3 4268.31 0 2558.67 778.602 0 0 0 0 0 0
262 1_1_1 1997  0 0 9416.38 8153.1 74985 995.337 1236.2 1033.08 2378.18 0 0 1.5992 0 0 0
263 1_1_1 1997  0 0 13412.5 9453.84 62639.4 2209.34 2077.31 161.036 4715.52 1510.59 0 0 0 0 0
264 1_1_1 1997  0 0 13400.4 11474.1 66845.6 2621.48 0 1180.09 1464.17 833.614 0 0 0 0 0
265 1_1_1 1997  0 0 18460.7 0 65756.2 2785.62 3365.4 100.422 6192.19 114.142 0 0 0 0 0
266 1_1_1 1997  0 0 23437 2959.13 60550.3 2899.38 2991.64 1471.56 3948.99 0 0 0 0 0 0
267 1_1_1 1997  0 0 18825.5 4859.21 67315.4 5081.49 1141 121.178 3677.5 102.998 0 0 0 0 0
268 1_1_1 1997  0 0 8172.83 4305.1 77142.9 3726.82 334.958 839.474 3500.65 463.122 0 0 0 0 0
269 1_1_1 1997  0 0 10724.5 4048.39 70175.3 3924.72 921.064 537.232 3625.98 0 0 2.46667 0 0 0
270 1_1_1 1997  0 0 10365.5 1611.37 80503 2515.29 2393.12 339.926 2743.54 298.005 0 0 0 0 0
271 1_1_1 1997  0 0 19234.1 5144.89 64211.5 3960.21 1799.63 1359.58 3821.89 298.846 0 0 0 0 0
272 1_1_1 1997  0 0 20643.2 8438.71 56653.4 2322.08 177.998 1616.56 3422.84 0 0 0 0 0 0
273 1_1_1 1997  0 0 7003.59 6532.06 72384.9 5564.79 0 1622 2997.82 696.643 0 0 0 0 0
274 1_1_1 1997  0 0 8722.76 6210.12 71752.5 2867.72 1809.13 324.896 2023.4 157.129 0 3.4196 0 0 0
275 1_1_1 1997  0 0 17527.6 5998.84 64072.2 3598.3 1687.22 616.544 2000.42 0 0 0 0 0 0
276 1_1_1 1997  0 0 9470.92 5146.74 67582.1 9822.6 3221 1076.41 1783.09 309.338 0 0 0 0 0
277 1_1_1 1997  0 0 10681.9 5525.46 71435.5 4089.06 0 1092.59 1921.6 0 0 0 0 0 0
278 1_1_1 1997  0 0 18518 0 67092.7 3735.06 56.8388 56.8388 6284.69 428.423 0 0 0 0 0
279 1_1_1 1997  0 0 18044.8 5485.89 63221.8 4314.09 5557.16 834.159 2452.44 80.8596 0 0 0 0 0
280 1_1_1 1997  0 0 23737.7 0 66448.2 4128.05 1298.32 0 2346.74 893.114 0 0 0 0 0
281 1_1_1 1997  0 0 23227.8 2931.34 66283.5 1868.7 2107.39 452.249 1678.57 592.344 0 4.25661 0 0 0
282 1_1_1 1997  0 0 23974.1 4657.22 55862.5 2775.91 684.515 110.562 8149.08 1537.41 0 0 0 0 0
283 1_1_1 1997  0 0 20476.3 2702.2 69848.6 3755.68 2235.46 143.769 1974.72 0 0 0 0 0 0
284 1_1_1 1997  0 0 10573.1 2529.43 72498 7221.58 846.744 234.005 2064.83 493.394 0 3.92756 0 0 0
285 1_1_1 1997  0 0 25164 8754.81 54873.7 3125 1735.88 1201.58 1559.71 61.3116 0 0 0 0 0
286 1_1_1 1997  0 0 21581.8 7594.83 63310.2 1123.65 801.305 1211.01 2059.32 131.724 0 0 0 0 0
287 1_1_1 1997  0 0 23621.9 6871.99 55627.6 3741.57 1484.54 508.58 7742.45 450.683 0 0 0 0 0
288 1_1_1 1997  0 0 22707.8 0 66529.2 6325.57 1876.57 469.612 2164.48 599.86 0 5.05586 0 0 0
289 1_1_1 1997  0 0 21281.2 7824.18 59341.6 3344.85 1184.82 456.837 5401.04 372.173 0 0 0 0 0
290 1_1_1 1997  0 0 11925.3 5675.65 60299.1 4596.38 1122.98 1217.21 5860.85 0 0 0 0 0 0
291 1_1_1 1997  0 0 26537.6 4616.77 64361.3 1617.06 933.669 878.977 1653.54 448.063 0 0 0 0 0
292 1_1_1 1997  0 0 14939.3 0 71069.4 3166.56 1203.7 508.386 5585.06 0 0 0 0 0 0
293 1_1_1 1997  0 0 20668 5272.96 61337.8 5265.69 762.59 556.398 2172.84 0 0 0 0 0 0
294 1_1_1 1997  0 0 17329.6 8490.56 64263.6 2545.97 386.199 455.343 3320.64 0 0 1.4605 0 0 0
295 1_1_1 1997  0 0 16907 0 65861.5 3908.83 1484.45 273.934 6449.45 921.688 0 0 0 0 0
296 1_1_1 1997  0 0 19161.4 3123.16 65542.8 5282.89 1143.67 347.606 2615.22 540.796 0 0 0 0 0
297 1_1_1 1997  0 0 22239 2460.33 60532.8 10030.6 178.363 1710.39 1741.16 611.629 0 0 0 0 0
298 1_1_1 1997  0 0 16864.8 7047.94 65601.4 1389.88 748.95 1288.26 1111.03 410.268 0 0 0 0 0
299 1_1_1 1997  0 0 22943.4 5481.7 62105.6 2684.59 3222.24 684.97 3444.96 88.442 0 0 0 0 0
300 1_1_1 1997  0 0 17971.8 7318.44 64468.9 2760.96 3408.84 870.365 2103.93 409.638 0 0 0 0 0
301 1_1_1 1997  0 0 16909.4 6005.48 59980 7166.66 1868.58 537.961 3220.86 0 0 2.68926 0 0 0
302 1_1_1 1997  0 0 13860.4 3315.38 72927.2 4220.75 1366.9 1643.92 2293.02 225.123 0 0 0 0 0
303 1_1_1 1997  0 0 15681.4 0 74913.9 2967.87 1736.9 0 4292.57 0 0 0 0 0 0
304 1_1_1 1997  0 0 22557.8 0 65729.2 5708.18 3434 0 4180.48 0 0 0 0 0 0
305 1_1_1 1997  0 0 18001.6 2621.74 64831.9 3536.43 2665.24 151.785 7339.45 478.814 0 0 0 0 0
306 1_1_1 1997  0 0 19041.1 7692 62985.2 2831.21 2119.09 810.238 2635.54 72.5502 0 3.57418 0 0 0
307 1_1_1 1997  0 0 12396.4 7471.26 67526.5 2733.24 2777.83 0 3481.81 378.774 0 0 0 0 0
308 1_1_1 1997  0 0 21553.5 0 61075.4 3699.62 2621.62 86.0181 5162.25 84.0738 0 0 0 0 0
309 1_1_1 1997  0 0 18385.5 10813.9 60896.4 2967.53 0 1136.37 1087.94 0 0 6.20489 0 0 0
310 1_1_1 1997  0 0 13787.6 3638.73 75046.2 3296.38 478.878 573.923 1228.37 691.292 0 0 0 0 0
311 1_1_1 1997  0 0 22475.2 11502.2 57393 1655.7 845.284 872.175 4267.71 919.104 0 1.34862 0 0 0
312 1_1_1 1997  0 0 19621.8 5513.62 63576.4 4369.1 272.822 1593.67 1601.01 70.6535 0 1.32452 0 0 0
313 1_1_1 1997  0 0 15309.1 1232.54 70730.2 2985.15 90.867 878.755 1610.15 110.685 0 0 0 0 0
314 1_1_1 1997  0 0 10967 8166.52 70665.1 4343.25 888.022 985.667 606.53 532.544 0 0 0 0 0
315 1_1_1 1997  0 0 19637.5 5980.62 65061.4 2950.36 695.498 1509.56 2772.19 0 0 0 0 0 0
316 1_1_1 1997  0 0 17816.3 6128.11 63096.8 5666.41 599.34 677.289 5021.29 63.985 0 0 0 0 0
317 1_1_1 1997  0 0 15359.1 6259.88 66811.8 6060.28 862.911 161.181 2741.12 90.7238 0 0 0 0 0
318 1_1_1 1997  0 0 12242.2 12121.2 62281.4 1396.38 3105.41 1156.74 2760.67 0 0 1.17839 0 0 0
319 1_1_1 1997  0 0 25566.6 9020.16 55082.7 3361.09 821.343 1106.16 3840.47 166.619 0 0 0 0 0
320 1_1_1 1997  0 0 15182.5 1939.94 73695.6 3254.67 55.603 2819.8 1042.31 190.508 0 7.37586 0 0 0
321 1_1_1 1997  0 0 18648.7 16143 56978.4 3139.31 1837.83 1378.89 2611.73 659.342 0 0 0 0 0
322 1_1_1 1997  0 0 18652.7 2340 64241.9 2172.87 406.685 643.037 3767 87.2969 0 0 0 0 0
323 1_1_1 1997  0 0 23239.1 3189.63 64671.8 2373.51 2031.28 435.648 4499.62 103.778 0 5.0309 0 0 0
324 1_1_1 1997  0 0 11106.3 9647.42 67186.2 1619.52 2470.26 800.333 2279.29 0 0 0 0 0 0
325 1_1_1 1997  0 0 17256.7 5171.26 61653.6 3531.66 1948.46 712.203 9307.52 61.192 0 0 0 0 0
326 1_1_1 1997  0 0 14311.9 0 71477.6 3365.58 187.031 0 3535.81 1217.8 0 0 0 0 0
327 1_1_1 1997  0 0 21626.7 1964.38 63100.9 3370.71 2004.43 0 5438.16 149.14 0 2.71207 0 0 0
328 1_1_1 1997  0 0 24501.1 9242.29 52336.1 2931.61 429.785 1077.01 9239.61 992.397 0 0 0 0 0
329 1_1_1 1997  0 0 15457.6 0 72611.4 3418.9 2102.67 0 1390.94 89.411 0 0 0 0 0
330 1_1_1 1997  0 0 14325.8 4656.29 67439.9 4463.23 968.65 492.264 6704.02 0 0 0 0 0 0
331 1_1_1 1997  0 0 23320.1 0 66922 3435.3 1633.07 379.561 4779.32 874.339 0 0 0 0 0
332 1_1_1 1997  0 0 18094.7 0 66722.7 1838.44 2788.44 793.621 6657.75 717.364 0 0 0 0 0
333 1_1_1 1997  0 0 14041.3 9110.63 64365.6 2062.4 1744.93 1065.37 3428.28 1052.36 0 0 0 0 0
334 1_1_1 1997  0 0 19726.2 5946.3 62587.7 4339.81 3425.08 531.958 2418.98 780.804 0 0 0 0 0
335 1_1_1 1997  0 0 24375.5 0 64896.2 3161.02 1147.58 535.451 3886.93 791.35 0 7.01271 0 0 0
336 1_1_1 1997  0 0 11716.1 8789.93 69758.9 2779.02 0 2009.52 995.277 886.069 0 0 0 0 0
337 1_1_1 1997  0 0 13506 6057.68 70231.4 1659.27 781.239 548.151 2640.06 1029.9 0 0 0 0 0
338 1_1_1 1997  0 0 9395.8 5318.91 70779.2 4151.27 452.252 0 1695.2 730.394 0 7.55704 0 0 0
339 1_1_1 1997  0 0 12227 1552.15 67538.7 3836.93 3873.27 1604.69 4932.47 1282.28 0 0 0 0 0
340 1_1_1 1997  0 0 15183 2608.76 70302.1 3642.21 1420.84 188.727 1936.95 96.5352 0 0 0 0 0
341 1_1_1 1997  0 0 14774.6 13221.9 59452 972.643 1323.04 691.823 2200.24 3019.35 0 0 0 0 0
342 1_1_1 1997  0 0 11810.2 5636.51 58880.3 8809.69 1170.19 624.477 5596.33 591.49 0 1.30725 0 0 0
343 1_1_1 1997  0 0 23403.6 1125.26 61059.7 7288.22 1262.91 458.823 4167.69 67.9107 0 0 0 0 0
344 1_1_1 1997  0 0 14450.4 5011.36 66167.8 4104.7 2148.88 425.89 2722.21 338.73 0 4.18639 0 0 0
345 1_1_1 1997  0 0 12405.7 4042.76 69910.5 2938.62 713.029 112.488 4046.9 1168.69 0 0 0 0 0
346 1_1_1 1997  0 0 17579.7 8271.54 61139.8 5349.05 872.307 499.169 2978.76 0 0 0 0 0 0
347 1_1_1 1997  0 0 19622.6 3281.64 67824 5129.53 1337.53 358.99 3010.8 0 0 0 0 0 0
348 1_1_1 1997  0 0 20171.6 5470 62570.1 4572.03 431.987 724.256 3433.48 330.491 0 0 0 0 0
349 1_1_1 1997  0 0 16817.4 5421.56 66980.9 3105.62 693.38 1144.86 5051.49 293.895 0 0 0 0 0
350 1_1_1 1997  0 0 25914.4 5361.33 59927.3 2351.78 951.401 419.45 2173.55 0 0 0 0 0 0
351 1_1_1 1997  0 0 16097.8 5942.97 65084.7 1552.34 4194.38 151.165 1850.57 0 0 0 0 0 0
352 1_1_1 1997  0 0 16774.4 5905.58 67484.5 3410.78 564.032 772.343 2854.22 111.949 0 0 0 0 0
353 1_1_1 1997  0 0 9900.17 0 74545.6 4854.46 3729.19 309.851 1648.01 77.119 0 0 0 0 0
354 1_1_1 1997  0 0 21255.5 6677.75 64219.5 3135.65 593.938 1169.11 1488.99 0 0 0 0 0 0
355 1_1_1 1997  0 0 16587.2 5472.26 63981.4 6890.69 0 1234.61 2805.16 94.733 0 0 0 0 0
356 1_1_1 1997  0 0 8587.97 0 76851.2 4998.51 742.871 0 5140.59 89.4506 0 2.4055 0 0 0
357 1_1_1 1997  0 0 26482.8 1574.54 59522.5 1743.02 2358.37 483.462 5377.4 235.473 0 0 0 0 0
358 1_1_1 1997  0 0 22467.6 2794.96 63318.2 2466.34 1428.39 577.661 6812.94 0 0 0 0 0 0
359 1_1_1 1997  0 0 10249 0 68422.3 3309.79 306.645 0 7882.86 133.363 0 0 0 0 0
360 1_1_1 1997  0 0 14798.3 6145.6 60541 858.161 0 0 10625 2101.6 0 0 0 0 0
361 1_1_1 1997  0 0 14307 10085.7 64398.6 3434.72 672.847 829.568 3638.23 0 0 0 0 0 0
362 1_1_1 1997  0 0 11712 1013.11 69360.2 12414.1 843.864 0 1791.48 1093.98 0 2.82533 0 0 0
363 1_1_1 1997  0 0 15372.3 2577.06 68154.5 1925.81 4144.81 984.914 7214.3 0 0 0 0 0 0
364 1_1_1 1997  0 0 21485.2 0 71870.7 1777.25 1348.15 542.088 2433.3 0 0 0 0 0 0
365 1_1_1 1997  0 0 8535.73 4161.35 77111.1 4869.12 450.907 396.501 3204.81 0 0 1.50451 0 0 0
366 1_1_1 1997  0 0 23986.4 12172.6 58250.2 3460.32 631.929 429.765 2841.98 0 0 0 0 0 0
367 1_1_1 1997  0 0 23992.4 3512.48 61287.7 2649.8 3418.59 504.384 3692.84 276.024 0 0 0 0 0
368 1_1_1 1997  0 0 28373.8 1843.41 59498.3 2704.65 5427.39 0 3030.54 69.9769 0 0 0 0 0
369 1_1_1 1997  0 0 23076.1 2191.53 65888.2 3271.76 278.215 0 2859.37 77.8472 0 0 0 0 0
370 1_1_1 1997  0 0 19038.4 3152.56 67770.7 2987.35 1054.83 216.878 3725.34 370.296 0 0 0 0 0
371 1_1_1 1997  0 0 6174.46 9569.85 74673.3 881.185 0 1449.16 4554.74 1090.79 0 0 0 0 0
372 1_1_1 1997  0 0 16950.4 3989.74 68381 6623.16 413.64 1086.07 1830.25 89.311 0 0 0 0 0
373 1_1_1 1997  0 0 6826.4 8230.31 75630 1760.92 87.5387 218.847 3072.74 703.328 0 0 0 0 0
374 1_1_1 1997  0 0 18460.8 7248.07 59598.2 5440.42 0 1038.93 3400.86 0 0 0 0 0 0
375 1_1_1 1997  0 0 20996 3772.78 64581.3 3214.02 1075.48 728.353 2629.83 926.436 0 4.06002 0 0 0
376 1_1_1 1997  0 0 14094 7867.13 67546 2517.82 1723.09 345.725 4279.53 0 0 0 0 0 0
377 1_1_1 1997  0 0 19661.5 6310.01 61705 4901.65 794.547 491.008 2444.82 113.638 0 1.44751 0 0 0
378 1_1_1 1997  0 0 19144.4 2750.94 68699.8 3620.57 2223.88 1286.36 1638.16 117.187 0 4.50217 0 0 0
379 1_1_1 1997  0 0 18588.7 0 69160.5 4759.98 531.866 187.671 3320.45 877.227 0 1.37982 0 0 0
380 1_1_1 1997  0 0 16091.9 3215.64 67257.2 5819.41 813.892 0 4419.79 1002.71 0 2.92896 0 0 0
381 1_1_1 1997  0 0 12652.4 5992.58 70987.7 3222.99 979.098 395.867 2782.47 84.1568 0 4.1267 0 0 0
382 1_1_1 1997  0 0 14401.1 5699.02 68325.8 2406.05 0 1292.56 4550.36 0 0 0 0 0 0
383 1_1_1 1997  0 0 19449.3 4575.85 61552.1 2300.7 2843.21 1076.36 3226.35 575.993 0 0 0 0 0
384 1_1_1 1997  0 0 7770.23 7297.78 69000.3 4854.65 1717.01 1265.55 2964.84 1112.51 0 0 0 0 0
385 1_1_1 1997  0 0 15714.5 4539.35 68824.1 3083.33 468.816 393.482 5007.05 1059.26 0 0 0 0 0
386 1_1_1 1997  0 0 20465.7 8022.13 64700.1 2241.86 1277.79 1586.06 1152.72 1298.42 0 0 0 0 0
387 1_1_1 1997  0 0 20470.8 0 67654.2 4649.61 661.739 0 3686.93 0 0 0 0 0 0
388 1_1_1 1997  0 0 13516.6 2992.99 71560.2 3675.55 837.629 2598.5 2298.82 2183.18 0 0 0 0 0
389 1_1_1 1997  0 0 15176.5 3516.73 73015.9 2638.98 882.457 398.052 2574.56 105.162 0 0 0 0 0
390 1_1_1 1997  0 0 12639.8 2944.93 74209.6 2891.08 986.774 287.108 1534.47 1225.63 0 0 0 0 0
391 1_1_1 1997  0 0 13331 4146.38 68182.9 1937.72 2956.37 542.193 3322.43 669.997 0 1.42239 0 0 0
392 1_1_1 1997  0 0 10925.1 0 74037.7 2191.02 497.155 340.04 3968.28 0 0 0 0 0 0
393 1_1_1 1997  0 0 15371.3 11761.6 63636.9 5000.99 1524.3 983.345 3308.96 113.684 0 0 0 0 0
394 1_1_1 1997  0 0 16417.4 5861.76 67831.3 3719.91 379.034 783.099 1662.36 0 0 0 0 0 0
395 1_1_1 1997  0 0 20366.7 0 66097 4195.02 1002.46 201.603 4490.42 656.387 0 3.04791 0 0 0
396 1_1_1 1997  0 0 10654.2 4484.64 70020.2 3679.85 2551.61 632.183 1854.98 504.899 0 0 0 0 0
397 1_1_1 1997  0 0 22129.1 1406.73 55249.9 8918.71 2564.03 1326.73 9348.72 721.099 0 0 0 0 0
398 1_1_1 1997  0 0 14552.6 0 73857.3 1915.27 2851.22 0 6533.08 739.816 0 0 0 0 0
399 1_1_1 1997  0 0 17419.1 2476.43 64958.4 6579.91 2373.88 807.989 2403.19 96.7027 0 0 0 0 0
400 1_1_1 1997  0 0 18136.6 12534 59203.7 2774.89 2815.4 1984.11 2303.29 106.553 0 6.44873 0 0 0
401 1_1_1 1997  0 0 20246.2 6410.15 61461.6 2866.8 1939.76 0 3590.12 96.532 0 1.5429 0 0 0
402 1_1_1 1997  0 0 18305.4 1309.03 71486.3 4614.33 810.567 183.517 2835.9 704.79 0 0 0 0 0
403 1_1_1 1997  0 0 28257.6 3491.51 55969.3 7085.84 270.755 623.832 3407.92 76.2889 0 0 0 0 0
404 1_1_1 1997  0 0 15315.8 2601.87 68281.5 2957.83 2315.04 155.431 4361.16 93.5112 0 0 0 0 0
405 1_1_1 1997  0 0 20859.7 3553.09 58248.9 11528.1 1617.46 118.361 2675.76 88.6861 0 0 0 0 0
406 1_1_1 1997  0 0 6148.09 7313.83 75182.3 2152.86 2584.41 145.823 2650.46 869.401 0 4.28888 0 0 0
407 1_1_1 1997  0 0 24197.3 0 67289.4 506.309 6179.21 311.358 1492.69 611.472 0 1.59878 0 0 0
408 1_1_1 1997  0 0 25037 1886.84 56100 10928.8 810.218 405.109 2418.72 99.6962 0 1.31875 0 0 0
409 1_1_1 1997  0 0 18916.2 4297.75 64807.2 3242.73 617.537 163.577 2931.92 78.6491 0 0 0 0 0
410 1_1_1 1997  0 0 14144.5 8989.82 68089.7 2904.5 112.677 870.308 2220.75 68.9569 0 0 0 0 0
411 1_1_1 1997  0 0 11728.1 3693.88 65058.1 801.668 3343.32 1528.19 5330.07 0 0 2.99296 0 0 0
412 1_1_1 1997  0 0 24366.3 5519.48 58494.1 3484.48 4139.02 0 2176.47 69.7189 0 0 0 0 0
413 1_1_1 1997  0 0 21809.7 1719.7 65096.2 2310.86 768.876 343.546 4871.34 568.14 0 0 0 0 0
414 1_1_1 1997  0 0 26092.7 0 60876.7 9071.23 635.359 1146.14 3347.37 0 0 0 0 0 0
415 1_1_1 1997  0 0 21154.9 3149.02 66256.2 3922.59 2777.62 621.797 1780.91 88.0301 0 0 0 0 0
416 1_1_1 1997  0 0 19878.4 1386.68 65349.3 7474.41 171.282 1196.98 2548.47 80.1554 0 0 0 0 0
417 1_1_1 1997  0 0 21339.2 7116.17 63239.3 3389.42 257.041 377.385 3287.27 313.808 0 4.91638 0 0 0
418 1_1_1 1997  0 0 14784.6 5413.27 64472.1 3703.51 2103.9 125.014 3392.53 216.086 0 0 0 0 0
419 1_1_1 1997  0 0 12718.5 2338.81 72241.7 4782.88 416.609 1948.19 1981.78 208.304 0 0 0 0 0
420 1_1_1 1997  0 0 10814 7399.36 69818.5 1478.57 5465.2 1320.67 2743.03 0 0 0 0 0 0
421 1_1_1 1997  0 0 13303.5 1720.61 68861.7 1898.42 4018.07 1175.13 1817.67 1198.27 0 0 0 0 0
422 1_1_1 1997  0 0 16351.6 924.392 69775.7 4065.88 594.336 486.331 3123.32 105.265 0 4.21057 0 0 0
423 1_1_1 1997  0 0 13990.7 9564.4 63516.1 3482.33 1346.84 944.792 3636.44 82.0709 0 0 0 0 0
424 1_1_1 1997  0 0 26940.7 1186.42 60474.1 2585.68 1197.73 186.296 4715.14 268.543 0 0 0 0 0
425 1_1_1 1997  0 0 19152.5 1738.42 66776.4 4171.09 1264.56 1274.22 3418.3 667.722 0 0 0 0 0
426 1_1_1 1997  0 0 22638.3 1657.53 61488.9 4849.02 2074.28 125.839 8588.61 259.809 0 0 0 0 0
427 1_1_1 1997  0 0 20423.7 0 66467.2 1663.6 3646.36 191.99 4025.8 97.3547 0 4.78536 0 0 0
428 1_1_1 1997  0 0 8624.12 13604.3 57355.6 846.258 683.638 260.51 10795.3 67.4318 0 4.52516 0 0 0
429 1_1_1 1997  0 0 15657.3 9892.17 64497.5 1539.03 2329.78 998.751 2122.84 697.814 0 0 0 0 0
430 1_1_1 1997  0 0 21334.1 4164.51 64893.6 2113.39 421.684 176.831 4132.6 939.25 0 0 0 0 0
431 1_1_1 1997  0 0 22084.8 5382.32 61708.5 4886.17 338.204 740.614 3877.29 149.644 0 0 0 0 0
432 1_1_1 1997  0 0 26264.8 6957.31 58339.5 3407.95 1183.04 804.276 2206.77 108.64 0 1.48246 0 0 0
433 1_1_1 1997  0 0 12243.3 0 75680.7 2196.2 1400.28 284.288 5125.69 0 0 0 0 0 0
434 1_1_1 1997  0 0 28632 10976.5 52615.8 3418.53 944.411 477.458 2164.14 76.7391 0 0 0 0 0
435 1_1_1 1997  0 0 18309.9 9273.97 58429.9 2800.53 5967.76 1227.02 845.736 0 0 1.55555 0 0 0
436 1_1_1 1997  0 0 11366.6 1736.98 74508.8 3623.24 996.672 920.477 5028.1 711.649 0 0 0 0 0
437 1_1_1 1997  0 0 18946.8 1725.96 68405.9 3746.1 1207.77 446.347 2619.11 55.8892 0 2.57793 0 0 0
438 1_1_1 1997  0 0 13134.7 2602.98 75811.7 2373.29 0 0 3848.91 578.571 0 0 0 0 0
439 1_1_1 1997  0 0 2239.83 0 80310.4 4434.67 852.633 1593.75 2912.85 2364.59 0 0 0 0 0
440 1_1_1 1997  0 0 18107.9 12083.9 59009.6 2620.69 2778.11 0 3075.3 0 0 6.54595 0 0 0
441 1_1_1 1997  0 0 18526.3 2696.15 62760.4 9797.96 135.359 2417.42 662.219 440.039 0 2.92567 0 0 0
442 1_1_1 1997  0 0 23275.9 1087.36 64260.5 6292.91 2673.39 0 3268.65 0 0 0 0 0 0
443 1_1_1 1997  0 0 14532.6 4636.72 69838.7 4923.96 2375.77 381.955 2244.91 87.9364 0 2.82483 0 0 0
444 1_1_1 1997  0 0 15189.6 7504.35 65427.2 1617.45 2996.26 1073.49 3330.37 657.165 0 0 0 0 0
445 1_1_1 1997  0 0 22614.2 8265.91 58877.8 1703.92 879.047 731.408 3687.25 1875.06 0 0 0 0 0
446 1_1_1 1997  0 0 17394.4 0 67404.4 7146.55 495.752 192.106 7231.87 255.004 0 0 0 0 0
447 1_1_1 1997  0 0 15431.4 4699.54 68618.3 1455.92 1361.95 1548.56 4860.62 659.436 0 0 0 0 0
448 1_1_1 1997  0 0 23504.3 5461.25 59252.1 1988.2 2227.42 982.462 3163.9 0 0 1.52608 0 0 0
449 1_1_1 1997  0 0 20085.5 2931.98 63992.2 6013.81 858.719 1812.01 3015.88 602.418 0 0 0 0 0
450 1_1_1 1997  0 0 14462.4 4129.79 65311.5 5245.57 1084.37 282.044 3468.39 0 0 0 0 0 0
451 1_1_1 1997  0 0 11443.5 1297.1 73659 5053.76 1651.47 88.0961 3220.55 634.579 0 0 0 0 0
452 1_1_1 1997  0 0 10736.8 1605.38 76594.7 4293.3 504.72 267.615 4553.92 0 0 0 0 0 0
453 1_1_1 1997  0 0 17972.6 0 71783.4 2470.29 2405.59 1978.54 1261.14 309.449 0 1.58726 0 0 0
454 1_1_1 1997  0 0 19239.4 0 70527.2 2375.49 4181.92 773.488 1374.5 446.704 0 0 0 0 0
455 1_1_1 1997  0 0 15388.8 5092.45 68298.6 4739.34 0 802.163 3402.68 0 0 3.63091 0 0 0
456 1_1_1 1997  0 0 24875 0 64095.7 4370.24 1545.28 1266.48 2328.4 703.628 0 5.45248 0 0 0
457 1_1_1 1997  0 0 17569.2 5944.84 63485.1 6098.6 493.409 1081.25 1863.47 364.411 0 2.8948 0 0 0
458 1_1_1 1997  0 0 15116.3 10440.3 57689 3705.86 842.847 727.879 5552.63 0 0 3.11554 0 0 0
459 1_1_1 1997  0 0 24390.7 5798.37 56549.3 6439.23 3214.99 2056.84 2411.58 80.8319 0 0 0 0 0
460 1_1_1 1997  0 0 21784.1 1734.51 68157.8 1438.1 1450.95 1826.19 1815.74 1458.06 0 2.48943 0 0 0
461 1_1_1 1997  0 0 16651.6 5520.88 64319 7625.75 232.93 1215.08 2946.08 330.907 0 4.16647 0 0 0
462 1_1_1 1997  0 0 14323.1 5634.85 68460.8 3117.95 1053.45 183.173 3572.8 95.4353 0 0 0 0 0
463 1_1_1 1997  0 0 18443 2135.83 70917.9 3012.8 547.726 492.481 4892.27 527.007 0 1.46228 0 0 0
464 1_1_1 1997  0 0 16365.5 2345.18 75564.2 3547.3 1389.37 1795.85 385.51 70.8363 0 0 0 0 0
465 1_1_1 1997  0 0 13742 5288.81 73656 2169.36 2254.77 677.295 2631.08 102.078 0 0 0 0 0
466 1_1_1 1997  0 0 16779.3 3899.64 66515.4 4484.47 630.274 1035.18 3791.88 80.0324 0 1.71048 0 0 0
467 1_1_1 1997  0 0 17002.5 3021.98 70684 2421.51 886.04 1142.13 2168.36 567.258 0 0 0 0 0
468 1_1_1 1997  0 0 5193.3 7417.59 72457.4 2141.27 1751.78 386.413 6811.45 639.958 0 0 0 0 0
469 1_1_1 1997  0 0 17731.4 11999.3 57214.9 1741.43 1967.71 1008.73 5355.4 932.39 0 0 0 0 0
470 1_1_1 1997  0 0 17001.8 2555.15 71814 3997.87 814.783 346.18 2506.88 739.056 0 0 0 0 0
471 1_1_1 1997  0 0 18403 1339.26 64579.4 9424.37 1054.75 1602.61 3449.07 0 0 1.5803 0 0 0
472 1_1_1 1997  0 0 8126.04 8782.63 71107.5 2556.14 2300.75 1161.11 2148.47 685.4 0 0 0 0 0
473 1_1_1 1997  0 0 18163.6 5063.2 66531.4 2132.19 71.5089 1378.36 2006.34 1084.19 0 0 0 0 0
474 1_1_1 1997  0 0 16402 1703.83 70101.8 3972.18 1116.81 227.051 4818.56 151.883 0 0 0 0 0
475 1_1_1 1997  0 0 19270.5 1799.04 62113.9 8355.44 180.874 780.155 6575.71 89.9433 0 5.91543 0 0 0
476 1_1_1 1997  0 0 24604.2 2393.25 64044.3 6524.38 1091.16 101.752 2246.48 327.417 0 0 0 0 0
477 1_1_1 1997  0 0 12441.2 3194.03 73852.2 3624.91 4594.89 412.367 3320.42 1648.73 0 0 0 0 0
478 1_1_1 1997  0 0 19495.2 11968.8 55599.4 7338.05 601.732 401.154 3028.82 0 0 0 0 0 0
479 1_1_1 1997  0 0 13522.3 5871.27 70038.3 3509.72 1246.58 558.771 3273.33 1310.17 0 2.86651 0 0 0
480 1_1_1 1997  0 0 13603.1 0 78840 3463.45 3069.89 594.145 2704.69 0 0 0 0 0 0
481 1_1_1 1997  0 0 6994.2 4627.5 72901 3182.72 3689.54 939.359 4301.66 0 0 0 0 0 0
482 1_1_1 1997  0 0 15965.4 4483.27 67154.9 6026.11 61.6162 1202.65 1696 522.179 0 0 0 0 0
483 1_1_1 1997  0 0 23126 1313.12 65065.9 931.26 349.182 1066.6 4500.52 918.56 0 0 0 0 0
484 1_1_1 1997  0 0 17952.2 8622.88 63578.3 3259.99 2086.48 808.307 3888.29 80.7714 0 1.76529 0 0 0
485 1_1_1 1997  0 0 8424.02 5225.56 76827.6 1434.53 3054.8 908.158 3848.78 0 0 0 0 0 0
486 1_1_1 1997  0 0 21066.2 3488.37 64443.4 4573.62 140.954 727.747 2489.14 503.249 0 0 0 0 0
487 1_1_1 1997  0 0 15674 0 68236.2 3990 0 393.896 4589.01 1085.05 0 2.99383 0 0 0
488 1_1_1 1997  0 0 15172.7 2981.91 69775.2 3311.22 3250.66 408.973 2034.19 0 0 4.37392 0 0 0
489 1_1_1 1997  0 0 20288.2 6120.83 60581.8 3846.68 2520.46 706.503 3787.31 496.984 0 0 0 0 0
490 1_1_1 1997  0 0 9335.4 3715.05 74145.3 4623.67 1755.18 591.21 3170.36 109.099 0 0 0 0 0
491 1_1_1 1997  0 0 9982.87 12388.7 57583.9 1784.07 5032.76 1931.01 990.569 0 0 0 0 0 0
492 1_1_1 1997  0 0 9831.93 8816.97 55403.7 10473.2 0 1017.84 3484.7 0 0 0 0 0 0
493 1_1_1 1997  0 0 21882.9 2078.65 62301.6 5027.47 1537.54 197.991 5460.11 197.611 0 0 0 0 0
494 1_1_1 1997  0 0 13385.5 942.859 74907.1 3910.4 921.303 313.966 4033.51 142.077 0 5.26397 0 0 0
495 1_1_1 1997  0 0 26474.4 0 63716.4 2396.17 660.813 114.895 5002.71 132.341 0 0 0 0 0
496 1_1_1 1997  0 0 17617.1 0 71559.2 2063.18 1474.18 276.403 3796.7 59.9995 0 1.39051 0 0 0
497 1_1_1 1997  0 0 8496.33 976.172 77206.6 3890.94 0 1129.05 2665.93 1290.06 0 0 0 0 0
498 1_1_1 1997  0 0 16229.8 13613.7 54365.5 4169.29 450.583 1059.08 8547.25 129.612 0 0 0 0 0
499 1_1_1 1997  0 0 13344.8 4832.66 75149.8 1240.14 1494.85 93.6926 3146.11 515.362 0 0 0 0 0
500 1_1_1 1997  0 0 12767.5 2622.1 70992.5 6029.98 997.788 310.207 4223.19 268.425 0 0 0 0 0
501 1_1_1 1997  0 0 18013.3 0 75200.2 3930.61 1449.18 564.005 1026.93 0 0 0 0 0 0
502 1_1_1 1997  0 0 13973.9 6360.55 68683 7350.42 263.507 263.507 4884.12 0 0 0 0 0 0
503 1_1_1 1997  0 0 21954.2 0 66830.1 7076.82 1336.87 828.169 2177.3 329.019 0 0 0 0 0
504 1_1_1 1997  0 0 20954.9 8505.66 57362.5 815.527 1118.18 414.843 1893.29 4195.73 0 0 0 0 0
505 1_1_1 1997  0 0 20417.6 0 70756.7 3671.61 1237.64 491.079 2557.74 608.094 0 1.55724 0 0 0
506 1_1_1 1997  0 0 8215.42 6080.73 70578 4208.18 4080.95 1067.48 2094.87 1090.72 0 0 0 0 0
507 1_1_1 1997  0 0 7953.69 6511.28 74891.9 3299.5 3903.4 0 3657.01 1498.22 0 0 0 0 0
508 1_1_1 1997  0 0 26777.1 5215.49 55757.8 4300.8 2389.84 505.202 6415.57 428.152 0 0 0 0 0
509 1_1_1 1997  0 0 20423.6 1928.16 68464.3 4812.34 682.135 200.447 3088.38 597.925 0 0 0 0 0
510 1_1_1 1997  0 0 19439.2 8931.9 63262.1 3425.79 0 215.578 3733.35 456.485 0 0 0 0 0
511 1_1_1 1997  0 0 14294.8 7703.09 64388.8 2475.57 852.87 449.654 3700.98 689.863 0 0 0 0 0
512 1_1_1 1997  0 0 19347.7 6246.03 61916.9 2897.87 4920.52 515.647 3664.76 93.7003 0 1.44162 0 0 0
513 1_1_1 1997  0 0 15941.6 1836.19 72705.9 1394.83 879.808 1081.58 2860.79 386.209 0 0 0 0 0
514 1_1_1 1997  0 0 16030.8 0 71058.4 505.309 2116.69 0 5529.5 2016.04 0 0 0 0 0
515 1_1_1 1997  0 0 18905 0 64804.9 1896.93 2583.72 0 4945.76 0 0 0 0 0 0
516 1_1_1 1997  0 0 20774.7 3904.51 64799.4 1917.81 1839.02 1147.2 4239.71 1129.12 0 0 0 0 0
517 1_1_1 1997  0 0 18805.4 8984.62 64546.1 3500.36 293.473 1130.79 2731.84 0 0 0 0 0 0
518 1_1_1 1997  0 0 27200.4 0 59291.7 5288.84 4084.23 641.396 4900.41 80.4935 0 0 0 0 0
519 1_1_1 1997  0 0 16611.9 8771.02 61319.7 8647.58 977.195 175.758 1313.12 2099.66 0 0 0 0 0
520 1_1_1 1997  0 0 17067.9 0 71568.3 2375.88 1733.67 779.764 6242.19 956.65 0 0 0 0 0
521 1_1_1 1997  0 0 21762.8 3621.66 63084.3 4892.87 1144.43 396.816 3786.55 58.5965 0 0 0 0 0
522 1_1_1 1997  0 0 21280.5 2860.1 66664.4 2043.21 3924.65 0 1843.45 86.8131 0 0 0 0 0
523 1_1_1 1997  0 0 17496.6 2616.27 69666.3 6277.63 308.447 0 2401.23 0 0 0 0 0 0
524 1_1_1 1997  0 0 24237.8 7316.92 53798.5 1570.76 4363.65 650.514 3082.9 1078.44 0 0 0 0 0
525 1_1_1 1997  0 0 17381 890.885 62747.2 5348.95 4961.99 0 4229.29 798.774 0 0 0 0 0
526 1_1_1 1997  0 0 9566.32 7614.87 72270.1 1857.77 4438.34 1080.55 1924.59 682.647 0 0 0 0 0
527 1_1_1 1997  0 0 22385.3 1837.98 67803.1 3951.98 2364.69 525.523 2231.52 652.35 0 1.40838 0 0 0
528 1_1_1 1997  0 0 18562.6 6806.79 68199.3 256.251 3197.22 1520.01 2188.84 1025 0 4.79593 0 0 0
529 1_1_1 1997  0 0 14940.4 13353.1 62460.6 2615.99 2440.75 432.6 4109.48 67.3255 0 0 0 0 0
530 1_1_1 1997  0 0 20960.3 3254.02 63361 2528.32 4729.8 444.61 2778.31 180.481 0 0 0 0 0
531 1_1_1 1997  0 0 25584.5 6485.07 57616.5 1948.55 1187.26 1147.53 5114.44 523.291 0 0 0 0 0
532 1_1_1 1997  0 0 13748.2 1959 68323.7 5925.57 1885.95 887.261 1349.88 620.167 0 0 0 0 0
533 1_1_1 1997  0 0 20580.4 0 67386.8 1525.66 3873.93 306.433 4151.1 356.224 0 0 0 0 0
534 1_1_1 1997  0 0 10015.7 1369.46 79495.4 3158.6 2004.58 0 3310.11 322.802 0 0 0 0 0
535 1_1_1 1997  0 0 18591.7 5328.72 65241.2 2583.61 1639.34 469.539 4433.16 80.2226 0 0 0 0 0
536 1_1_1 1997  0 0 10987.5 6247.92 62211.9 5534.17 1248.89 253.695 4282.22 0 0 0 0 0 0
537 1_1_1 1997  0 0 26396.7 1957.79 60282.9 1875.21 3820.43 930.419 5136.39 0 0 7.26113 0 0 0
538 1_1_1 1997  0 0 15319.6 10921.7 60171.6 2881.71 0 307.419 5592.72 0 0 0 0 0 0
539 1_1_1 1997  0 0 21613.2 1240.42 66059 2353.57 2959.54 113.538 4634.65 547.83 0 0 0 0 0
540 1_1_1 1997  0 0 16071.3 1885.54 69449.3 550.553 4678.08 679.198 3816.82 79.8059 0 0 0 0 0
541 1_1_1 1997  0 0 7634.06 7164.4 69833.7 2947.19 666.537 737.45 4146.44 1269.09 0 0 0 0 0
542 1_1_1 1997  0 0 25488.6 7797.79 60341.5 2184.08 1486.55 1403.32 1816.08 328.052 0 0 0 0 0
543 1_1_1 1997  0 0 23498.2 0 66279.4 2312.48 2820.63 149.164 4168.62 147.104 0 0 0 0 0
544 1_1_1 1997  0 0 23585.4 2481.39 64772.8 5146.95 0 807.674 3774.56 560.583 0 0 0 0 0
545 1_1_1 1997  0 0 27704.9 6151.92 60099.8 1786.05 3453.8 441.429 4064.42 0 0 0 0 0 0
546 1_1_1 1997  0 0 21965.5 5787.81 62808.1 4938.78 456.157 1158.95 3401.18 864.031 0 0 0 0 0
547 1_1_1 1997  0 0 26161.7 4105.98 57610.7 3554.76 1465.79 1134.33 1655.62 941.739 0 0 0 0 0
548 1_1_1 1997  0 0 18632 8616.69 62639.5 1368.21 483.031 1040.22 5003.32 0 0 2.77023 0 0 0
549 1_1_1 1997  0 0 19282.1 3055.9 68938.1 4979.75 1029.58 391.762 3967.98 0 0 0 0 0 0
550 1_1_1 1997  0 0 19339.3 11297.8 57973.6 5355.97 2123.83 2066.96 2191.45 64.7304 0 0 0 0 0
551 1_1_1 1997  0 0 17383.8 2659.99 74092.2 2230.43 5119.86 0 5262.78 0 0 0 0 0 0
552 1_1_1 1997  0 0 20617.9 2221.31 63381.2 3061.24 643.458 85.8448 6172.85 0 0 0 0 0 0
553 1_1_1 1997  0 0 15656 7890.45 67617.9 946.527 2060.69 659.505 1970.99 0 0 2.59818 0 0 0
554 1_1_1 1997  0 0 6725.64 3751.65 76732.6 3206.58 1148.79 1478.82 1156.56 0 0 0 0 0 0
555 1_1_1 1997  0 0 19130.6 7218.41 62624.9 3395.61 1069.2 1017.3 1949.75 0 0 0 0 0 0
556 1_1_1 1997  0 0 16240.6 32762.4 44615.8 373.028 313.209 477.431 2245.65 3518.46 0 0 0 0 0
557 1_1_1 1997  0 0 6927.24 5170.36 74542.8 3063.93 2238.62 408.591 4450.07 851.431 0 0 0 0 0
558 1_1_1 1997  0 0 13010.8 0 74408.4 3294.55 675.015 0 2648.83 922.833 0 0 0 0 0
559 1_1_1 1997  0 0 10824.3 5331.92 74025.4 3602.12 1405.25 980.609 746.822 86.3037 0 0 0 0 0
560 1_1_1 1997  0 0 21613.8 5894.17 63330.7 1876.42 1657.71 1040.34 1250.76 912.965 0 0 0 0 0
561 1_1_1 1997  0 0 21703.4 4939.11 62868.4 2703.91 1845.85 220.6 3832.02 1005 0 5.51184 0 0 0
562 1_1_1 1997  0 0 19810 1205.15 67923.1 2575.57 2373.7 960.683 5000.81 0 0 2.68343 0 0 0
563 1_1_1 1997  0 0 22719.9 2166.89 65510.9 2214.21 694.686 555.996 1596.5 493.86 0 0 0 0 0
564 1_1_1 1997  0 0 14736.3 3468 71383.8 2419.21 2491.14 1377.1 1392.96 863.896 0 3.28385 0 0 0
565 1_1_1 1997  0 0 26349.9 8689.5 52686.8 4250 665.674 811.092 3012.93 57.9491 0 0 0 0 0
566 1_1_1 1997  0 0 19548.5 8060.73 62540.1 4048.42 416.037 1079.96 2936.12 676.693 0 0 0 0 0
567 1_1_1 1997  0 0 23187.8 2809.58 60673.3 2970.3 754.006 185.609 3337.89 429.739 0 0 0 0 0
568 1_1_1 1997  0 0 10422.4 11767 67380.2 5404.49 2281.07 1162.92 1910.22 0 0 0 0 0 0
569 1_1_1 1997  0 0 16351 8081.82 65574.1 3908.91 761.027 0 3970.95 99.825 0 0 0 0 0
570 1_1_1 1997  0 0 20590.4 6528.01 60171.4 4357.79 863.883 271.268 5254.8 86.834 0 0 0 0 0
571 1_1_1 1997  0 0 21818.2 8524.41 61748.2 1846.96 152.792 521.71 4491.36 626.078 0 0 0 0 0
572 1_1_1 1997  0 0 12205.4 12162.2 61022.2 9046.83 910.35 1191.89 2328.99 0 0 0 0 0 0
573 1_1_1 1997  0 0 7649.57 7107.58 72570.1 2131.71 1029.74 416.912 4401.64 928.283 0 0 0 0 0
574 1_1_1 1997  0 0 12551 2995.88 65046.5 7607.27 690.402 172.6 4374.62 2274.63 0 0 0 0 0
575 1_1_1 1997  0 0 11717.7 1042.63 75001.2 3168.77 3059.88 0 2195.77 395.149 0 0 0 0 0
576 1_1_1 1997  0 0 20612.4 3156.12 60888 3838.56 716.279 418.182 10766.2 136.679 0 0 0 0 0
577 1_1_1 1997  0 0 18838.9 6415.84 62481 2413.87 2407.19 1469.66 3484.97 82.839 0 0 0 0 0
578 1_1_1 1997  0 0 19790.9 2898.63 63870.8 2567.73 5313.12 1168.32 3938.4 177.148 0 0 0 0 0
579 1_1_1 1997  0 0 13918.6 2704.4 68559.7 1926.27 4012.78 365.942 2369.51 0 0 1.63472 0 0 0
580 1_1_1 1997  0 0 17954.3 10383.9 60071 9313.14 711.282 187.88 844.097 83.4109 0 2.94353 0 0 0
581 1_1_1 1997  0 0 11675 8709.05 66689.5 2526.42 2208.96 722.344 3890.23 0 0 0 0 0 0
582 1_1_1 1997  0 0 14245.9 5439.92 63943.8 4744.19 1125 807.801 3936.81 98.6867 0 0 0 0 0
583 1_1_1 1997  0 0 14804 2020.33 70594.6 5023.47 0 0 3061.03 0 0 0 0 0 0
584 1_1_1 1997  0 0 26496.3 0 65184.6 3485.57 1039.98 85.7483 2403.79 151.74 0 0 0 0 0
585 1_1_1 1997  0 0 14319.3 6064.52 71398.3 1553.05 498.528 831.104 4411.57 602.905 0 0 0 0 0
586 1_1_1 1997  0 0 10475.6 7235.22 73702.9 2512.39 1548.03 1046.82 1641.26 0 0 2.79959 0 0 0
587 1_1_1 1997  0 0 15767.5 10405 64218.7 1217.93 428.804 2482.61 2004.5 0 0 0 0 0 0
588 1_1_1 1997  0 0 10946.9 1367.89 76286.3 1287.13 1073.93 2054.1 1930.71 692.066 0 0 0 0 0
589 1_1_1 1997  0 0 17953.4 2595.11 72002 3157.6 0 542.582 926.027 102.799 0 5.33791 0 0 0
590 1_1_1 1997  0 0 8040.37 8416.27 74772.8 1681.46 122.973 860.151 721.381 0 0 0 0 0 0
591 1_1_1 1997  0 0 6559.87 9350.8 66287.8 2513.25 256.544 1049.83 4627.61 0 0 0 0 0 0
592 1_1_1 1997  0 0 8652.4 0 75889 3662.04 2982.64 147.594 4649.69 0 0 0 0 0 0
593 1_1_1 1997  0 0 18846.1 2654.59 69975.2 2404.56 1075.31 301.22 2015.94 394.61 0 0 0 0 0
594 1_1_1 1997  0 0 24677.3 4671.47 63583.7 2985.98 1912.03 1077.91 1735.95 382.715 0 1.41563 0 0 0
595 1_1_1 1997  0 0 8141.78 6994.71 68068.1 5468.89 2774.64 198.803 3443.91 2309.44 0 0 0 0 0
596 1_1_1 1997  0 0 11125.7 12029.2 60911.1 2878.81 3403.02 814.388 2538.86 1012.17 0 1.42081 0 0 0
597 1_1_1 1997  0 0 11768 0 76537.1 3061.16 3448.27 810.503 3256.56 1211.9 0 1.39923 0 0 0
598 1_1_1 1997  0 0 18774.2 11750.1 61481.7 2759.88 155.444 943.66 3401.13 76.4625 0 0 0 0 0
599 1_1_1 1997  0 0 16168.3 0 72296.6 4147.34 4104.8 0 3086.83 0 0 0 0 0 0
600 1_1_1 1997  0 0 23872.1 1031.18 67441.3 2059.43 453.58 829.299 3643.56 91.0775 0 4.23994 0 0 0
601 1_1_1 1997  0 0 12994.6 1481.9 74373.3 2115.37 2380.24 707.382 3579.93 0 0 1.50194 0 0 0
602 1_1_1 1997  0 0 28075.2 12090.5 50743.1 2717.32 4276.1 238.867 2155.49 52.9609 0 5.65946 0 0 0
603 1_1_1 1997  0 0 16683.7 0 64146.5 8271.55 252.439 998.664 4986.81 76.624 0 0 0 0 0
604 1_1_1 1997  0 0 20132.1 1787.33 65658.3 2167.5 225.144 0 7261.99 458.549 0 0 0 0 0
605 1_1_1 1997  0 0 21091.3 1906.56 60918 783.878 7176.55 391.085 2568.05 3194.54 0 0 0 0 0
606 1_1_1 1997  0 0 26488.4 5313.64 51784.1 3053.96 2995.04 699.82 9454.31 0 0 0 0 0 0
607 1_1_1 1997  0 0 27150.2 2849.35 62309.7 1066.25 2658.39 407.451 2724.08 401.037 0 3.24063 0 0 0
608 1_1_1 1997  0 0 22517 4265.26 62191.7 1963.27 1768.45 312.468 6251.2 798.739 0 0 0 0 0
609 1_1_1 1997  0 0 22071.5 2656.78 62050.8 5551.78 353.29 856.276 1133.99 79.4694 0 4.76378 0 0 0
610 1_1_1 1997  0 0 14637.3 11554 59023.1 2956.46 1050.38 1125.93 1629.79 650.67 0 0 0 0 0
611 1_1_1 1997  0 0 21595.2 0 56981.9 5421.25 1749.4 374.576 14137.2 147.929 0 0 0 0 0
612 1_1_1 1997  0 0 18744 5288.97 64913.6 3642.43 624.86 725.658 3329.58 0 0 2.89376 0 0 0
613 1_1_1 1997  0 0 11007.8 13022 67374.8 2647.92 1169.13 1499.4 1929.81 204.659 0 0 0 0 0
614 1_1_1 1997  0 0 7989.37 6006.48 60639.2 5392.2 7728.37 2936.58 650.172 1703.12 0 0 0 0 0
615 1_1_1 1997  0 0 9797.09 3235.61 63326.9 9181.83 269.769 2120.25 3388.75 0 0 3.1131 0 0 0
616 1_1_1 1997  0 0 20719 2825.14 64036.1 2127.64 2515.9 1249.46 3178.8 521.79 0 3.91631 0 0 0
617 1_1_1 1997  0 0 19180.4 6149.16 68896.8 1528.58 276.932 1515.91 2290.58 345.892 0 0 0 0 0
618 1_1_1 1997  0 0 24761.5 6216.33 64912.7 3850.99 198.426 960.203 2163.51 101.171 0 1.31382 0 0 0
619 1_1_1 1997  0 0 21261.4 0 68088.4 8011.98 855.424 454.266 2207.65 86.0204 0 0 0 0 0
620 1_1_1 1997  0 0 20364 5991.84 63369.4 1854.46 2465.2 137.816 3743.88 514.892 0 0 0 0 0
621 1_1_1 1997  0 0 18428 3605.55 65022.2 4086.36 1059.31 89.054 3466.33 91.7164 0 0 0 0 0
622 1_1_1 1997  0 0 17397.5 1715.69 72267.6 3160.96 1543.14 552.925 2610.4 72.6308 0 2.52641 0 0 0
623 1_1_1 1997  0 0 14615.7 5183.06 68499.6 3389.71 515.558 1411.58 4174.97 652.492 0 0 0 0 0
624 1_1_1 1997  0 0 20933.5 1953.5 52065.6 14785.6 0 1787.52 4262.39 1439.95 0 1.60147 0 0 0
625 1_1_1 1997  0 0 18913.2 5155.14 66959.9 5177.21 758.801 805.232 1971.92 395.231 0 0 0 0 0
626 1_1_1 1997  0 0 28055 3016.46 54331.6 7648.33 5548.49 1425.4 2010.42 711.045 0 5.76708 0 0 0
627 1_1_1 1997  0 0 32086.3 0 53354.8 2958.83 6029.74 937.137 2457.42 94.417 0 0 0 0 0
628 1_1_1 1997  0 0 24823.4 6284.11 58514.1 4675.22 1614.07 901.928 2430.21 774.02 0 0 0 0 0
629 1_1_1 1997  0 0 16823.5 4620.22 62817.4 4013.88 5439.75 1182.3 2411.46 97.0948 0 0 0 0 0
630 1_1_1 1997  0 0 18584.4 4081.81 66122.5 3366.78 2449.88 746.222 2050.03 96.988 0 0 0 0 0
631 1_1_1 1997  0 0 17790.5 8543.31 64139.8 2174.72 1719.52 1762.63 1395.65 447.944 0 0 0 0 0
632 1_1_1 1997  0 0 16777 9256.75 63672.7 3730.47 1141.72 897.751 2503.65 185.817 0 0 0 0 0
633 1_1_1 1997  0 0 22797.8 2540.84 63873 3882.77 1292.1 373.213 1949.13 189.04 0 0 0 0 0
634 1_1_1 1997  0 0 13047.6 8431.22 69311.5 2386.43 1205.26 476.358 3253.19 206.086 0 0 0 0 0
635 1_1_1 1997  0 0 10753 6547.64 67734.4 4565.73 1026.43 326.173 5170.95 0 0 7.97999 0 0 0
636 1_1_1 1997  0 0 19045.6 0 73106.9 1741.01 955.671 402.816 3436.28 804.781 0 0 0 0 0
637 1_1_1 1997  0 0 17112.7 517.667 70064.9 3874.04 956.647 677.947 1761.73 269.909 0 0 0 0 0
638 1_1_1 1997  0 0 14355.5 6875.46 62761.5 6734.53 5904.5 771.384 2374.8 117.257 0 0 0 0 0
639 1_1_1 1997  0 0 7660.87 4265.73 72118.9 5971.59 3936.56 285.083 2192.24 0 0 4.50058 0 0 0
640 1_1_1 1997  0 0 19421.5 4846.94 59488 2810.42 1406.66 841.345 7466.57 504.94 0 0 0 0 0
641 1_1_1 1997  0 0 12169.7 8851.25 69898.1 1577.88 921.204 761.736 3181.85 1307.7 0 0 0 0 0
642 1_1_1 1997  0 0 11807.1 5727.42 70832.1 1548.08 725.793 639.632 7218.86 743.072 0 1.40154 0 0 0
643 1_1_1 1997  0 0 7514.47 10956.7 71462.5 2445.94 794.032 1206.31 2220.96 0 0 0 0 0 0
644 1_1_1 1997  0 0 11155.9 11191.1 71869.9 0 438.297 2286.64 1082.22 0 0 2.67521 0 0 0
645 1_1_1 1997  0 0 12467.3 10817.3 64613.7 3920.34 2808.42 136.206 1729.11 859.621 0 0 0 0 0
646 1_1_1 1997  0 0 13341.4 4362.1 72480.7 2636.78 1458.03 878.123 3176.46 109.978 0 5.58901 0 0 0
647 1_1_1 1997  0 0 18653.7 18390.7 50542 4417.97 3182.81 0 4653.76 0 0 0 0 0 0
648 1_1_1 1997  0 0 12318.8 3550.75 74952.4 3036.35 0 442.583 3092.52 0 0 2.97101 0 0 0
649 1_1_1 1997  0 0 11483.6 2876.05 71307.3 3083.94 4944.14 0 2776.03 0 0 0 0 0 0
650 1_1_1 1997  0 0 25692.1 3284.31 60224.6 5270.09 162.856 1102.69 1922.73 85.3252 0 1.48221 0 0 0
651 1_1_1 1997  0 0 18661.6 4342.26 63200.2 3390.48 5598.34 297.504 3489.82 419.236 0 0 0 0 0
652 1_1_1 1997  0 0 19611.3 1164.22 72685.2 1879.31 2241.39 405.302 2743.37 0 0 1.494 0 0 0
653 1_1_1 1997  0 0 18750.3 5127.63 61912.5 274.163 5823.88 137.082 8145.78 88.4398 0 4.3449 0 0 0
654 1_1_1 1997  0 0 18366.6 3760.05 65141.3 5171.76 240.886 0 5911.36 79.9425 0 4.60491 0 0 0
655 1_1_1 1997  0 0 16001.8 5633.11 65606.4 5361.76 812.859 617.39 2063.09 636.174 0 0 0 0 0
656 1_1_1 1997  0 0 20748.7 3379.94 57224.8 9395.53 169.352 1680.16 1605.38 769.032 0 0 0 0 0
657 1_1_1 1997  0 0 21277.9 0 64572.2 2662.85 987.459 436.997 4852.54 370.697 0 0 0 0 0
658 1_1_1 1997  0 0 15184.3 5126.55 61932.9 8804.67 2057.75 482.289 7391.81 0 0 0 0 0 0
659 1_1_1 1997  0 0 11615 4121.73 75177.8 2734.78 446.996 825.619 1529.96 0 0 5.05512 0 0 0
660 1_1_1 1997  0 0 26410.2 12399.5 53011.7 2175.12 2934.62 1151.25 2001.67 84.4639 0 0 0 0 0
661 1_1_1 1997  0 0 11333.4 7028.17 66402.7 3122.05 963.571 0 3284.56 112.305 0 0 0 0 0
662 1_1_1 1997  0 0 26711.2 2587.02 58498.1 1759.39 2894.3 440.206 5367.23 74.7948 0 0 0 0 0
663 1_1_1 1997  0 0 23436.6 1751.7 61556.7 4104.34 4765.05 718.981 2075.32 0 0 4.88269 0 0 0
664 1_1_1 1997  0 0 18650.6 0 74631.2 2258.38 1806.08 633.026 1795.68 0 0 0 0 0 0
665 1_1_1 1997  0 0 15060 4292.14 67169.7 2630.65 2505.95 0 2367.85 549.687 0 0 0 0 0
666 1_1_1 1997  0 0 19845 7602.3 58081.6 4606 798.559 972.742 3190.51 111.032 0 0 0 0 0
667 1_1_1 1997  0 0 16321.1 3535.25 71023.6 1768.43 2313.01 771.041 3135.3 443.671 0 1.5766 0 0 0
668 1_1_1 1997  0 0 15310.1 2213.89 61061 14179.9 0 2910.94 1284.44 68.8566 0 0 0 0 0
669 1_1_1 1997  0 0 13304.7 7718.84 67386.3 2424.02 1245.4 1191.04 1262.43 366.872 0 0 0 0 0
670 1_1_1 1997  0 0 23397.4 4536.54 59139.6 6191.73 2691.88 985.943 5006.74 0 0 4.24408 0 0 0
671 1_1_1 1997  0 0 11676.1 5405.3 74277.1 3806.19 1778.04 1316.71 1247.54 697.201 0 0 0 0 0
672 1_1_1 1997  0 0 19302 4416.54 66708.5 3467.59 1253.47 1512.67 3040.04 1046.73 0 0 0 0 0
673 1_1_1 1997  0 0 8029.48 3545.05 74900.3 8091.82 0 1709.8 3368.19 82.4864 0 0 0 0 0
674 1_1_1 1997  0 0 19373.2 12552.8 55505.6 3770.79 0 0 5885.72 74.8512 0 0 0 0 0
675 1_1_1 1997  0 0 15443.4 1593.62 72864.7 4715.88 1383.91 336.486 2054.47 0 0 0 0 0 0
676 1_1_1 1997  0 0 21472 1136.99 68338.8 3051.35 2224.02 0 4906.23 700.217 0 0 0 0 0
677 1_1_1 1997  0 0 10626.9 7796.17 66752.8 2617.82 1618.66 598.983 7487.68 285.959 0 0 0 0 0
678 1_1_1 1997  0 0 21378.5 5232.19 62433.7 4861.46 1726.86 284.338 3260.07 298.266 0 0 0 0 0
679 1_1_1 1997  0 0 17712.7 0 67522.7 3863.06 2738.53 457.427 5462.89 521.921 0 0 0 0 0
680 1_1_1 1997  0 0 9115.79 3482.56 71889.9 936.672 1348.4 1258.14 3248.79 1051.18 0 0 0 0 0
681 1_1_1 1997  0 0 14249 10931.2 62079.9 6844.61 537.496 1334.08 1394.79 0 0 0 0 0 0
682 1_1_1 1997  0 0 17327.5 1896.82 61670.7 4298.79 324.734 1146.17 9406 0 0 0 0 0 0
683 1_1_1 1997  0 0 15506.9 6560.56 56537.1 4803.9 6001.64 320.06 3591.29 966.127 0 0 0 0 0
684 1_1_1 1997  0 0 22253.1 2220.99 64308.8 5161.39 0 1157.32 3037.58 0 0 0 0 0 0
685 1_1_1 1997  0 0 21651.1 0 69191.6 4077.95 1337.06 210.596 4561.13 97.018 0 1.6441 0 0 0
686 1_1_1 1997  0 0 12322.9 4172.85 70440.8 4217.15 4096.12 0 1335.24 0 0 0 0 0 0
687 1_1_1 1997  0 0 25637.3 5247.29 56733 3589.22 851.698 318.323 5157.43 799.378 0 0 0 0 0
688 1_1_1 1997  0 0 18805.9 8550.89 65020 2956.38 565.704 172.056 2190.8 60.8563 0 0 0 0 0
689 1_1_1 1997  0 0 15198.1 4285.28 71143.5 1766.72 635.837 1188.55 1992.35 293.904 0 4.5207 0 0 0
690 1_1_1 1997  0 0 14052.9 3766.35 70972.8 4408.62 2505.69 202.708 2000.69 549.025 0 0 0 0 0
691 1_1_1 1997  0 0 22271.3 3497.89 65584.2 1040.47 1921.59 1628.54 1477.69 0 0 1.46703 0 0 0
692 1_1_1 1997  0 0 14773.5 11623.3 63464.7 2357.7 3326.36 1403.84 2347.38 0 0 0 0 0 0
693 1_1_1 1997  0 0 18203.1 13000.3 62353.7 1641.91 3174.93 1066.07 1833.68 97.0212 0 0 0 0 0
694 1_1_1 1997  0 0 13454.6 7875.62 64108.8 5577.95 2381.2 879.886 3242.11 925.607 0 0 0 0 0
695 1_1_1 1997  0 0 19589.1 4092.11 69230.2 1877.78 1247.19 2877.41 553.555 0 0 0 0 0 0
696 1_1_1 1997  0 0 26647.8 6666.26 53685.8 3532.56 2376.95 327.708 5350.73 105.675 0 0 0 0 0
697 1_1_1 1997  0 0 24791.1 4500.74 60719 2742.56 3784.53 776.837 2642.73 77.4108 0 5.58961 0 0 0
698 1_1_1 1997  0 0 15964.4 7142.83 64099.9 4409.69 0 349.621 5114.72 0 0 3.00738 0 0 0
699 1_1_1 1997  0 0 18681.8 9578.02 61531.1 4289.04 3898.43 83.1146 3921.11 82.8049 0 0 0 0 0
700 1_1_1 1997  0 0 20445.9 14980.4 48239.6 7480 4940.34 745.439 2801.71 1597.92 0 0 0 0 0
701 1_1_1 1997  0 0 13578.4 5142.9 67194.3 2486.98 1277.33 1481.35 5772.45 0 0 1.43295 0 0 0
702 1_1_1 1997  0 0 16218.4 12166.8 60784.1 6913.79 1911.6 1299.54 875.683 732.625 0 0 0 0 0
703 1_1_1 1997  0 0 18466.5 8048.47 65176.3 2688.99 441.102 779.324 2201.41 123.242 0 0 0 0 0
704 1_1_1 1997  0 0 17549.5 7904.84 61197.3 3815.74 1485.05 440.432 4817.13 106.789 0 0 0 0 0
705 1_1_1 1997  0 0 17531.3 3857.42 72451.6 3669.2 2810.45 0 3656.94 1091.97 0 0 0 0 0
706 1_1_1 1997  0 0 12493.4 11076.2 64065.5 4055.27 1678.77 432.257 5057.01 0 0 11.1715 0 0 0
707 1_1_1 1997  0 0 10751.8 10631.3 67062.7 3630.25 350.75 0 6758.07 662.576 0 1.27564 0 0 0
708 1_1_1 1997  0 0 17372 0 68810.8 7996.5 1134.67 427.756 2906.96 244.639 0 0 0 0 0
709 1_1_1 1997  0 0 17325.6 6166.29 60912.4 9289.2 0 475.657 2428.61 118.77 0 5.09684 0 0 0
710 1_1_1 1997  0 0 23601.3 2397.3 63391 3912.62 1261.92 513.604 2987.6 0 0 0 0 0 0
711 1_1_1 1997  0 0 15452.6 3486.82 70413.8 1162.72 1211.47 406.067 2035 278.091 0 3.02359 0 0 0
712 1_1_1 1997  0 0 6450.02 4887.39 76543.6 3697.06 353.359 1280.85 2020.84 0 0 0 0 0 0
713 1_1_1 1997  0 0 18148.4 1788.56 67526.4 3825.32 1866.19 905.773 3818.44 1043.13 0 0 0 0 0
714 1_1_1 1997  0 0 18975.4 4042.05 64514.2 4448.74 4086.85 1386.79 3111.83 0 0 2.98255 0 0 0
715 1_1_1 1997  0 0 12974.5 12009.1 59369.3 4609.79 2594.77 570.001 3088.28 0 0 0 0 0 0
716 1_1_1 1997  0 0 10755.4 5218.83 75478.9 422.927 615.426 901.553 2235.33 0 0 0 0 0 0
717 1_1_1 1997  0 0 19958.2 5482.45 65294.3 3229.93 967.229 660.755 3470.86 236.242 0 0 0 0 0
718 1_1_1 1997  0 0 11226.5 2145.11 73885.2 4664.95 1694.51 1033.1 3234.38 418.941 0 0 0 0 0
719 1_1_1 1997  0 0 21835.7 3499.39 61559.2 4026.98 1918.89 690.74 4885.65 0 0 0 0 0 0
720 1_1_1 1997  0 0 25119.3 8065.46 56022.9 2253.2 2168.04 248.645 6204.5 623.462 0 0 0 0 0
721 1_1_1 1997  0 0 12268.2 3509.33 63301.3 3122.45 3636.51 0 11561.8 0 0 5.39711 0 0 0
722 1_1_1 1997  0 0 25968.2 3485.76 60377.4 2228.52 3995.1 735.747 3194.24 48.3784 0 0 0 0 0
723 1_1_1 1997  0 0 22114 5621.53 66229.2 2383.62 1404.8 1122.13 2492.88 104.207 0 0 0 0 0
724 1_1_1 1997  0 0 23693.6 6270.32 54894.3 3208.05 858.586 981.861 6231.8 955.69 0 0 0 0 0
725 1_1_1 1997  0 0 22069 2927.01 67129.8 702.675 1504.27 0 5942.53 127.925 0 3.1424 0 0 0
726 1_1_1 1997  0 0 25034.7 0 58794.5 10068.5 1204.94 0 4388.38 816.163 0 0 0 0 0
727 1_1_1 1997  0 0 9092.47 0 85086.4 2392.86 3265.16 0 2717.87 0 0 0 0 0 0
728 1_1_1 1997  0 0 15879.4 2740.95 68721 3724.57 1635.36 0 2501.07 745.213 0 0 0 0 0
729 1_1_1 1997  0 0 17391.8 4061.13 64700.4 9691.35 382.075 1375.47 659.966 1238.5 0 0 0 0 0
730 1_1_1 1997  0 0 20710.6 10904.6 59759.4 2068.11 867.413 820.575 2489.25 125.291 0 4.9922 0 0 0
731 1_1_1 1997  0 0 16593.6 6392.04 64730.5 4566.63 0 1473.14 4308.92 219.274 0 0 0 0 0
732 1_1_1 1997  0 0 20129.7 1315.96 66766 2701.68 1069.91 430.105 3404.96 165.529 0 0 0 0 0
733 1_1_1 1997  0 0 10182.2 10484.2 60157.3 5648.85 726.793 674.144 3839.91 0 0 1.56898 0 0 0
734 1_1_1 1997  0 0 8667.97 7942.93 72231.6 2224.85 1126.29 1151.15 2856.02 0 0 0 0 0 0
735 1_1_1 1997  0 0 17743.3 3408.61 69432.4 3544.28 1237.81 0 1874.24 104.708 0 0 0 0 0
736 1_1_1 1997  0 0 7517.73 8863.07 65796.9 7970.48 0 1116.93 3513.83 92.6059 0 0 0 0 0
737 1_1_1 1997  0 0 23178.7 5281.31 57928.2 3988.85 1116.26 644.515 6406.88 1018.5 0 0 0 0 0
738 1_1_1 1997  0 0 24870.1 6373.41 61645.8 993.304 848.972 2018.4 876.791 331.101 0 0 0 0 0
739 1_1_1 1997  0 0 15196.9 2111.37 67494.9 3271.05 3902.13 802.377 3577.94 106.268 0 1.4147 0 0 0
740 1_1_1 1997  0 0 25468.9 9682.2 51364.7 9016.46 273.342 546.684 3270.04 1872.44 0 0 0 0 0
741 1_1_1 1997  0 0 18113.9 7832.5 54304.7 8158.6 131.394 1832.12 1392.86 853.56 0 0 0 0 0
742 1_1_1 1997  0 0 26417.7 5214.13 53211.7 4306.53 1574.98 392.484 6645.81 326.839 0 0 0 0 0
743 1_1_1 1997  0 0 18755.9 12245.3 61074.2 1161.03 3760.65 1048.62 1925.34 174.904 0 0 0 0 0
744 1_1_1 1997  0 0 28809.3 6705.66 57868.4 2949.84 290.836 1056.81 1683.61 290.836 0 0 0 0 0
745 1_1_1 1997  0 0 21930.2 0 69974.1 3032.56 3781.26 0 2541.33 59.4342 0 8.09335 0 0 0
746 1_1_1 1997  0 0 6292.19 1627.64 81744.8 4215.35 1025.45 665.855 3710.84 0 0 3.21538 0 0 0
747 1_1_1 1997  0 0 17416.3 7179.87 62194.3 3983.66 553.355 542.104 1780.1 764.975 0 0 0 0 0
748 1_1_1 1997  0 0 10599.2 3770.74 71841.3 4146.97 235.863 1025.99 4285.37 98.6976 0 0 0 0 0
749 1_1_1 1997  0 0 18551.4 3809.68 67680.3 1340.22 999.305 147.777 6162.87 641.881 0 0 0 0 0
750 1_1_1 1997  0 0 19957.8 2796.62 64312.5 2461.8 1373.55 0 5335.59 405.426 0 0 0 0 0
751 1_1_1 1997  0 0 5724.15 9560.72 65365.5 2186.97 1428.92 595.058 4801.98 417.595 0 0 0 0 0
752 1_1_1 1997  0 0 12298.4 10663.8 62520.9 6055.98 162.255 810.901 4655.19 0 0 4.38995 0 0 0
753 1_1_1 1997  0 0 21806.2 7844.26 58363 4835.41 271.249 1572.7 3813.41 0 0 2.53308 0 0 0
754 1_1_1 1997  0 0 12732.6 6176.99 71211.6 2462.13 414.022 1013.76 2532.36 65.1208 0 0 0 0 0
755 1_1_1 1997  0 0 21875 10724.7 55718.9 5941.68 453.272 1249.91 3618.76 109.858 0 0 0 0 0
756 1_1_1 1997  0 0 11484.2 3758.18 75814.8 1156.42 2274.06 426.451 3018.3 496.206 0 0 0 0 0
757 1_1_1 1997  0 0 11585.2 4301.07 69115.4 2430.55 746.539 1301.42 1215.69 978.382 0 0 0 0 0
758 1_1_1 1997  0 0 13428 5529.65 69939.2 1669 2226.43 926.519 2782.52 837.546 0 0 0 0 0
759 1_1_1 1997  0 0 24080.8 1510.87 67779.7 1938.02 1626.64 1821.61 1850.6 109.887 0 0 0 0 0
760 1_1_1 1997  0 0 20847.2 9128.44 63679.9 4441.12 490.913 339.266 1587.71 81.9257 0 0 0 0 0
761 1_1_1 1997  0 0 18970.1 3658.87 66885.3 3101.55 1118.2 193.098 4709.67 412.463 0 0 0 0 0
762 1_1_1 1997  0 0 15135.3 5058.64 69577.8 2301.98 3494.94 860.793 3552.02 345.873 0 0 0 0 0
763 1_1_1 1997  0 0 6893.4 8723.39 71196.3 2041.11 2387.57 199.535 3903.57 0 0 0 0 0 0
764 1_1_1 1997  0 0 24105.6 6745.69 58158.3 0 1952.41 106.808 4552.36 2190.86 0 0 0 0 0
765 1_1_1 1997  0 0 13445.6 8741.39 68570.3 6245.02 0 1967.68 3598.41 75.9196 0 0 0 0 0
766 1_1_1 1997  0 0 10279.1 1342.58 70485.5 2892.69 2340.96 148.938 4404.45 479.936 0 0 0 0 0
767 1_1_1 1997  0 0 17091.9 0 68639.4 1711.74 4598.74 180.471 3475.77 0 0 0 0 0 0
768 1_1_1 1997  0 0 21969.3 3894.19 62282.1 1837.18 3382.93 767.127 3839.33 714.21 0 7.25825 0 0 0
769 1_1_1 1997  0 0 9139.29 2281.1 77830.4 434.849 518.158 1026.3 3338.71 1635.83 0 0 0 0 0
770 1_1_1 1997  0 0 21633.4 1590.2 62553.5 3596.27 3159.97 161.18 4561.8 283.909 0 0 0 0 0
771 1_1_1 1997  0 0 17532.9 3010.59 70758.8 2425.9 1146.41 1251.76 1980.78 330.566 0 0 0 0 0
772 1_1_1 1997  0 0 15512.3 7750.03 64653.6 2590.26 1840.9 208.636 1978.36 67.5885 0 0 0 0 0
773 1_1_1 1997  0 0 18558.8 378.004 66910.5 1680.13 3788.32 447.732 2382.58 546.759 0 0 0 0 0
774 1_1_1 1997  0 0 12926 5217.16 70603.2 3238.81 1628.56 453.822 4849.37 0 0 0 0 0 0
775 1_1_1 1997  0 0 10175.4 8922.9 67298.2 5459.47 1792.65 1498.79 687.266 0 0 0 0 0 0
776 1_1_1 1997  0 0 14736.4 15715.5 61983.9 3705.49 1129.73 1037.11 1207.78 850.909 0 0 0 0 0
777 1_1_1 1997  0 0 14964.2 2325.5 69698 2623.59 2667.94 722.325 4138.41 0 0 0 0 0 0
778 1_1_1 1997  0 0 9605.62 5989.36 61605.8 7990.28 1428.89 1256.86 7265.57 0 0 0 0 0 0
779 1_1_1 1997  0 0 12453.6 2611.05 69775.7 7185.7 1815.27 0 4343.36 1047.49 0 0 0 0 0
780 1_1_1 1997  0 0 19214.6 0 63705.5 5895.35 1882.84 221.351 5053.4 0 0 0 0 0 0
781 1_1_1 1997  0 0 22800 4995.36 59983.8 3701.14 527.235 566.856 6917.11 0 0 0 0 0 0
782 1_1_1 1997  0 0 18100.7 7945.13 56738.2 2237.52 1924.93 1285.23 9567.19 406.764 0 0 0 0 0
783 1_1_1 1997  0 0 18642.7 9286.46 54695.9 1612.95 2367.48 376.521 9660.05 1545.87 0 0 0 0 0
784 1_1_1 1997  0 0 13373.6 6857.97 69008 3031.49 1085.38 177.518 2089.74 0 0 1.50063 0 0 0
785 1_1_1 1997  0 0 18451.4 10325.9 61835.4 1676.89 1254.73 635.426 1574.18 845.707 0 0 0 0 0
786 1_1_1 1997  0 0 20170.9 3419.99 62486.6 3394.13 1467.58 195.518 4122.8 352.793 0 0 0 0 0
787 1_1_1 1997  0 0 23560 2125.47 65079.3 2071.07 2462.54 816.668 3224.1 225.244 0 0 0 0 0
788 1_1_1 1997  0 0 20772.7 2345.28 65402.5 3921.53 2654.5 309.314 2974.94 0 0 0 0 0 0
789 1_1_1 1997  0 0 11481.2 2372.92 69661.6 6905.91 2613.65 192.23 3022.48 581.689 0 0 0 0 0
790 1_1_1 1997  0 0 22545.1 5977.74 60642.4 6420.95 387.745 728.251 3424.76 91.6508 0 0 0 0 0
791 1_1_1 1997  0 0 17245.7 7447.3 62611.6 4298.52 4106.46 1340.59 3562.69 599.917 0 0 0 0 0
792 1_1_1 1997  0 0 15979.2 698.849 72473 1863.78 1082.92 0 3696.36 1965.96 0 1.75374 0 0 0
793 1_1_1 1997  0 0 18071.2 1327.38 67034 6939.34 339.241 0 4399.12 103.207 0 0 0 0 0
794 1_1_1 1997  0 0 11762 3719.4 71981.4 3102.64 826.181 189.998 3291.96 532.366 0 0 0 0 0
795 1_1_1 1997  0 0 17900.4 4294.27 65328.6 3148.38 1408.92 198.919 5237.37 74.4512 0 0 0 0 0
796 1_1_1 1997  0 0 17343.4 4023.11 68571.7 3190.87 933.009 1143.82 1848.06 165.075 0 1.37974 0 0 0
797 1_1_1 1997  0 0 8141.01 2930.06 73249.6 1924.99 5364.89 1246.42 3548.13 642.023 0 1.50136 0 0 0
798 1_1_1 1997  0 0 17777.6 12862.4 58352.9 3706.59 938.84 551.675 5027.04 157.7 0 0 0 0 0
799 1_1_1 1997  0 0 11532 10716.4 66440 3159.74 2585.47 870.073 2796.1 779.708 0 4.30403 0 0 0
800 1_1_1 1997  0 0 25583.5 0 65006.4 2700.4 2315.78 1047.31 1274.19 864.458 0 2.64112 0 0 0
801 1_1_1 1997  0 0 21600.1 5194.19 61353.9 5170.31 559.129 535.588 5181.35 501.026 0 0 0 0 0
802 1_1_1 1997  0 0 16031.9 2441.58 69124.9 4083.42 4481.26 630.688 3187.38 492.857 0 0 0 0 0
803 1_1_1 1997  0 0 10875.1 5748.27 69426.4 3137.24 2007.7 720.838 4252.63 0 0 0 0 0 0
804 1_1_1 1997  0 0 19880.5 8264.17 58987.5 3181.55 468.938 921.833 2444.37 123.146 0 0 0 0 0
805 1_1_1 1997  0 0 13175.2 13788.1 57774.3 1850.02 387.044 2072.36 6141.44 177.538 0 0 0 0 0
806 1_1_1 1997  0 0 11602.6 8103.99 68919.7 1790.37 1233.47 834.495 3412.09 963.433 0 0 0 0 0
807 1_1_1 1997  0 0 16768.1 2843.29 73175.6 1564.97 855.343 443.842 2119.28 0 0 2.69889 0 0 0
808 1_1_1 1997  0 0 22612.5 6530.52 62694.4 1464.12 532.488 201.954 2614.25 0 0 0 0 0 0
809 1_1_1 1997  0 0 23271.2 0 61451.1 9452.64 2221.39 695.935 2693.85 639.27 0 0 0 0 0
810 1_1_1 1997  0 0 16566.4 6556.78 64937.9 2849.25 91.1916 355.966 5459.35 0 0 0 0 0 0
811 1_1_1 1997  0 0 17710.7 6625.12 64716.5 2501.74 3853.39 0 5562.09 0 0 0 0 0 0
812 1_1_1 1997  0 0 16851.8 3630.05 66801.7 4706.74 3827.88 0 4685.35 0 0 0 0 0 0
813 1_1_1 1997  0 0 21385.1 7133.05 48820.4 5183.14 2034.94 183.903 6208.83 92.5151 0 0 0 0 0
814 1_1_1 1997  0 0 8675.87 7070.6 67493.3 3554.7 643.319 378.038 5571.46 165.835 0 0 0 0 0
815 1_1_1 1997  0 0 12967.1 9047.57 66707.7 3472.74 1063.8 448.439 4128.23 0 0 0 0 0 0
816 1_1_1 1997  0 0 20030.3 5608.79 54899.3 9796.07 887.589 0 9562.07 0 0 0 0 0 0
817 1_1_1 1997  0 0 24095.5 1010.84 63906.5 3746.74 1499.56 0 4155.82 69.1982 0 3.13582 0 0 0
818 1_1_1 1997  0 0 10123.2 9259.76 66064.1 3977.4 2610.49 1360.57 3526.28 239.574 0 0 0 0 0
819 1_1_1 1997  0 0 16968.8 4829.82 70802.8 2706.95 1522.76 817.403 3556.35 745.545 0 0 0 0 0
820 1_1_1 1997  0 0 22851.2 4119.4 64347 8458 1307.7 170.926 2279.25 98.8034 0 0 0 0 0
821 1_1_1 1997  0 0 22559.3 2452.82 64003.7 4870.68 557.658 2096.39 1036.25 146.939 0 3.7521 0 0 0
822 1_1_1 1997  0 0 18664.5 5431.81 68408.5 1699.94 3670.29 744.226 2284.84 0 0 0 0 0 0
823 1_1_1 1997  0 0 12830.2 3701.35 68047.4 4519.25 2276.49 448.311 6772.59 461.375 0 0 0 0 0
824 1_1_1 1997  0 0 21953.4 2964.96 66531 3712.6 304.588 1102.59 2518.78 140.954 0 1.39197 0 0 0
825 1_1_1 1997  0 0 19603.3 4262.03 67215.4 1596.54 128.477 1525.84 1888.54 0 0 0 0 0 0
826 1_1_1 1997  0 0 22714.7 5271.42 62166.7 3743.3 2269.91 1268.34 2263.72 243.929 0 1.48357 0 0 0
827 1_1_1 1997  0 0 14361 7102.95 62646.2 2351.46 1527.43 1133.94 814.061 0 0 0 0 0 0
828 1_1_1 1997  0 0 15369.3 12025.9 66585.8 3587.95 0 1210.69 1272.24 257.067 0 0 0 0 0
829 1_1_1 1997  0 0 27873.7 2805.01 65049.3 2611.68 352.673 1239.88 1248.35 146.469 0 0 0 0 0
830 1_1_1 1997  0 0 17925.3 4760.49 66549 2475.48 643.202 0 2403.66 1097.2 0 0 0 0 0
831 1_1_1 1997  0 0 28035.8 0 55578.3 4736.14 4662.55 0 6245.63 0 0 0 0 0 0
832 1_1_1 1997  0 0 11188.4 1663.75 74453 1001.9 1635.28 458.39 7448 0 0 0 0 0 0
833 1_1_1 1997  0 0 12058.8 0 76146.5 3374.11 2630.83 339.854 3293.54 0 0 3.23138 0 0 0
834 1_1_1 1997  0 0 13574.7 0 76709 2325.1 1396.25 155.655 3691.59 870.4 0 0 0 0 0
835 1_1_1 1997  0 0 10704.3 7465.94 61097.5 2035.34 236.052 118.026 8112.75 896.927 0 0 0 0 0
836 1_1_1 1997  0 0 19681.6 3548.85 66526.5 3401.86 1003.18 0 3962.44 358.256 0 0 0 0 0
837 1_1_1 1997  0 0 20542.7 3511.13 62440.7 1077.42 2604.13 314.602 7195.1 536.075 0 0 0 0 0
838 1_1_1 1997  0 0 24595.1 5268.7 56746.7 609.342 1394.38 1475.9 1686.21 2202.72 0 0 0 0 0
839 1_1_1 1997  0 0 19438.2 6048.1 62362.9 3766.81 1216.04 316.401 4664.11 1373.65 0 0 0 0 0
840 1_1_1 1997  0 0 15095.9 7021.72 69754.7 2543.45 451.91 624.78 2873.3 283.611 0 0 0 0 0
841 1_1_1 1997  0 0 19416.1 11598.6 61561.6 1751.57 825.013 190.18 2779.91 846.83 0 0 0 0 0
842 1_1_1 1997  0 0 11263.2 2895.62 71605.3 4301 1966.94 0 3681.63 70.606 0 1.41261 0 0 0
843 1_1_1 1997  0 0 11476.2 2149.96 73810 3339.17 753.829 306.013 3723.3 752.305 0 0 0 0 0
844 1_1_1 1997  0 0 5961.71 8444.74 67264.7 8682.81 0 380.066 4602.03 0 0 4.34787 0 0 0
845 1_1_1 1997  0 0 19455.3 7280.7 60241.8 4629.77 1110.42 939.761 5143.22 65.8478 0 0 0 0 0
846 1_1_1 1997  0 0 13207.9 8510.99 70146.5 4267.08 532.643 1354.34 1424.74 0 0 0 0 0 0
847 1_1_1 1997  0 0 18505.1 7469.12 58616.4 5386.32 0 1785.58 3945.46 2125.55 0 0 0 0 0
848 1_1_1 1997  0 0 19729 1587.07 67660.1 3262.59 866.714 304.861 3342.27 532.612 0 0 0 0 0
849 1_1_1 1997  0 0 18636.2 18684.9 52861.8 1746.26 1312.73 344.764 1842.62 2456.83 0 0 0 0 0
850 1_1_1 1997  0 0 25779.2 0 57973.1 3956.48 2752.86 0 8105.88 77.7289 0 2.90413 0 0 0
851 1_1_1 1997  0 0 24960 0 61931.2 5192.83 2989.28 577.332 4324.69 0 0 0 0 0 0
852 1_1_1 1997  0 0 19903.8 7671.19 61125.9 8361.15 870.2 849.049 1746.28 0 0 0 0 0 0
853 1_1_1 1997  0 0 23606.8 0 62047 3632.62 1061.27 327.324 8017.8 1157.58 0 0 0 0 0
854 1_1_1 1997  0 0 16476.9 1852.63 75072.3 2328.33 2178.65 986.632 1254.75 242.75 0 0 0 0 0
855 1_1_1 1997  0 0 22848.2 1816.68 63961 5137.23 1233.48 172.105 3684.45 101.534 0 0 0 0 0
856 1_1_1 1997  0 0 9503.38 3623.95 75921.3 3512.49 1043.91 0 2417.27 0 0 0 0 0 0
857 1_1_1 1997  0 0 16671.4 7118.87 69305.6 7473.76 92.0648 524.104 559.674 95.3656 0 0 0 0 0
858 1_1_1 1997  0 0 26677.8 5275.06 57697.1 2275.87 1684.06 316.42 2836.95 1063.4 0 0 0 0 0
859 1_1_1 1997  0 0 17037.2 537.747 72062.1 3281.43 0 268.323 4341.12 793.107 0 0 0 0 0
860 1_1_1 1997  0 0 23066.4 2812.56 64296.4 1832.44 624.046 228.626 2201.03 345.795 0 1.26494 0 0 0
861 1_1_1 1997  0 0 17365.9 915.412 71934.9 3909.96 111.878 0 4950.29 154.227 0 0 0 0 0
862 1_1_1 1997  0 0 19135.2 14416.7 53650.3 5124.1 2130.83 892.325 2473.58 0 0 7.31982 0 0 0
863 1_1_1 1997  0 0 24889.8 0 65520.7 2261.56 734.258 167.486 4147.67 0 0 0 0 0 0
864 1_1_1 1997  0 0 21065.6 6149.69 63679.6 2169.73 3718.24 354.789 2520.59 1211.03 0 4.86691 0 0 0
865 1_1_1 1997  0 0 16947.6 3721.54 70231.4 3189.75 157.969 365.059 3959.57 340.563 0 0 0 0 0
866 1_1_1 1997  0 0 15672.9 2809.21 73042.7 5282.78 1545.77 336.363 2749.04 93.9747 0 2.59975 0 0 0
867 1_1_1 1997  0 0 22292.8 3526.21 65449.6 3295.43 1270.29 447.265 4001.77 0 0 0 0 0 0
868 1_1_1 1997  0 0 18986.3 9641.86 61698.7 3713.55 5069.65 660.825 3464.61 443.861 0 1.47075 0 0 0
869 1_1_1 1997  0 0 17163.1 3177.31 71704.1 1959.06 440.833 694.948 4070.94 327.892 0 0 0 0 0
870 1_1_1 1997  0 0 15448.6 3482.49 69673.9 3316.38 2116.57 483.762 2784.45 400.475 0 1.42005 0 0 0
871 1_1_1 1997  0 0 14781.8 7116.66 67943.1 2361.6 929.416 278.765 2864.03 487.659 0 6.23361 0 0 0
872 1_1_1 1997  0 0 18266.8 4616.44 64652.9 6232.15 395.953 1217.17 3089.53 0 0 1.47566 0 0 0
873 1_1_1 1997  0 0 13669.6 4133.23 70646.4 2985.56 1405.44 374.486 2369.38 0 0 0 0 0 0
874 1_1_1 1997  0 0 19104.3 2695.22 68126.3 5070.56 1857.69 207.072 1960.27 254.326 0 13.0214 0 0 0
875 1_1_1 1997  0 0 21695.3 3479.27 64035.1 5375.14 1602.51 0 2091.22 133.759 0 0 0 0 0
876 1_1_1 1997  0 0 23072.4 7916.18 56443.5 5908.85 2956.05 2355.66 657.442 69.3431 0 0 0 0 0
877 1_1_1 1997  0 0 10751.8 0 77487.6 4847.54 1585.68 0 2424.18 80.3292 0 0 0 0 0
878 1_1_1 1997  0 0 27585.6 0 61899.6 2359.03 1472.73 360.383 5190.64 123.744 0 0 0 0 0
879 1_1_1 1997  0 0 17636.8 2041.12 69978.6 4088.27 2570.56 0 3079.55 70.1459 0 1.61075 0 0 0
880 1_1_1 1997  0 0 24474.3 0 64803.8 2760.7 4722.26 2287.29 960.149 90.495 0 0 0 0 0
881 1_1_1 1997  0 0 23825.5 2015.36 65671.3 1270.1 4804.27 264.84 2770.83 94.0319 0 0 0 0 0
882 1_1_1 1997  0 0 17873.7 3885.31 62650.9 3095.1 3086.4 1398.54 5207.47 0 0 0 0 0 0
883 1_1_1 1997  0 0 23424.2 2799.28 65883.2 4756.43 253.637 373.416 1428.14 354.707 0 0 0 0 0
884 1_1_1 1997  0 0 27413.5 3720.58 58767.7 5173.6 211.498 826.141 2862.74 50.675 0 0 0 0 0
885 1_1_1 1997  0 0 15860.8 5338.47 65013.7 7098.76 0 992.342 3138.67 832.728 0 0 0 0 0
886 1_1_1 1997  0 0 16747.8 5254.37 67873.6 2422.15 2560.84 1590.07 1856.94 1040.65 0 0 0 0 0
887 1_1_1 1997  0 0 19734.7 6634.12 62604.4 3048.59 561.98 942.924 2618.58 0 0 0 0 0 0
888 1_1_1 1997  0 0 10713.7 2985.24 70302.7 2199.1 3350.93 605.608 3926.96 85.234 0 1.45372 0 0 0
889 1_1_1 1997  0 0 22066.3 8753.37 60725.9 143.172 791.875 625.7 4495.86 0 0 3.20251 0 0 0
890 1_1_1 1997  0 0 17341 2784.6 68056.4 3258.03 910.682 493.371 1173.41 71.8731 0 0 0 0 0
891 1_1_1 1997  0 0 14004.8 0 75648 919.017 1317.56 868.997 2663.42 45.6177 0 0 0 0 0
892 1_1_1 1997  0 0 16234.2 9279.53 64202.9 3268.61 2114.39 1495.28 1942.33 286.788 0 0 0 0 0
893 1_1_1 1997  0 0 17465.1 1557.69 65759 4392.37 5250.02 171.159 4235.66 354.372 0 0 0 0 0
894 1_1_1 1997  0 0 26315.4 3165.22 56961.9 1716.3 2387.49 1139.9 4805.03 89.8043 0 1.16889 0 0 0
895 1_1_1 1997  0 0 18990.8 0 74993.1 3457 642.132 420.003 1307.66 1012.39 0 3.56283 0 0 0
896 1_1_1 1997  0 0 17650.4 5928.8 63588.5 3761.63 1270.94 725.32 4676.59 627.081 0 0 0 0 0
897 1_1_1 1997  0 0 21965.6 5038.55 65780.8 2856.7 792.672 0 1178.93 401.353 0 0 0 0 0
898 1_1_1 1997  0 0 12180.9 1028.67 74393.7 1176.47 0 1116.5 3570.69 1094.68 0 0 0 0 0
899 1_1_1 1997  0 0 23399.1 1210.77 63529.1 7210.94 1790.92 1088.08 2452.38 0 0 0 0 0 0
900 1_1_1 1997  0 0 18389.4 0 68810.5 7068.01 1205.79 241.039 3013.79 90.0255 0 0 0 0 0
901 1_1_1 1997  0 0 17763 3332.12 67975.4 3640.69 1095.27 1004.45 2477.96 155.384 0 0 0 0 0
902 1_1_1 1997  0 0 19656 12959.5 57511.1 1886.18 5276.04 211.871 4065.01 127.328 0 0 0 0 0
903 1_1_1 1997  0 0 19088 5160.38 61400.4 7400.19 932.215 641.465 1338.01 0 0 0 0 0 0
904 1_1_1 1997  0 0 8535.22 5116 75319.4 5959.86 953.453 115.026 2197.58 123.98 0 0 0 0 0
905 1_1_1 1997  0 0 22037.8 4476.87 59964.1 2951.99 3542.84 864.993 4293.1 617.666 0 4.38761 0 0 0
906 1_1_1 1997  0 0 30370.1 7379.85 55152.9 311.32 3768.45 527.917 3417.79 0 0 1.24919 0 0 0
907 1_1_1 1997  0 0 14713.6 807.771 76834.1 822 768.989 540.398 2115.68 616.5 0 0 0 0 0
908 1_1_1 1997  0 0 15076.1 3459.8 67505.7 3281.01 5022.05 0 2219.11 599.14 0 1.47932 0 0 0
909 1_1_1 1997  0 0 18757.9 7119.53 62315 3583.76 3544.57 665.968 2063.69 0 0 0 0 0 0
910 1_1_1 1997  0 0 19582.5 8159.13 59380.3 3627.66 1886.02 875.465 3367.22 52.9714 0 0 0 0 0
911 1_1_1 1997  0 0 28083.4 5632.79 51671.5 9984.35 834.952 430.562 3230.09 116.457 0 0 0 0 0
912 1_1_1 1997  0 0 18577.6 2879.71 65212.7 3550 1087.06 0 2991.72 0 0 0 0 0 0
913 1_1_1 1997  0 0 18728.2 5207.92 64842.8 3009.46 589.996 1169.61 2242.31 460.771 0 0 0 0 0
914 1_1_1 1997  0 0 21436.2 0 65162 5996.5 874.457 0 2962.9 87.2386 0 0 0 0 0
915 1_1_1 1997  0 0 17982.7 14570.8 50087.8 5097.05 1177.68 695.072 10309.2 71.788 0 0 0 0 0
916 1_1_1 1997  0 0 20489.9 6030.99 50090.3 5838.89 2164.41 1458.91 8351.01 1367.66 0 0 0 0 0
917 1_1_1 1997  0 0 8369.55 4802.42 73119.4 2978.52 325.37 646.867 4567.42 851.746 0 0 0 0 0
918 1_1_1 1997  0 0 18571.2 3539.75 63371.8 9399.57 912.838 825.32 2480.5 116.407 0 0 0 0 0
919 1_1_1 1997  0 0 11813.2 3750.68 68225.9 4694.82 2127.97 1242.06 4534.07 55.1678 0 0 0 0 0
920 1_1_1 1997  0 0 17635.5 7743.91 60848.8 4878.26 0 852.153 2546.52 1581.92 0 0 0 0 0
921 1_1_1 1997  0 0 22889.4 3868.17 64312.9 2698.64 694.815 578.098 2728.02 310.091 0 0 0 0 0
922 1_1_1 1997  0 0 25363.2 1419.98 61883.7 3160.22 1399.24 98.8747 3408.7 142.956 0 0 0 0 0
923 1_1_1 1997  0 0 22720.9 1006.23 61137.7 9387.98 684.46 1424.55 2214.29 384.098 0 0 0 0 0
924 1_1_1 1997  0 0 22769.2 1357.04 63226.7 6530.75 928.025 0 2232.95 1235.22 0 0 0 0 0
925 1_1_1 1997  0 0 18141.7 7222.84 66020.2 3968.1 1877.15 185.814 3283.2 276.618 0 0 0 0 0
926 1_1_1 1997  0 0 14669.1 7493.75 69859.1 2315.17 528.001 371.129 3391.45 203.949 0 0 0 0 0
927 1_1_1 1997  0 0 12621 2605.1 74686.6 3628.35 687.383 826.523 2233.21 626.774 0 0 0 0 0
928 1_1_1 1997  0 0 8018.03 4106.19 77099.1 4254.64 178.178 1119.38 1523.95 515.252 0 0 0 0 0
929 1_1_1 1997  0 0 16767.7 0 71029.9 5374.16 197.74 197.74 2099.12 0 0 0 0 0 0
930 1_1_1 1997  0 0 17100.1 4503.8 66697.1 4358.14 2325.84 875.896 2427.57 93.6454 0 0 0 0 0
931 1_1_1 1997  0 0 18317.9 14140.4 56739.9 3332.23 0 0 4071.78 0 0 1.4259 0 0 0
932 1_1_1 1997  0 0 20790.1 1105.52 69504.9 2580.95 2106.87 493.35 3733.82 0 0 0 0 0 0
933 1_1_1 1997  0 0 17640.4 0 71346.4 4185.24 2191.84 0 2877.29 143.384 0 4.19328 0 0 0
934 1_1_1 1997  0 0 16495.5 4280.76 66595.9 1009.57 4685.47 1245.72 5149.21 0 0 0 0 0 0
935 1_1_1 1997  0 0 22388.7 8229.5 54632 5085.33 2256.47 299.406 5480.52 66.3419 0 0 0 0 0
936 1_1_1 1997  0 0 17310.4 8180.03 61051.1 5655.32 768.898 185.087 5011.42 430.079 0 0 0 0 0
937 1_1_1 1997  0 0 19123.9 9386.36 64271.6 2392.26 1237.04 347.58 1156.73 735.426 0 1.37328 0 0 0
938 1_1_1 1997  0 0 25479.4 3430.86 61692.2 1994.78 1619.83 465.189 2239.97 78.4504 0 1.60922 0 0 0
939 1_1_1 1997  0 0 13349.1 8875.75 62287.7 3994.17 1533.01 715.751 3844.9 68.8927 0 0 0 0 0
940 1_1_1 1997  0 0 27957.5 6298.23 56193.1 5484.99 3217.47 1183.46 3932.52 549.124 0 0 0 0 0
941 1_1_1 1997  0 0 6101.8 12496.8 60786.9 10010.9 377.127 1205.38 1250.12 98.9726 0 0 0 0 0
942 1_1_1 1997  0 0 25503.9 2136.96 62789.7 2598.7 2291.99 940.471 1932.06 76.6414 0 0 0 0 0
943 1_1_1 1997  0 0 24896.8 1220.51 68463.7 1822.75 388.386 194.193 1498.41 166.04 0 0 0 0 0
944 1_1_1 1997  0 0 19920.1 2876.49 64630.6 6075.75 2483.37 436.418 2605.72 458.267 0 5.25439 0 0 0
945 1_1_1 1997  0 0 20849.1 749.384 68422.7 3275.84 3380 784.362 2501.79 0 0 0 0 0 0
946 1_1_1 1997  0 0 21619.7 0 66990.4 5170.84 1215.44 0 1939.69 838.675 0 0 0 0 0
947 1_1_1 1997  0 0 8026.69 4489.33 76727.2 3332.62 2194.07 2020.13 2211.21 241.401 0 0 0 0 0
948 1_1_1 1997  0 0 24035.1 6203.74 55803.2 3213.94 2012.51 366.667 4432.92 0 0 0 0 0 0
949 1_1_1 1997  0 0 11802.4 2157.08 70479.2 3440.94 1903.43 128.204 4538.33 1237.82 0 9.98401 0 0 0
950 1_1_1 1997  0 0 28882.2 0 61844.9 2225 1848.41 749.585 3906.41 63.7424 0 0 0 0 0
951 1_1_1 1997  0 0 11870.5 0 73955.7 1862.6 2301.76 1558.34 721.538 0 0 4.04455 0 0 0
952 1_1_1 1997  0 0 14317.7 7294.67 62217.8 3428.15 462.474 452.557 4793.07 393.423 0 1.53903 0 0 0
953 1_1_1 1997  0 0 19354.3 7164.49 65074.1 3613.98 1292.75 398.141 2821.9 960.411 0 0 0 0 0
954 1_1_1 1997  0 0 24328.6 939.373 65456 3326.65 189.344 733.282 2104.47 810.787 0 2.83905 0 0 0
955 1_1_1 1997  0 0 18359.4 5834.97 59678.8 4269.15 814.855 219.049 7941.32 113.696 0 0 0 0 0
956 1_1_1 1997  0 0 15712.6 0 68903.8 6583.71 5735.39 0 3999.78 0 0 0 0 0 0
957 1_1_1 1997  0 0 16938.9 5891.02 69001.4 1910.44 906.551 453.842 1647.37 432.633 0 0 0 0 0
958 1_1_1 1997  0 0 21304.9 3830.56 61797.6 1681.15 3249.48 0 5993.02 76.2955 0 0 0 0 0
959 1_1_1 1997  0 0 13620.1 2488.8 65809.9 7959.19 4429.96 213.831 2382.19 0 0 0 0 0 0
960 1_1_1 1997  0 0 11824.1 2403.1 74781.1 3330.89 1464.32 0 2783.76 520.333 0 1.26441 0 0 0
961 1_1_1 1997  0 0 16648.4 0 61691.5 7443.2 2927.7 618.551 10519.9 849.356 0 6.30812 0 0 0
962 1_1_1 1997  0 0 20311.9 6689.1 59813.6 4536.96 936.862 1382.24 2737.7 279.893 0 0 0 0 0
963 1_1_1 1997  0 0 18250.3 4388.3 64591.1 1654.67 1294.43 540.147 2279.65 449.084 0 0 0 0 0
964 1_1_1 1997  0 0 19857.8 7727.35 58342.7 4824.48 2108.46 950.1 3820.1 74.6133 0 0 0 0 0
965 1_1_1 1997  0 0 16359.2 11742.2 58475.7 6790.44 533.743 509.56 3561.46 104.55 0 0 0 0 0
966 1_1_1 1997  0 0 22802 5154.88 61309.2 1447.71 2146.66 0 3455.11 516.187 0 0 0 0 0
967 1_1_1 1997  0 0 15326.2 5355.87 73057.7 2707.08 397.455 1228.3 1620 303.53 0 0 0 0 0
968 1_1_1 1997  0 0 24990 7575.56 55056 5333.39 1639.36 772.462 2369.31 67.9264 0 0 0 0 0
969 1_1_1 1997  0 0 14755.8 3980.59 71181.7 2358.69 3226.64 747.141 1401.03 380.409 0 0 0 0 0
970 1_1_1 1997  0 0 10646 3615.19 78028.3 3001.28 823.961 1031.4 114.506 979.965 0 0 0 0 0
971 1_1_1 1997  0 0 18826.6 8038.94 64114.6 2455.76 1264.04 1248.03 2861.55 0 0 0 0 0 0
972 1_1_1 1997  0 0 13947.8 7057.33 66189.3 4114.39 987.031 1205.65 2730.01 368.803 0 0 0 0 0
973 1_1_1 1997  0 0 16624.3 0 68727.7 2963.74 1908.06 75.8562 4575.64 923.587 0 0 0 0 0
974 1_1_1 1997  0 0 7734.67 3979.08 72733.7 960.74 2576.71 2075.9 1911.85 0 0 0 0 0 0
975 1_1_1 1997  0 0 12318.3 3246.46 76833.1 375.872 1402.58 490.378 2396.66 375.872 0 0 0 0 0
976 1_1_1 1997  0 0 22099.9 12820.4 57422.7 2774.53 653.696 548.507 1659.58 0 0 0 0 0 0
977 1_1_1 1997  0 0 23595.7 2398.4 59023.2 3137.38 1383.7 412.839 4320.67 91.4136 0 0 0 0 0
978 1_1_1 1997  0 0 6048.41 6401.22 74688.5 3544.45 207.834 722.672 3624.17 0 0 0 0 0 0
979 1_1_1 1997  0 0 6132.96 5130.69 75591.2 1531.9 3926.62 1103.36 2163.02 387.768 0 0 0 0 0
980 1_1_1 1997  0 0 25718 5311.46 58393.9 4415.51 1736.84 254.978 4520.28 693.42 0 0 0 0 0
981 1_1_1 1997  0 0 20342.7 0 64577.5 6950.42 1572.87 466.204 5700.14 0 0 0 0 0 0
982 1_1_1 1997  0 0 17310.4 0 74064 2564.56 1259.12 0 2975.82 759.978 0 0 0 0 0
983 1_1_1 1997  0 0 25270.7 4211.43 58738.2 7099.12 163.67 680.786 2215.54 285.53 0 0 0 0 0
984 1_1_1 1997  0 0 18995.8 5547.44 59696.4 4054.17 1524.25 1490.3 2010.9 658.211 0 0 0 0 0
985 1_1_1 1997  0 0 22442.5 10027 52950.5 10029.4 316.224 316.224 2224.4 76.2406 0 0 0 0 0
986 1_1_1 1997  0 0 22363.6 9276.33 54425.1 4307.98 1500.98 319.292 6487.22 701.859 0 0 0 0 0
987 1_1_1 1997  0 0 7633.26 11842.9 65032.7 7248.53 1362.99 1544.15 2418.7 0 0 0 0 0 0
988 1_1_1 1997  0 0 13023.8 7770.77 68537.6 3643.76 3015.9 2113.89 1814.7 355.983 0 0 0 0 0
989 1_1_1 1997  0 0 11808.3 11436.6 66651.9 913.655 3135.23 404.876 1800.18 240.383 0 0 0 0 0
990 1_1_1 1997  0 0 22294.4 6457.4 63465.9 1326.47 807.617 700.843 3232.1 67.7544 0 3.02987 0 0 0
991 1_1_1 1997  0 0 20752.6 8997.35 56550.7 7684.91 1629.13 862.611 1607.82 90.418 0 0 0 0 0
992 1_1_1 1997  0 0 20138.8 13840.8 58410.2 3201.69 132.482 827.982 931.754 0 0 0 0 0 0
993 1_1_1 1997  0 0 12580.1 2281.63 69898.6 4517.39 2280.65 1032.95 5627.37 559.06 0 0 0 0 0
994 1_1_1 1997  0 0 15912.2 3112.27 68417.4 2792.98 2789.54 1922.89 1892.27 574.132 0 0 0 0 0
995 1_1_1 1997  0 0 12296.2 0 76160.5 4726.82 1975.32 1834.14 1182.32 728.926 0 3.13936 0 0 0
996 1_1_1 1997  0 0 22097.5 14810.1 54199.2 2643.57 1363.13 604.602 5189.2 83.744 0 0 0 0 0
997 1_1_1 1997  0 0 6636.45 3574.42 77013.2 4328.37 739.73 0 2283.01 787.955 0 0 0 0 0
998 1_1_1 1997  0 0 12983.4 7617.32 60316.8 6714.9 151.808 0 5753.88 0 0 0 0 0 0
999 1_1_1 1997  0 0 14174.2 5886.75 71792 2891.56 616.441 605.818 3082.22 0 0 0 0 0 0
1000 1_1_1 1997  0 0 12626.2 0 82463.1 381.926 1095.01 0 1894.63 798.975 0 2.88109 0 0 0
