1 1_1_1 1992  0 0 1586.07 19677 3348.8 1480.63 1406.9 0 0 0 0 0 0 0 0
2 1_1_1 1992  0 0 670.882 23470.6 583.838 882.544 355.147 0 0 0 0 0 0 0 0
3 1_1_1 1992  0 0 0 23041.2 1737.73 962.481 0 0 0 0 0 0 0 0 0
4 1_1_1 1992  0 0 677.295 23106.2 2636.04 931.23 0 0 0 0 0 0 0 0 0
5 1_1_1 1992  0 0 1010.53 20031.3 6622.85 0 0 0 0 0 0 0 0 0 0
6 1_1_1 1992  0 0 751.944 20934.5 4573.43 0 0 0 0 0 0 0 0 0 0
7 1_1_1 1992  0 0 993.842 24107.8 377.942 1227.72 0 0 0 0 0 0 0 0 0
8 1_1_1 1992  0 0 539.693 13728.6 6298.66 1176.45 924.033 0 0 0 0 0 0 0 0
9 1_1_1 1992  0 0 0 18093.4 6416.87 1542.7 1217.82 0 0 0 0 0 0 0 0
10 1_1_1 1992  0 0 687.546 19668.6 5324.73 1297.84 573.964 0 0 0 0 0 0 0 0
11 1_1_1 1992  0 0 1009.87 23014.3 1923.94 728.672 0 0 0 0 0 0 0 0 0
12 1_1_1 1992  0 0 1587.14 18380.6 2664.02 2245.86 1142.05 0 0 0 0 0 0 0 0
13 1_1_1 1992  0 0 559.349 19666.3 3371.91 1672.77 1145.72 0 0 0 0 0 0 0 0
14 1_1_1 1992  0 0 870.189 19210.5 3426.5 2112.87 839.944 0 0 0 0 0 0 0 0
15 1_1_1 1992  0 0 0 18871.9 2060.98 3390.56 971.419 0 0 0 0 0 0 0 0
16 1_1_1 1992  0 0 635.772 23139.3 1871.74 0 456.61 0 0 0 0 0 0 0 0
17 1_1_1 1992  0 0 922.543 22138.1 2373.41 764.768 0 0 0 0 0 0 0 0 0
18 1_1_1 1992  0 0 1323.5 21588.7 2550.34 661.769 374.252 0 0 0 0 0 0 0 0
19 1_1_1 1992  0 0 708.127 16646.1 5989.72 1914.79 692.199 0 0 0 0 0 0 0 0
20 1_1_1 1992  0 0 1145.57 22015.4 1079.26 2329.17 1717.01 0 0 0 0 0 0 0 0
21 1_1_1 1992  0 0 556.902 18855.6 3632.76 2136.63 1185.22 0 0 0 0 0 0 0 0
22 1_1_1 1992  0 0 1078.52 18191.2 4778.39 2951.81 415.475 0 0 0 0 0 0 0 0
23 1_1_1 1992  0 0 1322.91 20519.1 3383.92 1375.87 419.054 0 0 0 0 0 0 0 0
24 1_1_1 1992  0 0 1334.03 24872.8 1501.43 0 0 0 0 0 0 0 0 0 0
25 1_1_1 1992  0 0 1612.48 24407.6 147.833 147.833 0 0 0 0 0 0 0 0 0
26 1_1_1 1992  0 0 1790.33 24553.7 658.453 786.52 0 0 0 0 0 0 0 0 0
27 1_1_1 1992  0 0 672.845 18079.1 4437.28 1736.93 1068.5 0 0 0 0 0 0 0 0
28 1_1_1 1992  0 0 1088.67 20898 3313.61 1374.95 757.339 0 0 0 0 0 0 0 0
29 1_1_1 1992  0 0 461.914 19654.9 5096.62 0 1653.08 0 0 0 0 0 0 0 0
30 1_1_1 1992  0 0 977.04 18331.5 3910.36 2097.55 563.151 0 0 0 0 0 0 0 0
31 1_1_1 1992  0 0 0 20859.5 1594.77 2443.94 1167.16 0 0 0 0 0 0 0 0
32 1_1_1 1992  0 0 631.744 18525 4189.64 1908.72 1087.69 0 0 0 0 0 0 0 0
33 1_1_1 1992  0 0 595.798 18678.7 4898.5 1756.6 945.8 0 0 0 0 0 0 0 0
34 1_1_1 1992  0 0 979.608 21030.2 2381.7 970.296 403.416 0 0 0 0 0 0 0 0
35 1_1_1 1992  0 0 1045.92 18543 2252.11 1713.33 574.098 0 0 0 0 0 0 0 0
36 1_1_1 1992  0 0 1594.31 20581.3 1420.36 1650.71 451.165 0 0 0 0 0 0 0 0
37 1_1_1 1992  0 0 955.515 22530 486.156 1547.87 411.431 0 0 0 0 0 0 0 0
38 1_1_1 1992  0 0 1518.08 23163.1 794.721 1085.06 0 0 0 0 0 0 0 0 0
39 1_1_1 1992  0 0 1459.83 18564.8 3746.5 1264.83 999.541 0 0 0 0 0 0 0 0
40 1_1_1 1992  0 0 1673.24 20277.2 2146.13 1691.31 714.879 0 0 0 0 0 0 0 0
41 1_1_1 1992  0 0 0 18669.1 4606.61 1690.96 1215.97 0 0 0 0 0 0 0 0
42 1_1_1 1992  0 0 607.996 20047.2 2831.23 1838.9 1360.27 0 0 0 0 0 0 0 0
43 1_1_1 1992  0 0 589.456 20711.7 3618.43 569.921 1618.62 0 0 0 0 0 0 0 0
44 1_1_1 1992  0 0 692.322 21073 2656.13 1706.35 946.534 0 0 0 0 0 0 0 0
45 1_1_1 1992  0 0 445.338 19957.6 3895.98 2114.52 670.695 0 0 0 0 0 0 0 0
46 1_1_1 1992  0 0 0 23896.9 822.969 1324.69 0 0 0 0 0 0 0 0 0
47 1_1_1 1992  0 0 672.175 18753.5 5196.18 1686.81 0 0 0 0 0 0 0 0 0
48 1_1_1 1992  0 0 2026.82 24059.6 1701.29 1718.24 245.414 0 0 0 0 0 0 0 0
49 1_1_1 1992  0 0 1313.34 19550.7 3802.77 1453.07 1346.98 0 0 0 0 0 0 0 0
50 1_1_1 1992  0 0 985.313 17949.8 5088.94 1524.24 1486.3 0 0 0 0 0 0 0 0
51 1_1_1 1992  0 0 0 17662.5 6556.83 1965.72 1401.98 0 0 0 0 0 0 0 0
52 1_1_1 1992  0 0 0 18551.8 6822.52 1027.06 1580.55 0 0 0 0 0 0 0 0
53 1_1_1 1992  0 0 901.836 20449.9 2927.48 1689.14 857.511 0 0 0 0 0 0 0 0
54 1_1_1 1992  0 0 1032.04 20781.4 1212.44 2478.71 563.268 0 0 0 0 0 0 0 0
55 1_1_1 1992  0 0 340.79 22256.4 3534.1 333.209 734.528 0 0 0 0 0 0 0 0
56 1_1_1 1992  0 0 978.266 23510.4 294.59 1301.07 0 0 0 0 0 0 0 0 0
57 1_1_1 1992  0 0 984.776 18808.9 2834.76 3016 739.71 0 0 0 0 0 0 0 0
58 1_1_1 1992  0 0 700.663 22848.5 1252.57 1198.48 429.079 0 0 0 0 0 0 0 0
59 1_1_1 1992  0 0 1646.69 23645.5 590.311 1611.67 0 0 0 0 0 0 0 0 0
60 1_1_1 1992  0 0 1696.25 23466.7 167.432 1547.13 0 0 0 0 0 0 0 0 0
61 1_1_1 1992  0 0 1258.27 22937.7 2753.52 0 464.236 0 0 0 0 0 0 0 0
62 1_1_1 1992  0 0 692.814 17804.1 5806.98 1805.53 984.791 0 0 0 0 0 0 0 0
63 1_1_1 1992  0 0 496.177 23055.5 1101.45 1296.24 678.786 0 0 0 0 0 0 0 0
64 1_1_1 1992  0 0 1721.18 19026.7 5463.23 770.837 1710.24 0 0 0 0 0 0 0 0
65 1_1_1 1992  0 0 712.74 17386 5106.3 2545.38 1051.59 0 0 0 0 0 0 0 0
66 1_1_1 1992  0 0 193.801 20430.5 2698.08 2124.91 812.15 0 0 0 0 0 0 0 0
67 1_1_1 1992  0 0 1133.13 19743.2 4522.21 1759.18 964.626 0 0 0 0 0 0 0 0
68 1_1_1 1992  0 0 1104.85 18515.3 4557.94 1933.45 861.952 0 0 0 0 0 0 0 0
69 1_1_1 1992  0 0 1626.32 20792.2 2767.87 812.196 761.291 0 0 0 0 0 0 0 0
70 1_1_1 1992  0 0 987.719 20858.5 1793.82 2528.08 662.867 0 0 0 0 0 0 0 0
71 1_1_1 1992  0 0 879.803 19301.3 2925.39 1451.82 1148.8 0 0 0 0 0 0 0 0
72 1_1_1 1992  0 0 1772.92 19761.9 3276.45 2349.14 0 0 0 0 0 0 0 0 0
73 1_1_1 1992  0 0 1420.77 18905.5 3249.02 2631.26 1862.32 0 0 0 0 0 0 0 0
74 1_1_1 1992  0 0 231.425 22807.3 1576.48 910.221 549.118 0 0 0 0 0 0 0 0
75 1_1_1 1992  0 0 846.441 19384.4 3133.18 2225.34 865.709 0 0 0 0 0 0 0 0
76 1_1_1 1992  0 0 674.007 18342 5882.82 2493.69 375.339 0 0 0 0 0 0 0 0
77 1_1_1 1992  0 0 0 23189.8 2401.41 1819.14 0 0 0 0 0 0 0 0 0
78 1_1_1 1992  0 0 583.751 18505.9 3832.97 793.968 0 0 0 0 0 0 0 0 0
79 1_1_1 1992  0 0 1637.89 21686.5 2535.48 1022.58 518.182 0 0 0 0 0 0 0 0
80 1_1_1 1992  0 0 1997.44 23001.3 1938.71 1592.84 1544.39 0 0 0 0 0 0 0 0
81 1_1_1 1992  0 0 1101.75 20886.6 3012.25 2110.51 1022.93 0 0 0 0 0 0 0 0
82 1_1_1 1992  0 0 1291.39 22178.3 1452.91 1296.12 394.359 0 0 0 0 0 0 0 0
83 1_1_1 1992  0 0 1002.42 20041.3 6123.42 742.427 1568.54 0 0 0 0 0 0 0 0
84 1_1_1 1992  0 0 932.836 20818.1 2555.62 1263.32 618.415 0 0 0 0 0 0 0 0
85 1_1_1 1992  0 0 556.115 20085.8 2242.08 2298.68 765.374 0 0 0 0 0 0 0 0
86 1_1_1 1992  0 0 1296.14 20333.1 3105.06 592.39 824.38 0 0 0 0 0 0 0 0
87 1_1_1 1992  0 0 1676.35 23428.2 92.2623 1370.64 0 0 0 0 0 0 0 0 0
88 1_1_1 1992  0 0 924.799 21366.5 2463.65 551.925 1065.08 0 0 0 0 0 0 0 0
89 1_1_1 1992  0 0 849.179 19282.5 5324.69 1081.8 479.497 0 0 0 0 0 0 0 0
90 1_1_1 1992  0 0 675.569 18474.8 4628.24 1365.72 1541.76 0 0 0 0 0 0 0 0
91 1_1_1 1992  0 0 929.689 22762.7 2042.07 588.318 791.849 0 0 0 0 0 0 0 0
92 1_1_1 1992  0 0 502.014 23992.2 1826.58 638.306 440.419 0 0 0 0 0 0 0 0
93 1_1_1 1992  0 0 693.879 22005.7 1577.28 1043.47 377.536 0 0 0 0 0 0 0 0
94 1_1_1 1992  0 0 686.234 21047.1 2345.91 1427.83 947.764 0 0 0 0 0 0 0 0
95 1_1_1 1992  0 0 1538.07 19948.8 2481.72 1590.49 1183.35 0 0 0 0 0 0 0 0
96 1_1_1 1992  0 0 0 23183 2152.75 674.934 366.848 0 0 0 0 0 0 0 0
97 1_1_1 1992  0 0 411.025 23662.9 2464.22 756.934 395.873 0 0 0 0 0 0 0 0
98 1_1_1 1992  0 0 1452.39 22009.1 1363.91 747.694 0 0 0 0 0 0 0 0 0
99 1_1_1 1992  0 0 1048.45 20014.3 4648.98 767.942 1006.29 0 0 0 0 0 0 0 0
100 1_1_1 1992  0 0 310.866 23532.9 1116.07 606.674 0 0 0 0 0 0 0 0 0
101 1_1_1 1992  0 0 0 21559.5 2716.87 1649.65 461.663 0 0 0 0 0 0 0 0
102 1_1_1 1992  0 0 1047.22 24488.7 222.152 1183.2 0 0 0 0 0 0 0 0 0
103 1_1_1 1992  0 0 0 23164.2 2633.6 894.111 0 0 0 0 0 0 0 0 0
104 1_1_1 1992  0 0 750.222 19740.9 3310.95 3691.25 151.541 0 0 0 0 0 0 0 0
105 1_1_1 1992  0 0 1710.35 22956.9 2355.46 732.112 0 0 0 0 0 0 0 0 0
106 1_1_1 1992  0 0 216.641 22217.2 2087.82 1205.49 0 0 0 0 0 0 0 0 0
107 1_1_1 1992  0 0 850.28 19426.2 3793.26 1037.67 377.24 0 0 0 0 0 0 0 0
108 1_1_1 1992  0 0 1011.73 23096.4 223.687 1137.36 355.646 0 0 0 0 0 0 0 0
109 1_1_1 1992  0 0 1088.99 23071.2 865.841 884.295 488.576 0 0 0 0 0 0 0 0
110 1_1_1 1992  0 0 1439.16 22327.2 1134.49 1516.63 454.984 0 0 0 0 0 0 0 0
111 1_1_1 1992  0 0 900.521 19674.5 3875.77 1193.15 932.551 0 0 0 0 0 0 0 0
112 1_1_1 1992  0 0 1611.07 23371.1 572.03 1118.76 0 0 0 0 0 0 0 0 0
113 1_1_1 1992  0 0 935.683 22689 1227.35 396.69 420.429 0 0 0 0 0 0 0 0
114 1_1_1 1992  0 0 1221.16 22100.4 2365.19 538.169 0 0 0 0 0 0 0 0 0
115 1_1_1 1992  0 0 919.207 17198.9 4085.46 2839.53 1322.37 0 0 0 0 0 0 0 0
116 1_1_1 1992  0 0 1814.28 21974 1583.79 2090.34 664.649 0 0 0 0 0 0 0 0
117 1_1_1 1992  0 0 575.815 21234.6 1902.57 2003.37 556.165 0 0 0 0 0 0 0 0
118 1_1_1 1992  0 0 611.838 20433.8 2114.79 2220.45 739.178 0 0 0 0 0 0 0 0
119 1_1_1 1992  0 0 615.257 23349.8 1792.97 694.286 0 0 0 0 0 0 0 0 0
120 1_1_1 1992  0 0 0 21004.4 3466.9 1895.08 381.76 0 0 0 0 0 0 0 0
121 1_1_1 1992  0 0 783.047 25056 1163.22 324.245 0 0 0 0 0 0 0 0 0
122 1_1_1 1992  0 0 914.167 24453.5 1991.21 346.118 0 0 0 0 0 0 0 0 0
123 1_1_1 1992  0 0 1500.96 22335 1985.98 261.613 422.563 0 0 0 0 0 0 0 0
124 1_1_1 1992  0 0 0 19884.9 994.154 1019.37 548.688 0 0 0 0 0 0 0 0
125 1_1_1 1992  0 0 1322.15 19246.3 2783.51 1948.2 485.63 0 0 0 0 0 0 0 0
126 1_1_1 1992  0 0 1552.29 21371.7 1884.76 1070.54 384.896 0 0 0 0 0 0 0 0
127 1_1_1 1992  0 0 568.816 22001.5 2042.96 768.197 425.2 0 0 0 0 0 0 0 0
128 1_1_1 1992  0 0 981.601 20092.4 3207.02 1369.24 655.333 0 0 0 0 0 0 0 0
129 1_1_1 1992  0 0 1226.55 22930.1 2223.96 0 0 0 0 0 0 0 0 0 0
130 1_1_1 1992  0 0 907.371 18489.9 3924.15 2548.55 325.407 0 0 0 0 0 0 0 0
131 1_1_1 1992  0 0 1648.47 20011.8 2847.65 1881.19 334.094 0 0 0 0 0 0 0 0
132 1_1_1 1992  0 0 1608.66 21170 2067.6 699.375 459.426 0 0 0 0 0 0 0 0
133 1_1_1 1992  0 0 707.706 17622.9 6225.84 1748.71 714.572 0 0 0 0 0 0 0 0
134 1_1_1 1992  0 0 1244.22 20281.1 3570.91 1148.83 569.685 0 0 0 0 0 0 0 0
135 1_1_1 1992  0 0 0 22798.3 1767.54 0 885.294 0 0 0 0 0 0 0 0
136 1_1_1 1992  0 0 323.239 19948.4 3076.56 1476.18 1169.81 0 0 0 0 0 0 0 0
137 1_1_1 1992  0 0 1591.03 21815.8 902.927 1938.62 514.519 0 0 0 0 0 0 0 0
138 1_1_1 1992  0 0 1822.98 20706.7 4765.42 491.286 491.286 0 0 0 0 0 0 0 0
139 1_1_1 1992  0 0 1335.79 20434.7 1676.49 3608.19 1665.69 0 0 0 0 0 0 0 0
140 1_1_1 1992  0 0 1543.09 22921.5 1424 252.143 0 0 0 0 0 0 0 0 0
141 1_1_1 1992  0 0 656.459 18534.9 5281.39 1654.14 716.483 0 0 0 0 0 0 0 0
142 1_1_1 1992  0 0 1452.01 20808.9 2373.03 1543.73 487.877 0 0 0 0 0 0 0 0
143 1_1_1 1992  0 0 1797.27 16890.4 4433.49 2289.9 1149.06 0 0 0 0 0 0 0 0
144 1_1_1 1992  0 0 1795.57 19790.5 4367.67 1208.66 1065.57 0 0 0 0 0 0 0 0
145 1_1_1 1992  0 0 1102.48 18778.7 3690.06 2919.8 1029.2 0 0 0 0 0 0 0 0
146 1_1_1 1992  0 0 1631.48 21895.6 3077.9 805.568 437.872 0 0 0 0 0 0 0 0
147 1_1_1 1992  0 0 747.546 22126.7 2620.34 1859.53 1517.12 0 0 0 0 0 0 0 0
148 1_1_1 1992  0 0 1025.39 20001 2786.39 2283.48 963.165 0 0 0 0 0 0 0 0
149 1_1_1 1992  0 0 1899.95 23827.6 1373.75 0 473.659 0 0 0 0 0 0 0 0
150 1_1_1 1992  0 0 1397.27 19093.4 3356.23 0 0 0 0 0 0 0 0 0 0
151 1_1_1 1992  0 0 1187.62 21724.7 1482.57 1048.4 0 0 0 0 0 0 0 0 0
152 1_1_1 1992  0 0 1255.86 21043.9 2708.8 362.567 821.066 0 0 0 0 0 0 0 0
153 1_1_1 1992  0 0 1147.25 21567.5 2629.06 837.248 741.532 0 0 0 0 0 0 0 0
154 1_1_1 1992  0 0 1573.8 19061.9 1962.37 2484.79 1467.63 0 0 0 0 0 0 0 0
155 1_1_1 1992  0 0 0 22417.4 1770.24 1868.92 0 0 0 0 0 0 0 0 0
156 1_1_1 1992  0 0 1431.18 23544.6 2112.2 0 0 0 0 0 0 0 0 0 0
157 1_1_1 1992  0 0 833.236 21801.1 1445.82 1453.83 458.727 0 0 0 0 0 0 0 0
158 1_1_1 1992  0 0 1452.64 22325.9 491.069 1343.91 0 0 0 0 0 0 0 0 0
159 1_1_1 1992  0 0 542.213 20372.4 3280.56 1942 379.015 0 0 0 0 0 0 0 0
160 1_1_1 1992  0 0 0 20892.3 3208.86 1111.2 1113.28 0 0 0 0 0 0 0 0
161 1_1_1 1992  0 0 594.924 19614 3745.72 1225.44 1670.8 0 0 0 0 0 0 0 0
162 1_1_1 1992  0 0 615.465 21466.4 3478.02 0 992.539 0 0 0 0 0 0 0 0
163 1_1_1 1992  0 0 1587.45 22278 1762.81 638.954 349.642 0 0 0 0 0 0 0 0
164 1_1_1 1992  0 0 1327.43 21770.5 1933.53 2033.54 1851.08 0 0 0 0 0 0 0 0
165 1_1_1 1992  0 0 1121.81 23511.7 1756.46 0 0 0 0 0 0 0 0 0 0
166 1_1_1 1992  0 0 1126.05 19394.4 2891.96 2388.61 1251.49 0 0 0 0 0 0 0 0
167 1_1_1 1992  0 0 531.311 23763.3 1834.75 841.321 0 0 0 0 0 0 0 0 0
168 1_1_1 1992  0 0 1256.19 21353.4 2361.31 545.524 445.604 0 0 0 0 0 0 0 0
169 1_1_1 1992  0 0 622.085 20889 3227.69 1865.29 593.112 0 0 0 0 0 0 0 0
170 1_1_1 1992  0 0 597.722 23170.1 1339.03 1191.42 0 0 0 0 0 0 0 0 0
171 1_1_1 1992  0 0 1182.23 22801.9 3520.43 910.868 800.124 0 0 0 0 0 0 0 0
172 1_1_1 1992  0 0 1944.07 21248.2 2556.18 2270.89 1115.6 0 0 0 0 0 0 0 0
173 1_1_1 1992  0 0 690.679 19440.5 5258.16 709.236 326.588 0 0 0 0 0 0 0 0
174 1_1_1 1992  0 0 0 22308.9 3013.43 1362.5 423.34 0 0 0 0 0 0 0 0
175 1_1_1 1992  0 0 567.54 19174.5 2960.85 2577.43 787.877 0 0 0 0 0 0 0 0
176 1_1_1 1992  0 0 1165.03 21787.3 2963.48 1724.55 472.472 0 0 0 0 0 0 0 0
177 1_1_1 1992  0 0 0 15781.5 9466.61 1668.18 1041.53 0 0 0 0 0 0 0 0
178 1_1_1 1992  0 0 300.156 19929.5 3196.62 1401.85 810.9 0 0 0 0 0 0 0 0
179 1_1_1 1992  0 0 669.26 22010.1 2826.08 0 703.649 0 0 0 0 0 0 0 0
180 1_1_1 1992  0 0 1047.19 21128.3 2673.18 710.256 363.492 0 0 0 0 0 0 0 0
181 1_1_1 1992  0 0 915.421 22306 790.419 696.158 409.353 0 0 0 0 0 0 0 0
182 1_1_1 1992  0 0 1126.78 25066.5 857.677 410.494 0 0 0 0 0 0 0 0 0
183 1_1_1 1992  0 0 1557.02 18594 3639.74 1986.66 714.292 0 0 0 0 0 0 0 0
184 1_1_1 1992  0 0 949.839 22311.7 1063.57 985.526 344.185 0 0 0 0 0 0 0 0
185 1_1_1 1992  0 0 1517.25 24016.7 348.842 1708.8 0 0 0 0 0 0 0 0 0
186 1_1_1 1992  0 0 296.99 21994.8 2069.95 1129.09 439.555 0 0 0 0 0 0 0 0
187 1_1_1 1992  0 0 676.823 24603.6 879.812 630.147 0 0 0 0 0 0 0 0 0
188 1_1_1 1992  0 0 893.762 21286.9 3193.36 451.638 0 0 0 0 0 0 0 0 0
189 1_1_1 1992  0 0 1029.32 22705.4 1752.71 858.485 0 0 0 0 0 0 0 0 0
190 1_1_1 1992  0 0 0 26525.8 363.468 835.309 1189.12 0 0 0 0 0 0 0 0
191 1_1_1 1992  0 0 1003.23 19601.3 2756.66 2185.62 848.982 0 0 0 0 0 0 0 0
192 1_1_1 1992  0 0 1580.53 18415.5 2198.55 3068.41 1115.09 0 0 0 0 0 0 0 0
193 1_1_1 1992  0 0 2106.46 21515 3943.74 1137.83 0 0 0 0 0 0 0 0 0
194 1_1_1 1992  0 0 1549.99 22049.3 826.177 1661.05 350.144 0 0 0 0 0 0 0 0
195 1_1_1 1992  0 0 626 20873.6 2878.28 2345.46 794.249 0 0 0 0 0 0 0 0
196 1_1_1 1992  0 0 0 19516 4058.96 2264.5 462.11 0 0 0 0 0 0 0 0
197 1_1_1 1992  0 0 1033.26 23465.2 2068.55 0 0 0 0 0 0 0 0 0 0
198 1_1_1 1992  0 0 1547.98 23059 146.453 1269.67 0 0 0 0 0 0 0 0 0
199 1_1_1 1992  0 0 629.218 20534.4 2803.21 682.656 723.78 0 0 0 0 0 0 0 0
200 1_1_1 1992  0 0 1435.15 22183.9 1622.34 808.583 486.629 0 0 0 0 0 0 0 0
201 1_1_1 1992  0 0 936.437 21478.1 2260.76 1484.45 433.238 0 0 0 0 0 0 0 0
202 1_1_1 1992  0 0 1297.42 19783.5 3486.7 1880.98 418.756 0 0 0 0 0 0 0 0
203 1_1_1 1992  0 0 753.343 18182.3 5086.34 1826.81 1168.61 0 0 0 0 0 0 0 0
204 1_1_1 1992  0 0 0 23096.3 981.775 1102.2 330.74 0 0 0 0 0 0 0 0
205 1_1_1 1992  0 0 1070.14 19121.3 4968.46 1454.54 804.856 0 0 0 0 0 0 0 0
206 1_1_1 1992  0 0 1415.23 21195.2 2607.88 842.246 0 0 0 0 0 0 0 0 0
207 1_1_1 1992  0 0 585.04 21542.6 2085.39 1040.54 412.525 0 0 0 0 0 0 0 0
208 1_1_1 1992  0 0 1123.16 19232.1 3662.97 2116.01 652.337 0 0 0 0 0 0 0 0
209 1_1_1 1992  0 0 1710.56 17549 3647.51 1847.98 1689.14 0 0 0 0 0 0 0 0
210 1_1_1 1992  0 0 671.576 18905.8 4724.84 1407.77 1198.87 0 0 0 0 0 0 0 0
211 1_1_1 1992  0 0 1195.57 15293.3 4627.59 1220.76 1086.41 0 0 0 0 0 0 0 0
212 1_1_1 1992  0 0 1146.1 20824.6 3445.98 666.339 1008.49 0 0 0 0 0 0 0 0
213 1_1_1 1992  0 0 1142.69 22018.6 3080.34 0 354.926 0 0 0 0 0 0 0 0
214 1_1_1 1992  0 0 1038.44 21370.4 1587.88 735.643 478.315 0 0 0 0 0 0 0 0
215 1_1_1 1992  0 0 0 23803.2 2863.35 0 0 0 0 0 0 0 0 0 0
216 1_1_1 1992  0 0 540.24 20070.2 2009.15 2866.22 916.045 0 0 0 0 0 0 0 0
217 1_1_1 1992  0 0 965.392 19876.1 3065.28 1482.32 452.982 0 0 0 0 0 0 0 0
218 1_1_1 1992  0 0 698.758 19063.9 4861.79 803 1346.04 0 0 0 0 0 0 0 0
219 1_1_1 1992  0 0 606.997 22908.6 1976.72 645.627 433.459 0 0 0 0 0 0 0 0
220 1_1_1 1992  0 0 1562.6 21925.2 1289.85 771.698 349.759 0 0 0 0 0 0 0 0
221 1_1_1 1992  0 0 1143.88 26113.7 818.134 0 0 0 0 0 0 0 0 0 0
222 1_1_1 1992  0 0 971.552 22747.1 1964.84 84.7084 412.926 0 0 0 0 0 0 0 0
223 1_1_1 1992  0 0 613.739 20573.7 2626.46 2477.58 680.741 0 0 0 0 0 0 0 0
224 1_1_1 1992  0 0 632.21 22590.5 1834.88 566.05 451.761 0 0 0 0 0 0 0 0
225 1_1_1 1992  0 0 1147.49 21209.8 2361.67 1365.01 966.883 0 0 0 0 0 0 0 0
226 1_1_1 1992  0 0 347.255 22834.8 1743.49 1252.28 0 0 0 0 0 0 0 0 0
227 1_1_1 1992  0 0 0 18763.4 67.8025 2975.2 0 0 0 0 0 0 0 0 0
228 1_1_1 1992  0 0 1045.72 23227.6 324.63 1366.72 0 0 0 0 0 0 0 0 0
229 1_1_1 1992  0 0 589.737 18795.1 2721.08 2437.24 625.359 0 0 0 0 0 0 0 0
230 1_1_1 1992  0 0 726.042 21646.6 2158.1 634.211 434.479 0 0 0 0 0 0 0 0
231 1_1_1 1992  0 0 620.195 22280.5 3359.79 727.941 663.59 0 0 0 0 0 0 0 0
232 1_1_1 1992  0 0 665.483 18631.5 5724.8 1259.03 1044.46 0 0 0 0 0 0 0 0
233 1_1_1 1992  0 0 831.841 19586.2 2661.15 2716.99 377.03 0 0 0 0 0 0 0 0
234 1_1_1 1992  0 0 1079.81 20611.2 2468.44 1510.12 1039.97 0 0 0 0 0 0 0 0
235 1_1_1 1992  0 0 592.662 24794.3 1531.19 0 0 0 0 0 0 0 0 0 0
236 1_1_1 1992  0 0 1026.6 19271.8 2744.19 1613.2 1728.83 0 0 0 0 0 0 0 0
237 1_1_1 1992  0 0 0 19663.3 5484.47 928.653 956.348 0 0 0 0 0 0 0 0
238 1_1_1 1992  0 0 0 13387.4 6582.62 4133.12 547.448 0 0 0 0 0 0 0 0
239 1_1_1 1992  0 0 726.154 22447.8 2247.59 1502.83 363.267 0 0 0 0 0 0 0 0
240 1_1_1 1992  0 0 959.423 18674.5 4876.93 1396.43 1085.67 0 0 0 0 0 0 0 0
241 1_1_1 1992  0 0 676.075 19927 3578.61 2042.24 830.455 0 0 0 0 0 0 0 0
242 1_1_1 1992  0 0 576.088 17326 3315.57 324.741 842.456 0 0 0 0 0 0 0 0
243 1_1_1 1992  0 0 0 20194.1 3378.53 144.582 835.08 0 0 0 0 0 0 0 0
244 1_1_1 1992  0 0 880.906 17250.1 6277.69 2199.73 398.506 0 0 0 0 0 0 0 0
245 1_1_1 1992  0 0 1611.06 20194.9 2916.91 1359.99 1230.58 0 0 0 0 0 0 0 0
246 1_1_1 1992  0 0 678.821 13491.5 6325.03 3282.57 780.351 0 0 0 0 0 0 0 0
247 1_1_1 1992  0 0 1649.57 19784.2 2724.41 2141.74 446.733 0 0 0 0 0 0 0 0
248 1_1_1 1992  0 0 923.097 23276.3 1072.46 905.207 0 0 0 0 0 0 0 0 0
249 1_1_1 1992  0 0 0 19316.1 4602 2387.96 827.555 0 0 0 0 0 0 0 0
250 1_1_1 1992  0 0 0 23630.3 1699.23 946.442 819.495 0 0 0 0 0 0 0 0
251 1_1_1 1992  0 0 0 19653.8 1100.63 1813.69 627.445 0 0 0 0 0 0 0 0
252 1_1_1 1992  0 0 1618.7 20008 1418.24 3636.36 706.341 0 0 0 0 0 0 0 0
253 1_1_1 1992  0 0 1652.14 19941.3 4165.81 1354.12 574.292 0 0 0 0 0 0 0 0
254 1_1_1 1992  0 0 1154.75 22078.3 1695.81 1552.07 512.158 0 0 0 0 0 0 0 0
255 1_1_1 1992  0 0 1531.88 21399.7 2522.43 0 0 0 0 0 0 0 0 0 0
256 1_1_1 1992  0 0 864.799 19878.3 2260.77 2445.45 676.944 0 0 0 0 0 0 0 0
257 1_1_1 1992  0 0 1688.93 22121.8 973.273 1866.39 477.501 0 0 0 0 0 0 0 0
258 1_1_1 1992  0 0 1312.41 20599.8 3088.58 1599.34 337.401 0 0 0 0 0 0 0 0
259 1_1_1 1992  0 0 205.36 20504.6 3114.22 1822.49 810.936 0 0 0 0 0 0 0 0
260 1_1_1 1992  0 0 991.515 21973.6 1554.09 427.243 455.002 0 0 0 0 0 0 0 0
261 1_1_1 1992  0 0 1692.59 19290.3 3205.86 2061.65 415.512 0 0 0 0 0 0 0 0
262 1_1_1 1992  0 0 1039.32 23238 563.884 2102.48 0 0 0 0 0 0 0 0 0
263 1_1_1 1992  0 0 0 15632.1 7450.43 1738.33 1970.68 0 0 0 0 0 0 0 0
264 1_1_1 1992  0 0 1308.36 22401.3 2187.02 0 0 0 0 0 0 0 0 0 0
265 1_1_1 1992  0 0 785.046 22729.5 1498.35 864.452 0 0 0 0 0 0 0 0 0
266 1_1_1 1992  0 0 962.277 19744.2 3088.47 1464.01 806.186 0 0 0 0 0 0 0 0
267 1_1_1 1992  0 0 1006.36 19128.7 3503.07 1617.44 1143.78 0 0 0 0 0 0 0 0
268 1_1_1 1992  0 0 1390.01 22774.3 1648.43 1013.36 0 0 0 0 0 0 0 0 0
269 1_1_1 1992  0 0 820.961 19924.6 4167.28 0 1580.68 0 0 0 0 0 0 0 0
270 1_1_1 1992  0 0 606.69 20714.3 3048.08 1085.76 1226.91 0 0 0 0 0 0 0 0
271 1_1_1 1992  0 0 0 13164.6 8847.78 2620.94 585.16 0 0 0 0 0 0 0 0
272 1_1_1 1992  0 0 1320.27 21117.1 3795.96 774.887 934.341 0 0 0 0 0 0 0 0
273 1_1_1 1992  0 0 1613.77 18881.6 3953.67 1392.13 1482.58 0 0 0 0 0 0 0 0
274 1_1_1 1992  0 0 1122.58 22118.5 3511.25 849.885 664.378 0 0 0 0 0 0 0 0
275 1_1_1 1992  0 0 810.619 21689.1 3813.19 0 1001.52 0 0 0 0 0 0 0 0
276 1_1_1 1992  0 0 1177.75 21719.3 3689.52 0 0 0 0 0 0 0 0 0 0
277 1_1_1 1992  0 0 1493.86 18895.7 2961.62 1894.01 1494.63 0 0 0 0 0 0 0 0
278 1_1_1 1992  0 0 1096.61 19536.2 3804.81 2030.56 1423 0 0 0 0 0 0 0 0
279 1_1_1 1992  0 0 1683.43 18807.8 5385.76 1048.86 1324.47 0 0 0 0 0 0 0 0
280 1_1_1 1992  0 0 753.526 19686.6 4650.85 1475.5 787.407 0 0 0 0 0 0 0 0
281 1_1_1 1992  0 0 1449.07 18233.7 3219.57 2957.23 1004.7 0 0 0 0 0 0 0 0
282 1_1_1 1992  0 0 603.488 17746.1 4029.16 1801.04 737.387 0 0 0 0 0 0 0 0
283 1_1_1 1992  0 0 460.845 21574.7 2174.14 943.3 453.932 0 0 0 0 0 0 0 0
284 1_1_1 1992  0 0 0 22563.3 2480.89 194.668 392.351 0 0 0 0 0 0 0 0
285 1_1_1 1992  0 0 689.712 19832.7 2561.11 2315 313.058 0 0 0 0 0 0 0 0
286 1_1_1 1992  0 0 605.705 23505 2693.46 776.626 1235.53 0 0 0 0 0 0 0 0
287 1_1_1 1992  0 0 1680.98 20473.1 1997.79 2055.67 840.342 0 0 0 0 0 0 0 0
288 1_1_1 1992  0 0 272.188 19974.6 3691.76 1010.5 1974.88 0 0 0 0 0 0 0 0
289 1_1_1 1992  0 0 1132.09 15311.7 3187.82 2208.59 968.87 0 0 0 0 0 0 0 0
290 1_1_1 1992  0 0 1653.62 19065.6 2580.04 2536.13 920.455 0 0 0 0 0 0 0 0
291 1_1_1 1992  0 0 1032.85 21866.7 2146.47 558.878 414.644 0 0 0 0 0 0 0 0
292 1_1_1 1992  0 0 641.645 19963.8 3694.8 1592.31 840.572 0 0 0 0 0 0 0 0
293 1_1_1 1992  0 0 1062.51 22173.2 2795.02 675.65 0 0 0 0 0 0 0 0 0
294 1_1_1 1992  0 0 972.982 23195 1880.32 268.413 0 0 0 0 0 0 0 0 0
295 1_1_1 1992  0 0 1004.07 23009.7 1659.11 796.447 0 0 0 0 0 0 0 0 0
296 1_1_1 1992  0 0 1591.4 20129.1 3530.94 1731.13 425.398 0 0 0 0 0 0 0 0
297 1_1_1 1992  0 0 1318.92 20178.4 3277.53 1234.59 988.015 0 0 0 0 0 0 0 0
298 1_1_1 1992  0 0 0 16477.3 3573.62 3187.88 1008.43 0 0 0 0 0 0 0 0
299 1_1_1 1992  0 0 975.655 15185.8 4598.52 1654.1 1111.66 0 0 0 0 0 0 0 0
300 1_1_1 1992  0 0 1220.42 21932.2 2026.73 1696.98 381.433 0 0 0 0 0 0 0 0
301 1_1_1 1992  0 0 1168.53 21074.8 1991.15 1070.77 412.704 0 0 0 0 0 0 0 0
302 1_1_1 1992  0 0 341.024 21483.4 3753.95 1096.16 687.218 0 0 0 0 0 0 0 0
303 1_1_1 1992  0 0 1112.72 20912.3 2283.2 1419.06 1471.32 0 0 0 0 0 0 0 0
304 1_1_1 1992  0 0 986.524 22050.2 2269.2 988.321 861.492 0 0 0 0 0 0 0 0
305 1_1_1 1992  0 0 0 21281.8 4212.11 1216.99 470.418 0 0 0 0 0 0 0 0
306 1_1_1 1992  0 0 298.706 19641.5 5720.29 1748.26 446.767 0 0 0 0 0 0 0 0
307 1_1_1 1992  0 0 1561.24 22496.7 860.963 1423.8 0 0 0 0 0 0 0 0 0
308 1_1_1 1992  0 0 0 22237.6 4670.79 0 0 0 0 0 0 0 0 0 0
309 1_1_1 1992  0 0 977.981 18677.8 3916.95 2305.68 1197.93 0 0 0 0 0 0 0 0
310 1_1_1 1992  0 0 0 13186.5 7098.64 1894.5 878.249 0 0 0 0 0 0 0 0
311 1_1_1 1992  0 0 625.681 20021 3080.94 1911.45 1084.23 0 0 0 0 0 0 0 0
312 1_1_1 1992  0 0 648.525 21926.8 2741.66 883.769 860.096 0 0 0 0 0 0 0 0
313 1_1_1 1992  0 0 934.692 22277.2 1650.65 1060.35 0 0 0 0 0 0 0 0 0
314 1_1_1 1992  0 0 641.403 22002.4 2871.51 752.817 248.717 0 0 0 0 0 0 0 0
315 1_1_1 1992  0 0 369.719 23357.7 1766.22 206.991 0 0 0 0 0 0 0 0 0
316 1_1_1 1992  0 0 1111.44 22725 1614.38 0 421.136 0 0 0 0 0 0 0 0
317 1_1_1 1992  0 0 672.016 18846.6 4626.49 840.175 1449.4 0 0 0 0 0 0 0 0
318 1_1_1 1992  0 0 1508.25 22581 806.24 1716.75 0 0 0 0 0 0 0 0 0
319 1_1_1 1992  0 0 624.086 22748.7 2222.9 728.44 381.175 0 0 0 0 0 0 0 0
320 1_1_1 1992  0 0 380.089 19500.4 5016.73 1610.03 410.227 0 0 0 0 0 0 0 0
321 1_1_1 1992  0 0 801.404 21967.6 1827.91 587.787 423.815 0 0 0 0 0 0 0 0
322 1_1_1 1992  0 0 562.482 19509 4630.05 272.164 1239.12 0 0 0 0 0 0 0 0
323 1_1_1 1992  0 0 978.72 19490.1 2638.81 1444.64 1578.67 0 0 0 0 0 0 0 0
324 1_1_1 1992  0 0 394.114 19247.6 4901.9 1460.93 1413.19 0 0 0 0 0 0 0 0
325 1_1_1 1992  0 0 583.073 23202.2 1703.09 0 0 0 0 0 0 0 0 0 0
326 1_1_1 1992  0 0 590.964 21975.9 1469.71 763.35 473.091 0 0 0 0 0 0 0 0
327 1_1_1 1992  0 0 953.353 22599.1 1524.01 620.545 0 0 0 0 0 0 0 0 0
328 1_1_1 1992  0 0 1309.35 17259.7 4216.55 1969.64 1123.1 0 0 0 0 0 0 0 0
329 1_1_1 1992  0 0 486.596 18282.5 4101.02 2121.08 1144.03 0 0 0 0 0 0 0 0
330 1_1_1 1992  0 0 1484.58 19720.5 3287.41 1528.54 1384.65 0 0 0 0 0 0 0 0
331 1_1_1 1992  0 0 796.884 21903.6 3792.2 1463.65 502.568 0 0 0 0 0 0 0 0
332 1_1_1 1992  0 0 542.301 22525 1612.59 0 369.502 0 0 0 0 0 0 0 0
333 1_1_1 1992  0 0 581.108 18298.4 5483.06 1883.7 998.261 0 0 0 0 0 0 0 0
334 1_1_1 1992  0 0 0 23222.4 2813.14 1372.63 1560.74 0 0 0 0 0 0 0 0
335 1_1_1 1992  0 0 1690.51 20106 3841.97 1019.75 1278.48 0 0 0 0 0 0 0 0
336 1_1_1 1992  0 0 641.436 22549.5 2311.49 768.479 414.043 0 0 0 0 0 0 0 0
337 1_1_1 1992  0 0 943.377 20555.8 1509.62 2075.47 981.643 0 0 0 0 0 0 0 0
338 1_1_1 1992  0 0 1114.21 20408.3 4982.49 747.17 789.118 0 0 0 0 0 0 0 0
339 1_1_1 1992  0 0 1098.04 22982.9 1961 755.639 0 0 0 0 0 0 0 0 0
340 1_1_1 1992  0 0 969.851 21406.2 2181.9 791.341 979.416 0 0 0 0 0 0 0 0
341 1_1_1 1992  0 0 681.117 20070.9 2713.24 1706.74 360.91 0 0 0 0 0 0 0 0
342 1_1_1 1992  0 0 1561.13 17773.1 3978.61 1190.75 1020.26 0 0 0 0 0 0 0 0
343 1_1_1 1992  0 0 1581.09 23095.3 1282.75 142.792 0 0 0 0 0 0 0 0 0
344 1_1_1 1992  0 0 585.133 16993 5124.16 1815.4 1117.41 0 0 0 0 0 0 0 0
345 1_1_1 1992  0 0 648.431 19529.9 4425.7 575.859 1090.42 0 0 0 0 0 0 0 0
346 1_1_1 1992  0 0 1519.62 20622.6 3776.9 741.351 362.184 0 0 0 0 0 0 0 0
347 1_1_1 1992  0 0 0 21935.3 692.582 1967.47 490.405 0 0 0 0 0 0 0 0
348 1_1_1 1992  0 0 1674.53 21023 2374.67 1451.73 787.059 0 0 0 0 0 0 0 0
349 1_1_1 1992  0 0 1005.63 18515.2 4335.68 1500.7 1131.59 0 0 0 0 0 0 0 0
350 1_1_1 1992  0 0 1790.05 19814.1 3479.42 1069.09 1239.2 0 0 0 0 0 0 0 0
351 1_1_1 1992  0 0 1098.17 21052.7 3106.42 1317.37 907.765 0 0 0 0 0 0 0 0
352 1_1_1 1992  0 0 1305.69 22403.5 2156.98 785.587 0 0 0 0 0 0 0 0 0
353 1_1_1 1992  0 0 0 22854 1914.94 775.779 360.109 0 0 0 0 0 0 0 0
354 1_1_1 1992  0 0 951.294 18956.2 6039.92 1170.76 1248.73 0 0 0 0 0 0 0 0
355 1_1_1 1992  0 0 435.08 24082.3 2557.21 198.129 0 0 0 0 0 0 0 0 0
356 1_1_1 1992  0 0 1129.65 18603.6 5020.13 304.47 1356.94 0 0 0 0 0 0 0 0
357 1_1_1 1992  0 0 630.705 20146.5 3809.12 984.565 1175.52 0 0 0 0 0 0 0 0
358 1_1_1 1992  0 0 1752.21 20605.6 3177.75 1393.63 422.165 0 0 0 0 0 0 0 0
359 1_1_1 1992  0 0 860.466 21965.4 1468.4 1479.51 1008.65 0 0 0 0 0 0 0 0
360 1_1_1 1992  0 0 673.773 20426.1 4266.71 398.551 2460.09 0 0 0 0 0 0 0 0
361 1_1_1 1992  0 0 537.963 22304.8 2441.08 903.978 0 0 0 0 0 0 0 0 0
362 1_1_1 1992  0 0 616.13 19490.6 3261.38 1882.89 1006.54 0 0 0 0 0 0 0 0
363 1_1_1 1992  0 0 459.673 23791.2 1007.4 1169.15 0 0 0 0 0 0 0 0 0
364 1_1_1 1992  0 0 907.895 21394.4 2160.68 1192.09 376.246 0 0 0 0 0 0 0 0
365 1_1_1 1992  0 0 1009.72 21500.4 3082.17 946.813 0 0 0 0 0 0 0 0 0
366 1_1_1 1992  0 0 0 23339.1 2222.17 591.188 427.03 0 0 0 0 0 0 0 0
367 1_1_1 1992  0 0 1527.33 22231.1 1665.93 1087.13 378.91 0 0 0 0 0 0 0 0
368 1_1_1 1992  0 0 1229.11 22258.4 2043.68 1481.6 954.98 0 0 0 0 0 0 0 0
369 1_1_1 1992  0 0 708.001 22195.3 2599.68 1385.27 415.557 0 0 0 0 0 0 0 0
370 1_1_1 1992  0 0 1468.59 18778.7 2734.99 1695.01 1541.02 0 0 0 0 0 0 0 0
371 1_1_1 1992  0 0 914.09 21748.8 4580.59 0 0 0 0 0 0 0 0 0 0
372 1_1_1 1992  0 0 549.475 22074.4 1161.2 1157.77 461.197 0 0 0 0 0 0 0 0
373 1_1_1 1992  0 0 980.484 21707.1 1658.76 955.818 0 0 0 0 0 0 0 0 0
374 1_1_1 1992  0 0 801.566 24310 733.433 611.253 0 0 0 0 0 0 0 0 0
375 1_1_1 1992  0 0 667.512 23403.8 1541.95 773.294 0 0 0 0 0 0 0 0 0
376 1_1_1 1992  0 0 1877.04 25959.3 0 0 0 0 0 0 0 0 0 0 0
377 1_1_1 1992  0 0 0 18126 4908.27 2020.4 815.157 0 0 0 0 0 0 0 0
378 1_1_1 1992  0 0 510.026 18818.6 6262.17 1893.07 0 0 0 0 0 0 0 0 0
379 1_1_1 1992  0 0 1522.75 21986.7 2032.2 747.612 402.859 0 0 0 0 0 0 0 0
380 1_1_1 1992  0 0 267.53 19269.2 4299.03 1820.46 1017.2 0 0 0 0 0 0 0 0
381 1_1_1 1992  0 0 1728.11 17667.4 4759.25 1158.41 1082.33 0 0 0 0 0 0 0 0
382 1_1_1 1992  0 0 1617.56 19744.9 2193.13 2627.22 763.534 0 0 0 0 0 0 0 0
383 1_1_1 1992  0 0 0 20844.2 2921.08 2482.37 598.517 0 0 0 0 0 0 0 0
384 1_1_1 1992  0 0 998.094 19580.5 3286.24 1706.19 1077.27 0 0 0 0 0 0 0 0
385 1_1_1 1992  0 0 803.836 19425 2860.15 2384.5 818.428 0 0 0 0 0 0 0 0
386 1_1_1 1992  0 0 1008.74 17749.7 5123.09 3318.03 782.503 0 0 0 0 0 0 0 0
387 1_1_1 1992  0 0 1175.69 22439.7 2259.1 869.642 0 0 0 0 0 0 0 0 0
388 1_1_1 1992  0 0 1038.93 21587 3464.63 203.42 919.426 0 0 0 0 0 0 0 0
389 1_1_1 1992  0 0 534.889 22816.4 1518.82 1134.11 0 0 0 0 0 0 0 0 0
390 1_1_1 1992  0 0 1806.01 20634.3 3642.3 1645.36 396.397 0 0 0 0 0 0 0 0
391 1_1_1 1992  0 0 634.56 20258.3 3025.3 771.12 415.754 0 0 0 0 0 0 0 0
392 1_1_1 1992  0 0 589.057 16987.6 5917.46 2009.52 570.409 0 0 0 0 0 0 0 0
393 1_1_1 1992  0 0 1518.98 22600.9 1861.44 0 423.359 0 0 0 0 0 0 0 0
394 1_1_1 1992  0 0 1827.68 21437.9 2832.64 0 417.342 0 0 0 0 0 0 0 0
395 1_1_1 1992  0 0 1062.69 22809.3 1480.95 0 0 0 0 0 0 0 0 0 0
396 1_1_1 1992  0 0 0 21000.3 5981.35 575.91 575.91 0 0 0 0 0 0 0 0
397 1_1_1 1992  0 0 1675.15 22508.6 3265.74 0 390.284 0 0 0 0 0 0 0 0
398 1_1_1 1992  0 0 966.314 20895.3 2982.36 1168.6 554.757 0 0 0 0 0 0 0 0
399 1_1_1 1992  0 0 971.348 21654.6 1848.57 1997.08 721.131 0 0 0 0 0 0 0 0
400 1_1_1 1992  0 0 848.77 21622.7 2833.95 452.039 1695.71 0 0 0 0 0 0 0 0
401 1_1_1 1992  0 0 1620.41 21139.3 2915.38 758.947 382.281 0 0 0 0 0 0 0 0
402 1_1_1 1992  0 0 1911.02 18887.9 1754.94 2773.63 1108.46 0 0 0 0 0 0 0 0
403 1_1_1 1992  0 0 0 21123.3 2854.81 2108.44 862.113 0 0 0 0 0 0 0 0
404 1_1_1 1992  0 0 579.927 18209 4086.69 2177 1307.16 0 0 0 0 0 0 0 0
405 1_1_1 1992  0 0 0 20045.6 4325.46 1168.55 978.433 0 0 0 0 0 0 0 0
406 1_1_1 1992  0 0 1497.49 22095.5 2477.26 497.295 0 0 0 0 0 0 0 0 0
407 1_1_1 1992  0 0 0 22717.2 2973.06 624.01 423.432 0 0 0 0 0 0 0 0
408 1_1_1 1992  0 0 719.019 19041.1 2967.94 2545.1 929.635 0 0 0 0 0 0 0 0
409 1_1_1 1992  0 0 1202.41 20315 2956.15 2444.63 432.578 0 0 0 0 0 0 0 0
410 1_1_1 1992  0 0 1182.19 22331.2 1903.68 876.015 0 0 0 0 0 0 0 0 0
411 1_1_1 1992  0 0 0 24239.6 1825.07 172.61 0 0 0 0 0 0 0 0 0
412 1_1_1 1992  0 0 637.823 21361 2177.22 1792.95 664.373 0 0 0 0 0 0 0 0
413 1_1_1 1992  0 0 1192.63 22199.4 1654.73 942.5 400.615 0 0 0 0 0 0 0 0
414 1_1_1 1992  0 0 882.215 20369.1 3591.81 774.018 464.975 0 0 0 0 0 0 0 0
415 1_1_1 1992  0 0 0 23085.8 712.872 1468.31 0 0 0 0 0 0 0 0 0
416 1_1_1 1992  0 0 1013.5 18631 4946.34 2099.3 1335.02 0 0 0 0 0 0 0 0
417 1_1_1 1992  0 0 0 19856 4486.28 819.953 438.12 0 0 0 0 0 0 0 0
418 1_1_1 1992  0 0 498.866 23329.4 1938.81 0 0 0 0 0 0 0 0 0 0
419 1_1_1 1992  0 0 842.956 22513.6 1530.65 581.55 0 0 0 0 0 0 0 0 0
420 1_1_1 1992  0 0 912.155 22590.5 2833.88 0 0 0 0 0 0 0 0 0 0
421 1_1_1 1992  0 0 971.876 21684.3 2616.14 959.449 0 0 0 0 0 0 0 0 0
422 1_1_1 1992  0 0 0 20747.4 3921.02 958.479 1368.24 0 0 0 0 0 0 0 0
423 1_1_1 1992  0 0 616.207 19349.3 4625.39 1723.99 1162.17 0 0 0 0 0 0 0 0
424 1_1_1 1992  0 0 922.46 20282.6 1444.87 1157.33 468.57 0 0 0 0 0 0 0 0
425 1_1_1 1992  0 0 613.167 21912.9 1117.43 2182.17 0 0 0 0 0 0 0 0 0
426 1_1_1 1992  0 0 811.847 23288.6 1491.15 943.183 0 0 0 0 0 0 0 0 0
427 1_1_1 1992  0 0 1069.22 21367.3 2745.31 1962.78 341.723 0 0 0 0 0 0 0 0
428 1_1_1 1992  0 0 1353.2 23231 2597.54 1205.48 1235.95 0 0 0 0 0 0 0 0
429 1_1_1 1992  0 0 1665.79 19576.2 2607.4 2177.17 1205.1 0 0 0 0 0 0 0 0
430 1_1_1 1992  0 0 1191.99 25508.8 949.735 0 0 0 0 0 0 0 0 0 0
431 1_1_1 1992  0 0 918.965 17310.9 5660.79 1366.1 1614.33 0 0 0 0 0 0 0 0
432 1_1_1 1992  0 0 626.123 19699.3 3301.11 1944.08 1088.6 0 0 0 0 0 0 0 0
433 1_1_1 1992  0 0 1369.51 18715.7 4233.99 1595.99 444.444 0 0 0 0 0 0 0 0
434 1_1_1 1992  0 0 1666.8 23156.4 2624.36 0 0 0 0 0 0 0 0 0 0
435 1_1_1 1992  0 0 1460.04 21233.5 2700.64 815.729 439.308 0 0 0 0 0 0 0 0
436 1_1_1 1992  0 0 725.663 23366.5 705.286 853.244 0 0 0 0 0 0 0 0 0
437 1_1_1 1992  0 0 1226.94 22221.3 1320.76 1366.18 408.266 0 0 0 0 0 0 0 0
438 1_1_1 1992  0 0 1111.76 20074.3 2866.8 1691.58 1240.17 0 0 0 0 0 0 0 0
439 1_1_1 1992  0 0 1361.83 20317 1358.29 1701.73 698.378 0 0 0 0 0 0 0 0
440 1_1_1 1992  0 0 1082.61 21142.4 1401.45 1077.05 0 0 0 0 0 0 0 0 0
441 1_1_1 1992  0 0 0 19519.7 3695.29 1788.11 1198.18 0 0 0 0 0 0 0 0
442 1_1_1 1992  0 0 384.238 18480.5 5479.85 1491.92 680.677 0 0 0 0 0 0 0 0
443 1_1_1 1992  0 0 787.217 23751.5 1264.77 2164.82 456.05 0 0 0 0 0 0 0 0
444 1_1_1 1992  0 0 633.19 20805.8 2583.44 1195.4 434.648 0 0 0 0 0 0 0 0
445 1_1_1 1992  0 0 636.854 19905.9 2780.12 1743.8 1424.51 0 0 0 0 0 0 0 0
446 1_1_1 1992  0 0 1895.16 18679.9 4677.62 2082.65 549.5 0 0 0 0 0 0 0 0
447 1_1_1 1992  0 0 1325.9 21106.1 3004.48 899.209 1331.41 0 0 0 0 0 0 0 0
448 1_1_1 1992  0 0 1564.2 21748.3 2116.74 785.616 473.048 0 0 0 0 0 0 0 0
449 1_1_1 1992  0 0 0 22604.5 2609.92 786.601 429.404 0 0 0 0 0 0 0 0
450 1_1_1 1992  0 0 967.316 22511.8 1713.49 1081.47 0 0 0 0 0 0 0 0 0
451 1_1_1 1992  0 0 575.345 23370.6 682.878 1880.94 0 0 0 0 0 0 0 0 0
452 1_1_1 1992  0 0 1088.3 20571 2258.1 1625.6 823.113 0 0 0 0 0 0 0 0
453 1_1_1 1992  0 0 713.666 20026.5 3061.35 2476.56 718.009 0 0 0 0 0 0 0 0
454 1_1_1 1992  0 0 1106.93 24001.9 1087.8 1474.76 0 0 0 0 0 0 0 0 0
455 1_1_1 1992  0 0 1713.96 21601.3 2344 1467.85 0 0 0 0 0 0 0 0 0
456 1_1_1 1992  0 0 1052.53 17638.3 3202.46 3035.38 1179.95 0 0 0 0 0 0 0 0
457 1_1_1 1992  0 0 1470.31 22827.5 595.71 1318.31 0 0 0 0 0 0 0 0 0
458 1_1_1 1992  0 0 1598.6 23359.6 1321.17 793.588 0 0 0 0 0 0 0 0 0
459 1_1_1 1992  0 0 1058.41 20371.9 3888.89 587.07 466.257 0 0 0 0 0 0 0 0
460 1_1_1 1992  0 0 537.502 19684 2487.69 1052.37 576.198 0 0 0 0 0 0 0 0
461 1_1_1 1992  0 0 1673.94 21909.2 1341.15 2313.64 309.671 0 0 0 0 0 0 0 0
462 1_1_1 1992  0 0 0 17280.1 7445.24 2411.32 606.197 0 0 0 0 0 0 0 0
463 1_1_1 1992  0 0 919.191 22078.1 1306.08 755.337 409.181 0 0 0 0 0 0 0 0
464 1_1_1 1992  0 0 0 10882.2 8734.07 2146.4 1089.33 0 0 0 0 0 0 0 0
465 1_1_1 1992  0 0 0 14501.8 9191.46 2369.46 1419.66 0 0 0 0 0 0 0 0
466 1_1_1 1992  0 0 995.024 20903.4 3488.39 811.643 490.28 0 0 0 0 0 0 0 0
467 1_1_1 1992  0 0 1100.24 19890 785.251 3037.65 1221.18 0 0 0 0 0 0 0 0
468 1_1_1 1992  0 0 257.503 19422.1 6019.53 523.78 1469.54 0 0 0 0 0 0 0 0
469 1_1_1 1992  0 0 1610.91 20487.1 2744.8 1605.86 475.142 0 0 0 0 0 0 0 0
470 1_1_1 1992  0 0 306.067 22148.1 1695.69 198.382 469.313 0 0 0 0 0 0 0 0
471 1_1_1 1992  0 0 759.168 23321.7 1657.2 479.4 0 0 0 0 0 0 0 0 0
472 1_1_1 1992  0 0 968.597 20027.1 2480.69 1917.05 391.977 0 0 0 0 0 0 0 0
473 1_1_1 1992  0 0 1353.91 23097.1 639.722 639.722 0 0 0 0 0 0 0 0 0
474 1_1_1 1992  0 0 0 20820.4 2845.4 446.186 443.264 0 0 0 0 0 0 0 0
475 1_1_1 1992  0 0 1771.73 21820 1505.69 1441.13 1007.23 0 0 0 0 0 0 0 0
476 1_1_1 1992  0 0 1592.11 18139.5 4377.64 1825.13 789.267 0 0 0 0 0 0 0 0
477 1_1_1 1992  0 0 0 22807.6 0 1810.1 422.815 0 0 0 0 0 0 0 0
478 1_1_1 1992  0 0 1617.25 19149.9 3067.13 1492.02 437.213 0 0 0 0 0 0 0 0
479 1_1_1 1992  0 0 1528.97 19807.6 2121.63 1990.66 422.965 0 0 0 0 0 0 0 0
480 1_1_1 1992  0 0 1589.87 18150.8 4360.65 2252.18 365.078 0 0 0 0 0 0 0 0
481 1_1_1 1992  0 0 570.517 20804.5 2756.57 1963.99 497.55 0 0 0 0 0 0 0 0
482 1_1_1 1992  0 0 659.663 21769.8 1368.87 1362.35 412.179 0 0 0 0 0 0 0 0
483 1_1_1 1992  0 0 1195.98 21301.8 4144.5 1176.42 362.135 0 0 0 0 0 0 0 0
484 1_1_1 1992  0 0 1018.38 23340.7 2589.19 785.945 0 0 0 0 0 0 0 0 0
485 1_1_1 1992  0 0 1693.83 19346.6 914.901 2904.47 1347.95 0 0 0 0 0 0 0 0
486 1_1_1 1992  0 0 1164.01 20205.4 2422.24 1224.9 810.791 0 0 0 0 0 0 0 0
487 1_1_1 1992  0 0 980.404 18427.6 3739.84 2104.98 929.828 0 0 0 0 0 0 0 0
488 1_1_1 1992  0 0 1298.08 21323.7 5723.25 304.85 1106.63 0 0 0 0 0 0 0 0
489 1_1_1 1992  0 0 1952.33 21800.4 1486.84 2575.01 1417.19 0 0 0 0 0 0 0 0
490 1_1_1 1992  0 0 1591.77 19074.7 3686.1 1733.63 898.615 0 0 0 0 0 0 0 0
491 1_1_1 1992  0 0 866.615 20863.3 2374.9 761.684 368.906 0 0 0 0 0 0 0 0
492 1_1_1 1992  0 0 1543.69 20291.9 2675.12 1588.91 390.399 0 0 0 0 0 0 0 0
493 1_1_1 1992  0 0 995.645 22999.3 1424.18 97.2324 0 0 0 0 0 0 0 0 0
494 1_1_1 1992  0 0 592.344 24289 1434.64 204.205 0 0 0 0 0 0 0 0 0
495 1_1_1 1992  0 0 744.366 22410.3 1687.21 210.266 751.093 0 0 0 0 0 0 0 0
496 1_1_1 1992  0 0 992.574 17343 5957.46 1827.69 1073.42 0 0 0 0 0 0 0 0
497 1_1_1 1992  0 0 935.015 22443 445.531 1415.75 457.248 0 0 0 0 0 0 0 0
498 1_1_1 1992  0 0 635.54 20670 3295.85 2010.17 775.453 0 0 0 0 0 0 0 0
499 1_1_1 1992  0 0 730.294 19961.1 2137.34 2755.6 1275.02 0 0 0 0 0 0 0 0
500 1_1_1 1992  0 0 685.553 18720.7 4865.28 1578.38 1449.88 0 0 0 0 0 0 0 0
501 1_1_1 1992  0 0 572.332 23202.4 1648.43 369.648 0 0 0 0 0 0 0 0 0
502 1_1_1 1992  0 0 519.474 18084.9 4961.94 1672.92 1117.76 0 0 0 0 0 0 0 0
503 1_1_1 1992  0 0 647.574 22253.1 1397.75 714.399 342.573 0 0 0 0 0 0 0 0
504 1_1_1 1992  0 0 1686.52 22105.4 2103.67 516.128 0 0 0 0 0 0 0 0 0
505 1_1_1 1992  0 0 1804.62 18996.2 4378.21 2236.75 905.398 0 0 0 0 0 0 0 0
506 1_1_1 1992  0 0 1081.41 22176 1670.02 502.797 420.78 0 0 0 0 0 0 0 0
507 1_1_1 1992  0 0 1801.68 23150.4 1941.95 0 0 0 0 0 0 0 0 0 0
508 1_1_1 1992  0 0 1331.9 21581.3 2642.07 1306.44 0 0 0 0 0 0 0 0 0
509 1_1_1 1992  0 0 989.093 22358 2106.41 944.05 464.689 0 0 0 0 0 0 0 0
510 1_1_1 1992  0 0 661.276 18440.4 4813.42 1503.68 793.708 0 0 0 0 0 0 0 0
511 1_1_1 1992  0 0 1017.58 18849.1 5132.4 1885.56 1030.37 0 0 0 0 0 0 0 0
512 1_1_1 1992  0 0 472.588 21582.7 3636.38 781.555 0 0 0 0 0 0 0 0 0
513 1_1_1 1992  0 0 0 22868.9 3613.13 0 0 0 0 0 0 0 0 0 0
514 1_1_1 1992  0 0 937.763 23392.2 193.178 1387.15 0 0 0 0 0 0 0 0 0
515 1_1_1 1992  0 0 1579.44 24219.4 511.79 278.331 0 0 0 0 0 0 0 0 0
516 1_1_1 1992  0 0 953.207 23454.8 1879.75 809.626 462.797 0 0 0 0 0 0 0 0
517 1_1_1 1992  0 0 1697.97 22866.8 1697.58 897.823 391.476 0 0 0 0 0 0 0 0
518 1_1_1 1992  0 0 670.591 20912 2852.4 441.274 441.77 0 0 0 0 0 0 0 0
519 1_1_1 1992  0 0 0 19438.4 3477.07 2160.34 784.512 0 0 0 0 0 0 0 0
520 1_1_1 1992  0 0 714.231 23202 1953.13 322 0 0 0 0 0 0 0 0 0
521 1_1_1 1992  0 0 956.89 19160.3 831.808 1233.14 437.783 0 0 0 0 0 0 0 0
522 1_1_1 1992  0 0 868.012 23215.8 1221.11 234.655 0 0 0 0 0 0 0 0 0
523 1_1_1 1992  0 0 290.172 21130.5 3001.97 1384.39 1025.74 0 0 0 0 0 0 0 0
524 1_1_1 1992  0 0 340.945 20778 3598.4 1075 476.284 0 0 0 0 0 0 0 0
525 1_1_1 1992  0 0 0 21028.7 3842.34 557.985 1407.94 0 0 0 0 0 0 0 0
526 1_1_1 1992  0 0 667.633 21135.6 4126.02 920.496 505.304 0 0 0 0 0 0 0 0
527 1_1_1 1992  0 0 1661.93 22277.9 2001.44 1175.68 481.924 0 0 0 0 0 0 0 0
528 1_1_1 1992  0 0 587.612 21521.7 2622.24 1271.83 670.968 0 0 0 0 0 0 0 0
529 1_1_1 1992  0 0 0 21765 1934.93 753.843 363.756 0 0 0 0 0 0 0 0
530 1_1_1 1992  0 0 1084.34 19040.6 4356.95 1321.14 996.414 0 0 0 0 0 0 0 0
531 1_1_1 1992  0 0 976.005 18955.5 4062.64 1912.24 921.64 0 0 0 0 0 0 0 0
532 1_1_1 1992  0 0 782.153 19689.9 2966.91 1811.45 830.018 0 0 0 0 0 0 0 0
533 1_1_1 1992  0 0 642.2 19331.6 4258.3 2044.02 722.434 0 0 0 0 0 0 0 0
534 1_1_1 1992  0 0 1003.55 21548 3053.51 1377.94 353.483 0 0 0 0 0 0 0 0
535 1_1_1 1992  0 0 0 20499.9 3035.21 2126 775.891 0 0 0 0 0 0 0 0
536 1_1_1 1992  0 0 1180.18 16960.1 6286.9 2410.5 1557.79 0 0 0 0 0 0 0 0
537 1_1_1 1992  0 0 1066.86 23046.9 1008.82 898.915 472.927 0 0 0 0 0 0 0 0
538 1_1_1 1992  0 0 657.377 17201.4 4895.46 2336.79 1196.52 0 0 0 0 0 0 0 0
539 1_1_1 1992  0 0 741.461 22031.5 1481.51 473.423 0 0 0 0 0 0 0 0 0
540 1_1_1 1992  0 0 1352.4 22476 814.249 862.003 383.205 0 0 0 0 0 0 0 0
541 1_1_1 1992  0 0 1546.79 19163.3 3162.66 1472.23 1189.98 0 0 0 0 0 0 0 0
542 1_1_1 1992  0 0 604.279 21958.9 2457.41 982.373 0 0 0 0 0 0 0 0 0
543 1_1_1 1992  0 0 1726.46 18219.9 2991.35 3115.6 617.02 0 0 0 0 0 0 0 0
544 1_1_1 1992  0 0 0 20444.4 3601.74 2882.47 368.728 0 0 0 0 0 0 0 0
545 1_1_1 1992  0 0 1645.21 19717.7 3157.44 2448.22 654.461 0 0 0 0 0 0 0 0
546 1_1_1 1992  0 0 0 20473.1 3527.21 1301.91 514.726 0 0 0 0 0 0 0 0
547 1_1_1 1992  0 0 0 22765.4 1195.72 1499.81 1030.02 0 0 0 0 0 0 0 0
548 1_1_1 1992  0 0 690.059 17915.7 4287.47 2093.72 1169.76 0 0 0 0 0 0 0 0
549 1_1_1 1992  0 0 1191.77 20243.6 2622.46 2153.3 1500.73 0 0 0 0 0 0 0 0
550 1_1_1 1992  0 0 318.879 22221.9 2251.72 717.205 407.439 0 0 0 0 0 0 0 0
551 1_1_1 1992  0 0 1707.95 22205.3 2971.75 0 398.061 0 0 0 0 0 0 0 0
552 1_1_1 1992  0 0 1808.98 19312.2 4881.9 2407.9 0 0 0 0 0 0 0 0 0
553 1_1_1 1992  0 0 1332.57 22446.1 1521.19 711.823 350.48 0 0 0 0 0 0 0 0
554 1_1_1 1992  0 0 864.669 21697.3 2720.77 807.247 436.169 0 0 0 0 0 0 0 0
555 1_1_1 1992  0 0 1749.34 19710.4 1596.33 2366.01 842.736 0 0 0 0 0 0 0 0
556 1_1_1 1992  0 0 684.525 18701.1 3429.35 2029.13 877.943 0 0 0 0 0 0 0 0
557 1_1_1 1992  0 0 586.347 21093.1 1512.75 967.193 480.95 0 0 0 0 0 0 0 0
558 1_1_1 1992  0 0 0 20206 4996.65 742.534 1297.78 0 0 0 0 0 0 0 0
559 1_1_1 1992  0 0 1547.87 18992.1 4084.87 666.295 801.099 0 0 0 0 0 0 0 0
560 1_1_1 1992  0 0 1544.29 19607.1 3192.08 2048.87 393.529 0 0 0 0 0 0 0 0
561 1_1_1 1992  0 0 1789.23 20744.8 2768.71 1900.46 1536.23 0 0 0 0 0 0 0 0
562 1_1_1 1992  0 0 1718.12 19223.7 3118.02 2991.39 950.083 0 0 0 0 0 0 0 0
563 1_1_1 1992  0 0 1727.42 20816.8 4152.96 483.376 971.037 0 0 0 0 0 0 0 0
564 1_1_1 1992  0 0 630.646 20590 2118.57 2034.8 1278.54 0 0 0 0 0 0 0 0
565 1_1_1 1992  0 0 579.877 22091.3 957.276 1510.81 715.061 0 0 0 0 0 0 0 0
566 1_1_1 1992  0 0 606.428 23145.4 2525.35 726.765 0 0 0 0 0 0 0 0 0
567 1_1_1 1992  0 0 589.964 23041.7 2011.02 451.419 0 0 0 0 0 0 0 0 0
568 1_1_1 1992  0 0 336.703 22322.4 1749.69 600.428 395.029 0 0 0 0 0 0 0 0
569 1_1_1 1992  0 0 0 22616.7 540.981 1825.18 416.262 0 0 0 0 0 0 0 0
570 1_1_1 1992  0 0 1636.32 19687.3 1549.98 2614.51 580.468 0 0 0 0 0 0 0 0
571 1_1_1 1992  0 0 1005.72 20871.6 2280.36 2006.02 0 0 0 0 0 0 0 0 0
572 1_1_1 1992  0 0 1122.53 17553.6 5830.63 1058.11 1331.48 0 0 0 0 0 0 0 0
573 1_1_1 1992  0 0 1446.06 19873.6 3615.05 692.248 1424.76 0 0 0 0 0 0 0 0
574 1_1_1 1992  0 0 1358.48 22792.3 3396.21 1858.16 0 0 0 0 0 0 0 0 0
575 1_1_1 1992  0 0 1300.7 24196 1315.48 788.225 0 0 0 0 0 0 0 0 0
576 1_1_1 1992  0 0 1068.21 19796.5 3008.59 1930.74 1003.08 0 0 0 0 0 0 0 0
577 1_1_1 1992  0 0 1022.69 24388.9 1203.68 637.646 0 0 0 0 0 0 0 0 0
578 1_1_1 1992  0 0 992.75 23357.1 911.388 969.348 0 0 0 0 0 0 0 0 0
579 1_1_1 1992  0 0 1762.45 20111.2 3044.87 2198.83 391.832 0 0 0 0 0 0 0 0
580 1_1_1 1992  0 0 1013.34 19417.5 3711.26 2128.57 0 0 0 0 0 0 0 0 0
581 1_1_1 1992  0 0 950.676 20964.7 968.683 2310.45 754.157 0 0 0 0 0 0 0 0
582 1_1_1 1992  0 0 1736.79 18579.1 4864.77 1937.18 783.916 0 0 0 0 0 0 0 0
583 1_1_1 1992  0 0 1580.74 20305.7 3711.97 1105.11 416.53 0 0 0 0 0 0 0 0
584 1_1_1 1992  0 0 1447.37 21644 2122.95 1272.1 0 0 0 0 0 0 0 0 0
585 1_1_1 1992  0 0 1001.99 19887.5 3167.1 2036.74 522.246 0 0 0 0 0 0 0 0
586 1_1_1 1992  0 0 253.139 21120 4451.75 1315.15 975.146 0 0 0 0 0 0 0 0
587 1_1_1 1992  0 0 1166.71 21235.5 4706.69 1006.67 309.394 0 0 0 0 0 0 0 0
588 1_1_1 1992  0 0 1537.9 18846.4 3979.17 1748.76 1260.26 0 0 0 0 0 0 0 0
589 1_1_1 1992  0 0 2049.79 23438.1 3146.37 0 857.312 0 0 0 0 0 0 0 0
590 1_1_1 1992  0 0 725.566 22953.4 884.591 1724.55 713.484 0 0 0 0 0 0 0 0
591 1_1_1 1992  0 0 224.268 23110.2 1370.21 969.696 379.186 0 0 0 0 0 0 0 0
592 1_1_1 1992  0 0 830.737 22464.4 1472.85 612.041 366.46 0 0 0 0 0 0 0 0
593 1_1_1 1992  0 0 557.638 17427.4 5814.81 1113.9 1055.35 0 0 0 0 0 0 0 0
594 1_1_1 1992  0 0 1192.75 21793.1 1478.63 742.632 452.695 0 0 0 0 0 0 0 0
595 1_1_1 1992  0 0 1469.42 20678.9 2106.56 2037.36 1189.03 0 0 0 0 0 0 0 0
596 1_1_1 1992  0 0 1650.69 23593.4 398.118 1323.96 0 0 0 0 0 0 0 0 0
597 1_1_1 1992  0 0 1697.34 21152.5 2260.41 1287.22 958.434 0 0 0 0 0 0 0 0
598 1_1_1 1992  0 0 985.353 20270.4 1859.83 1644.8 1546.56 0 0 0 0 0 0 0 0
599 1_1_1 1992  0 0 780.78 21605.1 3157.83 1562 0 0 0 0 0 0 0 0 0
600 1_1_1 1992  0 0 629.551 22436 1606.68 891.294 0 0 0 0 0 0 0 0 0
601 1_1_1 1992  0 0 922.745 21645.6 963.355 908.789 461.959 0 0 0 0 0 0 0 0
602 1_1_1 1992  0 0 828.725 23261.3 1720.22 205.281 0 0 0 0 0 0 0 0 0
603 1_1_1 1992  0 0 475.527 19538.9 2268.36 2479.48 572.082 0 0 0 0 0 0 0 0
604 1_1_1 1992  0 0 1121.25 20570 5589.88 0 0 0 0 0 0 0 0 0 0
605 1_1_1 1992  0 0 1557.36 18961.3 4468.39 2211.59 519.063 0 0 0 0 0 0 0 0
606 1_1_1 1992  0 0 648.842 19192.9 2981 2514.91 1307.13 0 0 0 0 0 0 0 0
607 1_1_1 1992  0 0 1001.35 21606 1265.37 1099.65 438.317 0 0 0 0 0 0 0 0
608 1_1_1 1992  0 0 956.448 21520.1 2507.83 463.1 1294 0 0 0 0 0 0 0 0
609 1_1_1 1992  0 0 587.144 22366.1 2789.07 210.636 0 0 0 0 0 0 0 0 0
610 1_1_1 1992  0 0 620.186 18419.7 5128.28 1759.09 778.453 0 0 0 0 0 0 0 0
611 1_1_1 1992  0 0 1397.82 21073.5 2674.02 1579.35 0 0 0 0 0 0 0 0 0
612 1_1_1 1992  0 0 1471.68 23349.6 1617.54 809.126 0 0 0 0 0 0 0 0 0
613 1_1_1 1992  0 0 906.631 19453.5 2752.73 1855.57 1116.39 0 0 0 0 0 0 0 0
614 1_1_1 1992  0 0 950.81 19486.5 3681.61 1992.76 1115.18 0 0 0 0 0 0 0 0
615 1_1_1 1992  0 0 0 12363.5 7165.96 2559.39 1005.46 0 0 0 0 0 0 0 0
616 1_1_1 1992  0 0 494.694 19574.8 3421.54 2129.16 868.956 0 0 0 0 0 0 0 0
617 1_1_1 1992  0 0 1728.05 18765.8 4018.73 1470.26 1302.21 0 0 0 0 0 0 0 0
618 1_1_1 1992  0 0 913.177 22944.3 2087.62 237.07 0 0 0 0 0 0 0 0 0
619 1_1_1 1992  0 0 2220.27 25581.2 1252.02 0 0 0 0 0 0 0 0 0 0
620 1_1_1 1992  0 0 549.711 23363.4 1941.05 0 0 0 0 0 0 0 0 0 0
621 1_1_1 1992  0 0 0 13822.1 6892.26 2244.63 469.295 0 0 0 0 0 0 0 0
622 1_1_1 1992  0 0 1558.46 22607.4 2095.68 0 408.217 0 0 0 0 0 0 0 0
623 1_1_1 1992  0 0 0 23458.3 2900.15 789.186 402.011 0 0 0 0 0 0 0 0
624 1_1_1 1992  0 0 1588.62 22850.2 1034.05 858.903 495.848 0 0 0 0 0 0 0 0
625 1_1_1 1992  0 0 1405.17 18683.2 4218.98 1089.63 2155.19 0 0 0 0 0 0 0 0
626 1_1_1 1992  0 0 521.346 22466.7 1660.4 1575.22 1041.37 0 0 0 0 0 0 0 0
627 1_1_1 1992  0 0 434.346 22194.2 1849.9 79.4887 408.832 0 0 0 0 0 0 0 0
628 1_1_1 1992  0 0 1563.04 21488.2 761.281 1176.13 327.619 0 0 0 0 0 0 0 0
629 1_1_1 1992  0 0 1177.8 23958.1 0 1824.52 0 0 0 0 0 0 0 0 0
630 1_1_1 1992  0 0 941.423 20867.7 2139.54 1873.36 1177.47 0 0 0 0 0 0 0 0
631 1_1_1 1992  0 0 585.392 23663.2 1814.53 1008.37 0 0 0 0 0 0 0 0 0
632 1_1_1 1992  0 0 495.509 21799.7 3972.59 557.096 0 0 0 0 0 0 0 0 0
633 1_1_1 1992  0 0 684.409 21271.4 2795.06 1268.17 977.768 0 0 0 0 0 0 0 0
634 1_1_1 1992  0 0 933.806 20252.2 2743.77 1361.68 1524.19 0 0 0 0 0 0 0 0
635 1_1_1 1992  0 0 1357.63 19512.4 3222.69 1197.91 541.207 0 0 0 0 0 0 0 0
636 1_1_1 1992  0 0 0 23137.4 1553.26 436.622 374.322 0 0 0 0 0 0 0 0
637 1_1_1 1992  0 0 1642.96 17661.3 4971.54 1621.26 1202.16 0 0 0 0 0 0 0 0
638 1_1_1 1992  0 0 911.282 21544.4 1726.58 729.099 435.72 0 0 0 0 0 0 0 0
639 1_1_1 1992  0 0 140.291 18816.7 4543.13 1183.48 1450.47 0 0 0 0 0 0 0 0
640 1_1_1 1992  0 0 239.115 22284.1 2663.67 1450.55 418.71 0 0 0 0 0 0 0 0
641 1_1_1 1992  0 0 1490.21 22447.7 2292.25 630.346 0 0 0 0 0 0 0 0 0
642 1_1_1 1992  0 0 0 22934.9 1870.2 902.46 0 0 0 0 0 0 0 0 0
643 1_1_1 1992  0 0 496.195 22766 3036.04 0 485.277 0 0 0 0 0 0 0 0
644 1_1_1 1992  0 0 1125.01 19373.9 3822.11 2151.68 714.985 0 0 0 0 0 0 0 0
645 1_1_1 1992  0 0 518.747 22868.8 1415.17 744.484 402.718 0 0 0 0 0 0 0 0
646 1_1_1 1992  0 0 508.747 23756.9 1867.43 759.566 382.468 0 0 0 0 0 0 0 0
647 1_1_1 1992  0 0 1747.72 18251.2 5863.95 1393.93 819.291 0 0 0 0 0 0 0 0
648 1_1_1 1992  0 0 230.716 21541.3 1576.58 1146.7 387.701 0 0 0 0 0 0 0 0
649 1_1_1 1992  0 0 593.573 22314.1 1077.62 1027.62 333.484 0 0 0 0 0 0 0 0
650 1_1_1 1992  0 0 329.732 20014.7 3177.91 2259.47 818.724 0 0 0 0 0 0 0 0
651 1_1_1 1992  0 0 1307.4 20780 4741.67 0 0 0 0 0 0 0 0 0 0
652 1_1_1 1992  0 0 696.18 18717.7 4324.12 3203.8 539.907 0 0 0 0 0 0 0 0
653 1_1_1 1992  0 0 930.556 20641.6 3684.85 1068.57 298.168 0 0 0 0 0 0 0 0
654 1_1_1 1992  0 0 0 15372.7 8216.08 2562.35 467.994 0 0 0 0 0 0 0 0
655 1_1_1 1992  0 0 716.803 20967.6 3397.74 787.556 0 0 0 0 0 0 0 0 0
656 1_1_1 1992  0 0 1219.02 19067.9 2888.62 1677.84 1180.63 0 0 0 0 0 0 0 0
657 1_1_1 1992  0 0 1149.72 18105.7 3432.41 2880.91 414.306 0 0 0 0 0 0 0 0
658 1_1_1 1992  0 0 1443.13 17014.6 5088.42 2186.79 820.453 0 0 0 0 0 0 0 0
659 1_1_1 1992  0 0 1471.12 22765.2 1853.79 814.424 408.718 0 0 0 0 0 0 0 0
660 1_1_1 1992  0 0 1611.36 18822.4 3701.47 2124.66 770.055 0 0 0 0 0 0 0 0
661 1_1_1 1992  0 0 947.3 22278.4 1431.25 1197.92 431.195 0 0 0 0 0 0 0 0
662 1_1_1 1992  0 0 338.681 24175.2 2297.43 842.288 0 0 0 0 0 0 0 0 0
663 1_1_1 1992  0 0 833.64 21660.4 1140.47 920.284 399.925 0 0 0 0 0 0 0 0
664 1_1_1 1992  0 0 0 19068 4165.54 2071.3 1354.34 0 0 0 0 0 0 0 0
665 1_1_1 1992  0 0 1019.93 21062.2 2430.45 1901.98 608.041 0 0 0 0 0 0 0 0
666 1_1_1 1992  0 0 1680.94 22590.4 3567.34 222.463 1235.29 0 0 0 0 0 0 0 0
667 1_1_1 1992  0 0 0 22969 3116.21 0 0 0 0 0 0 0 0 0 0
668 1_1_1 1992  0 0 1022.79 22807.2 2541.05 686.096 467.618 0 0 0 0 0 0 0 0
669 1_1_1 1992  0 0 583.024 22136.2 2345.71 674.455 373.471 0 0 0 0 0 0 0 0
670 1_1_1 1992  0 0 624.621 20744.4 3990.91 739.997 1029.87 0 0 0 0 0 0 0 0
671 1_1_1 1992  0 0 0 16857 7262.12 1471.65 818.21 0 0 0 0 0 0 0 0
672 1_1_1 1992  0 0 612.499 20298.2 2765.32 643.12 1286.24 0 0 0 0 0 0 0 0
673 1_1_1 1992  0 0 0 24395 1553.25 276.159 0 0 0 0 0 0 0 0 0
674 1_1_1 1992  0 0 475.921 20931.1 2226.03 2512.67 0 0 0 0 0 0 0 0 0
675 1_1_1 1992  0 0 484.876 23232.5 542.2 782.469 0 0 0 0 0 0 0 0 0
676 1_1_1 1992  0 0 758.897 18836.5 3636.63 1371.98 1361.25 0 0 0 0 0 0 0 0
677 1_1_1 1992  0 0 927.204 22602 1292.41 821.566 454.765 0 0 0 0 0 0 0 0
678 1_1_1 1992  0 0 766.106 22388.2 2442.27 860.681 947.025 0 0 0 0 0 0 0 0
679 1_1_1 1992  0 0 547.769 24204 502.018 1298.09 0 0 0 0 0 0 0 0 0
680 1_1_1 1992  0 0 1069.68 19543.6 5651.09 902.901 822.051 0 0 0 0 0 0 0 0
681 1_1_1 1992  0 0 488.265 19079 5542.07 1835.8 1179.13 0 0 0 0 0 0 0 0
682 1_1_1 1992  0 0 645.173 20331.8 2308.46 1282.16 796.468 0 0 0 0 0 0 0 0
683 1_1_1 1992  0 0 0 15593.9 3135.1 2247.91 943.61 0 0 0 0 0 0 0 0
684 1_1_1 1992  0 0 747.862 22343.3 1954.34 613.222 798.987 0 0 0 0 0 0 0 0
685 1_1_1 1992  0 0 1064.45 18730 4900.14 1715.42 1035.94 0 0 0 0 0 0 0 0
686 1_1_1 1992  0 0 1247.43 20560.3 6927.56 0 0 0 0 0 0 0 0 0 0
687 1_1_1 1992  0 0 0 23515.9 2434.63 811.247 601.953 0 0 0 0 0 0 0 0
688 1_1_1 1992  0 0 0 21666 2696.91 1681.16 1135.49 0 0 0 0 0 0 0 0
689 1_1_1 1992  0 0 329.831 16951.3 5500.55 1749.76 1045.28 0 0 0 0 0 0 0 0
690 1_1_1 1992  0 0 0 23268 2411.21 0 468.935 0 0 0 0 0 0 0 0
691 1_1_1 1992  0 0 0 20234.3 2342.13 2464.82 511.541 0 0 0 0 0 0 0 0
692 1_1_1 1992  0 0 1544.58 22026.7 1624.98 559.418 396.028 0 0 0 0 0 0 0 0
693 1_1_1 1992  0 0 1486.97 20052.3 2967.6 1775.91 1078.07 0 0 0 0 0 0 0 0
694 1_1_1 1992  0 0 0 20371.8 5618.68 1467.54 487.522 0 0 0 0 0 0 0 0
695 1_1_1 1992  0 0 0 19765.5 3501.63 1048.01 838.353 0 0 0 0 0 0 0 0
696 1_1_1 1992  0 0 1662.19 21785.4 1755.02 1493.09 602.38 0 0 0 0 0 0 0 0
697 1_1_1 1992  0 0 1423.83 21521.4 1425.5 1153.02 460.11 0 0 0 0 0 0 0 0
698 1_1_1 1992  0 0 0 19862.8 2728.71 2224.76 1183.02 0 0 0 0 0 0 0 0
699 1_1_1 1992  0 0 561.111 16578 6259.18 1412.6 1250.08 0 0 0 0 0 0 0 0
700 1_1_1 1992  0 0 1268.88 18606.6 3094.24 2231.02 754.732 0 0 0 0 0 0 0 0
701 1_1_1 1992  0 0 937.556 22333.5 1967.65 389.551 441.074 0 0 0 0 0 0 0 0
702 1_1_1 1992  0 0 1024.69 19924.9 3016.49 1733.85 495.149 0 0 0 0 0 0 0 0
703 1_1_1 1992  0 0 478.031 20868.7 3343.37 1214.46 689.962 0 0 0 0 0 0 0 0
704 1_1_1 1992  0 0 1487.91 23549.3 410.461 322.404 469.276 0 0 0 0 0 0 0 0
705 1_1_1 1992  0 0 724.786 22691.1 2080.35 887.103 363.636 0 0 0 0 0 0 0 0
706 1_1_1 1992  0 0 1689.22 21047.5 2679.26 1759.88 304.725 0 0 0 0 0 0 0 0
707 1_1_1 1992  0 0 920.983 19898.9 3204.31 1907.66 279.664 0 0 0 0 0 0 0 0
708 1_1_1 1992  0 0 1619.74 18504.6 5059.42 1789.25 984.734 0 0 0 0 0 0 0 0
709 1_1_1 1992  0 0 1562.7 21332.3 115.488 2051.07 418.445 0 0 0 0 0 0 0 0
710 1_1_1 1992  0 0 0 19834 5114.85 1244.03 978.703 0 0 0 0 0 0 0 0
711 1_1_1 1992  0 0 650.899 20819 3614.18 1583.62 751.615 0 0 0 0 0 0 0 0
712 1_1_1 1992  0 0 808.774 23159.5 1223.15 455.325 0 0 0 0 0 0 0 0 0
713 1_1_1 1992  0 0 0 21821.6 1443.88 297.571 426.417 0 0 0 0 0 0 0 0
714 1_1_1 1992  0 0 1767.45 24091.7 1518.55 0 0 0 0 0 0 0 0 0 0
715 1_1_1 1992  0 0 1046.49 21976.3 2219.27 1582.27 163.436 0 0 0 0 0 0 0 0
716 1_1_1 1992  0 0 536.561 20663 2316.79 3249.34 0 0 0 0 0 0 0 0 0
717 1_1_1 1992  0 0 0 22460.4 3343.86 1020.26 576.451 0 0 0 0 0 0 0 0
718 1_1_1 1992  0 0 735.748 17825.5 4005.6 918.367 2080.86 0 0 0 0 0 0 0 0
719 1_1_1 1992  0 0 1270.69 20913.6 2230.39 1458 0 0 0 0 0 0 0 0 0
720 1_1_1 1992  0 0 1549.74 22703.9 1179.54 773.77 0 0 0 0 0 0 0 0 0
721 1_1_1 1992  0 0 1208.06 16476.3 6338.79 3107.12 847.555 0 0 0 0 0 0 0 0
722 1_1_1 1992  0 0 1858.81 19602.2 5592.73 490.849 1076.07 0 0 0 0 0 0 0 0
723 1_1_1 1992  0 0 0 19658.7 3704.9 2128.75 449.32 0 0 0 0 0 0 0 0
724 1_1_1 1992  0 0 647.663 24509.2 1385.62 0 0 0 0 0 0 0 0 0 0
725 1_1_1 1992  0 0 1731.92 16521 5393.33 1671.07 2246.26 0 0 0 0 0 0 0 0
726 1_1_1 1992  0 0 1888.19 17758.6 4038.7 2027.29 529.077 0 0 0 0 0 0 0 0
727 1_1_1 1992  0 0 1557.41 20895.1 3113.06 726.524 417.851 0 0 0 0 0 0 0 0
728 1_1_1 1992  0 0 793.774 17370.1 4555.54 2078.12 380.264 0 0 0 0 0 0 0 0
729 1_1_1 1992  0 0 519.311 21739.9 1920.22 1197.11 474.78 0 0 0 0 0 0 0 0
730 1_1_1 1992  0 0 616.891 21243.2 2527.61 1571.8 856.899 0 0 0 0 0 0 0 0
731 1_1_1 1992  0 0 1616.22 20878.5 2494.74 673.136 931.657 0 0 0 0 0 0 0 0
732 1_1_1 1992  0 0 996.385 21520.1 1743.43 861.524 428.369 0 0 0 0 0 0 0 0
733 1_1_1 1992  0 0 238.473 22738.3 2253.16 712.522 0 0 0 0 0 0 0 0 0
734 1_1_1 1992  0 0 931.666 21143.9 2813.21 1034.16 970.924 0 0 0 0 0 0 0 0
735 1_1_1 1992  0 0 1116.23 21838.3 2115.74 802.16 428 0 0 0 0 0 0 0 0
736 1_1_1 1992  0 0 1662.5 24163.6 0 784.272 383.874 0 0 0 0 0 0 0 0
737 1_1_1 1992  0 0 1453.94 21995 1353.58 694.24 366.508 0 0 0 0 0 0 0 0
738 1_1_1 1992  0 0 592.156 23868.2 1116.32 0 424.514 0 0 0 0 0 0 0 0
739 1_1_1 1992  0 0 960.586 17754.4 4328.14 1947.27 1297.95 0 0 0 0 0 0 0 0
740 1_1_1 1992  0 0 1936.22 26214.5 0 0 0 0 0 0 0 0 0 0 0
741 1_1_1 1992  0 0 0 22559.8 1841.42 829.768 515.574 0 0 0 0 0 0 0 0
742 1_1_1 1992  0 0 0 18872.4 3544.16 2790.53 874.574 0 0 0 0 0 0 0 0
743 1_1_1 1992  0 0 1678.83 21018.9 1894.14 1923.05 384.272 0 0 0 0 0 0 0 0
744 1_1_1 1992  0 0 1027.75 22266.8 1248.17 1018.22 421.509 0 0 0 0 0 0 0 0
745 1_1_1 1992  0 0 578.008 19700.4 2045.55 2866.82 679.868 0 0 0 0 0 0 0 0
746 1_1_1 1992  0 0 1521.84 20468.3 1981.35 1935.97 545.883 0 0 0 0 0 0 0 0
747 1_1_1 1992  0 0 866.896 20495.3 4585 1021.13 1180.16 0 0 0 0 0 0 0 0
748 1_1_1 1992  0 0 1245.19 20538.4 2789.85 3341.29 1498.99 0 0 0 0 0 0 0 0
749 1_1_1 1992  0 0 1058.54 22805.7 2019.03 362.663 0 0 0 0 0 0 0 0 0
750 1_1_1 1992  0 0 474.45 22438.7 2152.79 894.473 428.925 0 0 0 0 0 0 0 0
751 1_1_1 1992  0 0 412.207 15208.2 5649.63 1113.18 1236.51 0 0 0 0 0 0 0 0
752 1_1_1 1992  0 0 1202.05 20549.8 3430.26 667.271 1659.14 0 0 0 0 0 0 0 0
753 1_1_1 1992  0 0 1277.38 24102.7 2424.41 865.55 0 0 0 0 0 0 0 0 0
754 1_1_1 1992  0 0 1579.19 19150.3 4122.85 1339.3 694.819 0 0 0 0 0 0 0 0
755 1_1_1 1992  0 0 1099.07 25836 182.201 273.301 0 0 0 0 0 0 0 0 0
756 1_1_1 1992  0 0 1056.4 22909.2 1244.56 1069.11 304.391 0 0 0 0 0 0 0 0
757 1_1_1 1992  0 0 342.868 23400.3 1789.79 426.336 406.318 0 0 0 0 0 0 0 0
758 1_1_1 1992  0 0 610.463 23987.8 3025.22 808.215 0 0 0 0 0 0 0 0 0
759 1_1_1 1992  0 0 760.723 21627 2588.71 1224.47 500.144 0 0 0 0 0 0 0 0
760 1_1_1 1992  0 0 986.268 20126.9 2390.97 1493.89 1005.44 0 0 0 0 0 0 0 0
761 1_1_1 1992  0 0 823.779 20410.5 3774.87 2015.6 2641.42 0 0 0 0 0 0 0 0
762 1_1_1 1992  0 0 1171.1 22939.1 1429.51 809.434 1687.95 0 0 0 0 0 0 0 0
763 1_1_1 1992  0 0 995.577 20878.4 2830.79 1666 703.238 0 0 0 0 0 0 0 0
764 1_1_1 1992  0 0 1573.17 19475.4 2921.04 1597.41 1075.28 0 0 0 0 0 0 0 0
765 1_1_1 1992  0 0 616.523 20423.7 1882.07 2454.14 945.408 0 0 0 0 0 0 0 0
766 1_1_1 1992  0 0 751.744 19109.4 5647.06 1020.87 810.559 0 0 0 0 0 0 0 0
767 1_1_1 1992  0 0 0 21221.5 3843.49 680.714 803.957 0 0 0 0 0 0 0 0
768 1_1_1 1992  0 0 739.969 24170.7 1481.36 809.697 0 0 0 0 0 0 0 0 0
769 1_1_1 1992  0 0 1041.75 20737 3704.96 1580.41 865.874 0 0 0 0 0 0 0 0
770 1_1_1 1992  0 0 1242.4 20925.3 1979.86 2185.54 1254.64 0 0 0 0 0 0 0 0
771 1_1_1 1992  0 0 0 22594 1536.89 1778.06 1008.06 0 0 0 0 0 0 0 0
772 1_1_1 1992  0 0 886.95 18866.5 3300.61 2108.65 736.122 0 0 0 0 0 0 0 0
773 1_1_1 1992  0 0 720.173 21768.6 1364.58 758.294 417.011 0 0 0 0 0 0 0 0
774 1_1_1 1992  0 0 343.278 21723.7 1889.05 764.651 437.325 0 0 0 0 0 0 0 0
775 1_1_1 1992  0 0 1107.73 20539.3 1176.79 608.13 451.174 0 0 0 0 0 0 0 0
776 1_1_1 1992  0 0 1660.84 20610.6 2743.85 1293.4 808.824 0 0 0 0 0 0 0 0
777 1_1_1 1992  0 0 0 20737.4 2659.16 1740.58 1143.3 0 0 0 0 0 0 0 0
778 1_1_1 1992  0 0 0 21001.5 5227.91 855.919 455.673 0 0 0 0 0 0 0 0
779 1_1_1 1992  0 0 1092.74 20933.5 2092.21 2333.56 0 0 0 0 0 0 0 0 0
780 1_1_1 1992  0 0 0 20939.3 4960.48 1110.26 0 0 0 0 0 0 0 0 0
781 1_1_1 1992  0 0 1619.75 22645.6 1168.09 480.845 877.803 0 0 0 0 0 0 0 0
782 1_1_1 1992  0 0 650.979 19900.2 4858.78 0 1128.54 0 0 0 0 0 0 0 0
783 1_1_1 1992  0 0 639.697 17446.3 5644.93 1636.19 2056.52 0 0 0 0 0 0 0 0
784 1_1_1 1992  0 0 1932.46 20280.8 3333.56 1322.1 2045.44 0 0 0 0 0 0 0 0
785 1_1_1 1992  0 0 0 23586.9 1241.38 885.467 388.987 0 0 0 0 0 0 0 0
786 1_1_1 1992  0 0 698.868 22397.2 1784.84 1160.3 965.863 0 0 0 0 0 0 0 0
787 1_1_1 1992  0 0 998.032 18284.4 4540.68 2054.48 1052.6 0 0 0 0 0 0 0 0
788 1_1_1 1992  0 0 581.477 20843 2934.06 1555.64 1424.44 0 0 0 0 0 0 0 0
789 1_1_1 1992  0 0 0 16918.3 5823.16 1642.58 1441.07 0 0 0 0 0 0 0 0
790 1_1_1 1992  0 0 588.374 20753.7 2627.2 969.028 737.079 0 0 0 0 0 0 0 0
791 1_1_1 1992  0 0 1422.97 22829.4 448.255 1400.24 0 0 0 0 0 0 0 0 0
792 1_1_1 1992  0 0 653.496 22152.1 3272.39 542.202 771.242 0 0 0 0 0 0 0 0
793 1_1_1 1992  0 0 595.281 20568.9 4243.86 204.681 464.261 0 0 0 0 0 0 0 0
794 1_1_1 1992  0 0 517.926 22271.7 2169.81 759.004 424.941 0 0 0 0 0 0 0 0
795 1_1_1 1992  0 0 0 20411.2 4462.61 417.3 1072.22 0 0 0 0 0 0 0 0
796 1_1_1 1992  0 0 1539 20270.4 2358.89 1351.97 720.777 0 0 0 0 0 0 0 0
797 1_1_1 1992  0 0 695.428 21007.7 3489.5 1106.12 707.332 0 0 0 0 0 0 0 0
798 1_1_1 1992  0 0 1653.71 20456.9 2439.54 2112.71 756.628 0 0 0 0 0 0 0 0
799 1_1_1 1992  0 0 1067.08 19698.5 4388.22 1922.98 1244.16 0 0 0 0 0 0 0 0
800 1_1_1 1992  0 0 923.826 18945.7 2957.34 1274.43 1298.55 0 0 0 0 0 0 0 0
801 1_1_1 1992  0 0 828.468 20716.6 3725.68 711.069 1680.83 0 0 0 0 0 0 0 0
802 1_1_1 1992  0 0 1497.13 18622.9 3537.15 2142.91 894.876 0 0 0 0 0 0 0 0
803 1_1_1 1992  0 0 1586.19 18245.8 4908.65 1659.46 688.189 0 0 0 0 0 0 0 0
804 1_1_1 1992  0 0 0 20288.3 3378.07 1099.45 1655.54 0 0 0 0 0 0 0 0
805 1_1_1 1992  0 0 743.156 20917.6 2240.8 2854.49 240.098 0 0 0 0 0 0 0 0
806 1_1_1 1992  0 0 1800.3 22037.2 2730.04 788.751 0 0 0 0 0 0 0 0 0
807 1_1_1 1992  0 0 597.267 20166.4 4647.36 1036.78 447.654 0 0 0 0 0 0 0 0
808 1_1_1 1992  0 0 519.95 19643.1 5970.31 0 1618.39 0 0 0 0 0 0 0 0
809 1_1_1 1992  0 0 1096.6 20747.3 3098.56 1931.37 702.752 0 0 0 0 0 0 0 0
810 1_1_1 1992  0 0 724.497 20930.6 2884.63 1713.01 1618.3 0 0 0 0 0 0 0 0
811 1_1_1 1992  0 0 0 17467.2 5362.2 1923.67 937.903 0 0 0 0 0 0 0 0
812 1_1_1 1992  0 0 607.208 20418.7 4146.02 1042.95 750.515 0 0 0 0 0 0 0 0
813 1_1_1 1992  0 0 938.474 21369.6 3432.07 898.743 437.611 0 0 0 0 0 0 0 0
814 1_1_1 1992  0 0 950.518 23341.3 1456.44 214.012 458.378 0 0 0 0 0 0 0 0
815 1_1_1 1992  0 0 963.163 20452.1 2119.47 2036.59 945.741 0 0 0 0 0 0 0 0
816 1_1_1 1992  0 0 1198.1 22542.6 1589.14 426.988 0 0 0 0 0 0 0 0 0
817 1_1_1 1992  0 0 1022.91 23602.5 254.474 1254.53 0 0 0 0 0 0 0 0 0
818 1_1_1 1992  0 0 739.732 21258.6 2261.85 2453.77 1068.7 0 0 0 0 0 0 0 0
819 1_1_1 1992  0 0 1351.06 19381.8 3248.95 1903.8 432.151 0 0 0 0 0 0 0 0
820 1_1_1 1992  0 0 797.175 20052 2710.08 1741.75 1149.19 0 0 0 0 0 0 0 0
821 1_1_1 1992  0 0 0 22858.3 3098.95 0 0 0 0 0 0 0 0 0 0
822 1_1_1 1992  0 0 607.423 23039.1 1750.16 114.804 385.613 0 0 0 0 0 0 0 0
823 1_1_1 1992  0 0 1042.85 21799.4 2088.96 1936.32 792.203 0 0 0 0 0 0 0 0
824 1_1_1 1992  0 0 666.156 21022.7 1926.16 220.92 0 0 0 0 0 0 0 0 0
825 1_1_1 1992  0 0 963.025 18668.4 3610.4 2109.23 756.649 0 0 0 0 0 0 0 0
826 1_1_1 1992  0 0 1546.44 22946.4 736.892 736.892 0 0 0 0 0 0 0 0 0
827 1_1_1 1992  0 0 0 22286.5 1232.65 954.83 424.683 0 0 0 0 0 0 0 0
828 1_1_1 1992  0 0 1239.16 21454.3 3901 804.639 0 0 0 0 0 0 0 0 0
829 1_1_1 1992  0 0 969.831 17238.7 5820.76 1543.22 1545.01 0 0 0 0 0 0 0 0
830 1_1_1 1992  0 0 1728.35 20675 3607.19 331.653 1400.42 0 0 0 0 0 0 0 0
831 1_1_1 1992  0 0 928.183 23813.5 1457.01 419.72 0 0 0 0 0 0 0 0 0
832 1_1_1 1992  0 0 931.076 21964.2 1425.24 941.672 386.644 0 0 0 0 0 0 0 0
833 1_1_1 1992  0 0 635.226 22179.8 1218.33 1037.56 497.392 0 0 0 0 0 0 0 0
834 1_1_1 1992  0 0 1616.71 20302.4 3639.09 599.96 486.231 0 0 0 0 0 0 0 0
835 1_1_1 1992  0 0 633.142 20889.4 2134.09 2205.22 669.674 0 0 0 0 0 0 0 0
836 1_1_1 1992  0 0 1713.71 21816.8 1992.67 1108.22 0 0 0 0 0 0 0 0 0
837 1_1_1 1992  0 0 1045.58 20932.7 3449.79 2344.27 405.333 0 0 0 0 0 0 0 0
838 1_1_1 1992  0 0 665.891 21059.9 3297.33 2443.47 0 0 0 0 0 0 0 0 0
839 1_1_1 1992  0 0 948.612 24169.4 2555.53 0 0 0 0 0 0 0 0 0 0
840 1_1_1 1992  0 0 898.449 21621.5 1195.88 897.46 428.364 0 0 0 0 0 0 0 0
841 1_1_1 1992  0 0 768.923 22012 2135.03 765.224 403.244 0 0 0 0 0 0 0 0
842 1_1_1 1992  0 0 374.368 22131.3 1815.67 866.053 459.014 0 0 0 0 0 0 0 0
843 1_1_1 1992  0 0 1127.57 19128.6 4441.02 1664.7 569.728 0 0 0 0 0 0 0 0
844 1_1_1 1992  0 0 1045.31 19012.6 3046.91 2889.49 2367.56 0 0 0 0 0 0 0 0
845 1_1_1 1992  0 0 0 23908.6 2127.91 0 396.355 0 0 0 0 0 0 0 0
846 1_1_1 1992  0 0 635.298 21395.3 2348.6 1618.12 0 0 0 0 0 0 0 0 0
847 1_1_1 1992  0 0 0 18252.9 3680.72 2865.88 1049.54 0 0 0 0 0 0 0 0
848 1_1_1 1992  0 0 1562.37 21962.8 2212.87 1442.5 0 0 0 0 0 0 0 0 0
849 1_1_1 1992  0 0 788.859 21072.3 2157.98 572.479 435.701 0 0 0 0 0 0 0 0
850 1_1_1 1992  0 0 1130.88 22675.9 3836.16 0 0 0 0 0 0 0 0 0 0
851 1_1_1 1992  0 0 642.984 24343.7 2015.28 0 0 0 0 0 0 0 0 0 0
852 1_1_1 1992  0 0 1229.42 22112.1 2052.14 1696.24 630.528 0 0 0 0 0 0 0 0
853 1_1_1 1992  0 0 1875.81 21746.5 2554.32 2735.62 0 0 0 0 0 0 0 0 0
854 1_1_1 1992  0 0 1681.8 18902.5 3822.1 2211.87 1108.33 0 0 0 0 0 0 0 0
855 1_1_1 1992  0 0 611.283 20364.9 1844.28 1940.66 1575.02 0 0 0 0 0 0 0 0
856 1_1_1 1992  0 0 1033.31 20180.8 3107.18 1805.41 1385.39 0 0 0 0 0 0 0 0
857 1_1_1 1992  0 0 1604.27 20133.1 1846.5 1943.94 752.953 0 0 0 0 0 0 0 0
858 1_1_1 1992  0 0 1399.32 20061.3 3227.86 755.845 1347.68 0 0 0 0 0 0 0 0
859 1_1_1 1992  0 0 1703.8 23333.6 2109.87 0 0 0 0 0 0 0 0 0 0
860 1_1_1 1992  0 0 692.856 19351.5 1335.65 582.718 384.463 0 0 0 0 0 0 0 0
861 1_1_1 1992  0 0 0 18296.8 6156.86 1615.62 647.569 0 0 0 0 0 0 0 0
862 1_1_1 1992  0 0 966.129 20775.6 1889.77 2432.42 767.337 0 0 0 0 0 0 0 0
863 1_1_1 1992  0 0 665.09 24592.3 800.112 1006.63 0 0 0 0 0 0 0 0 0
864 1_1_1 1992  0 0 1180.53 20946.9 1728.45 2306.34 1392.78 0 0 0 0 0 0 0 0
865 1_1_1 1992  0 0 1185.96 20199.5 3200.21 582.125 1224.74 0 0 0 0 0 0 0 0
866 1_1_1 1992  0 0 741.613 19090.8 3869.16 1873.61 957.139 0 0 0 0 0 0 0 0
867 1_1_1 1992  0 0 260.482 21347.7 4758.43 671.993 0 0 0 0 0 0 0 0 0
868 1_1_1 1992  0 0 595.072 21608.5 3147.79 635.496 654.689 0 0 0 0 0 0 0 0
869 1_1_1 1992  0 0 955.904 18670.5 3054.12 3001.53 714.802 0 0 0 0 0 0 0 0
870 1_1_1 1992  0 0 1316.85 22021.4 1393.94 514.724 310.819 0 0 0 0 0 0 0 0
871 1_1_1 1992  0 0 544.587 21988.9 1902.83 640.553 0 0 0 0 0 0 0 0 0
872 1_1_1 1992  0 0 1679.64 22222.2 2205.79 714.31 330.003 0 0 0 0 0 0 0 0
873 1_1_1 1992  0 0 0 19646.5 4307.73 1803.47 1320.56 0 0 0 0 0 0 0 0
874 1_1_1 1992  0 0 513.86 22699.9 1139.29 2950.44 0 0 0 0 0 0 0 0 0
875 1_1_1 1992  0 0 924.948 20131.3 3367.13 1664.35 823.238 0 0 0 0 0 0 0 0
876 1_1_1 1992  0 0 0 23788 1320.57 407.891 501.8 0 0 0 0 0 0 0 0
877 1_1_1 1992  0 0 620.782 23215.4 368.842 1038.18 0 0 0 0 0 0 0 0 0
878 1_1_1 1992  0 0 0 22213.9 1835.7 1394.62 414.44 0 0 0 0 0 0 0 0
879 1_1_1 1992  0 0 1639.6 18856.9 2444.44 2799.53 643.514 0 0 0 0 0 0 0 0
880 1_1_1 1992  0 0 1334.09 22892.9 1669.76 677.84 0 0 0 0 0 0 0 0 0
881 1_1_1 1992  0 0 1604.27 21963.5 2083.58 0 1127.9 0 0 0 0 0 0 0 0
882 1_1_1 1992  0 0 1772.18 19936.1 3414.59 2832.46 0 0 0 0 0 0 0 0 0
883 1_1_1 1992  0 0 2042.09 23902 1175.83 0 1524.41 0 0 0 0 0 0 0 0
884 1_1_1 1992  0 0 1152.87 26017.4 1981.22 0 0 0 0 0 0 0 0 0 0
885 1_1_1 1992  0 0 1043.84 24164 1400.14 349.717 0 0 0 0 0 0 0 0 0
886 1_1_1 1992  0 0 985.328 20260 3063.96 2633.16 793.035 0 0 0 0 0 0 0 0
887 1_1_1 1992  0 0 510.859 19658.8 3339.69 1251.58 1099.83 0 0 0 0 0 0 0 0
888 1_1_1 1992  0 0 1581.79 23507.8 1042.16 1334.39 0 0 0 0 0 0 0 0 0
889 1_1_1 1992  0 0 463.467 21569 2210.93 930.761 0 0 0 0 0 0 0 0 0
890 1_1_1 1992  0 0 1656.92 18838 3378.04 1609.55 308.525 0 0 0 0 0 0 0 0
891 1_1_1 1992  0 0 946.151 20321.5 1039.65 2757.51 1056.03 0 0 0 0 0 0 0 0
892 1_1_1 1992  0 0 0 17569.4 5444.39 2531.71 398.309 0 0 0 0 0 0 0 0
893 1_1_1 1992  0 0 1030.55 18603.6 3803.71 1362.65 1859.78 0 0 0 0 0 0 0 0
894 1_1_1 1992  0 0 989.175 20973.7 2680.47 1456.15 383.215 0 0 0 0 0 0 0 0
895 1_1_1 1992  0 0 725.596 19368.5 5132.44 1614.16 350.262 0 0 0 0 0 0 0 0
896 1_1_1 1992  0 0 370.706 20193.7 5262.41 1043.08 737.728 0 0 0 0 0 0 0 0
897 1_1_1 1992  0 0 1658.03 18873.8 3262.96 2564.5 370.131 0 0 0 0 0 0 0 0
898 1_1_1 1992  0 0 751.284 20900.6 3021.12 1267.78 626.314 0 0 0 0 0 0 0 0
899 1_1_1 1992  0 0 1020.01 21684.8 864.624 1893.12 983.872 0 0 0 0 0 0 0 0
900 1_1_1 1992  0 0 230.676 22853.2 2005.63 261.095 430.393 0 0 0 0 0 0 0 0
901 1_1_1 1992  0 0 1642.76 21763.1 1623.1 740.278 455.158 0 0 0 0 0 0 0 0
902 1_1_1 1992  0 0 1017.39 20111.2 4828.92 1691.73 755.452 0 0 0 0 0 0 0 0
903 1_1_1 1992  0 0 1376.16 22132.5 1693.98 865.317 367.161 0 0 0 0 0 0 0 0
904 1_1_1 1992  0 0 1766.87 21828.6 2103.04 2114.72 408.791 0 0 0 0 0 0 0 0
905 1_1_1 1992  0 0 543.855 19535.2 3021.79 1974.53 876.56 0 0 0 0 0 0 0 0
906 1_1_1 1992  0 0 1534.88 16826.7 4675.59 1552.58 1057.56 0 0 0 0 0 0 0 0
907 1_1_1 1992  0 0 594.56 19112.3 5214.14 462.859 825.384 0 0 0 0 0 0 0 0
908 1_1_1 1992  0 0 778.278 23711 1292.82 771.039 365.768 0 0 0 0 0 0 0 0
909 1_1_1 1992  0 0 978.293 23017.6 1680.4 664.925 404.46 0 0 0 0 0 0 0 0
910 1_1_1 1992  0 0 1580.65 18967.9 3715.41 840.574 1469.16 0 0 0 0 0 0 0 0
911 1_1_1 1992  0 0 1784.46 22303.3 1905.4 1389.18 397.879 0 0 0 0 0 0 0 0
912 1_1_1 1992  0 0 1042.5 22936.6 2851.46 938.152 0 0 0 0 0 0 0 0 0
913 1_1_1 1992  0 0 428.404 21613.8 2919.06 1549.98 328.751 0 0 0 0 0 0 0 0
914 1_1_1 1992  0 0 1098.35 19208.8 3364.05 1233.86 1768.79 0 0 0 0 0 0 0 0
915 1_1_1 1992  0 0 1548.63 18436.4 3983.9 633.042 389.085 0 0 0 0 0 0 0 0
916 1_1_1 1992  0 0 1181.18 19513 4243.71 1673.33 978.416 0 0 0 0 0 0 0 0
917 1_1_1 1992  0 0 900.406 19612.5 3112.92 1883.89 1200.28 0 0 0 0 0 0 0 0
918 1_1_1 1992  0 0 1218.95 18597.4 6221.56 1851.56 501.114 0 0 0 0 0 0 0 0
919 1_1_1 1992  0 0 1593.3 19958.3 2059.51 2194.74 1048.91 0 0 0 0 0 0 0 0
920 1_1_1 1992  0 0 886.65 18846.1 4373.67 978.336 1461.96 0 0 0 0 0 0 0 0
921 1_1_1 1992  0 0 926.386 19697.1 3910.68 534.465 989.016 0 0 0 0 0 0 0 0
922 1_1_1 1992  0 0 940.556 18749 5465.55 1891.92 345.794 0 0 0 0 0 0 0 0
923 1_1_1 1992  0 0 1674.29 21577.9 2000.38 1622.91 0 0 0 0 0 0 0 0 0
924 1_1_1 1992  0 0 1709.76 21538.4 2577.73 0 394 0 0 0 0 0 0 0 0
925 1_1_1 1992  0 0 577.863 24087.6 2564.86 0 0 0 0 0 0 0 0 0 0
926 1_1_1 1992  0 0 0 20743.4 3058.28 978.094 1355.29 0 0 0 0 0 0 0 0
927 1_1_1 1992  0 0 1496.06 20435.9 3398.73 1218.74 381.51 0 0 0 0 0 0 0 0
928 1_1_1 1992  0 0 1447.32 22348.9 2167.88 680.646 0 0 0 0 0 0 0 0 0
929 1_1_1 1992  0 0 869.469 17772.9 5783.09 710.595 2431.51 0 0 0 0 0 0 0 0
930 1_1_1 1992  0 0 974.423 22684 1577.38 811.383 357.998 0 0 0 0 0 0 0 0
931 1_1_1 1992  0 0 1924.9 21615.2 1992.82 1694.36 1526.64 0 0 0 0 0 0 0 0
932 1_1_1 1992  0 0 974.783 19102.3 4937.55 673.249 1525.77 0 0 0 0 0 0 0 0
933 1_1_1 1992  0 0 464.332 18026.6 3337.25 412.452 1146.52 0 0 0 0 0 0 0 0
934 1_1_1 1992  0 0 748.257 23877.5 578.412 1063.09 0 0 0 0 0 0 0 0 0
935 1_1_1 1992  0 0 1046.79 21792.2 1509.48 772.359 415.134 0 0 0 0 0 0 0 0
936 1_1_1 1992  0 0 1083.57 19891.6 2476.2 1998.74 1158.08 0 0 0 0 0 0 0 0
937 1_1_1 1992  0 0 687.233 23660 1721.74 183.775 0 0 0 0 0 0 0 0 0
938 1_1_1 1992  0 0 665.566 20607.7 3682.03 1801.39 0 0 0 0 0 0 0 0 0
939 1_1_1 1992  0 0 0 22860.9 1872.74 0 0 0 0 0 0 0 0 0 0
940 1_1_1 1992  0 0 1613.91 19594.2 2963.93 2115.39 0 0 0 0 0 0 0 0 0
941 1_1_1 1992  0 0 562.447 23193.1 2198.4 578.477 479.03 0 0 0 0 0 0 0 0
942 1_1_1 1992  0 0 0 23171.7 2760.67 163.366 0 0 0 0 0 0 0 0 0
943 1_1_1 1992  0 0 942.577 23513.1 1938.5 790.383 0 0 0 0 0 0 0 0 0
944 1_1_1 1992  0 0 611.719 22845.2 2237.51 346.588 0 0 0 0 0 0 0 0 0
945 1_1_1 1992  0 0 1098.07 20624.9 2624.18 1543.42 303.994 0 0 0 0 0 0 0 0
946 1_1_1 1992  0 0 624.578 18811.2 3681.24 1851.43 877.973 0 0 0 0 0 0 0 0
947 1_1_1 1992  0 0 739.723 21134.5 3008.17 825.145 635.926 0 0 0 0 0 0 0 0
948 1_1_1 1992  0 0 1559.38 19458.3 2555.33 2048.51 1123.11 0 0 0 0 0 0 0 0
949 1_1_1 1992  0 0 674.48 14931.2 5217.51 1074.35 1155.59 0 0 0 0 0 0 0 0
950 1_1_1 1992  0 0 1659.08 16911.5 6001.21 1920.35 834.173 0 0 0 0 0 0 0 0
951 1_1_1 1992  0 0 1310.11 20462.4 2662.1 1714.2 589.92 0 0 0 0 0 0 0 0
952 1_1_1 1992  0 0 2078.29 23448.9 1899.76 1441.75 1211.12 0 0 0 0 0 0 0 0
953 1_1_1 1992  0 0 1094.37 19170.4 5393.42 1121.4 1071.46 0 0 0 0 0 0 0 0
954 1_1_1 1992  0 0 1700.24 19723.5 3131.17 2912.29 1031.15 0 0 0 0 0 0 0 0
955 1_1_1 1992  0 0 1861.3 21292 1602.3 1448.08 672.779 0 0 0 0 0 0 0 0
956 1_1_1 1992  0 0 660.205 22391.9 1690.32 215.994 933.792 0 0 0 0 0 0 0 0
957 1_1_1 1992  0 0 993.562 18649.6 2477.09 1861.61 1789.19 0 0 0 0 0 0 0 0
958 1_1_1 1992  0 0 0 20666.1 2170.61 2801.44 776.271 0 0 0 0 0 0 0 0
959 1_1_1 1992  0 0 1010.4 20326.2 3340.55 1888.04 339.804 0 0 0 0 0 0 0 0
960 1_1_1 1992  0 0 1218.97 23864.3 2518.43 0 0 0 0 0 0 0 0 0 0
961 1_1_1 1992  0 0 956.558 24377.4 1466.37 59.5269 0 0 0 0 0 0 0 0 0
962 1_1_1 1992  0 0 0 22728.6 1415.59 1282.84 444.575 0 0 0 0 0 0 0 0
963 1_1_1 1992  0 0 512.799 18168 4730.18 2439.11 1244.96 0 0 0 0 0 0 0 0
964 1_1_1 1992  0 0 963.829 23620 384.838 1429.37 0 0 0 0 0 0 0 0 0
965 1_1_1 1992  0 0 631.642 19768.8 3465.07 1950.37 356.848 0 0 0 0 0 0 0 0
966 1_1_1 1992  0 0 0 22937.1 2077.33 1360.27 455.667 0 0 0 0 0 0 0 0
967 1_1_1 1992  0 0 1631.77 20102.7 3553.47 785.241 1126.47 0 0 0 0 0 0 0 0
968 1_1_1 1992  0 0 1609.6 18017.1 4357.99 1695.27 1388.48 0 0 0 0 0 0 0 0
969 1_1_1 1992  0 0 1973.59 21624.9 2894.64 0 2911.4 0 0 0 0 0 0 0 0
970 1_1_1 1992  0 0 913.996 19155.2 3045.72 1885.77 1876.9 0 0 0 0 0 0 0 0
971 1_1_1 1992  0 0 661.581 19049.6 5251.41 0 2167.9 0 0 0 0 0 0 0 0
972 1_1_1 1992  0 0 1690.5 19426.9 3360.28 1774.52 1015.62 0 0 0 0 0 0 0 0
973 1_1_1 1992  0 0 0 19732.3 3289.67 1992.32 1332.61 0 0 0 0 0 0 0 0
974 1_1_1 1992  0 0 1394.3 21792.1 1592.94 1345.89 482.949 0 0 0 0 0 0 0 0
975 1_1_1 1992  0 0 1002.28 23709.1 791.276 1350.4 0 0 0 0 0 0 0 0 0
976 1_1_1 1992  0 0 1251.55 23990 2670.89 762.195 1210.6 0 0 0 0 0 0 0 0
977 1_1_1 1992  0 0 533.782 21401.2 1924.32 593.486 453.007 0 0 0 0 0 0 0 0
978 1_1_1 1992  0 0 310.659 22985 1330.54 748.52 351.765 0 0 0 0 0 0 0 0
979 1_1_1 1992  0 0 0 17675.3 6976.4 1124.47 1080.66 0 0 0 0 0 0 0 0
980 1_1_1 1992  0 0 997.359 20274.5 2515.43 1952.67 1129.52 0 0 0 0 0 0 0 0
981 1_1_1 1992  0 0 1021.41 18926 3867.05 1882.9 1370.77 0 0 0 0 0 0 0 0
982 1_1_1 1992  0 0 323.935 19385.3 3897.14 1961.14 716.443 0 0 0 0 0 0 0 0
983 1_1_1 1992  0 0 1515.28 20211.9 2484.61 1013.54 477.379 0 0 0 0 0 0 0 0
984 1_1_1 1992  0 0 1588.92 22407.6 1507.71 660.169 0 0 0 0 0 0 0 0 0
985 1_1_1 1992  0 0 898.007 18033.7 3852.5 2233.99 1379.34 0 0 0 0 0 0 0 0
986 1_1_1 1992  0 0 785.845 20400.7 3736.39 1213.42 0 0 0 0 0 0 0 0 0
987 1_1_1 1992  0 0 0 22391.4 3199.16 668.999 984.894 0 0 0 0 0 0 0 0
988 1_1_1 1992  0 0 1602.04 21174.5 2165.26 1697.05 867.281 0 0 0 0 0 0 0 0
989 1_1_1 1992  0 0 1370.41 21125.6 1581.95 2367.33 921.31 0 0 0 0 0 0 0 0
990 1_1_1 1992  0 0 0 20125.5 4090.8 1602.48 1036.61 0 0 0 0 0 0 0 0
991 1_1_1 1992  0 0 0 18187 4719.27 2569.24 841.882 0 0 0 0 0 0 0 0
992 1_1_1 1992  0 0 1936 22693.4 2324.3 1461.66 1044.73 0 0 0 0 0 0 0 0
993 1_1_1 1992  0 0 1620.9 22180.5 1690.63 855.887 399.33 0 0 0 0 0 0 0 0
994 1_1_1 1992  0 0 1465.23 21363.5 942.349 1240.44 413.826 0 0 0 0 0 0 0 0
995 1_1_1 1992  0 0 689.553 23597.7 0 993.556 528.645 0 0 0 0 0 0 0 0
996 1_1_1 1992  0 0 999.059 22354.6 3085.73 0 0 0 0 0 0 0 0 0 0
997 1_1_1 1992  0 0 1614.56 21089.7 2934.22 699.16 360.672 0 0 0 0 0 0 0 0
998 1_1_1 1992  0 0 1018.21 22616 1194.55 1236.94 0 0 0 0 0 0 0 0 0
999 1_1_1 1992  0 0 1176.96 18847.9 4317.66 2625.22 573.523 0 0 0 0 0 0 0 0
1000 1_1_1 1992  0 0 1410.26 20415.2 2169.49 1958.62 808.904 0 0 0 0 0 0 0 0
