1 1_1_1 1993  0 0 0.579622 0.657249 0.708083 0.784858 0.898077 0.763231 0 0 0 0 0 0 0
2 1_1_1 1993  0 0 0.534725 0.634781 0.699882 0.8 0.907966 0.8 0 0 0 0 0 0 0
3 1_1_1 1993  0 0 0.612759 0.606655 0.692795 0.750634 0.892173 0 0 0 0 0 0 0 0
4 1_1_1 1993  0 0 0.572503 0.601064 0.734539 0.798054 0.887908 0.750987 0.863333 0.863333 0 0 0 0 0
5 1_1_1 1993  0 0 0.603215 0.64992 0.760319 0.770507 0.820044 0 0 0 0 0 0 0 0
6 1_1_1 1993  0 0 0.590165 0.596315 0.748415 0.825 0.911527 0.7305 0 0 0 0 0 0 0
7 1_1_1 1993  0 0 0.604968 0.62955 0.722331 0.761125 0.896829 0.85 0 0.72 0 0 0 0 0
8 1_1_1 1993  0 0 0.59712 0.615344 0.633127 0.735714 0.797426 0.827958 0 0 0 0 0 0 0
9 1_1_1 1993  0 0 0.53394 0.600579 0.6719 0.773576 0.829972 0.8125 1.15 0 0 0 0 0 0
10 1_1_1 1993  0 0 0.606929 0.605416 0.714563 0.788649 0.809783 0.806004 0 0.72 0 0 0 0 0
11 1_1_1 1993  0 0 0.606464 0.680813 0.687199 0.763364 0.779861 0.825054 0.863333 0.863333 0 0 0 0 0
12 1_1_1 1993  0 0 0.550778 0.7394 0.683884 0.757977 0.766585 0.738339 0.8275 0.8275 0 0 0 0 0
13 1_1_1 1993  0 0 0.585512 0.647028 0.663466 0.756462 0.767412 0.9 1.15 0 0 0 0 0 0
14 1_1_1 1993  0 0 0.590539 0.643756 0.702675 0.853298 0.83539 0.725 1.15 0 0 0 0 0 0
15 1_1_1 1993  0 0 0 0.640802 0.706944 0.838396 0.821774 0 1.15 0 0 0 0 0 0
16 1_1_1 1993  0 0 0.608502 0.660159 0.679843 0.770771 0.788147 0.716667 1.15 0 0 0 0 0 0
17 1_1_1 1993  0 0 0.571595 0.66153 0.67608 0.779359 0.834167 0.810125 0 0.72 0 0 0 0 0
18 1_1_1 1993  0 0 0.621888 0.65 0.668012 0.759439 0.8 0 1.15 0 0 0 0 0 0
19 1_1_1 1993  0 0 0.562933 0.639072 0.70266 0.839903 0.923312 0.835714 1.15 0 0 0 0 0 0
20 1_1_1 1993  0 0 0.56791 0.651687 0.699971 0.833321 0.818709 0 1.15 0 0 0 0 0 0
21 1_1_1 1993  0 0 0.572202 0.613749 0.688219 0.795493 0.92701 0.88659 0 0.72 0 0 0 0 0
22 1_1_1 1993  0 0 0.565486 0.573262 0.682554 0.75 0.796947 0.9 0 0.72 0 0 0 0 0
23 1_1_1 1993  0 0 0.588603 0.593486 0.662078 0.8 0.786521 0.805327 0.935 0.935 0 0 0 0 0
24 1_1_1 1993  0 0 0.585032 0.690542 0.671638 0.770542 0.773939 0.870034 0.863333 0.863333 0 0 0 0 0
25 1_1_1 1993  0 0 0.581609 0.626065 0.684629 0.808333 0.83812 0.860546 0 0 0 0 0 0 0
26 1_1_1 1993  0 0 0.604073 0.603357 0.685482 0.792454 0.860625 0 0.863333 0.863333 0 0 0 0 0
27 1_1_1 1993  0 0 0.616446 0.611888 0.625145 0.7512 0.842613 0.750251 0 0.72 0 0 0 0 0
28 1_1_1 1993  0 0 0.587071 0.667669 0.670553 0.79012 0.807634 0.833333 0 0.72 0 0 0 0 0
29 1_1_1 1993  0 0 0.572957 0.61372 0.687988 0.778792 0.793866 0.825578 0.935 0.935 0 0 0 0 0
30 1_1_1 1993  0 0 0.587723 0.64768 0.704417 0.750353 0.792119 0.821698 0.863333 0.863333 0 0 0 0 0
31 1_1_1 1993  0 0 0.55 0.664184 0.701065 0.774689 0.776499 0.777481 0.935 0.935 0 0 0 0 0
32 1_1_1 1993  0 0 0.569608 0.640023 0.684998 0.785925 0.786533 0.743084 1.00667 1.00667 0 0 0 0 0
33 1_1_1 1993  0 0 0.56824 0.646922 0.719666 0.804859 0.849914 0.861111 0 0.72 0 0 0 0 0
34 1_1_1 1993  0 0 0.594507 0.615839 0.695515 0.821666 0.944321 0 1.15 0 0 0 0 0 0
35 1_1_1 1993  0 0 0.58746 0.519516 0.654928 0.76329 0.85 0 0 0 0 0 0 0 0
36 1_1_1 1993  0 0 0.603034 0.650909 0.685529 0.815394 0.954108 0.728571 0.8275 0.8275 0 0 0 0 0
37 1_1_1 1993  0 0 0.568698 0.441667 0.712218 0.794753 0.8 0 0 0 0 0 0 0 0
38 1_1_1 1993  0 0 0.600133 0.603986 0.719783 0.790379 0.882143 0.754152 0 0 0 0 0 0 0
39 1_1_1 1993  0 0 0.603227 0.599098 0.611691 0.712853 0.761111 0.790284 0 0 0 0 0 0 0
40 1_1_1 1993  0 0 0.565128 0.649112 0.703038 0.792857 0.83607 0.812512 1.10222 1.10222 0 0 0 0 0
41 1_1_1 1993  0 0 0 0 0 0 0 0 0 0 0 0 0 0 0
42 1_1_1 1993  0 0 0.591249 0.644733 0.686553 0.774981 0.77284 0.843083 1.15 0 0 0 0 0 0
43 1_1_1 1993  0 0 0.607122 0.605396 0.692089 0.789306 0.950637 0 0 0.72 0 0 0 0 0
44 1_1_1 1993  0 0 0.549686 0.620932 0.664291 0.767199 0.925 0.792138 0 0.72 0 0 0 0 0
45 1_1_1 1993  0 0 0.595229 0.642164 0.668879 0.730464 0.779369 0.751308 1.15 0 0 0 0 0 0
46 1_1_1 1993  0 0 0.561845 0.641915 0.692175 0.746512 0.850453 0.847939 0 0.72 0 0 0 0 0
47 1_1_1 1993  0 0 0.557548 0.661995 0.717075 0.787292 0.888593 0.818251 0 0.72 0 0 0 0 0
48 1_1_1 1993  0 0 0.563077 0.634066 0.70645 0.797941 0.85567 0.88391 0 0 0 0 0 0 0
49 1_1_1 1993  0 0 0.531907 0.65 0.686332 0.753473 0 0.825 0 0 0 0 0 0 0
50 1_1_1 1993  0 0 0.606748 0.604519 0.698163 0.77801 0.787358 0.744906 0 0 0 0 0 0 0
51 1_1_1 1993  0 0 0.55 0.647242 0.703557 0.768638 0.801479 0 0 0 0 0 0 0 0
52 1_1_1 1993  0 0 0.58602 0.62769 0.689591 0.814425 0.911942 0.810328 1.15 0 0 0 0 0 0
53 1_1_1 1993  0 0 0.582153 0.605357 0.619567 0.723145 0.786793 0.737645 0 0.72 0 0 0 0 0
54 1_1_1 1993  0 0 0.597032 0.605473 0.696114 0.787776 0.901323 0.863841 0 0 0 0 0 0 0
55 1_1_1 1993  0 0 0.556659 0.64819 0.699898 0.823552 0.954773 0.733961 0 0.72 0 0 0 0 0
56 1_1_1 1993  0 0 0.573645 0.598627 0.707889 0.746583 0.855678 0.846357 0 0.72 0 0 0 0 0
57 1_1_1 1993  0 0 0.599832 0.598649 0.692341 0.750728 0.844823 0.792783 0 0 0 0 0 0 0
58 1_1_1 1993  0 0 0.58913 0.631148 0.696104 0.79127 0.856284 0 0.863333 0.863333 0 0 0 0 0
59 1_1_1 1993  0 0 0.57078 0.594503 0.663336 0.765333 0.790644 0.791579 0.791667 0.791667 0 0 0 0 0
60 1_1_1 1993  0 0 0.55676 0.651202 0.705916 0.775 0.809162 0.838198 0.935 0.935 0 0 0 0 0
61 1_1_1 1993  0 0 0.587045 0.626121 0.649418 0.759734 0.80254 0.774929 0 0.72 0 0 0 0 0
62 1_1_1 1993  0 0 0.574775 0.63642 0.675973 0.764355 0.85 0.7375 1.15 0 0 0 0 0 0
63 1_1_1 1993  0 0 0.592801 0.647569 0.697024 0.797669 0.79 0.826364 1.15 0 0 0 0 0 0
64 1_1_1 1993  0 0 0.594802 0.634655 0.686956 0.845131 0.875 0.825 1.15 0 0 0 0 0 0
65 1_1_1 1993  0 0 0.622461 0.619362 0.678633 0.761341 0 0.735016 0 0 0 0 0 0 0
66 1_1_1 1993  0 0 0.5957 0.592986 0.55 0.740662 0.80406 0.815282 0 0.72 0 0 0 0 0
67 1_1_1 1993  0 0 0.589091 0.628141 0.670527 0.749522 0.796973 0.767079 0.806 0.806 0 0 0 0 0
68 1_1_1 1993  0 0 0.599168 0.634847 0.695052 0.794946 0.83245 0.76576 1.15 0 0 0 0 0 0
69 1_1_1 1993  0 0 0.58384 0.640217 0.683878 0.782976 0.747101 0.765602 0 0.72 0 0 0 0 0
70 1_1_1 1993  0 0 0.581925 0.617675 0.665544 0.7295 0.846644 0.800889 0 0 0 0 0 0 0
71 1_1_1 1993  0 0 0.51695 0.631194 0.696663 0.773631 0.814149 0 1.15 0 0 0 0 0 0
72 1_1_1 1993  0 0 0.58898 0.618283 0.70785 0.768694 0.776698 0.7 0.935 0.935 0 0 0 0 0
73 1_1_1 1993  0 0 0.590016 0.621309 0.686492 0.781847 0.827323 0.833333 0.935 0.935 0 0 0 0 0
74 1_1_1 1993  0 0 0.575013 0.679392 0.699289 0.779575 0.844432 0.83125 0.978 0.978 0 0 0 0 0
75 1_1_1 1993  0 0 0.596348 0.665444 0.682731 0.765851 0.76287 0.765912 1.15 0 0 0 0 0 0
76 1_1_1 1993  0 0 0.584601 0.594024 0.695089 0.75 0.777772 0.753117 0.892 0.892 0 0 0 0 0
77 1_1_1 1993  0 0 0.595768 0.619979 0.69166 0.761589 0.893362 0.868633 0 0 0 0 0 0 0
78 1_1_1 1993  0 0 0.610999 0.665035 0.681673 0.815432 0.809659 0.720833 1.15 0 0 0 0 0 0
79 1_1_1 1993  0 0 0.638221 0.642789 0.704019 0.9 0.972172 0 1.15 0 0 0 0 0 0
80 1_1_1 1993  0 0 0.60675 0.591895 0.678246 0.783971 0.912886 0.785871 0 0 0 0 0 0 0
81 1_1_1 1993  0 0 0.574488 0.665656 0.705844 0.801294 0.790937 0 0.965714 0.965714 0 0 0 0 0
82 1_1_1 1993  0 0 0.588107 0.617166 0.689389 0.763348 0.841571 0.742038 0 0 0 0 0 0 0
83 1_1_1 1993  0 0 0.602183 0.593355 0.642891 0.709246 0.75 0.792832 0 0 0 0 0 0 0
84 1_1_1 1993  0 0 0.594558 0.7 0.65 0.730212 0.777571 0.817401 0 0.72 0 0 0 0 0
85 1_1_1 1993  0 0 0.577883 0.605638 0.633905 0.741311 0.786131 0.79385 0 0.72 0 0 0 0 0
86 1_1_1 1993  0 0 0.595648 0.598129 0.648852 0.778609 0.796584 0.822406 1.15 0 0 0 0 0 0
87 1_1_1 1993  0 0 0.57359 0.587202 0.722133 0.730257 0.845143 0.835227 0 0 0 0 0 0 0
88 1_1_1 1993  0 0 0.531504 0.648841 0.701554 0.801891 0.809443 0.760718 0.935 0.935 0 0 0 0 0
89 1_1_1 1993  0 0 0.584196 0.631322 0.710268 0.752966 0.813242 0.758143 1.15 0 0 0 0 0 0
90 1_1_1 1993  0 0 0.568013 0.662756 0.673506 0.765095 0.807983 0.742857 1.15 0 0 0 0 0 0
91 1_1_1 1993  0 0 0.572324 0.669746 0.703353 0.775912 0.863969 0.829167 0.899167 0.899167 0 0 0 0 0
92 1_1_1 1993  0 0 0.59284 0.589346 0.62765 0.735453 0.75 0.767021 0 0 0 0 0 0 0
93 1_1_1 1993  0 0 0.592142 0.610589 0.681544 0.754227 0.808085 0.743222 0 0 0 0 0 0 0
94 1_1_1 1993  0 0 0.56533 0.633333 0.683366 0.720342 0.780151 0.752644 0 0.72 0 0 0 0 0
95 1_1_1 1993  0 0 0.601453 0.624933 0.716221 0.77754 0.873765 0.802548 0.935 0.935 0 0 0 0 0
96 1_1_1 1993  0 0 0.566567 0.600651 0.607508 0.727325 0.793238 0.727542 0 0.72 0 0 0 0 0
97 1_1_1 1993  0 0 0.594775 0.59999 0.63577 0.747565 0.85 0.760766 0 0.72 0 0 0 0 0
98 1_1_1 1993  0 0 0.526345 0.701118 0.676255 0.773686 0.788204 0.722222 1.15 0 0 0 0 0 0
99 1_1_1 1993  0 0 0.608437 0.656359 0.661459 0.780497 0.782103 0.755328 0.863333 0.863333 0 0 0 0 0
100 1_1_1 1993  0 0 0.559907 0.617573 0.700775 0.748674 0.810455 0.765715 0 0.72 0 0 0 0 0
101 1_1_1 1993  0 0 0.611079 0.594328 0.613496 0.757293 0.77 0.823432 0 0.72 0 0 0 0 0
102 1_1_1 1993  0 0 0.588397 0.562665 0.639332 0.75 0.780825 0.794788 0.935 0.935 0 0 0 0 0
103 1_1_1 1993  0 0 0.58711 0.604556 0.675994 0.753818 0.843162 0.82719 0 0 0 0 0 0 0
104 1_1_1 1993  0 0 0.597033 0.622608 0.696642 0.804187 0.874588 0.8375 0.935 0.935 0 0 0 0 0
105 1_1_1 1993  0 0 0.599918 0.670028 0.688556 0.807825 0.835748 0.798822 1.15 0 0 0 0 0 0
106 1_1_1 1993  0 0 0.608328 0.616663 0.690601 0.77373 0.873399 0.80625 1.15 0 0 0 0 0 0
107 1_1_1 1993  0 0 0.589856 0.609539 0.694155 0.764782 0.793365 0.830118 0 0.72 0 0 0 0 0
108 1_1_1 1993  0 0 0.580166 0.639066 0.687277 0.76518 0.849339 0.925 0 0.72 0 0 0 0 0
109 1_1_1 1993  0 0 0.584408 0.660321 0.690566 0.760502 0.780734 0.705544 1.00667 1.00667 0 0 0 0 0
110 1_1_1 1993  0 0 0.545259 0.625565 0.689074 0.790899 0.853453 0.716667 1.15 0 0 0 0 0 0
111 1_1_1 1993  0 0 0.575989 0.607457 0.621858 0.757932 0.778123 0.779436 1.0425 1.0425 0 0 0 0 0
112 1_1_1 1993  0 0 0.562672 0.643591 0.652599 0.773079 0.837757 0.819374 0 0.72 0 0 0 0 0
113 1_1_1 1993  0 0 0.596013 0.60454 0.724836 0.725699 0.856283 0.783341 0 0 0 0 0 0 0
114 1_1_1 1993  0 0 0.585923 0.61046 0.641129 0.733581 0.794075 0.814617 0 0.72 0 0 0 0 0
115 1_1_1 1993  0 0 0.601361 0.610929 0.646269 0.747138 0.75 0.729521 0 0 0 0 0 0 0
116 1_1_1 1993  0 0 0.606945 0.622667 0.687283 0.773633 0.866927 0.727273 1.15 0 0 0 0 0 0
117 1_1_1 1993  0 0 0.5646 0.6118 0.691058 0.785033 0.895636 0.759776 0 0.72 0 0 0 0 0
118 1_1_1 1993  0 0 0.577023 0.62 0.670573 0.841813 0.947854 0 0 0 0 0 0 0 0
119 1_1_1 1993  0 0 0.623141 0.635672 0.698383 0.768428 0.828048 0.9 1.15 0 0 0 0 0 0
120 1_1_1 1993  0 0 0.608516 0.690304 0.693003 0.832221 0.807264 0 1.15 0 0 0 0 0 0
121 1_1_1 1993  0 0 0.596468 0.641926 0.676117 0.764649 0.842554 0.812421 1.15 0 0 0 0 0 0
122 1_1_1 1993  0 0 0.573291 0.616314 0.670046 0 0.88819 0.816667 0 0 0 0 0 0 0
123 1_1_1 1993  0 0 0.558633 0.632104 0.699872 0.794601 0.883333 0.79363 0 0.72 0 0 0 0 0
124 1_1_1 1993  0 0 0.598866 0.618271 0.700354 0.732882 0.863083 0.775 0 0 0 0 0 0 0
125 1_1_1 1993  0 0 0.585923 0.611828 0.654502 0.779107 0.813284 0.761418 0 0.72 0 0 0 0 0
126 1_1_1 1993  0 0 0.606131 0.604952 0.693867 0.84279 0.888634 0.777273 0 0 0 0 0 0 0
127 1_1_1 1993  0 0 0.606958 0.624018 0.69046 0.795212 0.805874 0.908333 0.863333 0.863333 0 0 0 0 0
128 1_1_1 1993  0 0 0.587297 0.677533 0.698239 0.802652 0.807938 0.852302 1.15 0 0 0 0 0 0
129 1_1_1 1993  0 0 0.571255 0.640114 0.689556 0.814441 0.887473 0.8 1.00667 1.00667 0 0 0 0 0
130 1_1_1 1993  0 0 0.619833 0.612534 0.717768 0.793666 0.935012 0.839064 1.15 0 0 0 0 0 0
131 1_1_1 1993  0 0 0.466667 0.662289 0.711921 0.768834 0.9125 0.838883 0 0 0 0 0 0 0
132 1_1_1 1993  0 0 0.617857 0.626345 0.702996 0.767642 0.895271 0.746065 0 0.72 0 0 0 0 0
133 1_1_1 1993  0 0 0.615835 0.65 0.633968 0.95 1.05 0.811463 0 0.72 0 0 0 0 0
134 1_1_1 1993  0 0 0.615878 0.686305 0.689264 0.741109 0.830413 0.810925 0 0 0 0 0 0 0
135 1_1_1 1993  0 0 0.578114 0.631198 0.678332 0.787188 0.813284 0.774637 1.15 0 0 0 0 0 0
136 1_1_1 1993  0 0 0.574869 0.645035 0.677281 0.798681 0.83 0 0 0.72 0 0 0 0 0
137 1_1_1 1993  0 0 0.598687 0.642132 0.701425 0.779754 0.850591 0.82 0 0 0 0 0 0 0
138 1_1_1 1993  0 0 0.45 0.75 0.704138 0.853066 0.796729 0 1.08857 1.08857 0 0 0 0 0
139 1_1_1 1993  0 0 0.560346 0.616443 0.615438 0.754481 0.795047 0.754533 1.15 0 0 0 0 0 0
140 1_1_1 1993  0 0 0.542249 0.636494 0.643211 0.779054 0.779238 0.804545 0.863333 0.863333 0 0 0 0 0
141 1_1_1 1993  0 0 0.56237 0.630178 0.671776 0.770922 0.806534 0.863793 0 0.72 0 0 0 0 0
142 1_1_1 1993  0 0 0.583863 0.655164 0.675257 0.749219 0.796806 0.742789 1.15 0 0 0 0 0 0
143 1_1_1 1993  0 0 0.596739 0.669946 0.698434 0.815389 0.945431 0.725 1.00667 1.00667 0 0 0 0 0
144 1_1_1 1993  0 0 0.570795 0.651056 0.703602 0.797669 0.789101 0.849746 0 0.72 0 0 0 0 0
145 1_1_1 1993  0 0 0.592342 0.624823 0.689101 0.777359 0.876449 0.810714 0 0 0 0 0 0 0
146 1_1_1 1993  0 0 0.582398 0.644622 0.708874 0.750619 0.800445 0.773914 0 0 0 0 0 0 0
147 1_1_1 1993  0 0 0.567996 0.604287 0.706588 0.766667 0.801479 0.799051 0 0 0 0 0 0 0
148 1_1_1 1993  0 0 0.581049 0.689669 0.7216 0.722328 0.856163 0.835053 0.892 0.892 0 0 0 0 0
149 1_1_1 1993  0 0 0.59747 0.624606 0.691821 0.75 0.796521 0.891667 0 0.72 0 0 0 0 0
150 1_1_1 1993  0 0 0.567901 0.63596 0.713891 0.764286 0.848797 0.85063 0 0 0 0 0 0 0
151 1_1_1 1993  0 0 0.611742 0.686873 0.704335 0.840777 0.894319 0.840369 0 0.72 0 0 0 0 0
152 1_1_1 1993  0 0 0.532193 0.729069 0.752723 0 0.893289 0 0 0.72 0 0 0 0 0
153 1_1_1 1993  0 0 0.425 0.62854 0.699871 0.838009 0.952192 0.916667 0 0.72 0 0 0 0 0
154 1_1_1 1993  0 0 0.574143 0.584897 0.686275 0.76313 0.800639 0.816336 1.15 0 0 0 0 0 0
155 1_1_1 1993  0 0 0.6276 0.681135 0.680414 0.800142 0.78532 0.780861 1.15 0 0 0 0 0 0
156 1_1_1 1993  0 0 0.574979 0.60101 0.732308 0.767289 0.75 0.75 0 0 0 0 0 0 0
157 1_1_1 1993  0 0 0.578431 0.616098 0.67911 0.757797 0.781951 0.775211 0 0.72 0 0 0 0 0
158 1_1_1 1993  0 0 0.627277 0.735308 0.699875 0.807819 0.821183 0.725 1.15 0 0 0 0 0 0
159 1_1_1 1993  0 0 0.592167 0.6542 0.679374 0.738097 0.776066 0.750051 0.935 0.935 0 0 0 0 0
160 1_1_1 1993  0 0 0.579225 0.645197 0.685839 0.779412 0.859344 0.807143 0.8275 0.8275 0 0 0 0 0
161 1_1_1 1993  0 0 0.623843 0.622752 0.658969 0.792503 0.820533 0.813695 1.15 0 0 0 0 0 0
162 1_1_1 1993  0 0 0.575766 0.630457 0.672969 0.780844 0.843778 0.79376 0 0 0 0 0 0 0
163 1_1_1 1993  0 0 0.579124 0.60755 0.683112 0.763118 0.925566 0.8 0 0.72 0 0 0 0 0
164 1_1_1 1993  0 0 0.56844 0.597457 0.615263 0.75706 0.840818 0.792713 0 0.72 0 0 0 0 0
165 1_1_1 1993  0 0 0.5616 0.59737 0.689358 0.733333 0.820825 0 0 0.72 0 0 0 0 0
166 1_1_1 1993  0 0 0.584266 0.714846 0.664053 0.794214 0.758397 0.731091 1.15 0 0 0 0 0 0
167 1_1_1 1993  0 0 0.587015 0.515758 0.647107 0.716507 0.789874 0.708733 0 0.72 0 0 0 0 0
168 1_1_1 1993  0 0 0.632219 0.601504 0.620851 0.737797 0.847768 0.7125 0 0.72 0 0 0 0 0
169 1_1_1 1993  0 0 0.601348 0.623174 0.660567 0.758691 0.768478 0.731046 1.15 0 0 0 0 0 0
170 1_1_1 1993  0 0 0.575815 0.608333 0.711522 0.8 0.883374 0.874391 0 0 0 0 0 0 0
171 1_1_1 1993  0 0 0.599366 0.61491 0.678392 0.743756 0.908408 0.836581 0 0 0 0 0 0 0
172 1_1_1 1993  0 0 0.566629 0.634242 0.665841 0.752454 0.796898 0.803065 0 0 0 0 0 0 0
173 1_1_1 1993  0 0 0.548389 0.697077 0.700625 0.807691 0.879411 0 0.978 0.978 0 0 0 0 0
174 1_1_1 1993  0 0 0.57633 0.634178 0.695823 0.785934 0.887725 0.8375 0.791667 0.791667 0 0 0 0 0
175 1_1_1 1993  0 0 0.559457 0.673021 0.686544 0.75 0 0 1.15 0 0 0 0 0 0
176 1_1_1 1993  0 0 0.585683 0.642617 0.701466 0.764133 0.805907 0.785714 0 0.72 0 0 0 0 0
177 1_1_1 1993  0 0 0.54333 0.587139 0.637678 0.767942 0.8473 0.829421 0 0.72 0 0 0 0 0
178 1_1_1 1993  0 0 0.575604 0.62886 0.682153 0.76402 0.790319 0.751835 1.15 0 0 0 0 0 0
179 1_1_1 1993  0 0 0.509834 0.614461 0.686913 0.775807 0.805536 0.7125 0.935 0.935 0 0 0 0 0
180 1_1_1 1993  0 0 0.583818 0.624642 0.697062 0.750153 0.863547 0.785966 0 0.72 0 0 0 0 0
181 1_1_1 1993  0 0 0.588039 0.586677 0.611742 0.735362 0.784628 0.792119 0 0.72 0 0 0 0 0
182 1_1_1 1993  0 0 0.590619 0.661972 0.704232 0.769968 0.823379 0.728571 1.15 0 0 0 0 0 0
183 1_1_1 1993  0 0 0.607502 0.655712 0.68177 0 0.799514 0 1.15 0 0 0 0 0 0
184 1_1_1 1993  0 0 0.576964 0.605625 0.631941 0.726124 0.807732 0.748191 0 0.72 0 0 0 0 0
185 1_1_1 1993  0 0 0.596676 0.622317 0.682288 0.802582 0.819673 0.794606 0 0 0 0 0 0 0
186 1_1_1 1993  0 0 0.56458 0.6229 0.678713 0.789797 0 0.744878 0 0.72 0 0 0 0 0
187 1_1_1 1993  0 0 0.581333 0.629452 0.692903 0.755587 0.844779 0.815213 0 0 0 0 0 0 0
188 1_1_1 1993  0 0 0.593906 0.644992 0.643293 0.8076 0.857422 0.718416 0 0 0 0 0 0 0
189 1_1_1 1993  0 0 0.608235 0.638102 0.684954 0.785854 0.838454 0.822596 0.892 0.892 0 0 0 0 0
190 1_1_1 1993  0 0 0.575483 0.624021 0.687803 0.786912 0.852463 0.725 0.8275 0.8275 0 0 0 0 0
191 1_1_1 1993  0 0 0.56869 0.648159 0.693851 0.776795 0.865219 0.816667 0.815556 0.815556 0 0 0 0 0
192 1_1_1 1993  0 0 0.577483 0.620122 0.724546 0.756592 0.9 0.9 0 0 0 0 0 0 0
193 1_1_1 1993  0 0 0.578878 0.628878 0.690355 0.807662 0.973951 0 0 0 0 0 0 0 0
194 1_1_1 1993  0 0 0.624537 0.615409 0.659305 0.745761 0.771164 0.781172 1.15 0 0 0 0 0 0
195 1_1_1 1993  0 0 0.607177 0.694445 0.692055 0.8625 0.8625 0.8625 0 0.72 0 0 0 0 0
196 1_1_1 1993  0 0 0.578495 0.728721 0.651851 0.775963 0.776492 0.823605 1.15 0 0 0 0 0 0
197 1_1_1 1993  0 0 0.65 0.637569 0.679613 0.767269 0.789721 0.725 1.15 0 0 0 0 0 0
198 1_1_1 1993  0 0 0.607387 0.576927 0.700109 0.754371 0.783333 0.804115 0.842857 0.842857 0 0 0 0 0
199 1_1_1 1993  0 0 0.590002 0.629834 0.616637 0.721429 0.758829 0.799945 0 0.72 0 0 0 0 0
200 1_1_1 1993  0 0 0.588292 0.628472 0.643628 0.754649 0.855621 0.76346 0 0.72 0 0 0 0 0
201 1_1_1 1993  0 0 0.580411 0.615703 0.66722 0.749284 0.821731 0.796813 0 0.72 0 0 0 0 0
202 1_1_1 1993  0 0 0.59576 0.687089 0.668426 0.765497 0.77 0.798416 0 0.72 0 0 0 0 0
203 1_1_1 1993  0 0 0.564978 0.610361 0.655215 0.833333 0.8 0.833333 0 0.72 0 0 0 0 0
204 1_1_1 1993  0 0 0.587781 0.598758 0.695113 0.741785 0.87156 0.808018 0 0 0 0 0 0 0
205 1_1_1 1993  0 0 0.588945 0.740211 0.69171 0.770447 0.835368 0.715 1.15 0 0 0 0 0 0
206 1_1_1 1993  0 0 0.605037 0.625343 0.702294 0.749401 0.876905 0 0 0.72 0 0 0 0 0
207 1_1_1 1993  0 0 0.512531 0.433333 0.616816 0.75 0.769956 0.7 0 0.72 0 0 0 0 0
208 1_1_1 1993  0 0 0.568738 0.610829 0.700105 0.77709 0.916953 0.851805 0 0.72 0 0 0 0 0
209 1_1_1 1993  0 0 0.531563 0.614914 0.70148 0.753401 0.897875 0.82777 0 0 0 0 0 0 0
210 1_1_1 1993  0 0 0.608024 0.642292 0.692971 0.775804 0.823521 0.821429 1.15 0 0 0 0 0 0
211 1_1_1 1993  0 0 0 0 0 0 0 0 0 0 0 0 0 0 0
212 1_1_1 1993  0 0 0.574534 0.609483 0.687401 0.762853 0.8 0.825 0 0.72 0 0 0 0 0
213 1_1_1 1993  0 0 0.583691 0.663769 0.730195 0.789128 0.859234 0.833333 0.935 0.935 0 0 0 0 0
214 1_1_1 1993  0 0 0.583053 0.60773 0.677983 0.77755 0.869383 0.822727 0 0.72 0 0 0 0 0
215 1_1_1 1993  0 0 0.541159 0.4375 0.672263 0.762686 0.782472 0.818621 0 0.72 0 0 0 0 0
216 1_1_1 1993  0 0 0.57575 0.600158 0.684047 0.796095 0.927873 0.85 0 0.72 0 0 0 0 0
217 1_1_1 1993  0 0 0.591989 0.61101 0.642055 0.761673 0.764286 0.778949 0 0 0 0 0 0 0
218 1_1_1 1993  0 0 0.598673 0.602101 0.647249 0.740396 0.75 0.74697 0 0.72 0 0 0 0 0
219 1_1_1 1993  0 0 0.57929 0.599999 0.609928 0.760446 0.8125 0.7941 0 0 0 0 0 0 0
220 1_1_1 1993  0 0 0.562097 0.64471 0.677465 0.739122 0.849329 0.761228 0 0 0 0 0 0 0
221 1_1_1 1993  0 0 0.590559 0.603527 0.675445 0.788677 0.915698 0.83 0 0 0 0 0 0 0
222 1_1_1 1993  0 0 0.589482 0.625246 0.65359 0.803132 0.783142 0.808333 0 0 0 0 0 0 0
223 1_1_1 1993  0 0 0.53586 0.648157 0.727306 0.838116 0.928712 0 1.0425 1.0425 0 0 0 0 0
224 1_1_1 1993  0 0 0.60153 0.627864 0.682708 0.780056 0.827748 0.74489 0.863333 0.863333 0 0 0 0 0
225 1_1_1 1993  0 0 0.583359 0.632741 0.690681 0.795322 0.87045 0.81875 0.935 0.935 0 0 0 0 0
226 1_1_1 1993  0 0 0.519576 0.63317 0.719726 0.883333 0.890932 0 0.863333 0.863333 0 0 0 0 0
227 1_1_1 1993  0 0 0.582351 0.64141 0.703627 0.793542 0.918068 0.720924 0 0.72 0 0 0 0 0
228 1_1_1 1993  0 0 0.586535 0.614335 0.732502 0.733856 0.850921 0.756781 0 0 0 0 0 0 0
229 1_1_1 1993  0 0 0.570559 0.655951 0.700138 0.830301 0.860501 0.766554 0 0.72 0 0 0 0 0
230 1_1_1 1993  0 0 0.578525 0.641977 0.702023 0.806233 0.864435 0.831818 0 0.72 0 0 0 0 0
231 1_1_1 1993  0 0 0.583542 0.602643 0.711595 0.775 0.855922 0.832196 1.15 0 0 0 0 0 0
232 1_1_1 1993  0 0 0.607516 0.631784 0.699085 0.770191 0.794915 0.816515 1.15 0 0 0 0 0 0
233 1_1_1 1993  0 0 0.599423 0.589465 0.670524 0.747538 0.766667 0.787548 0 0.72 0 0 0 0 0
234 1_1_1 1993  0 0 0.556266 0.616667 0.648075 0.725 0.77082 0.743064 0 0.72 0 0 0 0 0
235 1_1_1 1993  0 0 0.604191 0.644579 0.678741 0.737544 0.755767 0.774711 0 0 0 0 0 0 0
236 1_1_1 1993  0 0 0.610717 0.672486 0.711115 0.786449 0.871544 0 1.15 0 0 0 0 0 0
237 1_1_1 1993  0 0 0.619013 0.625799 0.674738 0.725 0.8 0.725 1.15 0 0 0 0 0 0
238 1_1_1 1993  0 0 0.582513 0.642409 0.680042 0.821198 0.814988 0.801932 1.15 0 0 0 0 0 0
239 1_1_1 1993  0 0 0.45 0.65 0.700368 0.849083 0.861456 0 1.15 0 0 0 0 0 0
240 1_1_1 1993  0 0 0.564814 0.583101 0.67728 0.75 0.769517 0.833669 0 0 0 0 0 0 0
241 1_1_1 1993  0 0 0.579628 0.599918 0.636159 0.745669 0.788141 0.790636 0 0 0 0 0 0 0
242 1_1_1 1993  0 0 0.599643 0.604929 0.693589 0.791496 0.983321 0.907143 0 0 0 0 0 0 0
243 1_1_1 1993  0 0 0.586047 0.655923 0.659817 0.772864 0.793351 0.761023 0.978 0.978 0 0 0 0 0
244 1_1_1 1993  0 0 0.58663 0.643492 0.665058 0.774529 0.790597 0.933333 0 0 0 0 0 0 0
245 1_1_1 1993  0 0 0.61124 0.593609 0.686578 0.722244 0.782734 0.747194 0 0 0 0 0 0 0
246 1_1_1 1993  0 0 0.599223 0.610392 0.678279 0.798164 0.779747 0.816667 1.15 0 0 0 0 0 0
247 1_1_1 1993  0 0 0.57554 0.633721 0.704776 0.758155 0.857756 0.791386 0 0.72 0 0 0 0 0
248 1_1_1 1993  0 0 0.591663 0.59434 0.634199 0.728845 0.778571 0.786402 0 0 0 0 0 0 0
249 1_1_1 1993  0 0 0.600152 0.679846 0.690782 0.809417 0.873345 0 1.15 0 0 0 0 0 0
250 1_1_1 1993  0 0 0.553808 0.596854 0.638548 0.731148 0.772749 0.75 0 0.72 0 0 0 0 0
251 1_1_1 1993  0 0 0.596201 0.573272 0.660698 0.73533 0.780721 0.784598 0 0.72 0 0 0 0 0
252 1_1_1 1993  0 0 0.581835 0.655609 0.712602 0.819262 0.844216 0.735 1.15 0 0 0 0 0 0
253 1_1_1 1993  0 0 0.562523 0.64226 0.686018 0.82253 0.863276 0.725 0 0 0 0 0 0 0
254 1_1_1 1993  0 0 0.586668 0.5905 0.597782 0.724528 0.800243 0 0 0.72 0 0 0 0 0
255 1_1_1 1993  0 0 0.587762 0.693682 0.687014 0.783284 0.78253 0.718182 1.15 0 0 0 0 0 0
256 1_1_1 1993  0 0 0.601401 0.626354 0.653374 0.743157 0.77109 0.785416 0 0.72 0 0 0 0 0
257 1_1_1 1993  0 0 0.581588 0.612713 0.668335 0.85 0.896958 0 0 0 0 0 0 0 0
258 1_1_1 1993  0 0 0.616697 0.676626 0.695657 0.793177 0.856932 0.741667 0 0.72 0 0 0 0 0
259 1_1_1 1993  0 0 0.559986 0.631771 0.678862 0.733333 0.813761 0.733333 1.15 0 0 0 0 0 0
260 1_1_1 1993  0 0 0.603967 0.591227 0.661532 0.799857 0.74 0.787614 0 0 0 0 0 0 0
261 1_1_1 1993  0 0 0.55952 0.610068 0.699895 0.802151 0.874624 0.784348 0 0 0 0 0 0 0
262 1_1_1 1993  0 0 0.45 0.637187 0.695248 0.868539 0.85 0 0.935 0.935 0 0 0 0 0
263 1_1_1 1993  0 0 0.569859 0.652829 0.680463 0.774407 0.784291 0.811505 1.064 1.064 0 0 0 0 0
264 1_1_1 1993  0 0 0.571281 0.665707 0.69943 0.769384 0.769714 0 0 0.72 0 0 0 0 0
265 1_1_1 1993  0 0 0.594316 0.613064 0.622041 0.75854 0.796456 0.745343 0 0 0 0 0 0 0
266 1_1_1 1993  0 0 0.587713 0.634706 0.708121 0.809066 0.945334 0.775555 0 0 0 0 0 0 0
267 1_1_1 1993  0 0 0.576623 0.679795 0.708736 0.817971 0.901647 0.7175 0.791667 0.791667 0 0 0 0 0
268 1_1_1 1993  0 0 0.630135 0.628041 0.678065 0.792134 0.826301 0.7125 0 0.72 0 0 0 0 0
269 1_1_1 1993  0 0 0.607264 0.643035 0.683354 0.784369 0.875 0.72 1.00667 1.00667 0 0 0 0 0
270 1_1_1 1993  0 0 0.560394 0.644624 0.695922 0.783742 0.873605 0.735714 0.863333 0.863333 0 0 0 0 0
271 1_1_1 1993  0 0 0.53471 0.637486 0.659267 0.737378 0.802668 0.7125 0.863333 0.863333 0 0 0 0 0
272 1_1_1 1993  0 0 0.596034 0.584917 0.674258 0.786685 0.903802 0.833333 0 0.72 0 0 0 0 0
273 1_1_1 1993  0 0 0.574856 0.701607 0.678977 0.786167 0.803504 0.805556 1.15 0 0 0 0 0 0
274 1_1_1 1993  0 0 0.592073 0.60127 0.640525 0.718994 0.793307 0.742761 0 0.72 0 0 0 0 0
275 1_1_1 1993  0 0 0.580892 0.603881 0.630017 0.743607 0.829923 0.822652 0 0 0 0 0 0 0
276 1_1_1 1993  0 0 0.584973 0.693988 0.685029 0.783333 0.777468 0.809786 0.935 0.935 0 0 0 0 0
277 1_1_1 1993  0 0 0.624837 0.706673 0.681586 0.762906 0.793601 0.752777 1.15 0 0 0 0 0 0
278 1_1_1 1993  0 0 0.589544 0.599898 0.609421 0.730407 0.79 0.79 0 0.72 0 0 0 0 0
279 1_1_1 1993  0 0 0.58309 0.615273 0.696225 0.75466 0.826847 0.768532 0 0.72 0 0 0 0 0
280 1_1_1 1993  0 0 0.55 0.674431 0.723717 0.754953 0.800412 0.875537 1.15 0 0 0 0 0 0
281 1_1_1 1993  0 0 0.57855 0.62485 0.687586 0.774525 0.896238 0.823605 1.15 0 0 0 0 0 0
282 1_1_1 1993  0 0 0.557994 0.673006 0.670209 0.830391 0.930047 0.883333 0 0 0 0 0 0 0
283 1_1_1 1993  0 0 0.589996 0.612922 0.706434 0.772226 0.881823 0.74927 0 0 0 0 0 0 0
284 1_1_1 1993  0 0 0.594605 0.612729 0.622027 0.774183 0.835383 0.869673 0 0.72 0 0 0 0 0
285 1_1_1 1993  0 0 0.586675 0.658795 0.672209 0.773918 0.792592 0.879568 1.15 0 0 0 0 0 0
286 1_1_1 1993  0 0 0.588048 0.649754 0.704725 0.774245 0.840215 0.813636 1.15 0 0 0 0 0 0
287 1_1_1 1993  0 0 0.597404 0.621365 0.64678 0.753143 0.75 0.7773 1.15 0 0 0 0 0 0
288 1_1_1 1993  0 0 0.607754 0.619753 0.683261 0.742467 0.842247 0.797139 1.15 0 0 0 0 0 0
289 1_1_1 1993  0 0 0.588844 0.619125 0.633589 0.726314 0.778975 0.719565 0 0.72 0 0 0 0 0
290 1_1_1 1993  0 0 0.588224 0.601811 0.667248 0.747259 0.845771 0.748556 0 0 0 0 0 0 0
291 1_1_1 1993  0 0 0.617298 0.58935 0.685626 0.762305 0.804237 0.789599 0 0 0 0 0 0 0
292 1_1_1 1993  0 0 0.584217 0.62436 0.683321 0.777226 0.863261 0.800559 0 0 0 0 0 0 0
293 1_1_1 1993  0 0 0.5693 0.620623 0.703208 0.81007 0.876137 0.877489 0.965714 0.965714 0 0 0 0 0
294 1_1_1 1993  0 0 0.582774 0.640083 0.700663 0.802137 0.823859 0.9 1.15 0 0 0 0 0 0
295 1_1_1 1993  0 0 0 0.620515 0.731431 0.842265 0.749409 0.855139 0.863333 0.863333 0 0 0 0 0
296 1_1_1 1993  0 0 0.6 0.625 0.659793 0 0.797082 0 1.15 0 0 0 0 0 0
297 1_1_1 1993  0 0 0.6 0.680485 0.706637 0.83901 0.842156 0 0 0 0 0 0 0 0
298 1_1_1 1993  0 0 0.469965 0.65 0.631999 0.866667 0.866667 0 1.15 0 0 0 0 0 0
299 1_1_1 1993  0 0 0.602161 0.620592 0.680317 0.787701 0.787262 0.761695 1.15 0 0 0 0 0 0
300 1_1_1 1993  0 0 0.523835 0.622713 0.674956 0.784508 0.825234 0.835714 0 0.72 0 0 0 0 0
301 1_1_1 1993  0 0 0.49526 0.623706 0.695551 0.778895 0.986719 0 0 0 0 0 0 0 0
302 1_1_1 1993  0 0 0.570655 0.675 0.691198 0.787567 0.863949 0 0 0 0 0 0 0 0
303 1_1_1 1993  0 0 0.609223 0.616238 0.685909 0.8 0.79095 0.8 1.15 0 0 0 0 0 0
304 1_1_1 1993  0 0 0.65 0.575405 0.690397 0.744309 0.783082 0.733333 0 0.72 0 0 0 0 0
305 1_1_1 1993  0 0 0.522834 0.609784 0.708157 0.7663 0.800769 0.775 0 0.72 0 0 0 0 0
306 1_1_1 1993  0 0 0.607845 0.615289 0.692152 0.764836 0.857651 0.821429 0 0 0 0 0 0 0
307 1_1_1 1993  0 0 0.5598 0.6 0.65 0.760298 0.864809 0.8 0 0.72 0 0 0 0 0
308 1_1_1 1993  0 0 0.564213 0.594304 0.744429 0.747169 0.831662 0.877273 0 0 0 0 0 0 0
309 1_1_1 1993  0 0 0.592689 0.66434 0.688468 0.804672 0.870074 0.78398 0 0.72 0 0 0 0 0
310 1_1_1 1993  0 0 0.572713 0.64758 0.687471 0.78775 0.794597 0.806411 0 0 0 0 0 0 0
311 1_1_1 1993  0 0 0.605876 0.645457 0.679658 0.785566 0.813511 0.787519 0.892 0.892 0 0 0 0 0
312 1_1_1 1993  0 0 0.592247 0.666593 0.673045 0.765342 0.790293 0.725 1.03273 1.03273 0 0 0 0 0
313 1_1_1 1993  0 0 0.601873 0.633876 0.649856 0.737979 0.78048 0.780869 0 0 0 0 0 0 0
314 1_1_1 1993  0 0 0.580902 0.59821 0.705461 0.720983 0.81966 0.852203 1.15 0 0 0 0 0 0
315 1_1_1 1993  0 0 0.592131 0.609557 0.694157 0.811116 0.874641 0.775155 1.15 0 0 0 0 0 0
316 1_1_1 1993  0 0 0.577652 0.610092 0.60449 0.772128 0.79 0.792939 0 0 0 0 0 0 0
317 1_1_1 1993  0 0 0.544147 0.633875 0.637809 0.777903 0.858237 0.753493 0 0.72 0 0 0 0 0
318 1_1_1 1993  0 0 0.568718 0.618066 0.606048 0.758223 0.799163 0.776547 0 0.72 0 0 0 0 0
319 1_1_1 1993  0 0 0.603818 0.639454 0.676413 0.781632 0.78 0.728206 1.15 0 0 0 0 0 0
320 1_1_1 1993  0 0 0.598426 0.641099 0.66423 0.73695 0.75 0.796772 1.15 0 0 0 0 0 0
321 1_1_1 1993  0 0 0.588828 0.596654 0.638143 0.76863 0.813489 0.77864 0 0 0 0 0 0 0
322 1_1_1 1993  0 0 0.610244 0.606907 0.707559 0.761941 0.945686 0.79671 0 0.72 0 0 0 0 0
323 1_1_1 1993  0 0 0 0.69454 0.693453 0.836078 0.8875 0.8875 1.00667 1.00667 0 0 0 0 0
324 1_1_1 1993  0 0 0.587068 0.649176 0.708139 0.750253 0.799591 0.722727 0.88125 0.88125 0 0 0 0 0
325 1_1_1 1993  0 0 0.560211 0.646651 0.694638 0.788108 0.861124 0.838889 0 0.72 0 0 0 0 0
326 1_1_1 1993  0 0 0.557547 0.638304 0.684286 0.780738 0.809723 0.846436 0 0 0 0 0 0 0
327 1_1_1 1993  0 0 0.592967 0.649459 0.672859 0.754289 0.783875 0.735919 0 0.72 0 0 0 0 0
328 1_1_1 1993  0 0 0.582047 0.58887 0.68934 0.72151 0.783115 0.820258 0 0.72 0 0 0 0 0
329 1_1_1 1993  0 0 0.55479 0.609406 0.680653 0.760946 0.803439 0.809882 1.15 0 0 0 0 0 0
330 1_1_1 1993  0 0 0.57785 0.606534 0 0.735217 0.785918 0.767871 0.863333 0.863333 0 0 0 0 0
331 1_1_1 1993  0 0 0.582656 0.591875 0.736977 0.738893 0.820981 0.881085 0 0 0 0 0 0 0
332 1_1_1 1993  0 0 0.583645 0.611904 0.71342 0.75 0.83105 0.85 0 0 0 0 0 0 0
333 1_1_1 1993  0 0 0.587608 0.679167 0.69526 0.745349 0.785052 0.763297 1.15 0 0 0 0 0 0
334 1_1_1 1993  0 0 0.581263 0.612635 0.734205 0.779069 0.79554 0.853865 1.15 0 0 0 0 0 0
335 1_1_1 1993  0 0 0.592199 0.597888 0.629416 0.725407 0.791391 0.740147 0 0.72 0 0 0 0 0
336 1_1_1 1993  0 0 0.593428 0.621861 0.68646 0.768371 0.75 0.794828 0 0 0 0 0 0 0
337 1_1_1 1993  0 0 0.627829 0.55 0.713396 0.95 0.85 0.796948 0 0 0 0 0 0 0
338 1_1_1 1993  0 0 0.590744 0.654906 0.700595 0.827778 0.878682 0.827778 1.15 0 0 0 0 0 0
339 1_1_1 1993  0 0 0.630871 0.680338 0.697251 0.817419 0.954109 0.825 0 0.72 0 0 0 0 0
340 1_1_1 1993  0 0 0.589413 0.654309 0.700809 0.776811 0.812411 0.704852 0.8275 0.8275 0 0 0 0 0
341 1_1_1 1993  0 0 0.623569 0.656441 0.697748 0.786989 0 0.714286 1.15 0 0 0 0 0 0
342 1_1_1 1993  0 0 0.65 0.636575 0.717437 0.746852 0.897049 0 0 0 0 0 0 0 0
343 1_1_1 1993  0 0 0.568519 0.626462 0.614498 0.775892 0.859689 0.816667 0.935 0.935 0 0 0 0 0
344 1_1_1 1993  0 0 0.586976 0.560488 0.718679 0.770019 0.870649 0.819808 1.15 0 0 0 0 0 0
345 1_1_1 1993  0 0 0.584942 0.587967 0.616667 0.745976 0.776565 0.786549 0 0.72 0 0 0 0 0
346 1_1_1 1993  0 0 0.611016 0.640153 0.691209 0.831625 0.812792 0.77773 1.15 0 0 0 0 0 0
347 1_1_1 1993  0 0 0.625277 0.695612 0.600322 0.784499 0.75 0.758333 1.15 0 0 0 0 0 0
348 1_1_1 1993  0 0 0.554123 0.466667 0.687789 0.72702 0.875 0.729594 0 0 0 0 0 0 0
349 1_1_1 1993  0 0 0.614241 0.598597 0.645654 0.729465 0.827778 0.763979 1.15 0 0 0 0 0 0
350 1_1_1 1993  0 0 0.573437 0.608304 0.620203 0.757755 0.802304 0.818162 0 0.72 0 0 0 0 0
351 1_1_1 1993  0 0 0.593256 0.648378 0.704975 0.744698 0.781243 0.813376 1.15 0 0 0 0 0 0
352 1_1_1 1993  0 0 0.564531 0.605031 0.719793 0.757419 0.837803 0.771592 0 0.72 0 0 0 0 0
353 1_1_1 1993  0 0 0.533608 0.65 0.705411 0.78 0.887868 0.819225 0 0 0 0 0 0 0
354 1_1_1 1993  0 0 0.599688 0.653891 0.687977 0.768706 0.819902 0.821847 1.15 0 0 0 0 0 0
355 1_1_1 1993  0 0 0.555495 0.63047 0.684327 0.766667 0.807635 0.80782 0.978 0.978 0 0 0 0 0
356 1_1_1 1993  0 0 0.57588 0.579344 0.613141 0.74147 0.883333 0.7 0 0 0 0 0 0 0
357 1_1_1 1993  0 0 0.521012 0.641947 0.692853 0.861571 0.840657 0.821429 0.935 0.935 0 0 0 0 0
358 1_1_1 1993  0 0 0.598243 0.701674 0.65 0.756189 0.765791 0.793112 0 0.72 0 0 0 0 0
359 1_1_1 1993  0 0 0.558252 0.641337 0.706916 0.766294 0.85563 0.804853 1.00667 1.00667 0 0 0 0 0
360 1_1_1 1993  0 0 0.542462 0.671837 0.690678 0.813568 0.942845 0.79 0.863333 0.863333 0 0 0 0 0
361 1_1_1 1993  0 0 0.551594 0.637985 0.6807 0.738811 0.862496 0.740889 0 0.72 0 0 0 0 0
362 1_1_1 1993  0 0 0.632253 0.647859 0.710623 0.837751 0.88707 0.825 1.15 0 0 0 0 0 0
363 1_1_1 1993  0 0 0.536091 0.651756 0.722206 0.825567 0.815766 0.854955 0 0.72 0 0 0 0 0
364 1_1_1 1993  0 0 0.53502 0.634322 0.696654 0.85 0.898988 0 0 0.72 0 0 0 0 0
365 1_1_1 1993  0 0 0.581335 0.594463 0.607913 0.758349 0.785327 0.777458 0 0 0 0 0 0 0
366 1_1_1 1993  0 0 0.591932 0.627292 0.692624 0.784748 0.876717 0.806197 0 0 0 0 0 0 0
367 1_1_1 1993  0 0 0.528208 0.668127 0.715843 0.83482 0.800468 0.80625 0.8275 0.8275 0 0 0 0 0
368 1_1_1 1993  0 0 0.550567 0.614977 0.671085 0.782608 0.87592 0.851614 0 0 0 0 0 0 0
369 1_1_1 1993  0 0 0.60846 0.604812 0.692105 0.774926 0.885679 0.792392 0 0 0 0 0 0 0
370 1_1_1 1993  0 0 0.611719 0.650587 0.678207 0.758153 0.803336 0.730763 1.15 0 0 0 0 0 0
371 1_1_1 1993  0 0 0.586582 0.614148 0.61746 0.739932 0.794734 0.749581 0 0.72 0 0 0 0 0
372 1_1_1 1993  0 0 0.535805 0.433333 0.55 0.73902 0.774026 0.754303 0 0 0 0 0 0 0
373 1_1_1 1993  0 0 0.570922 0.617989 0.704819 0.761162 0.850701 0.830495 0 0.72 0 0 0 0 0
374 1_1_1 1993  0 0 0.561762 0.627453 0.692409 0.833501 0.781258 0.837045 1.15 0 0 0 0 0 0
375 1_1_1 1993  0 0 0.583017 0.643766 0.67059 0.76223 0.780904 0.833071 1.15 0 0 0 0 0 0
376 1_1_1 1993  0 0 0.586389 0.61027 0.681992 0.774527 0.803122 0.77789 0.935 0.935 0 0 0 0 0
377 1_1_1 1993  0 0 0.571955 0.63605 0.703309 0.766176 0.773797 0.815913 0 0.72 0 0 0 0 0
378 1_1_1 1993  0 0 0.574456 0.612397 0.62574 0.764368 0.855877 0.85 0 0.72 0 0 0 0 0
379 1_1_1 1993  0 0 0.516306 0.635096 0.694909 0.822638 0.884509 0.716667 0.8275 0.8275 0 0 0 0 0
380 1_1_1 1993  0 0 0.611259 0.657998 0.691932 0.770684 0.796345 0.73 1.15 0 0 0 0 0 0
381 1_1_1 1993  0 0 0.605036 0.661117 0.687639 0.771416 0.779018 0.783333 1.15 0 0 0 0 0 0
382 1_1_1 1993  0 0 0.597603 0.690133 0.677437 0.774902 0.823258 0.761875 1.00667 1.00667 0 0 0 0 0
383 1_1_1 1993  0 0 0.584459 0.586985 0.621026 0.768215 0.752466 0.797269 0 0 0 0 0 0 0
384 1_1_1 1993  0 0 0.597938 0.682545 0.683837 0.758014 0.813191 0.743212 0.935 0.935 0 0 0 0 0
385 1_1_1 1993  0 0 0.595037 0.633333 0.681343 0.768983 0.855969 0.810879 0 0 0 0 0 0 0
386 1_1_1 1993  0 0 0.592237 0.629671 0.71083 0.754422 0.912561 0.825 0 0.72 0 0 0 0 0
387 1_1_1 1993  0 0 0.45 0.689229 0.692371 0.8 0.780471 0.733333 1.15 0 0 0 0 0 0
388 1_1_1 1993  0 0 0.60681 0.605823 0.697978 0.773598 0.810101 0 1.15 0 0 0 0 0 0
389 1_1_1 1993  0 0 0.579837 0.583774 0.688275 0.76428 0.803384 0.75 0 0.72 0 0 0 0 0
390 1_1_1 1993  0 0 0.58721 0.6719 0.671272 0.762062 0.808064 0.755559 0.8275 0.8275 0 0 0 0 0
391 1_1_1 1993  0 0 0.583643 0.595969 0.693597 0.74016 0.790853 0.890315 0 0 0 0 0 0 0
392 1_1_1 1993  0 0 0.565815 0.65941 0.690474 0.824938 0.901445 0.728125 0.935 0.935 0 0 0 0 0
393 1_1_1 1993  0 0 0.565277 0.63528 0.686669 0.756735 0.860449 0.819347 0 0.72 0 0 0 0 0
394 1_1_1 1993  0 0 0.574551 0.612557 0.694584 0.776047 0.826003 0.808676 0 0 0 0 0 0 0
395 1_1_1 1993  0 0 0.548676 0.644913 0.699664 0.762008 0.823903 0.825 0.935 0.935 0 0 0 0 0
396 1_1_1 1993  0 0 0.586315 0.64435 0.690092 0.764079 0.843356 0.800712 1.15 0 0 0 0 0 0
397 1_1_1 1993  0 0 0.569932 0.594159 0.679892 0.762957 0.806303 0.764286 0 0 0 0 0 0 0
398 1_1_1 1993  0 0 0.570106 0.6381 0.704378 0.742458 0.927355 0.736383 0 0 0 0 0 0 0
399 1_1_1 1993  0 0 0.587507 0.613238 0.662219 0.738898 0.834952 0.745642 0 0 0 0 0 0 0
400 1_1_1 1993  0 0 0.589841 0.546471 0.6 0.75 0 0.743746 0 0 0 0 0 0 0
401 1_1_1 1993  0 0 0.579053 0.627258 0.675471 0.759758 0.900394 0.727778 0 0 0 0 0 0 0
402 1_1_1 1993  0 0 0.561901 0.617808 0.68969 0.75 0.792793 0.75 0 0.72 0 0 0 0 0
403 1_1_1 1993  0 0 0.576361 0.641887 0.672975 0.815 0.783314 0.81408 0 0 0 0 0 0 0
404 1_1_1 1993  0 0 0.599803 0.621551 0.717071 0 0.75 0 0 0 0 0 0 0 0
405 1_1_1 1993  0 0 0.581109 0.608703 0.626884 0.756764 0.799958 0.774389 0 0.72 0 0 0 0 0
406 1_1_1 1993  0 0 0.616365 0.661442 0.687637 0.792515 0.937548 0.798299 0 0 0 0 0 0 0
407 1_1_1 1993  0 0 0.570928 0.674844 0.69705 0.781818 0.831053 0.781818 0 0.72 0 0 0 0 0
408 1_1_1 1993  0 0 0.526315 0.588273 0.704959 0.75 0.768538 0 0 0.72 0 0 0 0 0
409 1_1_1 1993  0 0 0.5942 0.673511 0.678813 0.753985 0.790677 0.7375 0.935 0.935 0 0 0 0 0
410 1_1_1 1993  0 0 0.631264 0.633941 0.690103 0.740596 0.761466 0.735609 1.15 0 0 0 0 0 0
411 1_1_1 1993  0 0 0.592775 0.609967 0.663474 0.7504 0.866666 0.786423 0 0.72 0 0 0 0 0
412 1_1_1 1993  0 0 0.45 0 0.660286 0.787294 0.8321 0.825 0 0.72 0 0 0 0 0
413 1_1_1 1993  0 0 0.569589 0.576009 0.62041 0.762852 0.778703 0.779297 0 0 0 0 0 0 0
414 1_1_1 1993  0 0 0.600751 0.65 0.689405 0.777392 0.925868 0.85 0 0 0 0 0 0 0
415 1_1_1 1993  0 0 0.578745 0.606317 0.64343 0.733164 0.792068 0.76383 0 0.72 0 0 0 0 0
416 1_1_1 1993  0 0 0.578927 0.633959 0.691338 0.74995 0.801754 0.735338 0.935 0.935 0 0 0 0 0
417 1_1_1 1993  0 0 0.56961 0.592742 0.664649 0.766842 0.851028 0.825101 0 0.72 0 0 0 0 0
418 1_1_1 1993  0 0 0.552833 0.638573 0.663269 0.734508 0.8 0 0 0 0 0 0 0 0
419 1_1_1 1993  0 0 0.5 0.666667 0.701896 0.756123 0.804763 0.775 0 0 0 0 0 0 0
420 1_1_1 1993  0 0 0.580565 0.670033 0.689212 0.790139 0.877499 0.735 1.15 0 0 0 0 0 0
421 1_1_1 1993  0 0 0.624473 0.643099 0.672515 0.752526 0.856441 0 1.15 0 0 0 0 0 0
422 1_1_1 1993  0 0 0.583034 0.651387 0.689209 0.736807 0.841983 0.830708 1.064 1.064 0 0 0 0 0
423 1_1_1 1993  0 0 0.582291 0.648258 0.699345 0.728681 0.770567 0.802834 0.935 0.935 0 0 0 0 0
424 1_1_1 1993  0 0 0.559087 0.62415 0.700171 0.818329 0.836781 0.80625 1.15 0 0 0 0 0 0
425 1_1_1 1993  0 0 0.607256 0.598474 0.702206 0.761221 0.816835 0.786604 0 0 0 0 0 0 0
426 1_1_1 1993  0 0 0.588931 0.6 0.688031 0.7 0 0 1.15 0 0 0 0 0 0
427 1_1_1 1993  0 0 0.584897 0.60377 0.725496 0.791703 0.928166 0.778125 0 0.72 0 0 0 0 0
428 1_1_1 1993  0 0 0.578922 0.521036 0.644413 0.754757 0.776589 0.763363 0.806 0.806 0 0 0 0 0
429 1_1_1 1993  0 0 0.618825 0.708006 0.692303 0.793534 0.822473 0.92 1.15 0 0 0 0 0 0
430 1_1_1 1993  0 0 0.585153 0.642021 0.688217 0.779886 0.869524 0.807143 1.15 0 0 0 0 0 0
431 1_1_1 1993  0 0 0.416667 0.647585 0.686891 0.861772 0.843256 0 1.15 0 0 0 0 0 0
432 1_1_1 1993  0 0 0.562398 0.614543 0.692004 0.755401 0.85 0.815572 0 0 0 0 0 0 0
433 1_1_1 1993  0 0 0.591306 0.603647 0.725274 0.733618 0.808272 0.779218 0.8275 0.8275 0 0 0 0 0
434 1_1_1 1993  0 0 0.613023 0.622431 0.687948 0.773817 0.843853 0.820074 1.15 0 0 0 0 0 0
435 1_1_1 1993  0 0 0.62162 0.626918 0.693463 0.769609 0.75 0 1.15 0 0 0 0 0 0
436 1_1_1 1993  0 0 0.600736 0.539008 0.639045 0.732915 0.8 0.716667 0 0.72 0 0 0 0 0
437 1_1_1 1993  0 0 0.563971 0.607476 0.648466 0.738192 0.842723 0.776564 0 0.72 0 0 0 0 0
438 1_1_1 1993  0 0 0.560488 0.620553 0.706871 0.772096 0.806557 0.825 0 0.72 0 0 0 0 0
439 1_1_1 1993  0 0 0.579357 0.653098 0.679167 0.784238 0.816239 0.750017 0 0 0 0 0 0 0
440 1_1_1 1993  0 0 0.597087 0.6375 0.690438 0.773345 0.75 0 1.15 0 0 0 0 0 0
441 1_1_1 1993  0 0 0.598699 0.590597 0.696333 0.772125 0.830581 0 1.15 0 0 0 0 0 0
442 1_1_1 1993  0 0 0.592999 0.585846 0.674463 0.766569 0.775 0.733333 0 0 0 0 0 0 0
443 1_1_1 1993  0 0 0.600429 0.630359 0.679671 0.736335 0.76098 0.770161 1.15 0 0 0 0 0 0
444 1_1_1 1993  0 0 0.549029 0.613256 0.670765 0.755888 0.819157 0.84 0 0.72 0 0 0 0 0
445 1_1_1 1993  0 0 0.468033 0.6 0.650374 0.775048 0.830955 0.833333 1.15 0 0 0 0 0 0
446 1_1_1 1993  0 0 0.59382 0.679478 0.693317 0.752533 0.803596 0.834515 0 0.72 0 0 0 0 0
447 1_1_1 1993  0 0 0.559024 0.611583 0.705711 0.773433 0.787223 0.801394 0.806 0.806 0 0 0 0 0
448 1_1_1 1993  0 0 0.605629 0.617451 0.615951 0.799114 0.75 0.742161 0 0 0 0 0 0 0
449 1_1_1 1993  0 0 0.605208 0.654506 0.665176 0.764986 0.86 0.75977 0.863333 0.863333 0 0 0 0 0
450 1_1_1 1993  0 0 0.587236 0.632409 0.67308 0.802525 0.801483 0.82 0 0.72 0 0 0 0 0
451 1_1_1 1993  0 0 0.613139 0.584298 0.688441 0.73 0.857808 0.821942 1.15 0 0 0 0 0 0
452 1_1_1 1993  0 0 0.591829 0.635583 0.702651 0.74737 0.76599 0.758515 0.8275 0.8275 0 0 0 0 0
453 1_1_1 1993  0 0 0.599712 0.591609 0.667714 0.7226 0.783878 0.748757 0 0 0 0 0 0 0
454 1_1_1 1993  0 0 0.578212 0.617896 0.7026 0.727248 0.882539 0.804991 0 0.72 0 0 0 0 0
455 1_1_1 1993  0 0 0.591401 0.657136 0.655121 0.76161 0.798584 0.785648 0.935 0.935 0 0 0 0 0
456 1_1_1 1993  0 0 0.532893 0.669039 0.666961 0.758734 0.777304 0.725 0.892 0.892 0 0 0 0 0
457 1_1_1 1993  0 0 0.586335 0.612819 0.616475 0.759518 0.815985 0.767762 0 0.72 0 0 0 0 0
458 1_1_1 1993  0 0 0.582445 0.675379 0.691234 0.802936 0.841436 0.82 0.935 0.935 0 0 0 0 0
459 1_1_1 1993  0 0 0.598012 0.605695 0.667188 0.75 0.778913 0.775 0 0 0 0 0 0 0
460 1_1_1 1993  0 0 0.547047 0.644732 0.690747 0.80165 0.831735 0.833333 0.806 0.806 0 0 0 0 0
461 1_1_1 1993  0 0 0.580672 0.652255 0.665074 0.762225 0.827024 0.725 0 0.72 0 0 0 0 0
462 1_1_1 1993  0 0 0 0.679035 0.673589 0.843418 0.825 0 0 0 0 0 0 0 0
463 1_1_1 1993  0 0 0.588494 0.624175 0.683742 0.802432 0.894627 0.81819 0 0 0 0 0 0 0
464 1_1_1 1993  0 0 0.602074 0.716667 0.713708 0.84 0.782445 0.84 1.15 0 0 0 0 0 0
465 1_1_1 1993  0 0 0.570238 0.619698 0.678667 0.752198 0.774576 0.765275 0 0 0 0 0 0 0
466 1_1_1 1993  0 0 0.577026 0.604992 0.703467 0.800867 0.914724 0.855027 1.15 0 0 0 0 0 0
467 1_1_1 1993  0 0 0.471276 0.645111 0.685274 0.775254 0.790093 0 1.02714 1.02714 0 0 0 0 0
468 1_1_1 1993  0 0 0.633318 0.511593 0.689185 0.81891 0.891884 0.7 0 0 0 0 0 0 0
469 1_1_1 1993  0 0 0.619206 0.521315 0.7015 0.756855 0.855021 0 0 0 0 0 0 0 0
470 1_1_1 1993  0 0 0.576539 0.617158 0.702998 0.852202 0.913571 0.783333 0 0 0 0 0 0 0
471 1_1_1 1993  0 0 0.601681 0.60038 0.700078 0.754937 0.856605 0.743434 0 0 0 0 0 0 0
472 1_1_1 1993  0 0 0.623199 0.635564 0.689756 0.83856 0.849489 0.82 0 0 0 0 0 0 0
473 1_1_1 1993  0 0 0.579329 0.631205 0.649761 0.753046 0.773409 0.71875 1.00667 1.00667 0 0 0 0 0
474 1_1_1 1993  0 0 0.589106 0.61099 0.661447 0.775804 0.819745 0.712777 0 0 0 0 0 0 0
475 1_1_1 1993  0 0 0.601879 0.688074 0.716257 0.785637 0.786139 0.771278 0.935 0.935 0 0 0 0 0
476 1_1_1 1993  0 0 0.575812 0.589635 0.639297 0.739562 0.867376 0.816352 0 0 0 0 0 0 0
477 1_1_1 1993  0 0 0.590092 0.608768 0.698134 0.78797 0.948899 0.862814 0 0 0 0 0 0 0
478 1_1_1 1993  0 0 0.588779 0.68582 0.689552 0.834607 0.842223 0.825 0 0 0 0 0 0 0
479 1_1_1 1993  0 0 0.607409 0.51935 0.674445 0.76357 0.869726 0.847893 0 0 0 0 0 0 0
480 1_1_1 1993  0 0 0.554563 0.701123 0.684311 0.832476 0.808061 0.83 0 0.72 0 0 0 0 0
481 1_1_1 1993  0 0 0.568217 0.598844 0.595168 0.755687 0.879671 0.76125 0 0.72 0 0 0 0 0
482 1_1_1 1993  0 0 0.582623 0.637276 0.65612 0.777807 0.758549 0.783724 0 0 0 0 0 0 0
483 1_1_1 1993  0 0 0.584762 0.595502 0.6 0.731978 0.76983 0.8875 0 0 0 0 0 0 0
484 1_1_1 1993  0 0 0.544691 0.64704 0.665196 0.767601 0.784662 0.810397 1.15 0 0 0 0 0 0
485 1_1_1 1993  0 0 0.578107 0.652112 0.681574 0.779283 0.858841 0.778121 0 0 0 0 0 0 0
486 1_1_1 1993  0 0 0.577789 0.659551 0.678854 0.755561 0.780583 0.718182 0 0.72 0 0 0 0 0
487 1_1_1 1993  0 0 0.59574 0.620572 0.641502 0.741403 0.758333 0.759171 0 0.72 0 0 0 0 0
488 1_1_1 1993  0 0 0.609318 0.654687 0.696898 0.781544 0.814879 0.738838 0 0 0 0 0 0 0
489 1_1_1 1993  0 0 0.441667 0.711306 0.697186 0.842414 0.850943 0 0.8275 0.8275 0 0 0 0 0
490 1_1_1 1993  0 0 0.590073 0.61438 0.697445 0.752623 0.84368 0.747014 0 0 0 0 0 0 0
491 1_1_1 1993  0 0 0.608601 0.645336 0.680433 0.779347 0.79745 0.774617 0 0 0 0 0 0 0
492 1_1_1 1993  0 0 0.570371 0.659607 0.67529 0.766411 0.778085 0.822661 0.935 0.935 0 0 0 0 0
493 1_1_1 1993  0 0 0.601434 0.623206 0.742193 0.766339 0.93508 0.755512 0 0.72 0 0 0 0 0
494 1_1_1 1993  0 0 0.616071 0.646652 0.689343 0.768134 0.894112 0.8125 1.0425 1.0425 0 0 0 0 0
495 1_1_1 1993  0 0 0.66 0.589286 0.702132 0.822309 0.813302 0.868009 1.15 0 0 0 0 0 0
496 1_1_1 1993  0 0 0.553958 0.650045 0.683539 0.766633 0.842411 0.8125 1.064 1.064 0 0 0 0 0
497 1_1_1 1993  0 0 0.559083 0.700447 0.6537 0.758864 0.790579 0.798117 0.935 0.935 0 0 0 0 0
498 1_1_1 1993  0 0 0.602978 0.596595 0.754336 0.77505 0.819328 0.816373 0.935 0.935 0 0 0 0 0
499 1_1_1 1993  0 0 0.590454 0.68282 0.686786 0.777784 0.811184 0.816667 1.00667 1.00667 0 0 0 0 0
500 1_1_1 1993  0 0 0.597765 0.633309 0.692378 0.815714 0.975642 0.750323 0 0 0 0 0 0 0
501 1_1_1 1993  0 0 0.597637 0.603004 0.683179 0.780789 0.904989 0.792941 0 0 0 0 0 0 0
502 1_1_1 1993  0 0 0.564726 0.716948 0.709798 0.782985 0.82025 0.75 1.15 0 0 0 0 0 0
503 1_1_1 1993  0 0 0.585479 0.633017 0.696217 0.73036 0.803461 0.75 0 0 0 0 0 0 0
504 1_1_1 1993  0 0 0.58147 0.595253 0.583333 0.722786 0.770359 0.781772 0 0 0 0 0 0 0
505 1_1_1 1993  0 0 0.581604 0.596804 0.62 0.756152 0.779795 0.804481 0 0.72 0 0 0 0 0
506 1_1_1 1993  0 0 0.640422 0.686104 0.713492 0.816997 0.928275 0 1.15 0 0 0 0 0 0
507 1_1_1 1993  0 0 0.562891 0.623648 0.692381 0.768819 0.878913 0.821429 0 0.72 0 0 0 0 0
508 1_1_1 1993  0 0 0.593298 0.622546 0.658263 0.760296 0.779949 0.790917 0.892 0.892 0 0 0 0 0
509 1_1_1 1993  0 0 0.596286 0.61116 0.665096 0.85 0.855022 0.735642 0 0.72 0 0 0 0 0
510 1_1_1 1993  0 0 0.575749 0.657394 0.742371 0.777513 0.799766 0.820515 1.15 0 0 0 0 0 0
511 1_1_1 1993  0 0 0.574251 0.598434 0.679003 0.764379 0.846528 0.792077 0 0 0 0 0 0 0
512 1_1_1 1993  0 0 0.574316 0.698804 0.678863 0.795734 0.842369 0.750605 1.15 0 0 0 0 0 0
513 1_1_1 1993  0 0 0.566182 0.651438 0.699338 0.770355 0.809013 0.845951 0 0 0 0 0 0 0
514 1_1_1 1993  0 0 0.559669 0.642593 0.686746 0.803795 0.889785 0.821429 0.791667 0.791667 0 0 0 0 0
515 1_1_1 1993  0 0 0.577648 0.69712 0.700294 0 0.813175 0 1.00667 1.00667 0 0 0 0 0
516 1_1_1 1993  0 0 0.596695 0.622623 0.708993 0.776827 0.865868 0.825 0 0.72 0 0 0 0 0
517 1_1_1 1993  0 0 0.580906 0.614285 0.64884 0.753773 0.787795 0.745369 1.0425 1.0425 0 0 0 0 0
518 1_1_1 1993  0 0 0.614139 0.684153 0.678037 0.809314 0.765385 0.74 1.15 0 0 0 0 0 0
519 1_1_1 1993  0 0 0.61489 0.652381 0.684277 0.822182 0.818078 0.787439 1.064 1.064 0 0 0 0 0
520 1_1_1 1993  0 0 0.600084 0.567707 0.676134 0.811291 0.880562 0 0 0.72 0 0 0 0 0
521 1_1_1 1993  0 0 0.493195 0.661917 0.728243 0.800441 0.775065 0 1.15 0 0 0 0 0 0
522 1_1_1 1993  0 0 0.607551 0.702041 0.680192 0.782139 0.810066 0.747203 0.935 0.935 0 0 0 0 0
523 1_1_1 1993  0 0 0 0.666667 0.670039 0.812593 0.95 0 0 0.72 0 0 0 0 0
524 1_1_1 1993  0 0 0.598863 0.661743 0.709028 0.804616 0.8623 0.789241 1.15 0 0 0 0 0 0
525 1_1_1 1993  0 0 0.594159 0.613617 0.706752 0.773637 0.925204 0.778782 0 0.72 0 0 0 0 0
526 1_1_1 1993  0 0 0.592777 0.65364 0.677575 0.810145 0.787003 0.791969 1.15 0 0 0 0 0 0
527 1_1_1 1993  0 0 0.597584 0.609169 0.691192 0.74941 0.8795 0.777019 0 0.72 0 0 0 0 0
528 1_1_1 1993  0 0 0.575653 0.708893 0.679351 0.772925 0.789333 0.754043 1.064 1.064 0 0 0 0 0
529 1_1_1 1993  0 0 0.562048 0.615797 0.663677 0.758202 0.879024 0.74988 0 0 0 0 0 0 0
530 1_1_1 1993  0 0 0.598688 0.619457 0.697297 0.771278 0.930717 0.880921 0 0.72 0 0 0 0 0
531 1_1_1 1993  0 0 0.598024 0.643597 0.69702 0.839613 0.873309 0 1.15 0 0 0 0 0 0
532 1_1_1 1993  0 0 0.564884 0.631723 0.69455 0.787037 0.868275 0.734246 0 0.72 0 0 0 0 0
533 1_1_1 1993  0 0 0.56041 0.650139 0.677772 0.751204 0.772401 0.7375 0 0 0 0 0 0 0
534 1_1_1 1993  0 0 0.544426 0.671712 0.662225 0.803598 0.839339 0 1.15 0 0 0 0 0 0
535 1_1_1 1993  0 0 0.584374 0.637114 0.657274 0.766798 0.790351 0.83 0.935 0.935 0 0 0 0 0
536 1_1_1 1993  0 0 0.601078 0.586079 0.644848 0.742207 0.8 0.757093 0.935 0.935 0 0 0 0 0
537 1_1_1 1993  0 0 0.600992 0.613496 0.609635 0.756631 0.799264 0.757654 0 0.72 0 0 0 0 0
538 1_1_1 1993  0 0 0.558946 0.647376 0.682005 0.747002 0.866667 0.720833 0.759091 0.759091 0 0 0 0 0
539 1_1_1 1993  0 0 0.551924 0.622507 0.673519 0.791529 0.787138 0.85 0.791667 0.791667 0 0 0 0 0
540 1_1_1 1993  0 0 0.585666 0.6323 0.704023 0.798187 0.8 0.8375 0.863333 0.863333 0 0 0 0 0
541 1_1_1 1993  0 0 0.569612 0.662412 0.700163 0.761406 0.804616 0.765216 0.935 0.935 0 0 0 0 0
542 1_1_1 1993  0 0 0.562308 0.685123 0.698864 0.8069 0.9125 0.816667 1.064 1.064 0 0 0 0 0
543 1_1_1 1993  0 0 0.574027 0.640406 0.675676 0.761111 0.827282 0.762061 1.15 0 0 0 0 0 0
544 1_1_1 1993  0 0 0.594304 0.64183 0.683338 0.741752 0.787926 0.880154 1.15 0 0 0 0 0 0
545 1_1_1 1993  0 0 0.626782 0.637791 0.71379 0.799961 0.822712 0 1.15 0 0 0 0 0 0
546 1_1_1 1993  0 0 0.483533 0.640278 0.677538 0.750645 0.79448 0 0 0 0 0 0 0 0
547 1_1_1 1993  0 0 0.55 0.65 0.679357 0.770462 0.854131 0 1.15 0 0 0 0 0 0
548 1_1_1 1993  0 0 0.59002 0.617868 0.729055 0.742287 0.748606 0.847421 0 0 0 0 0 0 0
549 1_1_1 1993  0 0 0.614682 0.654801 0.714157 0.843591 0.850276 0.925 1.15 0 0 0 0 0 0
550 1_1_1 1993  0 0 0.597506 0.625847 0.678315 0.788734 0.913858 0 0 0 0 0 0 0 0
551 1_1_1 1993  0 0 0 0.6 0.675 0 0 0 0 0 0 0 0 0 0
552 1_1_1 1993  0 0 0.4375 0.4375 0.677548 0.8 0.89933 0 0 0 0 0 0 0 0
553 1_1_1 1993  0 0 0.591633 0.636271 0.695064 0.771582 0.767381 0.811745 0.935 0.935 0 0 0 0 0
554 1_1_1 1993  0 0 0.585317 0 0.655573 0.810221 0.75 0.716667 0 0.72 0 0 0 0 0
555 1_1_1 1993  0 0 0.584543 0.612874 0.691725 0.763622 0.88922 0.725023 0 0 0 0 0 0 0
556 1_1_1 1993  0 0 0.65 0.605076 0.65 0.728801 0.875 0.716667 0 0 0 0 0 0 0
557 1_1_1 1993  0 0 0.574347 0.616471 0.685822 0.739101 0.793256 0.78428 0 0 0 0 0 0 0
558 1_1_1 1993  0 0 0.580198 0.61645 0.637583 0.754096 0.89 0.772051 0 0 0 0 0 0 0
559 1_1_1 1993  0 0 0.623213 0.627207 0.692755 0.807455 0.897575 0.708333 0 0 0 0 0 0 0
560 1_1_1 1993  0 0 0.567443 0.651184 0.694262 0.777093 0.791851 0.783333 0.892 0.892 0 0 0 0 0
561 1_1_1 1993  0 0 0.573206 0.627631 0.713338 0.76682 0.879379 0.820985 0 0 0 0 0 0 0
562 1_1_1 1993  0 0 0.563507 0.629834 0.682349 0.776844 0.855501 0.761251 0 0 0 0 0 0 0
563 1_1_1 1993  0 0 0.587785 0.57098 0.634206 0.744978 0.812111 0.786985 0 0.72 0 0 0 0 0
564 1_1_1 1993  0 0 0.587757 0.709435 0.635848 0.75 0.780797 0.802664 1.15 0 0 0 0 0 0
565 1_1_1 1993  0 0 0.582923 0.625657 0.675601 0.755018 0.786625 0.777753 0.8275 0.8275 0 0 0 0 0
566 1_1_1 1993  0 0 0.580041 0.596783 0.644555 0.75666 0.840851 0.75 0 0 0 0 0 0 0
567 1_1_1 1993  0 0 0.653999 0.621998 0.727173 0.742991 0.824392 0.796716 0 0 0 0 0 0 0
568 1_1_1 1993  0 0 0.581328 0.631171 0.688607 0.767052 0.82184 0.765314 1.15 0 0 0 0 0 0
569 1_1_1 1993  0 0 0.555021 0.664902 0.701931 0.77411 0.806618 0.817194 1.0425 1.0425 0 0 0 0 0
570 1_1_1 1993  0 0 0.567896 0.595416 0.682266 0.75 0.785667 0 0 0 0 0 0 0 0
571 1_1_1 1993  0 0 0.633642 0.635239 0.668335 0.779861 0.810807 0.727778 0 0 0 0 0 0 0
572 1_1_1 1993  0 0 0.573392 0.630024 0.665563 0.762029 0.775759 0.813681 0.935 0.935 0 0 0 0 0
573 1_1_1 1993  0 0 0.59056 0.66448 0.707027 0.78268 0.810831 0.839537 1.15 0 0 0 0 0 0
574 1_1_1 1993  0 0 0.603178 0.652037 0.667973 0.764795 0.794535 0.741389 1.15 0 0 0 0 0 0
575 1_1_1 1993  0 0 0.568148 0.638124 0.693713 0.776287 0.880412 0.832881 0 0 0 0 0 0 0
576 1_1_1 1993  0 0 0.579544 0.628832 0.704913 0.807143 0.776736 0.839939 0.806 0.806 0 0 0 0 0
577 1_1_1 1993  0 0 0.556678 0.606237 0.722267 0.783873 0.822759 0.82087 0 0 0 0 0 0 0
578 1_1_1 1993  0 0 0.622633 0.61266 0.73346 0.791441 0.805349 0.782912 1.15 0 0 0 0 0 0
579 1_1_1 1993  0 0 0.598093 0.653057 0.713453 0.763832 0.805748 0.826721 0.935 0.935 0 0 0 0 0
580 1_1_1 1993  0 0 0.591962 0.609452 0.71375 0.773225 0.791214 0.833704 0 0 0 0 0 0 0
581 1_1_1 1993  0 0 0.601733 0.579919 0.685643 0.772859 0.833149 0 0 0.72 0 0 0 0 0
582 1_1_1 1993  0 0 0.433333 0.636761 0.698285 0.831436 0.796774 0 0 0 0 0 0 0 0
583 1_1_1 1993  0 0 0.548745 0.623107 0.696172 0.772252 0.849662 0.814142 0 0.72 0 0 0 0 0
584 1_1_1 1993  0 0 0.589128 0.599814 0.702263 0.764148 0.84092 0.834992 0 0 0 0 0 0 0
585 1_1_1 1993  0 0 0.566366 0.603699 0.668301 0.807143 0.831038 0.807143 0 0.72 0 0 0 0 0
586 1_1_1 1993  0 0 0.54855 0.598965 0.635208 0.764873 0.75 0.825 0.935 0.935 0 0 0 0 0
587 1_1_1 1993  0 0 0.578839 0.623986 0.703787 0.755224 0.844628 0.916667 1.15 0 0 0 0 0 0
588 1_1_1 1993  0 0 0.577835 0.629554 0.640265 0.75 0.829882 0.85 0 0.72 0 0 0 0 0
589 1_1_1 1993  0 0 0.601236 0.622951 0.710151 0.758842 0.881722 0.744053 1.00667 1.00667 0 0 0 0 0
590 1_1_1 1993  0 0 0.496655 0.626764 0.688766 0.766724 0.885162 0.725 0.791667 0.791667 0 0 0 0 0
591 1_1_1 1993  0 0 0.571839 0.645019 0.702788 0.806875 0.943487 0.795855 0 0.72 0 0 0 0 0
592 1_1_1 1993  0 0 0.572546 0.631221 0.689043 0.763209 0.78163 0.716667 0 0 0 0 0 0 0
593 1_1_1 1993  0 0 0.586302 0.6559 0.708585 0.843418 0.898299 0.809091 0 0.72 0 0 0 0 0
594 1_1_1 1993  0 0 0.591552 0.64734 0.730742 0.9 0.9 0 0 0.72 0 0 0 0 0
595 1_1_1 1993  0 0 0.571512 0.617971 0.617301 0.746846 0.819291 0.783968 0 0 0 0 0 0 0
596 1_1_1 1993  0 0 0.572918 0.607473 0.609786 0.744159 0.788866 0.782862 0 0 0 0 0 0 0
597 1_1_1 1993  0 0 0.607272 0.632652 0.68944 0.754006 0.800396 0.75234 0.935 0.935 0 0 0 0 0
598 1_1_1 1993  0 0 0.582061 0.628175 0.682835 0.803559 0.951773 0.744479 0 0 0 0 0 0 0
599 1_1_1 1993  0 0 0.613356 0.616274 0.691585 0.775711 0.864746 0.71 1.15 0 0 0 0 0 0
600 1_1_1 1993  0 0 0.586574 0.683333 0.671799 0.8 0.943967 0.7 0 0 0 0 0 0 0
601 1_1_1 1993  0 0 0.592639 0.603351 0.647558 0.75 0.797606 0.797606 0 0.72 0 0 0 0 0
602 1_1_1 1993  0 0 0.580442 0.65749 0.64812 0.760243 0.841638 0.772222 1.15 0 0 0 0 0 0
603 1_1_1 1993  0 0 0.588333 0.611094 0.655788 0.757975 0.787096 0 0 0.72 0 0 0 0 0
604 1_1_1 1993  0 0 0.605016 0.62943 0.666021 0.746644 0.779497 0.764286 0 0 0 0 0 0 0
605 1_1_1 1993  0 0 0.570609 0.661528 0.693825 0.725 0.794096 0.799904 0.863333 0.863333 0 0 0 0 0
606 1_1_1 1993  0 0 0.590463 0.633914 0.685821 0.780465 0.820992 0.821196 0 0 0 0 0 0 0
607 1_1_1 1993  0 0 0.590735 0.606607 0.683745 0.796381 0.893556 0.869066 0 0.72 0 0 0 0 0
608 1_1_1 1993  0 0 0.604742 0.65167 0.674003 0.774177 0.785559 0.796622 1.15 0 0 0 0 0 0
609 1_1_1 1993  0 0 0.60588 0.701061 0.673542 0.784173 0.778544 0.762843 1.15 0 0 0 0 0 0
610 1_1_1 1993  0 0 0.593241 0.64691 0.704919 0.781441 0.859679 0.777626 0 0 0 0 0 0 0
611 1_1_1 1993  0 0 0.569585 0.667023 0.694202 0.812447 0.8375 0.825 0 0.72 0 0 0 0 0
612 1_1_1 1993  0 0 0.585587 0.613922 0.684874 0.8087 0.844441 0.725 0 0 0 0 0 0 0
613 1_1_1 1993  0 0 0.612343 0.639783 0.670306 0.787037 0.804498 0.754699 1.15 0 0 0 0 0 0
614 1_1_1 1993  0 0 0.602061 0.645239 0.701027 0.841124 0.845686 0.8 1.00667 1.00667 0 0 0 0 0
615 1_1_1 1993  0 0 0.588426 0.62889 0.667142 0.761208 0.777496 0.74004 0 0.72 0 0 0 0 0
616 1_1_1 1993  0 0 0.586751 0.671596 0.702496 0.811995 0.811619 0.816667 1.15 0 0 0 0 0 0
617 1_1_1 1993  0 0 0.629124 0.63174 0.713615 0.805673 0.820025 0.85 0 0 0 0 0 0 0
618 1_1_1 1993  0 0 0.564639 0.598788 0.678331 0.742461 0.858333 0.774323 0.935 0.935 0 0 0 0 0
619 1_1_1 1993  0 0 0.529368 0.647984 0.719196 0.839702 0.781831 0.786695 0 0 0 0 0 0 0
620 1_1_1 1993  0 0 0.607989 0.676595 0.670104 0.788327 0.798409 0.801275 1.15 0 0 0 0 0 0
621 1_1_1 1993  0 0 0.577453 0.602075 0.628491 0.75 0.779902 0.75 0 0.72 0 0 0 0 0
622 1_1_1 1993  0 0 0.618486 0.644119 0.691321 0.748077 0.868215 0.744675 0 0.72 0 0 0 0 0
623 1_1_1 1993  0 0 0.45 0.65 0 0 0.8 0 0 0 0 0 0 0 0
624 1_1_1 1993  0 0 0.5 0.634613 0.679509 0.790096 0.853698 0.777202 0 0.72 0 0 0 0 0
625 1_1_1 1993  0 0 0.45 0.75 0.718663 0.9 0.9 0.7 0 0.72 0 0 0 0 0
626 1_1_1 1993  0 0 0.601435 0.672182 0.707632 0.769235 0.865369 0.762198 0 0 0 0 0 0 0
627 1_1_1 1993  0 0 0.573968 0.67446 0.671171 0.750653 0.781279 0.764929 0.935 0.935 0 0 0 0 0
628 1_1_1 1993  0 0 0.599006 0.625 0.672175 0.725 0.784861 0.753312 0 0.72 0 0 0 0 0
629 1_1_1 1993  0 0 0.58703 0.445 0.6125 0.737993 0.83125 0.83125 0 0.72 0 0 0 0 0
630 1_1_1 1993  0 0 0.577165 0.610666 0.693062 0.758429 0.818757 0.72553 0 0.72 0 0 0 0 0
631 1_1_1 1993  0 0 0.579132 0.607966 0.676824 0.751692 0.843214 0.843214 0 0 0 0 0 0 0
632 1_1_1 1993  0 0 0.558766 0.634657 0.683493 0.792761 0.848775 0.816667 0.892 0.892 0 0 0 0 0
633 1_1_1 1993  0 0 0.587399 0.592368 0.616231 0.759098 0.853936 0.778571 0 0 0 0 0 0 0
634 1_1_1 1993  0 0 0.570833 0.466667 0.659507 0.806751 0.818689 0.808333 0 0.72 0 0 0 0 0
635 1_1_1 1993  0 0 0.600831 0.620252 0.675906 0.790889 0.807794 0.757064 0 0 0 0 0 0 0
636 1_1_1 1993  0 0 0.591925 0.653604 0.608689 0.756721 0.779695 0.794529 0 0 0 0 0 0 0
637 1_1_1 1993  0 0 0.589813 0.602943 0.662847 0.767036 0.894155 0.759298 0 0 0 0 0 0 0
638 1_1_1 1993  0 0 0.56218 0.630013 0.675611 0.755804 0.830485 0.827778 0.88125 0.88125 0 0 0 0 0
639 1_1_1 1993  0 0 0.566191 0.643113 0.692855 0.803623 0.808658 0.94 1.15 0 0 0 0 0 0
640 1_1_1 1993  0 0 0.590133 0.658614 0.709472 0.787254 0.832456 0.764003 0.935 0.935 0 0 0 0 0
641 1_1_1 1993  0 0 0.601759 0.610236 0.684601 0.754287 0.797915 0.752431 1.15 0 0 0 0 0 0
642 1_1_1 1993  0 0 0.597575 0.682707 0.685517 0.786517 0.760321 0.850347 1.0425 1.0425 0 0 0 0 0
643 1_1_1 1993  0 0 0.592639 0.650886 0.626983 0.750507 0.76116 0.75 1.15 0 0 0 0 0 0
644 1_1_1 1993  0 0 0.598496 0.643182 0.643889 0.758622 0.765738 0.787124 0.791667 0.791667 0 0 0 0 0
645 1_1_1 1993  0 0 0.621925 0.518776 0.648719 0.783434 0.768824 0.794791 0 0.72 0 0 0 0 0
646 1_1_1 1993  0 0 0.595895 0.635131 0.649459 0.782892 0 0.714851 0.8275 0.8275 0 0 0 0 0
647 1_1_1 1993  0 0 0.556866 0.588156 0.6 0.736512 0.778446 0.808183 0 0.72 0 0 0 0 0
648 1_1_1 1993  0 0 0.582795 0.638763 0.693373 0.747403 0.910604 0.7 0 0.72 0 0 0 0 0
649 1_1_1 1993  0 0 0.578862 0.613681 0.690788 0.777566 0.84846 0.746784 0.935 0.935 0 0 0 0 0
650 1_1_1 1993  0 0 0.583532 0.682465 0.687706 0.797818 0.836912 0.775159 0 0.72 0 0 0 0 0
651 1_1_1 1993  0 0 0.579481 0.636025 0.663678 0.744622 0.833308 0.751949 0 0.72 0 0 0 0 0
652 1_1_1 1993  0 0 0.595276 0.605319 0.666647 0.758114 0.75 0.792308 0 0.72 0 0 0 0 0
653 1_1_1 1993  0 0 0.56923 0.592987 0.620475 0.75 0.75 0.75 0 0.72 0 0 0 0 0
654 1_1_1 1993  0 0 0.560247 0.607139 0.64754 0.766052 0.829597 0.837504 0 0 0 0 0 0 0
655 1_1_1 1993  0 0 0.59201 0.589287 0.594978 0.75 0.785602 0.773364 0 0.72 0 0 0 0 0
656 1_1_1 1993  0 0 0.567045 0.597995 0.695049 0.718087 0.903722 0 0 0 0 0 0 0 0
657 1_1_1 1993  0 0 0.536038 0.566667 0.709654 0.761059 0.795718 0.79206 0.935 0.935 0 0 0 0 0
658 1_1_1 1993  0 0 0.643989 0.662145 0.689163 0.787037 0.752244 0.789206 1.15 0 0 0 0 0 0
659 1_1_1 1993  0 0 0.53404 0.650395 0.691836 0.773448 0.909935 0.8875 0 0.72 0 0 0 0 0
660 1_1_1 1993  0 0 0.610657 0.607366 0.713284 0.73 0.799703 0.74013 0 0 0 0 0 0 0
661 1_1_1 1993  0 0 0.571504 0.646438 0.66996 0.778539 0.826197 0.733842 0.806 0.806 0 0 0 0 0
662 1_1_1 1993  0 0 0.589613 0.601019 0.63909 0.71222 0.755882 0.801963 0 0 0 0 0 0 0
663 1_1_1 1993  0 0 0.58784 0.63554 0.682836 0.812425 0.820666 0.80625 0 0.72 0 0 0 0 0
664 1_1_1 1993  0 0 0.591461 0.638557 0.686202 0.738632 0.76995 0.786185 0 0.72 0 0 0 0 0
665 1_1_1 1993  0 0 0.593694 0.659431 0.67728 0.781975 0.883333 0.798506 1.15 0 0 0 0 0 0
666 1_1_1 1993  0 0 0.577145 0.623045 0.623817 0.767308 0.86 0.807143 0 0 0 0 0 0 0
667 1_1_1 1993  0 0 0.55 0.668901 0.707134 0.800496 0.983526 0.75 1.15 0 0 0 0 0 0
668 1_1_1 1993  0 0 0.577227 0.596968 0.647206 0.776109 0.75 0.755043 0.8275 0.8275 0 0 0 0 0
669 1_1_1 1993  0 0 0.598838 0.644707 0.687945 0.780697 0.844801 0.721429 0 0.72 0 0 0 0 0
670 1_1_1 1993  0 0 0.5 0 0.65 0 1.05 0 0 0 0 0 0 0 0
671 1_1_1 1993  0 0 0.587743 0.648635 0.649122 0.764579 0.772084 0.77716 0.8275 0.8275 0 0 0 0 0
672 1_1_1 1993  0 0 0.606443 0.623702 0.672216 0.767845 0.809458 0.807992 0 0.72 0 0 0 0 0
673 1_1_1 1993  0 0 0.602314 0.601597 0.783333 0.731991 0.815642 0.783333 0.935 0.935 0 0 0 0 0
674 1_1_1 1993  0 0 0.561076 0.617886 0.681279 0.777893 0.796034 0.843572 0.781429 0.781429 0 0 0 0 0
675 1_1_1 1993  0 0 0.596394 0.598543 0.661479 0.768144 0.890825 0.795484 0 0 0 0 0 0 0
676 1_1_1 1993  0 0 0.569337 0.639861 0.645739 0.764486 0.8 0.873322 0 0 0 0 0 0 0
677 1_1_1 1993  0 0 0.54043 0.644934 0.703167 0.769821 0.820638 0.8625 0.978 0.978 0 0 0 0 0
678 1_1_1 1993  0 0 0.602954 0.600147 0.66554 0.75883 0.847879 0.827262 0 0 0 0 0 0 0
679 1_1_1 1993  0 0 0.606155 0.610767 0.718306 0.814159 0.798417 0.796555 0 0.72 0 0 0 0 0
680 1_1_1 1993  0 0 0.601676 0.567736 0.709033 0.740703 0.896466 0.780031 0 0 0 0 0 0 0
681 1_1_1 1993  0 0 0.569598 0.622983 0.692112 0.789005 0.897427 0.760937 0 0.72 0 0 0 0 0
682 1_1_1 1993  0 0 0.586909 0.649363 0.699815 0.786141 0.913255 0.832143 0 0 0 0 0 0 0
683 1_1_1 1993  0 0 0.605397 0.623652 0.665622 0.739924 0.757412 0.781471 1.0425 1.0425 0 0 0 0 0
684 1_1_1 1993  0 0 0.581857 0.606669 0.68166 0.798954 0.843355 0.854866 0 0 0 0 0 0 0
685 1_1_1 1993  0 0 0.570012 0.635503 0.675622 0.746863 0.795068 0.746643 0 0 0 0 0 0 0
686 1_1_1 1993  0 0 0.582485 0.649847 0.701321 0.792881 0.865252 0.825 1.15 0 0 0 0 0 0
687 1_1_1 1993  0 0 0.59117 0.587768 0.698852 0.77305 0.874595 0.858936 0 0 0 0 0 0 0
688 1_1_1 1993  0 0 0.593593 0.668177 0.64643 0.778153 0.765373 0.722727 0.863333 0.863333 0 0 0 0 0
689 1_1_1 1993  0 0 0.595614 0.624677 0.668281 0.761494 0.785128 0.774045 0 0 0 0 0 0 0
690 1_1_1 1993  0 0 0.58225 0.669409 0.7241 0.76049 0.851265 0.823278 1.00667 1.00667 0 0 0 0 0
691 1_1_1 1993  0 0 0.595672 0.601082 0.66176 0.770774 0.764839 0.808624 0 0.72 0 0 0 0 0
692 1_1_1 1993  0 0 0.57766 0.619046 0.733403 0.740541 0.804402 0.850349 0 0 0 0 0 0 0
693 1_1_1 1993  0 0 0.592748 0.67802 0.681209 0.767283 0.776331 0.843756 1.15 0 0 0 0 0 0
694 1_1_1 1993  0 0 0.566511 0.676733 0.685626 0.776735 0.810907 0.925 0 0 0 0 0 0 0
695 1_1_1 1993  0 0 0.521743 0.683675 0.687432 0.8 0 0.741936 1.15 0 0 0 0 0 0
696 1_1_1 1993  0 0 0.575847 0.637663 0.686829 0.768478 0.815625 0.816365 0.935 0.935 0 0 0 0 0
697 1_1_1 1993  0 0 0.566643 0.659063 0.678618 0.823171 0.877125 0.80625 1.15 0 0 0 0 0 0
698 1_1_1 1993  0 0 0.592613 0.62086 0.657453 0.739329 0.775691 0 1.15 0 0 0 0 0 0
699 1_1_1 1993  0 0 0.585872 0.633035 0.673118 0.769945 0.864874 0.810977 0 0.72 0 0 0 0 0
700 1_1_1 1993  0 0 0.607774 0.73201 0.689023 0.774504 0.802543 0 0.935 0.935 0 0 0 0 0
701 1_1_1 1993  0 0 0.567463 0.622659 0.689661 0.786432 0.832348 0.80625 1.15 0 0 0 0 0 0
702 1_1_1 1993  0 0 0.589606 0.603936 0.672675 0.736122 0.809687 0.756925 0 0 0 0 0 0 0
703 1_1_1 1993  0 0 0.596583 0.574443 0.698172 0.770223 0.806166 0.83 1.15 0 0 0 0 0 0
704 1_1_1 1993  0 0 0.605396 0.634128 0.681172 0.80964 0.802251 0.804716 1.15 0 0 0 0 0 0
705 1_1_1 1993  0 0 0.618 0.640683 0.658585 0.758736 0.777896 0.775 1.15 0 0 0 0 0 0
706 1_1_1 1993  0 0 0.597362 0.665626 0.717602 0.783664 0.833057 0.727778 0.935 0.935 0 0 0 0 0
707 1_1_1 1993  0 0 0.622264 0.63951 0.676638 0.788125 0.846672 0.7875 0 0.72 0 0 0 0 0
708 1_1_1 1993  0 0 0.543955 0.62944 0.722643 0.7622 0.907876 0.812902 0 0.72 0 0 0 0 0
709 1_1_1 1993  0 0 0.573809 0.586651 0.686164 0.772505 0.859063 0.816667 0 0.72 0 0 0 0 0
710 1_1_1 1993  0 0 0.611676 0.671701 0.685607 0.736719 0.75 0.828949 1.15 0 0 0 0 0 0
711 1_1_1 1993  0 0 0.509829 0.645205 0.693246 0.829362 0.85504 0.84 0.781429 0.781429 0 0 0 0 0
712 1_1_1 1993  0 0 0.576008 0.659553 0.687333 0.765642 0.8611 0.725 1.15 0 0 0 0 0 0
713 1_1_1 1993  0 0 0.604755 0.641045 0.694779 0.781789 0.790926 0 1.15 0 0 0 0 0 0
714 1_1_1 1993  0 0 0.593555 0.608112 0.70224 0.772178 0.855207 0.775157 0.935 0.935 0 0 0 0 0
715 1_1_1 1993  0 0 0.586796 0.635401 0.719125 0.775208 0.916263 0.829761 0 0.72 0 0 0 0 0
716 1_1_1 1993  0 0 0.425 0.722816 0.686442 0.7625 0.839089 0 0.863333 0.863333 0 0 0 0 0
717 1_1_1 1993  0 0 0.52556 0.44 0.670968 0.751564 0.796882 0.812547 0.863333 0.863333 0 0 0 0 0
718 1_1_1 1993  0 0 0.623266 0.58345 0.666267 0.793518 0.896429 0.735621 0 0.72 0 0 0 0 0
719 1_1_1 1993  0 0 0.542381 0.626769 0.649977 0.797532 0.900174 0 0 0 0 0 0 0 0
720 1_1_1 1993  0 0 0.55 0.609858 0.75 0.75 0.838017 0 0 0.72 0 0 0 0 0
721 1_1_1 1993  0 0 0.617059 0.610701 0.678113 0.76415 0.764935 0.749107 1.15 0 0 0 0 0 0
722 1_1_1 1993  0 0 0.586119 0.61514 0.677835 0.776839 0.756349 0.786345 0 0 0 0 0 0 0
723 1_1_1 1993  0 0 0.557832 0.608333 0.61928 0.75 0.789381 0.791411 0 0.72 0 0 0 0 0
724 1_1_1 1993  0 0 0.572454 0.593838 0.617164 0.75 0.757167 0.75 0.935 0.935 0 0 0 0 0
725 1_1_1 1993  0 0 0.6 0.641721 0.698725 0.821879 0.882617 0.82 1.15 0 0 0 0 0 0
726 1_1_1 1993  0 0 0.531208 0.627644 0.68594 0.795248 0.9007 0.725 0 0.72 0 0 0 0 0
727 1_1_1 1993  0 0 0.55588 0.680388 0.657358 0.95 0 0.7 1.15 0 0 0 0 0 0
728 1_1_1 1993  0 0 0.568585 0.635264 0.667347 0.818965 0.799697 0.733333 1.15 0 0 0 0 0 0
729 1_1_1 1993  0 0 0.621918 0.669696 0.693335 0.813558 0 0.762114 1.15 0 0 0 0 0 0
730 1_1_1 1993  0 0 0.590819 0.64915 0.70669 0.8133 0.880851 0 0 0 0 0 0 0 0
731 1_1_1 1993  0 0 0.600604 0.651053 0.691532 0.791785 0.75 0.792193 0 0 0 0 0 0 0
732 1_1_1 1993  0 0 0.597261 0.612522 0.724708 0.749321 0.850639 0.800032 0 0 0 0 0 0 0
733 1_1_1 1993  0 0 0.560055 0.626176 0.655544 0.746108 0.78841 0.8 0 0 0 0 0 0 0
734 1_1_1 1993  0 0 0.561879 0.616637 0.701465 0.766431 0.851929 0.749812 0 0 0 0 0 0 0
735 1_1_1 1993  0 0 0.589061 0.638176 0.673689 0.782861 0.846161 0.730842 0 0 0 0 0 0 0
736 1_1_1 1993  0 0 0.597178 0.621612 0.700689 0.818188 0.846431 0.742954 0 0 0 0 0 0 0
737 1_1_1 1993  0 0 0.604404 0.645776 0.697101 0.787426 0.841578 0.79544 1.15 0 0 0 0 0 0
738 1_1_1 1993  0 0 0.582106 0.609038 0.672645 0.800162 0.849161 0.84 0 0.72 0 0 0 0 0
739 1_1_1 1993  0 0 0.570476 0.608334 0.715717 0.751963 0.781575 0.8558 0 0.72 0 0 0 0 0
740 1_1_1 1993  0 0 0.59452 0.616408 0.71285 0.75009 0.879966 0.73 0 0 0 0 0 0 0
741 1_1_1 1993  0 0 0.55254 0.682036 0.695122 0.812557 0.810995 0.825 1.07182 1.07182 0 0 0 0 0
742 1_1_1 1993  0 0 0.59619 0.579877 0.65661 0.761473 0.817723 0.79 0.935 0.935 0 0 0 0 0
743 1_1_1 1993  0 0 0.607766 0.633457 0.682676 0.772204 0.878469 0.735318 0 0 0 0 0 0 0
744 1_1_1 1993  0 0 0.61135 0.643406 0.695424 0.752491 0.774833 0.811313 0 0 0 0 0 0 0
745 1_1_1 1993  0 0 0.613877 0.626381 0.719469 0.778798 0.777383 0.743395 0 0.72 0 0 0 0 0
746 1_1_1 1993  0 0 0.587834 0.648021 0.700131 0.765093 0.792857 0.792857 1.15 0 0 0 0 0 0
747 1_1_1 1993  0 0 0.615413 0.631649 0.692314 0.804136 0.862678 0.739548 0 0 0 0 0 0 0
748 1_1_1 1993  0 0 0.579224 0.504043 0.691419 0.759115 0.774886 0.711917 0 0.72 0 0 0 0 0
749 1_1_1 1993  0 0 0.546793 0.6136 0.679315 0.757318 0.87401 0.85 0 0.72 0 0 0 0 0
750 1_1_1 1993  0 0 0.570138 0.648621 0.705429 0.776062 0.869667 0.851366 0 0 0 0 0 0 0
751 1_1_1 1993  0 0 0.565502 0.619246 0.716568 0.782961 0.810191 0.78 0.781429 0.781429 0 0 0 0 0
752 1_1_1 1993  0 0 0.594274 0.636221 0.703448 0.765287 0.89777 0.788434 0 0 0 0 0 0 0
753 1_1_1 1993  0 0 0.643306 0.6875 0.708796 0.763218 0.798885 0.84876 0 0 0 0 0 0 0
754 1_1_1 1993  0 0 0.618754 0.65519 0.688578 0.816563 0.803148 0 1.15 0 0 0 0 0 0
755 1_1_1 1993  0 0 0.605985 0.646048 0.633176 0.728824 0.763377 0.80586 0 0.72 0 0 0 0 0
756 1_1_1 1993  0 0 0.629353 0.606112 0.629077 0.773726 0.855518 0.748558 0 0 0 0 0 0 0
757 1_1_1 1993  0 0 0.59658 0.615625 0.692609 0.727904 0.77191 0.777528 1.09625 1.09625 0 0 0 0 0
758 1_1_1 1993  0 0 0.549095 0.625631 0.649071 0.762075 0.773074 0 0.935 0.935 0 0 0 0 0
759 1_1_1 1993  0 0 0.589329 0.610025 0.65914 0.8 0.786568 0.8 1.0425 1.0425 0 0 0 0 0
760 1_1_1 1993  0 0 0.561889 0.616667 0.694291 0.81 0.798649 0.785734 0 0.72 0 0 0 0 0
761 1_1_1 1993  0 0 0 0.657776 0.767925 0.754059 0.789899 0.818334 0 0.72 0 0 0 0 0
762 1_1_1 1993  0 0 0.560375 0.600248 0.692972 0.8404 0.91273 0.837434 0 0 0 0 0 0 0
763 1_1_1 1993  0 0 0.50179 0.661828 0.687536 0.746982 0.869966 0.825 0 0 0 0 0 0 0
764 1_1_1 1993  0 0 0.580836 0.606514 0.613708 0.753551 0.844793 0.790318 0 0.72 0 0 0 0 0
765 1_1_1 1993  0 0 0.588934 0.624297 0.658191 0.752946 0.774808 0.751767 1.15 0 0 0 0 0 0
766 1_1_1 1993  0 0 0.572767 0.649425 0.654107 0.75 0.766023 0 0 0.72 0 0 0 0 0
767 1_1_1 1993  0 0 0.556191 0.584146 0.591403 0.755 0.846411 0.789036 0 0.72 0 0 0 0 0
768 1_1_1 1993  0 0 0.592514 0.654013 0.702491 0.828571 0.882206 0.828571 1.15 0 0 0 0 0 0
769 1_1_1 1993  0 0 0.45 0.620891 0.678351 0.761991 0.830653 0.816667 0 0 0 0 0 0 0
770 1_1_1 1993  0 0 0.579428 0.597039 0.704972 0.77725 0.83612 0.78995 0 0 0 0 0 0 0
771 1_1_1 1993  0 0 0.569761 0.610394 0.696152 0.791667 0.827371 0.791667 0 0 0 0 0 0 0
772 1_1_1 1993  0 0 0.595734 0.637472 0.688435 0.763605 0.799157 0.73807 1.15 0 0 0 0 0 0
773 1_1_1 1993  0 0 0.607034 0.629562 0.714943 0.75949 0.828824 0.738889 0.806 0.806 0 0 0 0 0
774 1_1_1 1993  0 0 0.565952 0.640529 0.705979 0.780131 0.836245 0.879675 0.935 0.935 0 0 0 0 0
775 1_1_1 1993  0 0 0.593239 0.605961 0.707618 0.750924 0.928016 0.743188 0 0 0 0 0 0 0
776 1_1_1 1993  0 0 0.421429 0.621064 0.691121 0.804212 0.91403 0 0 0.72 0 0 0 0 0
777 1_1_1 1993  0 0 0.586004 0.642476 0.655363 0.785859 0.785629 0.833333 1.00667 1.00667 0 0 0 0 0
778 1_1_1 1993  0 0 0.572737 0.618662 0.740241 0.757035 0.803008 0.808808 0.935 0.935 0 0 0 0 0
779 1_1_1 1993  0 0 0.566317 0.612431 0.695678 0.752985 0.869488 0.9 0 0 0 0 0 0 0
780 1_1_1 1993  0 0 0.616868 0.656443 0.696179 0.744411 0.759174 0.760884 1.15 0 0 0 0 0 0
781 1_1_1 1993  0 0 0.570415 0.6375 0.694365 0.857713 0.912174 0 0 0 0 0 0 0 0
782 1_1_1 1993  0 0 0.611311 0.61791 0.686227 0.769714 0.840353 0 1.00667 1.00667 0 0 0 0 0
783 1_1_1 1993  0 0 0.588521 0.721921 0.67333 0.771577 0.803226 0.764243 1.08857 1.08857 0 0 0 0 0
784 1_1_1 1993  0 0 0.594303 0.624867 0.690855 0.74 0.769205 0.814791 1.15 0 0 0 0 0 0
785 1_1_1 1993  0 0 0.564645 0.641264 0.744499 0.76821 0.801486 0.746165 0 0 0 0 0 0 0
786 1_1_1 1993  0 0 0.598447 0.660501 0.709727 0.821582 1.0017 0.770385 0 0 0 0 0 0 0
787 1_1_1 1993  0 0 0.57981 0.741534 0.698271 0.792962 0.917133 0.825 0 0.72 0 0 0 0 0
788 1_1_1 1993  0 0 0.595283 0.644533 0.704015 0.802944 0.865553 0 0.935 0.935 0 0 0 0 0
789 1_1_1 1993  0 0 0.566041 0.592429 0.708577 0.756115 0.784898 0.793054 0 0.72 0 0 0 0 0
790 1_1_1 1993  0 0 0.604814 0.595224 0.689793 0.796599 0.893246 0.71 0 0.72 0 0 0 0 0
791 1_1_1 1993  0 0 0.562541 0.59261 0.659565 0.762719 0.822329 0.775 0 0 0 0 0 0 0
792 1_1_1 1993  0 0 0.578285 0.596717 0.627212 0.7875 0.86 0.7875 0 0 0 0 0 0 0
793 1_1_1 1993  0 0 0.58261 0.601116 0.705276 0.745497 0.895057 0.733347 0 0 0 0 0 0 0
794 1_1_1 1993  0 0 0.587973 0.584 0.740897 0.761645 0.889236 0.834067 0 0.72 0 0 0 0 0
795 1_1_1 1993  0 0 0.55465 0.644371 0.724029 0.732241 0.818707 0 0 0.72 0 0 0 0 0
796 1_1_1 1993  0 0 0.567607 0.64537 0.680394 0.772538 0.778945 0.796506 0.965714 0.965714 0 0 0 0 0
797 1_1_1 1993  0 0 0.596761 0.654032 0.682066 0.77531 0.839836 0.822835 0.935 0.935 0 0 0 0 0
798 1_1_1 1993  0 0 0.601598 0.6425 0.700755 0.782854 0.83068 0 0 0.72 0 0 0 0 0
799 1_1_1 1993  0 0 0.56058 0.622754 0.616204 0.756408 0.801762 0.77531 0 0.72 0 0 0 0 0
800 1_1_1 1993  0 0 0.563314 0.643217 0.701937 0.815519 0.896326 0.845798 0 0.72 0 0 0 0 0
801 1_1_1 1993  0 0 0.558146 0.619433 0.680703 0.768358 0.88918 0.781868 0 0 0 0 0 0 0
802 1_1_1 1993  0 0 0.588587 0.591912 0.707018 0.775 0.813734 0.863617 1.15 0 0 0 0 0 0
803 1_1_1 1993  0 0 0.585113 0.623345 0.681696 0.800608 0.976862 0.796789 1.15 0 0 0 0 0 0
804 1_1_1 1993  0 0 0.573701 0.616616 0.697972 0.853024 0.959312 0.83 0 0 0 0 0 0 0
805 1_1_1 1993  0 0 0.589012 0.620262 0.680993 0.73699 0.776605 0.825701 0 0.72 0 0 0 0 0
806 1_1_1 1993  0 0 0.53253 0.672388 0.683255 0.829762 0.827535 0.736364 0 0.72 0 0 0 0 0
807 1_1_1 1993  0 0 0.563314 0.638348 0.68862 0.759709 0.788278 0 0.935 0.935 0 0 0 0 0
808 1_1_1 1993  0 0 0.583197 0.634584 0.687229 0.799798 0.896674 0.8375 0 0.72 0 0 0 0 0
809 1_1_1 1993  0 0 0.598514 0.637373 0.676887 0.780671 0.800162 0.744072 1.15 0 0 0 0 0 0
810 1_1_1 1993  0 0 0.57519 0.624054 0.687287 0.783073 0.788941 0.731818 1.15 0 0 0 0 0 0
811 1_1_1 1993  0 0 0.587532 0.586453 0.655957 0.752117 0.829806 0.7 0 0 0 0 0 0 0
812 1_1_1 1993  0 0 0.581926 0.671628 0.681667 0.754167 0.770247 0.843173 1.15 0 0 0 0 0 0
813 1_1_1 1993  0 0 0.531678 0.663964 0.698407 0.775 0.784411 0.829747 0.892 0.892 0 0 0 0 0
814 1_1_1 1993  0 0 0.582576 0.67001 0.697725 0.733333 0.815913 0.810451 1.064 1.064 0 0 0 0 0
815 1_1_1 1993  0 0 0.542477 0.642265 0.675276 0.812901 0.824964 0.728571 0.935 0.935 0 0 0 0 0
816 1_1_1 1993  0 0 0.609666 0.633459 0.675798 0.789041 0.815 0.777088 0 0.72 0 0 0 0 0
817 1_1_1 1993  0 0 0.607334 0.647773 0.669095 0.773523 0.807448 0.795 0.935 0.935 0 0 0 0 0
818 1_1_1 1993  0 0 0.580773 0.642717 0.670414 0.752309 0.856388 0.725 0 0 0 0 0 0 0
819 1_1_1 1993  0 0 0.587742 0.615458 0.686333 0.757646 0.817562 0.784867 0 0 0 0 0 0 0
820 1_1_1 1993  0 0 0.602656 0.610338 0.682001 0.783364 0.820919 0.77896 1.15 0 0 0 0 0 0
821 1_1_1 1993  0 0 0.555381 0.596951 0.621747 0.740477 0.778028 0.735651 0 0.72 0 0 0 0 0
822 1_1_1 1993  0 0 0.599123 0.618967 0.689771 0.76255 0.759091 0.811283 1.15 0 0 0 0 0 0
823 1_1_1 1993  0 0 0.479057 0.62732 0.697797 0.835832 0.941808 0.716667 0 0.72 0 0 0 0 0
824 1_1_1 1993  0 0 0.591918 0.624617 0.690124 0.752955 0.812435 0.72278 0.863333 0.863333 0 0 0 0 0
825 1_1_1 1993  0 0 0.590501 0.612175 0.670875 0.743661 0.773125 0.722696 0.806 0.806 0 0 0 0 0
826 1_1_1 1993  0 0 0.576489 0.617497 0.712117 0.767099 0.85922 0.811821 1.15 0 0 0 0 0 0
827 1_1_1 1993  0 0 0.494531 0.665038 0.692688 0.86052 0.849255 0.7 1.00667 1.00667 0 0 0 0 0
828 1_1_1 1993  0 0 0.580942 0.638868 0.676432 0.787315 0.84546 0.786567 0.935 0.935 0 0 0 0 0
829 1_1_1 1993  0 0 0.598284 0.643116 0.695524 0.743721 0.856243 0.805812 0 0 0 0 0 0 0
830 1_1_1 1993  0 0 0.599482 0 0.68967 0.75 0.919211 0 0 0.72 0 0 0 0 0
831 1_1_1 1993  0 0 0.581116 0.617271 0.724623 0.762116 0.831399 0.860517 0 0 0 0 0 0 0
832 1_1_1 1993  0 0 0.568998 0.559177 0.705039 0.766667 0.854595 0.79685 0 0.72 0 0 0 0 0
833 1_1_1 1993  0 0 0.539066 0.643376 0.677072 0.812917 0.838604 0.7375 0.8275 0.8275 0 0 0 0 0
834 1_1_1 1993  0 0 0.596258 0.602959 0.644557 0.752973 0.813359 0.800413 0 0.72 0 0 0 0 0
835 1_1_1 1993  0 0 0.544517 0.66128 0.662793 0.78118 0.790335 0.789632 0 0 0 0 0 0 0
836 1_1_1 1993  0 0 0.645064 0.64372 0.665503 0.763298 0.754028 0.801037 1.15 0 0 0 0 0 0
837 1_1_1 1993  0 0 0.549581 0.66916 0.705485 0.786155 0.954116 0.758972 0 0.72 0 0 0 0 0
838 1_1_1 1993  0 0 0.578163 0.596663 0.705465 0.777508 0.9272 0.870841 0 0 0 0 0 0 0
839 1_1_1 1993  0 0 0.6 0 0.670522 0.791815 0.924802 0.834689 0 0 0 0 0 0 0
840 1_1_1 1993  0 0 0.61052 0.629349 0.688797 0.808325 0.841501 0 1.15 0 0 0 0 0 0
841 1_1_1 1993  0 0 0.601389 0.709622 0.684917 0.769231 0.779188 0.800288 0.911111 0.911111 0 0 0 0 0
842 1_1_1 1993  0 0 0.45 0.681706 0.703921 0.839088 0.861979 0 0.904286 0.904286 0 0 0 0 0
843 1_1_1 1993  0 0 0.575526 0.639668 0.68983 0.799517 0.780732 0.841261 0.863333 0.863333 0 0 0 0 0
844 1_1_1 1993  0 0 0.584902 0.635619 0.701763 0.815162 0.965776 0.751541 0 0.72 0 0 0 0 0
845 1_1_1 1993  0 0 0.570086 0.615578 0.623905 0.73623 0.793313 0.789672 0 0.72 0 0 0 0 0
846 1_1_1 1993  0 0 0.441667 0.743044 0.685028 0.772222 0.777446 0 1.09625 1.09625 0 0 0 0 0
847 1_1_1 1993  0 0 0.616539 0.65543 0.665889 0.755517 0.765494 0.779947 0 0 0 0 0 0 0
848 1_1_1 1993  0 0 0.575064 0.652409 0.695899 0.75 0.876919 0.80973 1.15 0 0 0 0 0 0
849 1_1_1 1993  0 0 0.597473 0.722754 0.671084 0.808618 0.805286 0.777811 1.15 0 0 0 0 0 0
850 1_1_1 1993  0 0 0.578342 0.633261 0.617496 0.751732 0.856186 0.828827 0 0.72 0 0 0 0 0
851 1_1_1 1993  0 0 0.601124 0.55 0.680126 0.754055 0.875 0.8 0 0 0 0 0 0 0
852 1_1_1 1993  0 0 0.571483 0.577193 0.702218 0.808505 0.876334 0.830323 0 0 0 0 0 0 0
853 1_1_1 1993  0 0 0.592119 0.59192 0.687351 0.744337 0.852319 0.77527 0 0 0 0 0 0 0
854 1_1_1 1993  0 0 0.594131 0.637353 0.701873 0.748502 0.75 0.730642 1.15 0 0 0 0 0 0
855 1_1_1 1993  0 0 0.561947 0.63288 0.693589 0.802529 0.75 0.735714 0.935 0.935 0 0 0 0 0
856 1_1_1 1993  0 0 0.580414 0.619836 0.695556 0.7 0.808335 0.907143 1.15 0 0 0 0 0 0
857 1_1_1 1993  0 0 0.603325 0.62634 0.727777 0.814812 0.825478 0.822328 1.064 1.064 0 0 0 0 0
858 1_1_1 1993  0 0 0.595641 0.674272 0.713012 0.847008 0.812569 0.73 1.15 0 0 0 0 0 0
859 1_1_1 1993  0 0 0.588414 0.621509 0.673589 0.775921 0.861648 0.78988 0 0 0 0 0 0 0
860 1_1_1 1993  0 0 0.620329 0.656194 0.643697 0.780912 0 0.721429 0 0 0 0 0 0 0
861 1_1_1 1993  0 0 0.563151 0.610965 0.660334 0.799081 0.917894 0.779354 0 0 0 0 0 0 0
862 1_1_1 1993  0 0 0.530735 0.61958 0.686635 0.785734 0.81688 0.833333 0.8275 0.8275 0 0 0 0 0
863 1_1_1 1993  0 0 0.548456 0.625153 0.666728 0.815128 0.81333 0.729167 1.00667 1.00667 0 0 0 0 0
864 1_1_1 1993  0 0 0.583339 0.709571 0.672707 0.761636 0.809089 0.77735 0.806 0.806 0 0 0 0 0
865 1_1_1 1993  0 0 0.568006 0.641938 0.63587 0.780308 0.762456 0.714286 0 0.72 0 0 0 0 0
866 1_1_1 1993  0 0 0.599274 0.624776 0.699683 0.788924 0.898641 0.818888 0 0.72 0 0 0 0 0
867 1_1_1 1993  0 0 0.585486 0.625277 0.625772 0.725195 0.779418 0.807827 0 0.72 0 0 0 0 0
868 1_1_1 1993  0 0 0.570725 0.621729 0.680719 0.758547 0.791204 0.800336 1.02714 1.02714 0 0 0 0 0
869 1_1_1 1993  0 0 0.595397 0.608697 0.678811 0.75 0.858193 0 0 0 0 0 0 0 0
870 1_1_1 1993  0 0 0.58541 0.654757 0.703846 0.817366 0.806735 0.844444 0 0.72 0 0 0 0 0
871 1_1_1 1993  0 0 0.590098 0.635607 0.669808 0.76771 0.808804 0.823062 0 0 0 0 0 0 0
872 1_1_1 1993  0 0 0.606099 0.611697 0.682586 0.7 0.829888 0 0 0 0 0 0 0 0
873 1_1_1 1993  0 0 0.585257 0.621868 0.679497 0.745782 0.768867 0 1.0425 1.0425 0 0 0 0 0
874 1_1_1 1993  0 0 0.576317 0.656184 0.685872 0.734783 0.780443 0.815945 0.806 0.806 0 0 0 0 0
875 1_1_1 1993  0 0 0.458333 0.685885 0.672537 0.76 0.758411 0.777826 1.15 0 0 0 0 0 0
876 1_1_1 1993  0 0 0.588344 0.614405 0.724552 0.745324 0.78258 0.761227 0.935 0.935 0 0 0 0 0
877 1_1_1 1993  0 0 0.597352 0.621194 0.693925 0.830608 0.967588 0.714286 0 0.72 0 0 0 0 0
878 1_1_1 1993  0 0 0.581339 0.667965 0.703187 0.793364 0.805386 0.799359 0 0.72 0 0 0 0 0
879 1_1_1 1993  0 0 0.578957 0.662748 0.68888 0.766674 0.79572 0.758645 1.15 0 0 0 0 0 0
880 1_1_1 1993  0 0 0.572271 0.623185 0.690666 0.770329 0.864055 0 0 0.72 0 0 0 0 0
881 1_1_1 1993  0 0 0.581651 0.618215 0.691058 0.759194 0.767205 0.756511 0 0 0 0 0 0 0
882 1_1_1 1993  0 0 0.597169 0.642348 0.652395 0.798422 0.75 0.725 1.15 0 0 0 0 0 0
883 1_1_1 1993  0 0 0.56099 0.622954 0.694117 0.809753 0.814785 0.790191 1.15 0 0 0 0 0 0
884 1_1_1 1993  0 0 0.585153 0.607758 0.690065 0.741675 0.89685 0.816667 0 0 0 0 0 0 0
885 1_1_1 1993  0 0 0.53455 0.585804 0.677826 0.79033 0.85497 0.716667 0 0 0 0 0 0 0
886 1_1_1 1993  0 0 0.625847 0.679724 0.706787 0.780599 0.982454 0.749221 1.15 0 0 0 0 0 0
887 1_1_1 1993  0 0 0.598505 0.640059 0.672612 0.72938 0.75 0.806051 1.15 0 0 0 0 0 0
888 1_1_1 1993  0 0 0.55 0.6 0.788708 0.706074 0.839976 0.879077 0 0 0 0 0 0 0
889 1_1_1 1993  0 0 0.60033 0.597757 0.693236 0.742556 0.766667 0.809379 0 0 0 0 0 0 0
890 1_1_1 1993  0 0 0.583396 0.602125 0.640456 0.740087 0.77 0.745884 0 0 0 0 0 0 0
891 1_1_1 1993  0 0 0.485629 0.60898 0.590219 0.756982 0.771196 0.814939 0 0.72 0 0 0 0 0
892 1_1_1 1993  0 0 0.598392 0.625164 0.668957 0.730501 0.77506 0.845433 1.15 0 0 0 0 0 0
893 1_1_1 1993  0 0 0.588456 0.616355 0.671147 0.771504 0.916086 0.826567 0 0.72 0 0 0 0 0
894 1_1_1 1993  0 0 0.57084 0.621652 0.682206 0.758977 0.88293 0.753068 0 0 0 0 0 0 0
895 1_1_1 1993  0 0 0.575351 0.594429 0.653167 0.772148 0.788511 0.816667 0 0 0 0 0 0 0
896 1_1_1 1993  0 0 0.600943 0.581817 0.660173 0.838824 0.873544 0.843825 0 0 0 0 0 0 0
897 1_1_1 1993  0 0 0.546702 0.681617 0.691824 0.82578 0.796765 0.725 1.15 0 0 0 0 0 0
898 1_1_1 1993  0 0 0.568461 0.619278 0.692909 0.748665 0.827727 0.7875 0.935 0.935 0 0 0 0 0
899 1_1_1 1993  0 0 0.606459 0.64257 0.718956 0.770229 0.901486 0.880277 1.15 0 0 0 0 0 0
900 1_1_1 1993  0 0 0.581687 0.678149 0.696467 0.79734 0.810449 0.775 0.935 0.935 0 0 0 0 0
901 1_1_1 1993  0 0 0.521158 0.626425 0.755781 0.757694 0.8375 0 1.15 0 0 0 0 0 0
902 1_1_1 1993  0 0 0.617179 0.603147 0.678414 0.754386 0.824455 0.788024 0 0 0 0 0 0 0
903 1_1_1 1993  0 0 0.569452 0.692046 0.679952 0.779274 0.86 0.756692 0.892 0.892 0 0 0 0 0
904 1_1_1 1993  0 0 0.547018 0.655107 0.67596 0.74011 0.781614 0.839091 1.05444 1.05444 0 0 0 0 0
905 1_1_1 1993  0 0 0.594876 0.628728 0.68899 0.788516 0.932373 0.827735 0 0 0 0 0 0 0
906 1_1_1 1993  0 0 0.585428 0.631431 0.678625 0.760557 0.807561 0.818764 0 0.72 0 0 0 0 0
907 1_1_1 1993  0 0 0.600812 0.664828 0.686837 0.778875 0.810108 0.825245 1.15 0 0 0 0 0 0
908 1_1_1 1993  0 0 0.621601 0.611144 0.695762 0.797523 0.851883 0.819789 1.15 0 0 0 0 0 0
909 1_1_1 1993  0 0 0 0.532623 0.698728 0.766667 0 0.745972 0 0.72 0 0 0 0 0
910 1_1_1 1993  0 0 0.587052 0.603685 0.694743 0.764864 0.826797 0 0 0.72 0 0 0 0 0
911 1_1_1 1993  0 0 0.585339 0.61541 0.671519 0.806844 0.962651 0.733333 1.15 0 0 0 0 0 0
912 1_1_1 1993  0 0 0.551583 0.618919 0.6455 0.758233 0.768555 0.788258 1.15 0 0 0 0 0 0
913 1_1_1 1993  0 0 0.579408 0.617292 0.688592 0.761548 0.912003 0.824242 0 0.72 0 0 0 0 0
914 1_1_1 1993  0 0 0.574017 0.664776 0.680297 0.809028 0.775746 0.721429 0 0.72 0 0 0 0 0
915 1_1_1 1993  0 0 0.598364 0.635021 0.708536 0.775981 0.86568 0.825 0 0.72 0 0 0 0 0
916 1_1_1 1993  0 0 0.55327 0.615884 0.679778 0.761588 0.868356 0.85 0 0.72 0 0 0 0 0
917 1_1_1 1993  0 0 0.6625 0.6625 0.659042 0.762078 0.787737 0.8 0 0 0 0 0 0 0
918 1_1_1 1993  0 0 0.573332 0.617534 0.690606 0.754545 0.780491 0.759637 0 0.72 0 0 0 0 0
919 1_1_1 1993  0 0 0.531251 0.688064 0.690365 0.770891 0.817364 0 0.935 0.935 0 0 0 0 0
920 1_1_1 1993  0 0 0.582805 0.59494 0.684256 0.756384 0.878707 0.810017 0 0 0 0 0 0 0
921 1_1_1 1993  0 0 0.590126 0.609962 0.662092 0.754866 0.854794 0.795519 0 0.72 0 0 0 0 0
922 1_1_1 1993  0 0 0.569514 0.680873 0.666574 0.7724 0.794681 0.815385 0.98875 0.98875 0 0 0 0 0
923 1_1_1 1993  0 0 0.597315 0.596152 0.683902 0.75757 0.775 0.815942 1.15 0 0 0 0 0 0
924 1_1_1 1993  0 0 0.605902 0.664678 0.688135 0.770696 0.850588 0.833333 1.15 0 0 0 0 0 0
925 1_1_1 1993  0 0 0 0.75 0.701645 0.853405 0.799954 0.822727 1.15 0 0 0 0 0 0
926 1_1_1 1993  0 0 0.567373 0.604993 0.689752 0.759905 0.905483 0.820183 0 0.72 0 0 0 0 0
927 1_1_1 1993  0 0 0.55 0.65 0.728772 0.753016 0.904576 0.88 0.935 0.935 0 0 0 0 0
928 1_1_1 1993  0 0 0.45 0.735589 0.690212 0.815476 0.808014 0 1.15 0 0 0 0 0 0
929 1_1_1 1993  0 0 0.558898 0.640304 0.682657 0.794682 0.811652 0.81 0 0.72 0 0 0 0 0
930 1_1_1 1993  0 0 0.591349 0.614942 0.68918 0.760506 0.804585 0.764272 0 0 0 0 0 0 0
931 1_1_1 1993  0 0 0.591719 0.601055 0.60842 0.75 0.815886 0.843835 0 0.72 0 0 0 0 0
932 1_1_1 1993  0 0 0.476345 0.608135 0.669992 0.765756 0.894105 0.85 0 0 0 0 0 0 0
933 1_1_1 1993  0 0 0.625016 0.600357 0.676797 0.76563 0.901035 0.855723 0 0 0 0 0 0 0
934 1_1_1 1993  0 0 0.565417 0.696773 0.692456 0.811111 0.793024 0.831069 1.15 0 0 0 0 0 0
935 1_1_1 1993  0 0 0.631875 0.683333 0.676547 0.777678 0.773973 0 0.863333 0.863333 0 0 0 0 0
936 1_1_1 1993  0 0 0.572466 0.618325 0.692118 0.764425 0.81103 0.767793 1.15 0 0 0 0 0 0
937 1_1_1 1993  0 0 0.590573 0.65798 0.68139 0.756233 0.800226 0.835738 1.15 0 0 0 0 0 0
938 1_1_1 1993  0 0 0.575065 0.621097 0.691271 0.762198 0.85924 0.783333 0 0.72 0 0 0 0 0
939 1_1_1 1993  0 0 0.595944 0.599839 0.636951 0.73561 0.8 0.820508 0 0 0 0 0 0 0
940 1_1_1 1993  0 0 0.568367 0.646192 0.681169 0.771326 0.83147 0.822222 0.892 0.892 0 0 0 0 0
941 1_1_1 1993  0 0 0.554769 0.637839 0.700316 0.798833 0.828716 0.72 0.935 0.935 0 0 0 0 0
942 1_1_1 1993  0 0 0.561743 0.654493 0.671263 0.830917 0.785581 0.91 0 0 0 0 0 0 0
943 1_1_1 1993  0 0 0.579218 0.610847 0.698473 0.82772 0.830797 0 0 0.72 0 0 0 0 0
944 1_1_1 1993  0 0 0.555214 0.663515 0.707136 0.73141 0.861308 0.865479 0.863333 0.863333 0 0 0 0 0
945 1_1_1 1993  0 0 0.577377 0.595487 0.699409 0.757509 0.841152 0.760453 0 0 0 0 0 0 0
946 1_1_1 1993  0 0 0.602378 0.583077 0.68137 0.746659 0.79917 0.79306 1.15 0 0 0 0 0 0
947 1_1_1 1993  0 0 0.572501 0.652767 0.708696 0.779083 0.846944 0.8 0.935 0.935 0 0 0 0 0
948 1_1_1 1993  0 0 0.567147 0.650086 0.713764 0.762416 0.822379 0.776994 1.15 0 0 0 0 0 0
949 1_1_1 1993  0 0 0.575696 0.607164 0.647904 0.758636 0.890139 0.8 0 0.72 0 0 0 0 0
950 1_1_1 1993  0 0 0.540352 0.632125 0.677453 0.735714 0.794723 0.760376 0 0.72 0 0 0 0 0
951 1_1_1 1993  0 0 0.621888 0.670885 0.688049 0.812515 0.797876 0.822727 1.15 0 0 0 0 0 0
952 1_1_1 1993  0 0 0.597539 0.656412 0.713738 0.8 0.875148 0.8 0.935 0.935 0 0 0 0 0
953 1_1_1 1993  0 0 0.571786 0.736794 0.706473 0.808874 0.887868 0.818552 0 0.72 0 0 0 0 0
954 1_1_1 1993  0 0 0.45 0.677954 0.68753 0.796836 0.921761 0 0 0.72 0 0 0 0 0
955 1_1_1 1993  0 0 0.570377 0.669565 0.699278 0.77917 0.816668 0.826771 0.978 0.978 0 0 0 0 0
956 1_1_1 1993  0 0 0.598194 0.655533 0.672102 0.762928 0.7645 0.775184 0 0.72 0 0 0 0 0
957 1_1_1 1993  0 0 0.584766 0.598504 0.733531 0.790432 0.862689 0.78 1.0425 1.0425 0 0 0 0 0
958 1_1_1 1993  0 0 0.572344 0.698679 0.695683 0.8 0.830768 0.8 0.935 0.935 0 0 0 0 0
959 1_1_1 1993  0 0 0.575254 0.658647 0.730463 0.716667 0.779514 0.789153 0 0.72 0 0 0 0 0
960 1_1_1 1993  0 0 0.632106 0.629698 0.708889 0.768639 0.864705 0.9 0.935 0.935 0 0 0 0 0
961 1_1_1 1993  0 0 0.466726 0.592371 0.73192 0.83 0.895447 0 0 0.72 0 0 0 0 0
962 1_1_1 1993  0 0 0.58816 0.663684 0.658509 0.766667 0.766364 0.74239 0.935 0.935 0 0 0 0 0
963 1_1_1 1993  0 0 0.507578 0.688073 0.680153 0.741961 0.8 0.733333 0 0.72 0 0 0 0 0
964 1_1_1 1993  0 0 0.586258 0.608026 0.668939 0.720316 0.846728 0.842216 0 0 0 0 0 0 0
965 1_1_1 1993  0 0 0.602889 0.61821 0.67726 0.7596 0.85 0.755013 0 0.72 0 0 0 0 0
966 1_1_1 1993  0 0 0.592266 0.633245 0.693319 0.724603 0.794512 0.788845 0 0 0 0 0 0 0
967 1_1_1 1993  0 0 0.567316 0.655382 0.663052 0.761619 0.845702 0.759306 0 0 0 0 0 0 0
968 1_1_1 1993  0 0 0.636187 0.625481 0.705162 0.825 0.841984 0.75 0 0 0 0 0 0 0
969 1_1_1 1993  0 0 0.675 0.653186 0.687708 0.745977 0.795222 0.9 1.15 0 0 0 0 0 0
970 1_1_1 1993  0 0 0.613589 0.708333 0.669224 0.775037 0.765869 0.809062 1.02714 1.02714 0 0 0 0 0
971 1_1_1 1993  0 0 0.572448 0.611772 0.702475 0.811965 0.908235 0.864456 0 0.72 0 0 0 0 0
972 1_1_1 1993  0 0 0.602825 0.444444 0.676388 0.743984 0.798181 0.773085 0.935 0.935 0 0 0 0 0
973 1_1_1 1993  0 0 0.57291 0.582119 0.677895 0.75 0.789349 0.82193 1.15 0 0 0 0 0 0
974 1_1_1 1993  0 0 0.564283 0.663596 0.692171 0.794396 0.866298 0.85 0.935 0.935 0 0 0 0 0
975 1_1_1 1993  0 0 0.595887 0.656844 0.681403 0.758291 0.7625 0.756989 0 0 0 0 0 0 0
976 1_1_1 1993  0 0 0.55 0.616053 0.694522 0.810569 0.8375 0.716667 0 0 0 0 0 0 0
977 1_1_1 1993  0 0 0.628256 0.566265 0.678908 0.811467 0.816667 0.804826 0 0 0 0 0 0 0
978 1_1_1 1993  0 0 0.548591 0.6625 0.675155 0.798166 0.925 0.760172 1.15 0 0 0 0 0 0
979 1_1_1 1993  0 0 0.573892 0.670256 0.687415 0.777226 0.793146 0.81193 1.02714 1.02714 0 0 0 0 0
980 1_1_1 1993  0 0 0.594362 0.644237 0.681611 0.766667 0.938995 0.773078 1.15 0 0 0 0 0 0
981 1_1_1 1993  0 0 0.638318 0.613995 0.701577 0.790909 0.800489 0 0 0 0 0 0 0 0
982 1_1_1 1993  0 0 0.602978 0.626473 0.698933 0.77684 0.849429 0.892857 0 0.72 0 0 0 0 0
983 1_1_1 1993  0 0 0.591354 0.602793 0.614266 0.726349 0.770248 0.745464 0 0 0 0 0 0 0
984 1_1_1 1993  0 0 0.602682 0.608622 0.661717 0.779565 0.810441 0.794666 1.15 0 0 0 0 0 0
985 1_1_1 1993  0 0 0.568877 0.668773 0.704805 0.793143 0.833048 0.9 1.00667 1.00667 0 0 0 0 0
986 1_1_1 1993  0 0 0.585288 0.604665 0.695329 0.770611 0.884248 0.751472 0 0 0 0 0 0 0
987 1_1_1 1993  0 0 0.618224 0.606126 0.666648 0.825217 0.817688 0 1.15 0 0 0 0 0 0
988 1_1_1 1993  0 0 0.601284 0.64493 0.6985 0.763899 0.804828 0.9 1.15 0 0 0 0 0 0
989 1_1_1 1993  0 0 0.52826 0.597738 0.660817 0.748124 0.880646 0.768081 0 0.72 0 0 0 0 0
990 1_1_1 1993  0 0 0.59021 0.588578 0.62098 0.752862 0.852189 0.813781 0 0 0 0 0 0 0
991 1_1_1 1993  0 0 0.575547 0.659414 0.681092 0.766054 0.762088 0.801807 0.863333 0.863333 0 0 0 0 0
992 1_1_1 1993  0 0 0.598894 0.608693 0.691033 0.77164 0.862197 0.788832 0 0 0 0 0 0 0
993 1_1_1 1993  0 0 0.595589 0.622485 0.690408 0.802023 0.830047 0.749318 1.15 0 0 0 0 0 0
994 1_1_1 1993  0 0 0.584904 0.622591 0.665039 0.759532 0.816083 0.783333 0 0 0 0 0 0 0
995 1_1_1 1993  0 0 0.584443 0.613251 0.726548 0.775 0.805393 0.828454 0 0 0 0 0 0 0
996 1_1_1 1993  0 0 0.565662 0.67131 0.703517 0.781071 0.815526 0.811296 0.935 0.935 0 0 0 0 0
997 1_1_1 1993  0 0 0.557232 0.625364 0.668836 0.759703 0.903081 0.741147 0 0.72 0 0 0 0 0
998 1_1_1 1993  0 0 0.594323 0.682988 0.70886 0.837978 0.843692 0 0 0.72 0 0 0 0 0
999 1_1_1 1993  0 0 0.492755 0.681918 0.695411 0.778045 0.91322 0.738462 1.15 0 0 0 0 0 0
1000 1_1_1 1993  0 0 0.608366 0.628382 0.669145 0.729695 0.763797 0.802044 1.15 0 0 0 0 0 0
