1 1_1_1 1997  0 0 0.415589 0.678928 0.702589 0.862784 0.898511 1.0238 0.928166 0.894286 0 0 0 0 0
2 1_1_1 1997  0 0 0.410733 0.58375 0.719734 0.894812 0.906502 1.13628 0.913373 0.8725 0 0 0 0 0
3 1_1_1 1997  0 0 0.396396 0.656707 0.745174 0.951266 0.941806 1.11894 0.873324 0.907692 0 0 0 0 0
4 1_1_1 1997  0 0 0.41948 0.635531 0.725457 0.891869 1.03157 0.863333 0.892471 0.9475 0 0 0 0 0
5 1_1_1 1997  0 0 0.406814 0.561667 0.698764 0.769989 0 0.891379 0.814774 0.993333 0 0 0 0 0
6 1_1_1 1997  0 0 0.373604 0.625236 0.738674 0.899631 0.889672 1.00887 0.877679 0 0 0 0 0 0
7 1_1_1 1997  0 0 0.425123 0.660178 0.733697 0.832057 0.748177 0.900584 0.90383 1.03 0 0 0 0 0
8 1_1_1 1997  0 0 0.420768 0.68 0.700576 0.916248 0.839769 0 0.861881 1.03 0 0 0 0 0
9 1_1_1 1997  0 0 0.406442 0.606265 0.716295 0.890076 0.938992 0.970732 1.00991 1.03 0 1.32 0 0 0
10 1_1_1 1997  0 0 0.421356 0 0.709226 0.790939 0.892628 1.1575 0.88592 0.891035 0 1.32 0 0 0
11 1_1_1 1997  0 0 0.430017 0 0.737217 0.811667 0.88 0.956619 0.976228 0.815 0 1.32 0 0 0
12 1_1_1 1997  0 0 0.43845 0.711111 0.694503 0.892445 0.941397 0 0.87675 0.949255 0 1.32 0 0 0
13 1_1_1 1997  0 0 0.40398 0.702288 0.700017 0.936202 0.88932 0.938509 0.897396 1.03 0 0 0 0 0
14 1_1_1 1997  0 0 0.380629 0.623755 0.731772 0.928438 1.03085 0.96 0.987307 0 0 0 0 0 0
15 1_1_1 1997  0 0 0.416103 0.68 0.725122 0.91743 0.915016 1.142 0.825287 1.03 0 0 0 0 0
16 1_1_1 1997  0 0 0.411424 0.602879 0.682096 0.790558 0.753164 0.953599 0.865194 0.914167 0 1.32 0 0 0
17 1_1_1 1997  0 0 0.41388 0.68 0.692043 0.78674 0.906719 0.916472 0.879329 1.03 0 0 0 0 0
18 1_1_1 1997  0 0 0.342987 0.6491 0.774577 0.953304 0.937722 0.983357 0.886173 0 0 0 0 0 0
19 1_1_1 1997  0 0 0.370375 0.714235 0.694694 0.977338 0.903333 0.957028 1.07222 0 0 0 0 0 0
20 1_1_1 1997  0 0 0.421575 0.7125 0.701376 0.831955 0.885729 0.902642 0.88524 0.835218 0 1.32 0 0 0
21 1_1_1 1997  0 0 0.40134 0.705191 0.72059 0.9039 0.917778 1.01711 0.980553 0 0 0 0 0 0
22 1_1_1 1997  0 0 0.420654 0.604953 0.73653 0.836266 1.02119 0.881625 0.920339 0.912134 0 0 0 0 0
23 1_1_1 1997  0 0 0.389283 0 0.684868 0.872982 0.891642 0 0.888938 0.896667 0 0 0 0 0
24 1_1_1 1997  0 0 0.411232 0.635423 0.745917 0.911946 0.83073 0.881021 0.866204 0 0 1.32 0 0 0
25 1_1_1 1997  0 0 0.388526 0.624267 0.687648 0.838108 0.9175 0.91 0.853095 0.92 0 0 0 0 0
26 1_1_1 1997  0 0 0.422089 0.6121 0.764479 0.951001 0.982241 0.87 0.905462 0 0 0 0 0 0
27 1_1_1 1997  0 0 0.413575 0.700508 0.684617 0.836303 1.01909 0.936445 0.807341 0 0 1.32 0 0 0
28 1_1_1 1997  0 0 0.410893 0 0.697377 0.8 0.86 0.962631 0.905117 0 0 0 0 0 0
29 1_1_1 1997  0 0 0.416859 0 0.690804 0.902836 0.898922 0.8875 0.871931 0 0 0 0 0 0
30 1_1_1 1997  0 0 0.39082 0.645 0.722263 0.773847 0.9125 0.9125 0.901381 1.03 0 0 0 0 0
31 1_1_1 1997  0 0 0.415791 0.563333 0.699939 0.781421 1.19 0.9 0.811201 1.03 0 0 0 0 0
32 1_1_1 1997  0 0 0.421835 0.66157 0.734615 0.9333 0.834187 0.876667 0.943246 1.03 0 0 0 0 0
33 1_1_1 1997  0 0 0.417423 0.725 0.684251 0.796124 0.753285 0.976508 0.942127 1.03 0 0 0 0 0
34 1_1_1 1997  0 0 0.399894 0.59 0.700205 0.894172 0.777021 0.846667 0.995644 1.03 0 0 0 0 0
35 1_1_1 1997  0 0 0.441016 0.68 0.748923 0.849857 0.954502 1.178 0.870396 1.03 0 0 0 0 0
36 1_1_1 1997  0 0 0.384945 0.651828 0.692074 0.801395 0 0.90153 0.837053 0 0 0 0 0 0
37 1_1_1 1997  0 0 0.421361 0.6 0.728277 0.909067 0.851203 0.88 0.94717 0 0 0 0 0 0
38 1_1_1 1997  0 0 0.391249 0 0.772632 0.965185 1.19 0 0.897897 0 0 0 0 0 0
39 1_1_1 1997  0 0 0.416867 0 0.746718 0.786 0.844356 0 0.96249 1.03 0 0 0 0 0
40 1_1_1 1997  0 0 0.403417 0.638 0.704498 0.827485 0.856866 1.06146 0.869868 0 0 0 0 0 0
41 1_1_1 1997  0 0 0.432607 0.58 0.740402 0.883188 0.911216 1.138 0.880816 1.03 0 1.32 0 0 0
42 1_1_1 1997  0 0 0.416087 0.716667 0.700088 0.873708 0.95049 0 0.858348 1.03 0 0 0 0 0
43 1_1_1 1997  0 0 0.414553 0.68 0.725712 0.805918 0.81 1.05126 1.02942 1.03 0 0 0 0 0
44 1_1_1 1997  0 0 0.442185 0.708333 0.701704 0.856388 0.938779 0 0.984928 0 0 1.32 0 0 0
45 1_1_1 1997  0 0 0.391547 0.742 0.695598 0.878143 0.909519 0.921677 0.889235 0.901983 0 1.32 0 0 0
46 1_1_1 1997  0 0 0.399261 0.595 0.702151 0.852945 0.918104 0 0.917418 0.879167 0 1.32 0 0 0
47 1_1_1 1997  0 0 0.419392 0.6247 0.742511 0.85375 0.955287 0.894714 0.906203 0.885141 0 1.32 0 0 0
48 1_1_1 1997  0 0 0.435242 0.59986 0.772853 0.838289 0.882356 0.943145 1.02391 1.03 0 1.32 0 0 0
49 1_1_1 1997  0 0 0.39109 0.70092 0.707461 0.833046 0.902589 0.95997 0.937592 0.888886 0 0 0 0 0
50 1_1_1 1997  0 0 0.419525 0.646727 0.66206 0.808519 0.853263 0.916719 0.931899 0.912963 0 0 0 0 0
51 1_1_1 1997  0 0 0.434031 0.75 0.628273 0.777722 0 0.951227 0.880399 0 0 0 0 0 0
52 1_1_1 1997  0 0 0.43216 0 0.719906 0.779822 1.00408 0.935978 0.923421 0.927143 0 0 0 0 0
53 1_1_1 1997  0 0 0.422049 0.648582 0.720836 0.836141 0.803121 0 0.920297 1.03 0 0 0 0 0
54 1_1_1 1997  0 0 0.394782 0.716667 0.688223 0.893356 0.928034 1.01874 0.863409 0.901689 0 0 0 0 0
55 1_1_1 1997  0 0 0.426975 0.632689 0.738443 0.877519 0 1.08331 0.865649 1.03 0 0 0 0 0
56 1_1_1 1997  0 0 0.423056 0.733333 0.710341 0.893172 0.828636 0 0.832001 1.03 0 1.32 0 0 0
57 1_1_1 1997  0 0 0.402599 0.68 0.705926 0.757482 1.16 0.957867 0.85184 1.03 0 0 0 0 0
58 1_1_1 1997  0 0 0.401458 0.687597 0.704388 1.00297 0.982428 1.13172 0.974004 0.975 0 0 0 0 0
59 1_1_1 1997  0 0 0.301054 0.660946 0.715405 0.973333 0 0.884885 0.960982 0.973333 0 0 0 0 0
60 1_1_1 1997  0 0 0.410982 0.603571 0.750444 0.860908 0.98998 0.984 0.901355 0 0 0 0 0 0
61 1_1_1 1997  0 0 0.410932 0.641111 0.737311 0.795874 0.889164 0.93315 0.887556 1.03 0 1.32 0 0 0
62 1_1_1 1997  0 0 0.420623 0.650515 0.741431 0.941618 0.909876 0.920156 0.863201 0.948571 0 0 0 0 0
63 1_1_1 1997  0 0 0.388232 0.63931 0.744744 0.892189 0.7925 1.06304 0.875138 0 0 0 0 0 0
64 1_1_1 1997  0 0 0.418051 0 0.711681 0.814712 0.86102 0.898344 0.773104 0.914985 0 0 0 0 0
65 1_1_1 1997  0 0 0.41989 0.624 0.705048 0.842807 0.925786 0.926251 0.894845 0.92 0 0 0 0 0
66 1_1_1 1997  0 0 0.413869 0.714243 0.704259 0.814869 0.875147 0.960725 0.907588 1.03 0 0 0 0 0
67 1_1_1 1997  0 0 0.413034 0.642353 0.710287 0.858072 0 0.895395 0.89818 1.0075 0 1.32 0 0 0
68 1_1_1 1997  0 0 0.400464 0.693296 0.690357 0.894138 1.19 0.887101 0.895164 0.913333 0 0 0 0 0
69 1_1_1 1997  0 0 0.410279 0.693582 0.709243 0.811493 0.74782 0.881612 0.968337 1.03 0 0 0 0 0
70 1_1_1 1997  0 0 0.430914 0.688787 0.729996 0.91852 0.818 1.13 0.864174 0 0 0 0 0 0
71 1_1_1 1997  0 0 0.435002 0.698609 0.716565 0.897292 0.914772 1.04082 0.857912 0 0 0 0 0 0
72 1_1_1 1997  0 0 0.402703 0.714286 0.709742 0.894809 1.19 0.994867 0.868103 0.89125 0 0 0 0 0
73 1_1_1 1997  0 0 0.406032 0.7525 0.725636 0.78125 0.976639 0.881039 0.89974 1.03 0 0 0 0 0
74 1_1_1 1997  0 0 0.435469 0.641661 0.747564 0.86624 1.15667 0.996467 0.850298 1.03 0 0 0 0 0
75 1_1_1 1997  0 0 0.403624 0.68 0.656576 0.828182 0.84188 0.91 0.940931 0.848616 0 0 0 0 0
76 1_1_1 1997  0 0 0.411971 0.690253 0.70611 0.912 0.85 0.948799 0.891781 0.931758 0 0 0 0 0
77 1_1_1 1997  0 0 0.407923 0.61 0.723621 0.936241 0.886487 1.01 0.936861 1.03 0 0 0 0 0
78 1_1_1 1997  0 0 0.433584 0.68 0.727571 0.808837 0.860856 0.963753 0.892079 1.03 0 0 0 0 0
79 1_1_1 1997  0 0 0.421487 0 0.72894 0.899291 0.919183 0 0.855578 0.892606 0 1.32 0 0 0
80 1_1_1 1997  0 0 0.405947 0.632751 0.748134 0.867533 0.863522 0.91891 0.888124 0 0 0 0 0 0
81 1_1_1 1997  0 0 0.430219 0.689223 0.760399 0.772738 0.84 0.968774 0.832387 0.783333 0 0 0 0 0
82 1_1_1 1997  0 0 0.432974 0.705137 0.725351 0.905 0 1.13 0.922833 0 0 0 0 0 0
83 1_1_1 1997  0 0 0.420075 0.694743 0.723025 0.835558 0.914183 1.03273 0.798937 1.03 0 0 0 0 0
84 1_1_1 1997  0 0 0.426308 0.695871 0.656249 0.784598 1.03836 0.88947 0.832509 0.931667 0 0 0 0 0
85 1_1_1 1997  0 0 0.413265 0.566667 0.671557 0.7674 0.73 0.86 0.885993 0.847107 0 0 0 0 0
86 1_1_1 1997  0 0 0.388889 0.68 0.681663 0.790576 0.858 0.875714 0.908752 0.883909 0 0 0 0 0
87 1_1_1 1997  0 0 0.399762 0.701595 0.689894 0.904322 1.0275 0.855 0.955725 0.944196 0 1.32 0 0 0
88 1_1_1 1997  0 0 0.405419 0.595882 0.699483 0.950255 0.963559 1.04 0.882367 0.914286 0 0 0 0 0
89 1_1_1 1997  0 0 0.406376 0.645 0.669403 0.830779 0.84831 1.0072 0.914479 0.889893 0 0 0 0 0
90 1_1_1 1997  0 0 0.430622 0.58875 0.727783 0.810978 0.893333 0 0.849759 0.926015 0 1.32 0 0 0
91 1_1_1 1997  0 0 0.400222 0.674626 0.681098 0.904407 0.895966 1.10052 0.832782 1.03 0 0 0 0 0
92 1_1_1 1997  0 0 0.410741 0.647192 0.707326 0.952 0.848779 0.950134 0.900106 0 0 1.32 0 0 0
93 1_1_1 1997  0 0 0.417591 0.717486 0.685031 0.939218 0.860688 0.930172 0.925812 1.03 0 1.32 0 0 0
94 1_1_1 1997  0 0 0.432472 0.582347 0.722258 0.811821 0.82131 0.957633 0.889572 0.876533 0 0 0 0 0
95 1_1_1 1997  0 0 0.408304 0.68 0.695948 0.864149 1.06757 0.9126 0.819897 0 0 0 0 0 0
96 1_1_1 1997  0 0 0.409477 0 0.680295 0.895747 0.871338 0.838 0.87603 0 0 0 0 0 0
97 1_1_1 1997  0 0 0.411261 0.657012 0.721292 0.904545 0.987912 0.896392 0.884377 0.927268 0 0 0 0 0
98 1_1_1 1997  0 0 0.432574 0.652 0.717513 0.8541 0.871955 0.938561 1.00819 1.03 0 0 0 0 0
99 1_1_1 1997  0 0 0.43286 0.681971 0.681864 0.800931 0.885 0.967556 0.918669 0.955714 0 0 0 0 0
100 1_1_1 1997  0 0 0.445535 0.59 0.692758 0.949272 0.754641 1.02261 0.914536 0 0 0 0 0 0
101 1_1_1 1997  0 0 0.41538 0.632357 0.643531 0.894288 0.819076 1.05359 0.925299 0.92125 0 1.32 0 0 0
102 1_1_1 1997  0 0 0.414496 0.666574 0.682205 0.929394 0.797355 0.89153 0.965276 0 0 0 0 0 0
103 1_1_1 1997  0 0 0.419147 0.68 0.72854 0.875773 0.847803 0.989833 0.960798 1.03 0 0 0 0 0
104 1_1_1 1997  0 0 0.461018 0 0.683227 0.929013 0.858462 1.13 0.867519 0.892857 0 0 0 0 0
105 1_1_1 1997  0 0 0.416723 0.703767 0.667705 0.845875 0.836566 1.13667 0.92073 0.859091 0 0 0 0 0
106 1_1_1 1997  0 0 0.40958 0.68 0.721541 0.976918 1.04796 0.835 0.85364 0 0 0 0 0 0
107 1_1_1 1997  0 0 0.468245 0.725 0.679656 0.919196 0.899792 1.13 0.899316 0.923333 0 1.32 0 0 0
108 1_1_1 1997  0 0 0.440859 0 0.738917 0.966826 1.175 1.175 0.851172 0 0 0 0 0 0
109 1_1_1 1997  0 0 0.424106 0.61325 0.744205 0.862789 1.08772 0.966667 0.872837 0 0 0 0 0 0
110 1_1_1 1997  0 0 0.441459 0.659101 0.697194 0.908501 0.886481 1.09109 0.864628 1.01 0 0 0 0 0
111 1_1_1 1997  0 0 0.443357 0.73 0.716563 0.973561 1.19 0 0.854824 0.901111 0 0 0 0 0
112 1_1_1 1997  0 0 0.403263 0.68802 0.65695 0.866702 0.773056 0.968872 0.875932 0.86 0 0 0 0 0
113 1_1_1 1997  0 0 0.424014 0.634251 0.736842 1.01929 0.884592 1.14 0.885758 1.03 0 0 0 0 0
114 1_1_1 1997  0 0 0.400087 0.721429 0.683912 0.909776 0.889987 0 0.95453 0.884444 0 0 0 0 0
115 1_1_1 1997  0 0 0.412952 0.650776 0.710475 0.739347 0.907169 0.930932 0.871328 0 0 0 0 0 0
116 1_1_1 1997  0 0 0.410077 0.645 0.716971 0.963504 0.966084 1.04711 0.8873 0.898571 0 1.32 0 0 0
117 1_1_1 1997  0 0 0.423565 0.650553 0.700277 0.865786 0.88694 1.03627 0.868733 0 0 0 0 0 0
118 1_1_1 1997  0 0 0.425658 0.571429 0.702437 0.909248 0.887798 0 0.922888 0.961491 0 1.32 0 0 0
119 1_1_1 1997  0 0 0.413684 0.6 0.727871 0.968881 0.847439 1.09933 0.816683 0.941108 0 0 0 0 0
120 1_1_1 1997  0 0 0.40612 0 0.668112 0.890053 0.873835 1.13 0.926519 0.92 0 0 0 0 0
121 1_1_1 1997  0 0 0.384054 0.652445 0.711196 0.948916 0.937789 0.887801 0.906839 0 0 0 0 0 0
122 1_1_1 1997  0 0 0.440613 0.643864 0.727221 0.905231 0.872996 1.09353 0.853761 1.03 0 1.32 0 0 0
123 1_1_1 1997  0 0 0.420794 0.557 0.713796 0.836239 0.879091 1.11 0.91348 0 0 0 0 0 0
124 1_1_1 1997  0 0 0.421905 0.59 0.683973 0.82755 0.85 1.10363 0.835439 0 0 0 0 0 0
125 1_1_1 1997  0 0 0.394323 0.640478 0.695742 0.867943 0.965692 1.09328 0.994946 0 0 0 0 0 0
126 1_1_1 1997  0 0 0.437569 0 0.730927 0.880499 0.935482 1.13 0.862947 0 0 0 0 0 0
127 1_1_1 1997  0 0 0.4106 0.716669 0.694307 0.824139 0.9811 0.974895 0.893986 0 0 0 0 0 0
128 1_1_1 1997  0 0 0.384825 0.714286 0.722063 0.911738 0.842222 1.09437 0.85989 1.03 0 0 0 0 0
129 1_1_1 1997  0 0 0.398385 0.715 0.70569 0.838719 0.875791 0.928 0.966477 0 0 1.32 0 0 0
130 1_1_1 1997  0 0 0.37681 0.68 0.708462 0.925255 0.888616 1.055 0.835987 1.03 0 0 0 0 0
131 1_1_1 1997  0 0 0.406497 0 0.684826 0.770533 0 0.933134 0.895632 1.03 0 1.32 0 0 0
132 1_1_1 1997  0 0 0.423814 0.668655 0.676921 0.884505 0.764165 1.16 0.919334 0.900305 0 1.32 0 0 0
133 1_1_1 1997  0 0 0.426613 0.6 0.737476 0.890512 0.88246 0.960014 0.941954 1.03 0 0 0 0 0
134 1_1_1 1997  0 0 0.420393 0.679482 0.727188 0.798311 0.948133 0.945398 0.892986 0.914911 0 0 0 0 0
135 1_1_1 1997  0 0 0.393607 0.586 0.683298 0.879793 0.878017 0 0.856013 0.931429 0 0 0 0 0
136 1_1_1 1997  0 0 0.408325 0 0.680004 0.843316 0 0.88 0.804384 0 0 0 0 0 0
137 1_1_1 1997  0 0 0.402374 0.59 0.661034 0.793724 0.803751 0.85 0.897252 0.901667 0 0 0 0 0
138 1_1_1 1997  0 0 0.444434 0.633333 0.71682 0.972844 0.874344 1.07794 0.919791 0.874 0 0 0 0 0
139 1_1_1 1997  0 0 0.393297 0.6 0.722789 0.822079 0.90009 1.145 0.852863 0 0 0 0 0 0
140 1_1_1 1997  0 0 0.408016 0.576 0.715726 0.905959 0.896014 1.135 0.853339 0.869424 0 0 0 0 0
141 1_1_1 1997  0 0 0.400825 0.664332 0.739947 0.900839 0.87339 0.931555 0.793703 0 0 0 0 0 0
142 1_1_1 1997  0 0 0.428975 0 0.666737 0.924007 0.832237 1.0318 0.762584 0.91 0 0 0 0 0
143 1_1_1 1997  0 0 0.412961 0.675372 0.709842 0.859347 0.919829 0.928425 0.863026 1.03 0 1.32 0 0 0
144 1_1_1 1997  0 0 0.410823 0.752 0.726789 0.88213 0.974213 0.935366 0.904879 0.938462 0 0 0 0 0
145 1_1_1 1997  0 0 0.410653 0.68 0.681771 0.907552 0.861967 0.991749 0.859366 1.03 0 0 0 0 0
146 1_1_1 1997  0 0 0.408493 0.656667 0.686878 0.82918 0.89122 1.025 0.879831 0.881111 0 0 0 0 0
147 1_1_1 1997  0 0 0.421011 0.657173 0.723728 0.837222 0.964886 0.909323 0.873189 0.996103 0 0 0 0 0
148 1_1_1 1997  0 0 0.453013 0.581111 0.702102 0.806707 1.03287 0.891304 0.944229 0.954167 0 0 0 0 0
149 1_1_1 1997  0 0 0.411579 0.603333 0.69019 0.991367 0.858688 1.13 0.874834 0 0 0 0 0 0
150 1_1_1 1997  0 0 0.415248 0 0.746624 0.884047 0.894625 0.97 1.0245 1.03 0 1.32 0 0 0
151 1_1_1 1997  0 0 0.399578 0.6 0.727496 0.867604 0.907315 1.02 0.955363 0 0 0 0 0 0
152 1_1_1 1997  0 0 0.40596 0 0.695182 0.892251 0.849413 1.12492 0.813311 0.87118 0 0 0 0 0
153 1_1_1 1997  0 0 0.41039 0 0.689299 0.943164 0.820079 1.145 0.830905 0.857 0 1.32 0 0 0
154 1_1_1 1997  0 0 0.393815 0.614096 0.7247 1.05667 1.05667 1.11317 0.871036 0 0 0 0 0 0
155 1_1_1 1997  0 0 0.395554 0.665168 0.702257 0.835296 0.950588 0.974408 0.87267 1.03 0 0 0 0 0
156 1_1_1 1997  0 0 0.398035 0.683752 0.702511 0.901262 0.869858 1.05129 0.891682 1.03 0 0 0 0 0
157 1_1_1 1997  0 0 0.420426 0.645539 0.711203 0.976029 0.996293 0.959295 0.887168 0 0 0 0 0 0
158 1_1_1 1997  0 0 0.398726 0.679673 0.708984 0.814199 0 0.891324 0.909411 0.984275 0 0 0 0 0
159 1_1_1 1997  0 0 0.411535 0.562857 0.678621 0.768351 0.838077 0.932995 0.88011 0 0 0 0 0 0
160 1_1_1 1997  0 0 0.410468 0.703093 0.699631 0.777724 0.841015 0.904885 0.905271 1.03 0 0 0 0 0
161 1_1_1 1997  0 0 0.399506 0.611667 0.6569 0.819278 0.881667 0.882216 0.85628 0.875833 0 0 0 0 0
162 1_1_1 1997  0 0 0.416302 0.72 0.692943 0.792009 0.89 0.904853 1.0044 0.907175 0 0 0 0 0
163 1_1_1 1997  0 0 0.416935 0.689165 0.687266 0.752231 0.822333 0.886665 0.863235 1.03 0 0 0 0 0
164 1_1_1 1997  0 0 0.400229 0.68 0.693298 0.946667 0.956667 0.901634 0.907976 1.03 0 0 0 0 0
165 1_1_1 1997  0 0 0.359634 0.73 0.659035 0.744958 0.83202 0.893913 0.972052 1.03 0 0 0 0 0
166 1_1_1 1997  0 0 0.41951 0.639475 0.713206 0.797714 0.893148 0.932215 0.927373 0 0 0 0 0 0
167 1_1_1 1997  0 0 0.429619 0 0.72009 0.97108 0.924261 1.04021 0.866926 0.9 0 1.32 0 0 0
168 1_1_1 1997  0 0 0.411983 0 0.768976 0.994322 0.825556 1.11333 0.916287 1.03 0 0 0 0 0
169 1_1_1 1997  0 0 0.422333 0.692774 0.716185 0.91894 0 0.930964 0.922931 0 0 0 0 0 0
170 1_1_1 1997  0 0 0.439669 0.68 0.723662 0.856734 0.76875 0.93781 0.830824 0.913696 0 0 0 0 0
171 1_1_1 1997  0 0 0.405065 0.6025 0.686818 0.760077 0.745901 0.904383 0.894154 1.03 0 0 0 0 0
172 1_1_1 1997  0 0 0.393006 0.683791 0.687949 0.839026 0.944667 0.943984 0.841009 0.844689 0 0 0 0 0
173 1_1_1 1997  0 0 0.405512 0.627335 0.684388 0.821045 0.861443 0 0.855147 0.911667 0 0 0 0 0
174 1_1_1 1997  0 0 0.404502 0.75 0.70382 0.874683 0.888012 0.933166 0.84952 0.783333 0 0 0 0 0
175 1_1_1 1997  0 0 0.442774 0.546667 0.730015 0.854195 0 0 0.908427 0.958321 0 1.32 0 0 0
176 1_1_1 1997  0 0 0.400647 0.660624 0.70956 0.779711 0.86632 0.930489 0.94325 0 0 0 0 0 0
177 1_1_1 1997  0 0 0.406503 0.656993 0.767802 0.957221 0.983848 1.05611 0.832146 1.03 0 1.32 0 0 0
178 1_1_1 1997  0 0 0.396658 0.64342 0.718754 0.881853 0.952138 0.89117 0.930239 0 0 0 0 0 0
179 1_1_1 1997  0 0 0.424563 0.701314 0.709524 0.886802 0.82784 1.17286 0.877487 1.03 0 0 0 0 0
180 1_1_1 1997  0 0 0.418853 0.716667 0.674301 0.873686 0.844728 0.972222 0.938112 0.891602 0 0 0 0 0
181 1_1_1 1997  0 0 0.428603 0.675005 0.704592 0.911667 0.965615 0.946331 0.89083 0.911667 0 0 0 0 0
182 1_1_1 1997  0 0 0.35971 0.712547 0.70277 0.906141 0.92293 0.87 0.992117 0.937898 0 0 0 0 0
183 1_1_1 1997  0 0 0.393921 0.716667 0.703103 0.911425 0.9338 0.960073 0.934001 0.904562 0 1.32 0 0 0
184 1_1_1 1997  0 0 0.422394 0 0.697732 0.917103 0.832 1.13 0.832899 0.94 0 0 0 0 0
185 1_1_1 1997  0 0 0.425826 0.629868 0.722071 0.734704 0.876287 0.897741 0.91872 1.03 0 1.32 0 0 0
186 1_1_1 1997  0 0 0.405482 0.629145 0.690023 0.930347 0.889338 1.10634 0.865636 0 0 0 0 0 0
187 1_1_1 1997  0 0 0.391225 0.636386 0.699328 0.91182 1.17 0.922 0.927359 1.03 0 0 0 0 0
188 1_1_1 1997  0 0 0.398021 0.663351 0.729193 0.886391 0.857507 0.98752 0.957615 0.92 0 0 0 0 0
189 1_1_1 1997  0 0 0.414304 0.67115 0.706603 0.916 0.928325 1.04394 0.903493 1.03 0 0 0 0 0
190 1_1_1 1997  0 0 0.414329 0.667233 0.687456 0.911953 0.880705 0.971318 1.01022 0 0 1.32 0 0 0
191 1_1_1 1997  0 0 0.429845 0.654134 0.729551 0.811693 0.823955 0.855796 0.947201 1.03 0 0 0 0 0
192 1_1_1 1997  0 0 0.422519 0.7125 0.656967 0.766173 0.792184 0 0.850475 0.925455 0 0 0 0 0
193 1_1_1 1997  0 0 0.427924 0.585 0.747221 0.877602 0.957091 1.09683 0.874744 1.03 0 0 0 0 0
194 1_1_1 1997  0 0 0.425531 0.594444 0.724007 0.962131 0.909757 0.945643 0.912568 0.96046 0 0 0 0 0
195 1_1_1 1997  0 0 0.429261 0.671863 0.710675 0.800754 1.164 0.918361 0.827786 1.03 0 1.32 0 0 0
196 1_1_1 1997  0 0 0.428311 0.743333 0.687257 0.892648 0.8775 1.09 0.872072 0.847143 0 1.32 0 0 0
197 1_1_1 1997  0 0 0.428044 0 0.731551 0.900499 0.878796 0.988241 0.892614 0.831304 0 0 0 0 0
198 1_1_1 1997  0 0 0.436045 0.620444 0.713225 0.906889 0.851435 1.036 0.920885 0.885921 0 0 0 0 0
199 1_1_1 1997  0 0 0.400918 0.645 0.683629 0.87299 0.906281 0.921384 0.884355 0.924 0 0 0 0 0
200 1_1_1 1997  0 0 0.390648 0.672867 0.693469 0.952047 0.81 1.05252 1.00611 0.93847 0 1.32 0 0 0
201 1_1_1 1997  0 0 0.382659 0.68 0.672821 0.873302 1.19 0.954694 0.839564 0 0 0 0 0 0
202 1_1_1 1997  0 0 0.378895 0.6025 0.697758 0.968891 0.95004 0.88 0.853035 0 0 0 0 0 0
203 1_1_1 1997  0 0 0.441097 0.704577 0.718633 0.935112 0.865 1.04052 0.894715 0.951667 0 0 0 0 0
204 1_1_1 1997  0 0 0.401122 0 0.747012 0.847594 0.991292 0 0.862159 1.03 0 0 0 0 0
205 1_1_1 1997  0 0 0.4281 0.625038 0.699148 0.848877 0.825714 1.13 0.901002 0.966667 0 0 0 0 0
206 1_1_1 1997  0 0 0.443482 0.612142 0.721754 0.838061 0.909118 0.921801 0.891768 0 0 1.32 0 0 0
207 1_1_1 1997  0 0 0.348591 0.707143 0.668497 0.867634 0 1.00844 0.83647 0.9325 0 0 0 0 0
208 1_1_1 1997  0 0 0.410118 0.672377 0.699711 0.851133 1.04713 0.922748 0.837111 0.953599 0 0 0 0 0
209 1_1_1 1997  0 0 0.416623 0.75 0.717984 0.854583 1.10874 0.917577 0.803773 0 0 1.32 0 0 0
210 1_1_1 1997  0 0 0.409428 0.70143 0.714669 0.751932 0.775714 0.93368 0.932396 1.03 0 0 0 0 0
211 1_1_1 1997  0 0 0.435979 0.703617 0.711741 0.832704 0.880266 0.953333 0.903644 0.965769 0 0 0 0 0
212 1_1_1 1997  0 0 0.423244 0.639151 0.722808 0.807426 0.848 0.9913 0.95515 1.03 0 1.32 0 0 0
213 1_1_1 1997  0 0 0.40669 0 0.755751 0.82194 0.984486 0.953333 0.863988 0 0 0 0 0 0
214 1_1_1 1997  0 0 0.415906 0.619425 0.752876 0.95342 1.08571 1.11986 0.858478 0 0 0 0 0 0
215 1_1_1 1997  0 0 0.403323 0.715218 0.712725 0.849388 0.856297 0.99065 1.09179 0.847316 0 0 0 0 0
216 1_1_1 1997  0 0 0.412677 0 0.705212 0.860826 0.873859 0 0.87016 1.03 0 0 0 0 0
217 1_1_1 1997  0 0 0.41709 0 0.693919 0.847662 0.888623 1.08166 0.852433 0.925 0 0 0 0 0
218 1_1_1 1997  0 0 0.343923 0.57 0.76015 0.95811 0.883128 0.96 0.876493 0.916 0 0 0 0 0
219 1_1_1 1997  0 0 0.391115 0 0.683223 0.888981 0.923193 1.07088 0.871919 0 0 0 0 0 0
220 1_1_1 1997  0 0 0.427634 0 0.715421 0.82551 0.908915 1.01333 0.848513 1.03 0 0 0 0 0
221 1_1_1 1997  0 0 0.435402 0.667174 0.735557 0.924696 0 1.02742 0.883671 1.03 0 0 0 0 0
222 1_1_1 1997  0 0 0.362215 0.6125 0.691932 0.857286 0.776529 0.947845 0.884714 0 0 0 0 0 0
223 1_1_1 1997  0 0 0.422894 0 0.738588 0.905 0.846667 1.01647 0.860559 0.935687 0 0 0 0 0
224 1_1_1 1997  0 0 0.41946 0.701272 0.761387 0.903975 0.917018 0.991915 0.926093 0 0 1.32 0 0 0
225 1_1_1 1997  0 0 0.405093 0 0.718945 0.820727 0.824021 1.178 0.855325 0.896 0 1.32 0 0 0
226 1_1_1 1997  0 0 0.432697 0.725 0.686279 0.762657 0.73 0 0.843199 1.03 0 0 0 0 0
227 1_1_1 1997  0 0 0.414052 0.68 0.753208 0.912247 0.871171 1.06 0.883597 0.872074 0 0 0 0 0
228 1_1_1 1997  0 0 0.429764 0.650896 0.73988 0.805206 0.922155 0.899979 0.906194 0.924416 0 0 0 0 0
229 1_1_1 1997  0 0 0.436779 0 0.747739 0.867466 0.909858 1.154 0.841628 0.884573 0 0 0 0 0
230 1_1_1 1997  0 0 0.437651 0 0.731824 0.967044 0.839972 1.13 0.884981 0 0 0 0 0 0
231 1_1_1 1997  0 0 0.423497 0.660938 0.704527 0.82707 1.00833 0.9 0.859681 0.868571 0 1.32 0 0 0
232 1_1_1 1997  0 0 0.385953 0.686162 0.716775 0.89153 1.05453 0.903363 0.85012 1.03 0 0 0 0 0
233 1_1_1 1997  0 0 0.424014 0.652209 0.72121 0.85568 0.91235 0.902951 0.85213 1.03 0 1.32 0 0 0
234 1_1_1 1997  0 0 0.409352 0.593333 0.706133 0.902986 0.955002 0.968453 0.909577 0.933263 0 0 0 0 0
235 1_1_1 1997  0 0 0.42158 0 0.702413 0.791961 0.862967 0.86 0.859137 0.915735 0 0 0 0 0
236 1_1_1 1997  0 0 0.449427 0.725 0.695085 0.901927 0.935959 0 0.777369 0.887 0 0 0 0 0
237 1_1_1 1997  0 0 0.414846 0.68 0.648897 0.903369 0.912368 1.00269 0.931928 0 0 0 0 0 0
238 1_1_1 1997  0 0 0.422378 0.682295 0.729705 0.898007 0.903097 0.973333 0.98051 0.872115 0 0 0 0 0
239 1_1_1 1997  0 0 0.426719 0.645 0.728559 0.735983 0.852 0.988988 0.938394 1.03 0 0 0 0 0
240 1_1_1 1997  0 0 0.404687 0.604914 0.713582 0.933935 0.981647 0.888228 0.937175 0 0 1.32 0 0 0
241 1_1_1 1997  0 0 0.428008 0.650628 0.723745 0.898752 0.840799 0.906667 0.881553 0 0 0 0 0 0
242 1_1_1 1997  0 0 0.411168 0.677441 0.719538 0.844416 0.87 0.87 0.876937 0.948544 0 0 0 0 0
243 1_1_1 1997  0 0 0.429561 0.715791 0.650861 0.79595 0.864448 0.990529 0.939066 0 0 0 0 0 0
244 1_1_1 1997  0 0 0.407287 0.676893 0.722288 0.929698 0.924086 1.01403 0.889294 0 0 0 0 0 0
245 1_1_1 1997  0 0 0.420447 0.639287 0.742318 0.817655 0.866667 0.921624 0.871089 1.03 0 0 0 0 0
246 1_1_1 1997  0 0 0.427822 0.647045 0.758456 0.821879 0.792524 0.90461 0.96835 1.03 0 0 0 0 0
247 1_1_1 1997  0 0 0.438742 0.640239 0.707768 0.884102 0.829053 0 0.855302 0 0 0 0 0 0
248 1_1_1 1997  0 0 0.410258 0.645945 0.678798 0.892588 0.943229 0.865 0.853068 0.888333 0 1.32 0 0 0
249 1_1_1 1997  0 0 0.435104 0.589167 0.723177 0.840713 0.868271 0.925118 0.941216 0.968462 0 0 0 0 0
250 1_1_1 1997  0 0 0.413711 0.691811 0.650775 0.883145 0.876273 0.9025 0.868242 0.924 0 0 0 0 0
251 1_1_1 1997  0 0 0.4905 0.686373 0.680005 0.755507 0.843333 0.966544 0.845528 0.843333 0 0 0 0 0
252 1_1_1 1997  0 0 0.430761 0.721667 0.689372 0.789374 0.73 1.146 0.898929 0.926932 0 1.32 0 0 0
253 1_1_1 1997  0 0 0.406854 0.638 0.691907 0.845671 0.875118 0.915646 0.893318 0.871111 0 1.32 0 0 0
254 1_1_1 1997  0 0 0.435493 0.6025 0.74626 0.883124 0.865 1.02 0.911234 0.904959 0 1.32 0 0 0
255 1_1_1 1997  0 0 0.451387 0 0.748571 0.982798 0.915623 1.146 0.885809 0.911185 0 1.32 0 0 0
256 1_1_1 1997  0 0 0.410752 0.591 0.754369 0.87806 0.947345 0.9675 0.884851 0 0 0 0 0 0
257 1_1_1 1997  0 0 0.411531 0.605489 0.770206 0.916586 1.01 1.13 0.821666 0 0 0 0 0 0
258 1_1_1 1997  0 0 0.434157 0.586 0.733828 0.807646 0.911286 0.956667 0.931856 1.03 0 0 0 0 0
259 1_1_1 1997  0 0 0.44888 0.667021 0.692498 0.77768 0.744507 0.88 0.951701 0.9675 0 0 0 0 0
260 1_1_1 1997  0 0 0.397301 0.613818 0.71553 0.81605 0.831429 0.9 0.965505 0 0 0 0 0 0
261 1_1_1 1997  0 0 0.535388 0.755714 0.667512 0.743333 0 0.923803 0.94 0 0 0 0 0 0
262 1_1_1 1997  0 0 0.403096 0.658788 0.686692 0.925229 0.922955 0.996992 0.877478 0 0 1.32 0 0 0
263 1_1_1 1997  0 0 0.425684 0.659053 0.705183 0.935352 0.866033 1.00667 0.90634 0.941667 0 0 0 0 0
264 1_1_1 1997  0 0 0.393498 0.641733 0.711207 0.925782 0 0.916738 0.903747 0.995455 0 0 0 0 0
265 1_1_1 1997  0 0 0.43262 0 0.715994 0.850535 0.848605 1.165 0.857851 1.03 0 0 0 0 0
266 1_1_1 1997  0 0 0.43025 0.645 0.726327 0.813438 0.833092 0.98982 0.901537 0 0 0 0 0 0
267 1_1_1 1997  0 0 0.411933 0.685254 0.689527 0.784417 0.931313 0.905 0.835604 1.03 0 0 0 0 0
268 1_1_1 1997  0 0 0.399644 0.576 0.678611 0.83924 0.96 1.06217 0.849644 0.924167 0 0 0 0 0
269 1_1_1 1997  0 0 0.461205 0.620335 0.7156 0.885822 0.961128 1.12607 0.880914 0 0 1.32 0 0 0
270 1_1_1 1997  0 0 0.393208 0.6 0.663616 0.869688 0.838398 1.01 0.939395 0.869341 0 0 0 0 0
271 1_1_1 1997  0 0 0.415717 0.651562 0.697922 0.802395 0.926928 0.880054 0.872971 0.973333 0 0 0 0 0
272 1_1_1 1997  0 0 0.447342 0.657506 0.786612 0.793333 0.875714 0.946879 0.865217 0 0 0 0 0 0
273 1_1_1 1997  0 0 0.421798 0.609511 0.683801 0.832578 0 1.00864 0.830567 0.93 0 0 0 0 0
274 1_1_1 1997  0 0 0.401766 0.641012 0.718933 0.984239 0.945451 1.06 0.856836 0.974286 0 1.32 0 0 0
275 1_1_1 1997  0 0 0.423905 0.59 0.748022 0.835014 0.904948 1.06264 0.877716 0 0 0 0 0 0
276 1_1_1 1997  0 0 0.412634 0.669029 0.66569 0.808578 0.794167 0.928827 0.971693 0.860986 0 0 0 0 0
277 1_1_1 1997  0 0 0.436539 0.595946 0.72322 0.834208 0 0.950411 0.92048 0 0 0 0 0 0
278 1_1_1 1997  0 0 0.420884 0 0.726068 0.925161 1.15286 1.15286 0.853177 0.893772 0 0 0 0 0
279 1_1_1 1997  0 0 0.448127 0.683034 0.680409 0.82417 0.778632 0.86 0.940274 1.03 0 0 0 0 0
280 1_1_1 1997  0 0 0.423556 0 0.718794 0.928854 0.8827 0 0.939442 0.937644 0 0 0 0 0
281 1_1_1 1997  0 0 0.418691 0.595 0.72625 0.885842 0.941768 0.992282 0.959596 0.885972 0 1.32 0 0 0
282 1_1_1 1997  0 0 0.426934 0.618225 0.738345 0.930448 1.15701 0.846667 0.808464 0.924 0 0 0 0 0
283 1_1_1 1997  0 0 0.439828 0.725 0.686962 0.796803 0.848753 0.843333 0.951835 0 0 0 0 0 0
284 1_1_1 1997  0 0 0.436611 0.623601 0.696295 0.804379 1.00023 0.846667 0.896348 0.923333 0 1.32 0 0 0
285 1_1_1 1997  0 0 0.409688 0.657907 0.747522 0.885618 0.923811 0.915776 0.942054 1.03 0 0 0 0 0
286 1_1_1 1997  0 0 0.419668 0.658936 0.740708 0.89291 0.906177 0.953826 0.904636 1.03 0 0 0 0 0
287 1_1_1 1997  0 0 0.408733 0.68 0.714327 0.87315 0.891633 0.882314 0.816867 0.912 0 0 0 0 0
288 1_1_1 1997  0 0 0.423102 0 0.69152 0.880862 0.81 0.86 1.01145 0.889312 0 1.32 0 0 0
289 1_1_1 1997  0 0 0.440402 0.695038 0.698967 0.90816 0.924387 1.04683 0.853018 0.872857 0 0 0 0 0
290 1_1_1 1997  0 0 0.395952 0.68 0.736269 0.854761 0.893266 0.990264 0.834266 0 0 0 0 0 0
291 1_1_1 1997  0 0 0.42422 0.668333 0.721198 0.916985 0.907619 0.966114 0.897936 0.925 0 0 0 0 0
292 1_1_1 1997  0 0 0.412426 0 0.711858 0.904361 0.933427 1.06888 0.815713 0 0 0 0 0 0
293 1_1_1 1997  0 0 0.427454 0.59625 0.75508 0.808697 1.00282 0.894337 0.931967 0 0 0 0 0 0
294 1_1_1 1997  0 0 0.42003 0.671795 0.727926 0.860206 1.19 0.983579 0.895872 0 0 1.32 0 0 0
295 1_1_1 1997  0 0 0.424394 0 0.720958 0.839727 0.924282 1.13667 0.835739 0.894883 0 0 0 0 0
296 1_1_1 1997  0 0 0.438895 0.696838 0.705431 0.891448 0.914712 1.1249 0.899103 0.96 0 0 0 0 0
297 1_1_1 1997  0 0 0.437978 0.562222 0.703434 0.794718 0.855 1.04397 0.906918 1.05667 0 0 0 0 0
298 1_1_1 1997  0 0 0.418363 0.657337 0.749829 1.07333 0.89 1.06342 0.902078 1.049 0 0 0 0 0
299 1_1_1 1997  0 0 0.427683 0.68 0.700842 0.807772 0.852286 0.974093 0.899821 1.03 0 0 0 0 0
300 1_1_1 1997  0 0 0.428367 0.652358 0.697921 0.884836 0.814156 0.88 0.965964 0.868333 0 0 0 0 0
301 1_1_1 1997  0 0 0.378077 0.75 0.723819 0.889949 0.901806 1.03182 0.902165 0 0 1.32 0 0 0
302 1_1_1 1997  0 0 0.428716 0.688116 0.674587 0.823982 0.873846 0.895321 0.903124 0.910149 0 0 0 0 0
303 1_1_1 1997  0 0 0.377539 0 0.693461 0.909028 0.88818 0 0.868585 0 0 0 0 0 0
304 1_1_1 1997  0 0 0.420766 0 0.689767 0.80034 0.831777 0 0.857557 0 0 0 0 0 0
305 1_1_1 1997  0 0 0.424174 0.725 0.684725 0.828962 0.899874 1.17 0.815342 0.875 0 0 0 0 0
306 1_1_1 1997  0 0 0.407865 0.715 0.715285 0.850482 0.863739 0.890874 0.941055 1.03 0 1.32 0 0 0
307 1_1_1 1997  0 0 0.413967 0.692732 0.694966 0.9667 0.908413 0 0.891911 0.877 0 0 0 0 0
308 1_1_1 1997  0 0 0.431739 0 0.75831 0.889055 0.818446 1.154 0.890883 1.03 0 0 0 0 0
309 1_1_1 1997  0 0 0.442322 0.621989 0.757046 0.910069 0 1.00658 0.942567 0 0 1.32 0 0 0
310 1_1_1 1997  0 0 0.409159 0.76 0.685421 0.969884 0.967148 1.10536 0.878935 0.896667 0 0 0 0 0
311 1_1_1 1997  0 0 0.402491 0.620385 0.732796 0.960408 0.855 0.9 0.840916 0.9875 0 1.32 0 0 0
312 1_1_1 1997  0 0 0.401418 0.68 0.747174 0.792341 1.0578 0.920048 0.886676 1.03 0 1.32 0 0 0
313 1_1_1 1997  0 0 0.412236 0.7325 0.751056 0.948576 1.14333 1.06906 0.939626 1.03 0 0 0 0 0
314 1_1_1 1997  0 0 0.417388 0.622398 0.697413 0.85884 1.01965 1.09856 1.14647 0.905714 0 0 0 0 0
315 1_1_1 1997  0 0 0.417625 0.633962 0.717443 0.952979 0.861429 0.940526 0.842976 0 0 0 0 0 0
316 1_1_1 1997  0 0 0.408306 0.66663 0.703475 0.801434 0.763333 1.03858 0.861214 1.03 0 0 0 0 0
317 1_1_1 1997  0 0 0.430039 0.669792 0.691663 0.878351 0.828889 0.854 0.934192 1.03 0 0 0 0 0
318 1_1_1 1997  0 0 0.417196 0.617566 0.713484 0.852 0.841187 0.898209 0.910797 0 0 1.32 0 0 0
319 1_1_1 1997  0 0 0.409084 0.651812 0.750305 0.85622 0.906975 0.974878 0.859088 1.03 0 0 0 0 0
320 1_1_1 1997  0 0 0.425026 0.597778 0.703068 0.820902 1.14714 0.885222 0.929376 1.03 0 1.32 0 0 0
321 1_1_1 1997  0 0 0.404948 0.646537 0.688666 0.858067 0.879661 0.961723 0.888239 0.993333 0 0 0 0 0
322 1_1_1 1997  0 0 0.427849 0.624 0.754825 0.853863 0.93188 1.00756 0.861098 1.03 0 0 0 0 0
323 1_1_1 1997  0 0 0.41555 0.65 0.711172 0.744112 0.90929 0.876667 0.890369 1.03 0 1.32 0 0 0
324 1_1_1 1997  0 0 0.387294 0.661783 0.722844 0.904052 0.916503 0.934995 0.926492 0 0 0 0 0 0
325 1_1_1 1997  0 0 0.406816 0.68 0.68598 0.800521 0.858638 0.920946 0.836975 1.03 0 0 0 0 0
326 1_1_1 1997  0 0 0.436641 0 0.723453 0.99239 0.875 0 0.918395 0.926689 0 0 0 0 0
327 1_1_1 1997  0 0 0.407369 0.716667 0.728638 0.898798 0.867721 0 0.867494 1.03 0 1.32 0 0 0
328 1_1_1 1997  0 0 0.413638 0.645362 0.717761 0.846715 1.19 0.862517 0.794226 0.92125 0 0 0 0 0
329 1_1_1 1997  0 0 0.426273 0 0.725853 0.960483 0.849969 0 0.993457 1.03 0 0 0 0 0
330 1_1_1 1997  0 0 0.416911 0.670164 0.68202 0.842709 1.01071 0.918868 0.829086 0 0 0 0 0 0
331 1_1_1 1997  0 0 0.432352 0 0.686775 0.957363 0.881854 1.13 0.810644 0.874039 0 0 0 0 0
332 1_1_1 1997  0 0 0.405862 0 0.707198 1.00088 0.87281 1.00422 0.84138 0.887466 0 0 0 0 0
333 1_1_1 1997  0 0 0.392177 0.665403 0.6877 0.868472 0.896497 0.878281 0.860171 0.887143 0 0 0 0 0
334 1_1_1 1997  0 0 0.413302 0.68 0.695755 0.866901 0.820525 0.922111 0.973474 0.87 0 0 0 0 0
335 1_1_1 1997  0 0 0.439511 0 0.719946 0.856911 0.871667 0.982 0.866542 0.998895 0 1.32 0 0 0
336 1_1_1 1997  0 0 0.433264 0.669462 0.699535 0.83142 0 0.990638 0.964257 0.924 0 0 0 0 0
337 1_1_1 1997  0 0 0.415888 0.604239 0.716078 0.944864 0.931597 1.08263 0.915248 0.936059 0 0 0 0 0
338 1_1_1 1997  0 0 0.405886 0.68 0.726287 1.02493 0.8675 0 0.975744 0.941859 0 1.32 0 0 0
339 1_1_1 1997  0 0 0.421118 0.607143 0.691337 0.846946 0.7389 1.03688 0.843599 0.872907 0 0 0 0 0
340 1_1_1 1997  0 0 0.423825 0.725 0.718359 0.945675 0.926712 1.16429 0.996103 1.03 0 0 0 0 0
341 1_1_1 1997  0 0 0.388157 0.75 0.716761 0.92 0.889772 0.932316 0.93971 0.923695 0 0 0 0 0
342 1_1_1 1997  0 0 0.389558 0.649635 0.735932 0.808528 0.936097 0.945 0.86966 0.96 0 1.32 0 0 0
343 1_1_1 1997  0 0 0.435529 0.608 0.720947 0.764298 0.855162 1.06631 0.895072 1.03 0 0 0 0 0
344 1_1_1 1997  0 0 0.446852 0.75 0.70764 0.906992 0.849311 1.13 0.907199 0.874286 0 1.32 0 0 0
345 1_1_1 1997  0 0 0.366193 0.65375 0.723611 0.880539 1.09332 0.985714 0.868243 0.91875 0 0 0 0 0
346 1_1_1 1997  0 0 0.433073 0.701246 0.70988 0.925123 0.951987 1.12964 0.899955 0 0 0 0 0 0
347 1_1_1 1997  0 0 0.418673 0.73 0.681969 0.887134 0.921462 1.04351 0.935505 0 0 0 0 0 0
348 1_1_1 1997  0 0 0.405664 0.68 0.731544 0.808652 0.964971 0.927991 0.891536 0.958231 0 0 0 0 0
349 1_1_1 1997  0 0 0.388477 0.68 0.693307 0.933627 0.91814 0.991742 0.839365 0.917143 0 0 0 0 0
350 1_1_1 1997  0 0 0.43145 0.595 0.764423 0.955753 0.965613 1.09451 0.935405 0 0 0 0 0 0
351 1_1_1 1997  0 0 0.408125 0.75 0.734598 0.922721 0.87315 1.15667 0.935629 0 0 0 0 0 0
352 1_1_1 1997  0 0 0.383161 0.59625 0.723994 0.895014 1.02657 1.00782 0.878309 1.03 0 0 0 0 0
353 1_1_1 1997  0 0 0.406886 0 0.699031 0.930399 0.833407 1.155 0.994839 1.03 0 0 0 0 0
354 1_1_1 1997  0 0 0.411955 0.659868 0.731647 0.831041 1.00816 0.966107 0.910897 0 0 0 0 0 0
355 1_1_1 1997  0 0 0.382216 0.68 0.724574 0.821516 0 0.934175 0.893776 1.03 0 0 0 0 0
356 1_1_1 1997  0 0 0.401248 0 0.685382 0.912166 0.852727 0 0.862047 1.03 0 1.32 0 0 0
357 1_1_1 1997  0 0 0.44531 0.604286 0.740037 0.907113 0.875693 1.09615 0.865849 0.907116 0 0 0 0 0
358 1_1_1 1997  0 0 0.421933 0.595 0.710608 0.938152 0.78547 1.12573 0.824084 0 0 0 0 0 0
359 1_1_1 1997  0 0 0.421237 0 0.75107 0.929999 1.036 0 0.83711 1.03 0 0 0 0 0
360 1_1_1 1997  0 0 0.412637 0.68 0.728623 1.17 0 0 0.790563 0.97 0 0 0 0 0
361 1_1_1 1997  0 0 0.386548 0.644725 0.719907 0.836901 0.913914 0.968784 0.866029 0 0 0 0 0 0
362 1_1_1 1997  0 0 0.407423 0.621667 0.676324 0.820129 0.84 0 0.917853 0.904545 0 1.32 0 0 0
363 1_1_1 1997  0 0 0.392023 0.64 0.675427 0.830158 0.888595 0.920926 0.823559 0 0 0 0 0 0
364 1_1_1 1997  0 0 0.432548 0 0.711007 0.81 1.05862 0.866667 0.866596 0 0 0 0 0 0
365 1_1_1 1997  0 0 0.38373 0.743333 0.666459 0.884602 0.92432 1.13 0.906484 0 0 1.32 0 0 0
366 1_1_1 1997  0 0 0.42251 0.68018 0.703314 0.847442 1.01824 0.865699 0.882852 0 0 0 0 0 0
367 1_1_1 1997  0 0 0.422516 0.635474 0.724997 0.8416 0.804851 0.949324 0.906561 0.8275 0 0 0 0 0
368 1_1_1 1997  0 0 0.431268 0.658152 0.724453 0.844296 0.759527 0 0.926454 1.03 0 0 0 0 0
369 1_1_1 1997  0 0 0.438869 0.675809 0.731016 0.913389 0.911429 0 0.959419 1.03 0 0 0 0 0
370 1_1_1 1997  0 0 0.424613 0.652131 0.712993 0.846083 0.8526 1.14 0.903004 0.921234 0 0 0 0 0
371 1_1_1 1997  0 0 0.354934 0.70459 0.669248 0.901214 0 0.937467 0.826924 0.926667 0 0 0 0 0
372 1_1_1 1997  0 0 0.397698 0.634979 0.704157 0.794853 0.85 0.887149 0.951882 1.03 0 0 0 0 0
373 1_1_1 1997  0 0 0.382952 0.634666 0.693675 1.02862 1.14778 1.14778 0.873856 0.982253 0 0 0 0 0
374 1_1_1 1997  0 0 0.437187 0.649491 0.745666 0.856173 0 0.928602 0.881477 0 0 0 0 0 0
375 1_1_1 1997  0 0 0.432257 0.618364 0.722462 0.825761 0.914715 1.06025 0.912163 1.035 0 1.32 0 0 0
376 1_1_1 1997  0 0 0.362566 0.69173 0.701534 0.887019 0.950277 1.025 0.859049 0 0 0 0 0 0
377 1_1_1 1997  0 0 0.433993 0.605776 0.742614 0.812065 1.06787 0.995556 0.90973 1.03 0 1.32 0 0 0
378 1_1_1 1997  0 0 0.409714 0.645 0.705622 0.826351 0.858443 0.907004 0.946657 1.03 0 1.32 0 0 0
379 1_1_1 1997  0 0 0.427088 0 0.713637 0.873114 0.845556 1.14143 0.893426 0.862256 0 1.32 0 0 0
380 1_1_1 1997  0 0 0.406951 0.733333 0.700727 0.771385 0.870764 0 0.841925 0.872726 0 1.32 0 0 0
381 1_1_1 1997  0 0 0.390682 0.628793 0.709392 0.871618 0.989812 0.87 0.915854 1.03 0 1.32 0 0 0
382 1_1_1 1997  0 0 0.397121 0.68 0.718271 0.845717 0 0.938059 0.861721 0 0 0 0 0 0
383 1_1_1 1997  0 0 0.450236 0.617505 0.739886 0.771592 0.879856 0.922294 0.903846 0.91945 0 0 0 0 0
384 1_1_1 1997  0 0 0.383247 0.686274 0.69083 0.799113 0.856783 0.893379 0.900473 0.93 0 0 0 0 0
385 1_1_1 1997  0 0 0.426068 0.684097 0.684661 0.91911 0.8625 1.13 0.841943 0.961667 0 0 0 0 0
386 1_1_1 1997  0 0 0.400996 0.677662 0.698059 0.943025 0.883461 0.931523 0.944744 0.941359 0 0 0 0 0
387 1_1_1 1997  0 0 0.408503 0 0.732884 0.873059 0.853077 0 0.886997 0 0 0 0 0 0
388 1_1_1 1997  0 0 0.416012 0.6 0.675959 0.765632 0.96912 0.888965 0.905844 0.93 0 0 0 0 0
389 1_1_1 1997  0 0 0.409616 0.56 0.704783 0.974207 0.88 1.11473 0.890834 1.03 0 0 0 0 0
390 1_1_1 1997  0 0 0.418101 0.585 0.699998 1.02378 1.01135 1.165 0.96326 0.906053 0 0 0 0 0
391 1_1_1 1997  0 0 0.430554 0.605556 0.71828 0.965244 0.887727 1.11446 0.873577 0.911667 0 1.32 0 0 0
392 1_1_1 1997  0 0 0.412595 0 0.740143 1.03347 1.19 0.951868 0.845064 0 0 0 0 0 0
393 1_1_1 1997  0 0 0.383911 0.70482 0.662951 0.815199 0.915891 0.954351 0.885964 1.03 0 0 0 0 0
394 1_1_1 1997  0 0 0.403764 0.68 0.726638 0.899633 1.00809 0.939418 0.885093 0 0 0 0 0 0
395 1_1_1 1997  0 0 0.430727 0 0.726021 0.838757 0.857848 1.14 0.866022 0.866413 0 1.32 0 0 0
396 1_1_1 1997  0 0 0.416917 0.625004 0.717487 0.891252 0.858812 0.96459 0.974057 0.927215 0 0 0 0 0
397 1_1_1 1997  0 0 0.440114 0.6 0.663255 0.781966 0.872303 0.932139 0.803998 0.897692 0 0 0 0 0
398 1_1_1 1997  0 0 0.401928 0 0.672366 0.901923 0.882109 0 0.825564 0.93938 0 0 0 0 0
399 1_1_1 1997  0 0 0.447907 0.58 0.714932 0.784168 0.877434 0.86 0.88333 1.03 0 0 0 0 0
400 1_1_1 1997  0 0 0.407413 0.691072 0.691924 0.820786 0.871024 0.905788 0.940324 1.03 0 1.32 0 0 0
401 1_1_1 1997  0 0 0.402697 0.636256 0.748641 0.859454 0.965729 0 0.878324 1.03 0 1.32 0 0 0
402 1_1_1 1997  0 0 0.412781 0.725833 0.695534 0.755044 0.84 0.9325 0.93125 0.900717 0 0 0 0 0
403 1_1_1 1997  0 0 0.434013 0.60657 0.739984 0.853367 0.913846 0.966869 0.898556 1.03 0 0 0 0 0
404 1_1_1 1997  0 0 0.409924 0.624 0.72023 0.878437 0.840379 1.11091 0.904546 1.03 0 0 0 0 0
405 1_1_1 1997  0 0 0.423285 0.733333 0.709808 0.788205 0.807952 1.14333 0.911326 1.03 0 0 0 0 0
406 1_1_1 1997  0 0 0.397788 0.710201 0.669071 1.00904 0.858384 1.15 0.962441 0.899426 0 1.32 0 0 0
407 1_1_1 1997  0 0 0.413237 0 0.710189 0.8475 0.855339 1.165 0.960365 0.878887 0 1.32 0 0 0
408 1_1_1 1997  0 0 0.43132 0.58 0.745956 0.775663 0.961594 0.961594 0.969528 1.03 0 1.32 0 0 0
409 1_1_1 1997  0 0 0.436318 0.662564 0.744309 0.943857 0.903333 1.116 0.893461 1.03 0 0 0 0 0
410 1_1_1 1997  0 0 0.396932 0.632264 0.718735 0.862932 1.16333 0.943964 0.933221 1.03 0 0 0 0 0
411 1_1_1 1997  0 0 0.381464 0.645 0.756736 0.925354 0.861317 0.974628 0.869804 0 0 1.32 0 0 0
412 1_1_1 1997  0 0 0.426241 0.75 0.730857 0.866561 0.836073 0 0.923992 1.03 0 0 0 0 0
413 1_1_1 1997  0 0 0.428198 0.598571 0.732391 0.85829 0.88139 0.912 0.884619 0.900236 0 0 0 0 0
414 1_1_1 1997  0 0 0.429578 0 0.705173 0.791001 0.86 0.99046 0.849858 0 0 0 0 0 0
415 1_1_1 1997  0 0 0.39974 0.655562 0.711355 0.861084 0.901852 0.980288 0.900563 1.03 0 0 0 0 0
416 1_1_1 1997  0 0 0.409767 0.58875 0.725962 0.775299 0.872 0.910933 0.909963 1.03 0 0 0 0 0
417 1_1_1 1997  0 0 0.429918 0.61389 0.714875 0.926325 0.907143 1.01012 0.922587 0.934827 0 1.32 0 0 0
418 1_1_1 1997  0 0 0.45247 0.68 0.725208 0.910311 0.951417 1.12571 0.88737 0.873636 0 0 0 0 0
419 1_1_1 1997  0 0 0.407569 0.694913 0.706607 0.810754 0.895455 0.888866 0.915695 0.895455 0 0 0 0 0
420 1_1_1 1997  0 0 0.423198 0.639415 0.673005 0.91 0.767671 1.13 0.915039 0 0 0 0 0 0
421 1_1_1 1997  0 0 0.447691 0.58 0.704945 0.867793 0.77054 0.875629 0.940608 0.913333 0 0 0 0 0
422 1_1_1 1997  0 0 0.419964 0.721667 0.729942 0.865474 0.908505 1.04408 0.861961 1.03 0 1.32 0 0 0
423 1_1_1 1997  0 0 0.402057 0.622392 0.718341 0.863288 0.938523 1.0348 0.908199 1.03 0 0 0 0 0
424 1_1_1 1997  0 0 0.43579 0.558889 0.752205 0.881863 0.871509 1.01 0.884279 0.977358 0 0 0 0 0
425 1_1_1 1997  0 0 0.432071 0.565263 0.703407 0.840852 1.01792 0.933068 0.876653 0.93 0 0 0 0 0
426 1_1_1 1997  0 0 0.415809 0.715 0.686121 0.873764 0.896836 1.17 0.766959 0.84875 0 0 0 0 0
427 1_1_1 1997  0 0 0.4243 0 0.733354 0.85347 0.857013 1.15 0.882846 1.03 0 1.32 0 0 0
428 1_1_1 1997  0 0 0.393829 0.6 0.764417 0.878 0.98546 1.16 0.800564 1.03 0 1.32 0 0 0
429 1_1_1 1997  0 0 0.418419 0.65005 0.710989 0.885418 0.836113 1.00886 0.91902 1.048 0 0 0 0 0
430 1_1_1 1997  0 0 0.41366 0.6625 0.728223 0.882099 0.864286 0.9 0.915317 0.881203 0 0 0 0 0
431 1_1_1 1997  0 0 0.416789 0.68 0.716869 0.837493 0.928 0.900833 0.905363 1.03 0 0 0 0 0
432 1_1_1 1997  0 0 0.408053 0.680537 0.745277 0.844399 0.844408 0.930551 0.981597 1.03 0 1.32 0 0 0
433 1_1_1 1997  0 0 0.427823 0 0.699563 0.69 0.966733 1.16 0.868923 0 0 0 0 0 0
434 1_1_1 1997  0 0 0.43668 0.657758 0.753495 0.864617 0.925765 0.960033 0.96924 1.03 0 0 0 0 0
435 1_1_1 1997  0 0 0.415463 0.733333 0.684141 0.89601 0.840267 0.975043 0.933176 0 0 1.32 0 0 0
436 1_1_1 1997  0 0 0.396733 0.743333 0.676102 0.839772 0.883093 0.86 0.858925 0.885 0 0 0 0 0
437 1_1_1 1997  0 0 0.425496 0.715 0.721516 0.86009 0.776667 1.05272 0.952731 1.03 0 1.32 0 0 0
438 1_1_1 1997  0 0 0.40194 0.725 0.699492 0.831376 0 0 0.828693 0.83025 0 0 0 0 0
439 1_1_1 1997  0 0 0.37 0 0.673997 0.834398 0.926 0.943752 0.923008 0.93 0 0 0 0 0
440 1_1_1 1997  0 0 0.430657 0.609913 0.731036 0.938122 0.831277 0 0.896228 0 0 1.32 0 0 0
441 1_1_1 1997  0 0 0.430135 0.645 0.71265 0.814535 1.15667 0.927953 0.948776 0.891818 0 1.32 0 0 0
442 1_1_1 1997  0 0 0.41731 0.71 0.700464 0.840411 0.827963 0 0.868768 0 0 0 0 0 0
443 1_1_1 1997  0 0 0.420308 0.672402 0.688942 0.780234 0.817715 1.03 0.98921 1.03 0 1.32 0 0 0
444 1_1_1 1997  0 0 0.401087 0.691338 0.701662 0.887239 0.883439 0.936442 0.90036 0.86 0 0 0 0 0
445 1_1_1 1997  0 0 0.442294 0.658147 0.725872 0.785 0.910105 0.990641 0.853448 0.88 0 0 0 0 0
446 1_1_1 1997  0 0 0.422512 0 0.677561 0.82406 1.09875 1.16 0.820452 0.89875 0 0 0 0 0
447 1_1_1 1997  0 0 0.415241 0.638 0.694036 0.938375 1.0242 0.868788 0.839115 0.947 0 0 0 0 0
448 1_1_1 1997  0 0 0.423474 0.68 0.752044 0.930268 0.929927 0.916236 0.880027 0 0 1.32 0 0 0
449 1_1_1 1997  0 0 0.414417 0.645 0.70589 0.787372 1.03188 0.944853 0.85283 0.908889 0 0 0 0 0
450 1_1_1 1997  0 0 0.442388 0.70419 0.728791 0.850029 0.915837 0.9675 0.925434 0 0 0 0 0 0
451 1_1_1 1997  0 0 0.426386 0.7725 0.684787 0.87208 0.979327 1.135 0.869386 0.933889 0 0 0 0 0
452 1_1_1 1997  0 0 0.405766 0.585714 0.680202 0.891711 0.885714 1.0525 0.852837 0 0 0 0 0 0
453 1_1_1 1997  0 0 0.454561 0 0.702092 0.825983 0.889957 0.86 0.869002 0.932748 0 1.32 0 0 0
454 1_1_1 1997  0 0 0.431895 0 0.712164 0.78524 0.741219 0.86 0.932314 0.875549 0 0 0 0 0
455 1_1_1 1997  0 0 0.393488 0.684739 0.706198 0.887104 0 1.02175 0.892213 0 0 1.32 0 0 0
456 1_1_1 1997  0 0 0.443502 0 0.710365 0.830298 0.894417 1.09638 0.954962 0.917686 0 1.32 0 0 0
457 1_1_1 1997  0 0 0.400467 0.644707 0.737758 0.772823 0.9275 0.861736 0.896815 0.978333 0 1.32 0 0 0
458 1_1_1 1997  0 0 0.433575 0.70632 0.732932 0.897502 0.882 1.03053 0.865128 0 0 1.32 0 0 0
459 1_1_1 1997  0 0 0.419264 0.68 0.694501 0.793098 0.896278 1.021 0.922583 1.03 0 0 0 0 0
460 1_1_1 1997  0 0 0.403256 0.633333 0.71454 0.859431 0.88921 0.932628 0.953656 0.88423 0 1.32 0 0 0
461 1_1_1 1997  0 0 0.395785 0.63795 0.70781 0.768849 0.970156 0.90272 0.922625 0.864615 0 1.32 0 0 0
462 1_1_1 1997  0 0 0.436683 0.659772 0.708833 0.93311 0.912164 1.16 0.884029 1.03 0 0 0 0 0
463 1_1_1 1997  0 0 0.404406 0.638 0.684392 0.925027 1.09956 0.966283 0.845618 0.908 0 1.32 0 0 0
464 1_1_1 1997  0 0 0.399838 0.536 0.683061 0.86661 0.92937 0.887356 1.01239 1.03 0 0 0 0 0
465 1_1_1 1997  0 0 0.373598 0.68 0.682967 0.811029 0.819456 0.868495 0.951608 1.03 0 0 0 0 0
466 1_1_1 1997  0 0 0.405082 0.606266 0.727634 0.745622 0.76 0.942624 0.894256 1.03 0 1.32 0 0 0
467 1_1_1 1997  0 0 0.398556 0.73 0.71297 0.832222 0.991419 0.90631 0.942603 0.861145 0 0 0 0 0
468 1_1_1 1997  0 0 0.347082 0.687448 0.67371 0.924272 0.960727 0.995 0.80618 0.910909 0 0 0 0 0
469 1_1_1 1997  0 0 0.409618 0.649711 0.719979 0.894431 0.889524 0.908756 0.849749 0.87 0 0 0 0 0
470 1_1_1 1997  0 0 0.403398 0.66999 0.690969 0.923884 0.817 1.0525 0.90129 0.89533 0 0 0 0 0
471 1_1_1 1997  0 0 0.457383 0.577778 0.678625 0.768871 0.827588 1.07946 0.86166 0 0 1.32 0 0 0
472 1_1_1 1997  0 0 0.409415 0.640726 0.687273 0.869048 0.885587 0.947615 0.924809 0.975556 0 0 0 0 0
473 1_1_1 1997  0 0 0.411851 0.68 0.73191 0.90973 1.14667 0.976971 0.92867 0.912222 0 0 0 0 0
474 1_1_1 1997  0 0 0.400615 0.716667 0.697311 0.917273 0.883514 1.15 0.854328 1.03 0 0 0 0 0
475 1_1_1 1997  0 0 0.422342 0.633333 0.696109 0.814996 1.17 1.00534 0.823559 1.03 0 1.32 0 0 0
476 1_1_1 1997  0 0 0.418173 0.685982 0.706882 0.784652 0.890409 1.155 0.943304 0.944711 0 0 0 0 0
477 1_1_1 1997  0 0 0.446987 0.7125 0.632631 0.789416 0.750406 1.13 0.901377 0.9175 0 0 0 0 0
478 1_1_1 1997  0 0 0.435077 0.649845 0.72225 0.796388 0.856 0.856 0.898159 0 0 0 0 0 0
479 1_1_1 1997  0 0 0.403309 0.65328 0.680389 0.847917 0.92785 1.08533 0.902912 0.9125 0 1.32 0 0 0
480 1_1_1 1997  0 0 0.402749 0 0.65656 0.838418 0.856994 1.01406 0.909107 0 0 0 0 0 0
481 1_1_1 1997  0 0 0.41492 0.591 0.670218 0.797535 0.73 0.86 0.851243 0 0 0 0 0 0
482 1_1_1 1997  0 0 0.422715 0.591 0.720881 0.788624 1.14 0.931727 0.9473 0.92 0 0 0 0 0
483 1_1_1 1997  0 0 0.423498 0.596667 0.7422 0.906365 0.942 0.951117 0.860217 0.991879 0 0 0 0 0
484 1_1_1 1997  0 0 0.409671 0.615237 0.70175 0.820421 0.817928 0.986754 0.848501 1.03 0 1.32 0 0 0
485 1_1_1 1997  0 0 0.373569 0.68 0.664972 0.82687 0.883787 0.882394 0.873869 0 0 0 0 0 0
486 1_1_1 1997  0 0 0.398715 0.67518 0.733497 0.915387 1.15 1.07955 0.897697 0.8875 0 0 0 0 0
487 1_1_1 1997  0 0 0.431797 0 0.732539 0.950902 0 1.135 0.846149 0.881054 0 1.32 0 0 0
488 1_1_1 1997  0 0 0.386629 0.645 0.714644 0.874938 0.905327 0.925 0.964078 0 0 1.32 0 0 0
489 1_1_1 1997  0 0 0.413313 0.68 0.713716 0.889859 0.852946 1.02339 0.879819 0.856154 0 0 0 0 0
490 1_1_1 1997  0 0 0.379968 0.685613 0.68345 0.861775 0.884104 1.10915 0.872434 1.03 0 0 0 0 0
491 1_1_1 1997  0 0 0.445931 0.640431 0.775604 0.982383 0.805301 0.985985 1.09196 0 0 0 0 0 0
492 1_1_1 1997  0 0 0.377946 0.649976 0.764578 0.771126 0 0.953815 0.89152 0 0 0 0 0 0
493 1_1_1 1997  0 0 0.416462 0.72 0.710847 0.925606 0.891019 1.16 0.827279 0.871 0 0 0 0 0
494 1_1_1 1997  0 0 0.395099 0.71 0.693863 0.801871 0.768114 1.13667 0.880101 1.03 0 1.32 0 0 0
495 1_1_1 1997  0 0 0.420941 0 0.737631 0.953745 0.954017 1.11333 0.902157 1.03 0 0 0 0 0
496 1_1_1 1997  0 0 0.410827 0 0.722919 0.931732 0.911591 1.01 0.85858 1.03 0 1.32 0 0 0
497 1_1_1 1997  0 0 0.44415 0.561667 0.693587 0.850291 0 0.86 0.929764 0.937728 0 0 0 0 0
498 1_1_1 1997  0 0 0.398651 0.65421 0.710957 0.824695 0.87 0.980892 0.796599 1.03 0 0 0 0 0
499 1_1_1 1997  0 0 0.392993 0.598333 0.689879 0.893351 0.855169 1.146 0.924894 0.884 0 0 0 0 0
500 1_1_1 1997  0 0 0.433621 0.723077 0.675146 0.892862 0.898931 1.07779 0.857923 0.888 0 0 0 0 0
501 1_1_1 1997  0 0 0.409262 0 0.692992 0.876667 0.906714 0.978222 1.01502 0 0 0 0 0 0
502 1_1_1 1997  0 0 0.397293 0.68 0.655304 0.855709 1.16 1.16 0.829814 0 0 0 0 0 0
503 1_1_1 1997  0 0 0.434226 0 0.692169 0.809746 0.838418 1.03526 0.946178 0.85 0 0 0 0 0
504 1_1_1 1997  0 0 0.416867 0.69458 0.750836 0.924717 1.0208 0.923333 0.938907 0.97 0 0 0 0 0
505 1_1_1 1997  0 0 0.420049 0 0.701135 0.860768 0.91679 1.13 0.885208 0.88 0 1.32 0 0 0
506 1_1_1 1997  0 0 0.398549 0.68 0.668817 0.858837 0.897079 1.02419 0.892186 0.906667 0 0 0 0 0
507 1_1_1 1997  0 0 0.361619 0.615201 0.644839 0.940304 0.73 0 0.897244 0.955 0 0 0 0 0
508 1_1_1 1997  0 0 0.429286 0.68 0.696879 0.821555 0.850342 0.925483 0.864262 0.848851 0 0 0 0 0
509 1_1_1 1997  0 0 0.437055 0.58 0.693523 0.853346 0.993663 1.005 0.89756 0.928647 0 0 0 0 0
510 1_1_1 1997  0 0 0.417291 0.699277 0.709809 0.817475 0 0.9 0.856095 0.847634 0 0 0 0 0
511 1_1_1 1997  0 0 0.415322 0.656341 0.734714 0.981876 1.04016 0.953673 0.835214 1.01667 0 0 0 0 0
512 1_1_1 1997  0 0 0.428981 0.597143 0.707669 0.802086 0.782594 0.93395 0.883513 1.03 0 1.32 0 0 0
513 1_1_1 1997  0 0 0.418336 0.583333 0.715941 0.906673 0.9175 0.899144 0.922964 0.935441 0 0 0 0 0
514 1_1_1 1997  0 0 0.416221 0 0.705634 1.05667 0.839443 0 0.860707 0.97 0 0 0 0 0
515 1_1_1 1997  0 0 0.425026 0 0.730628 0.937266 0.843082 0 0.889894 0 0 0 0 0 0
516 1_1_1 1997  0 0 0.426983 0.660729 0.695381 0.879585 0.916726 1.02379 0.880088 0.93 0 0 0 0 0
517 1_1_1 1997  0 0 0.434076 0.679376 0.695908 0.878227 0.970191 0.938632 0.81774 0 0 0 0 0 0
518 1_1_1 1997  0 0 0.421972 0 0.701626 0.774263 0.83954 1.14 0.902553 1.03 0 0 0 0 0
519 1_1_1 1997  0 0 0.454234 0.654988 0.674514 0.796185 0.921151 0.92 0.964916 0.94 0 0 0 0 0
520 1_1_1 1997  0 0 0.412591 0 0.670245 0.929255 0.911574 1.10128 0.852319 0.900625 0 0 0 0 0
521 1_1_1 1997  0 0 0.424506 0.601667 0.721631 0.822572 0.88397 0.85 0.914864 1.03 0 0 0 0 0
522 1_1_1 1997  0 0 0.434195 0.62 0.721192 0.895 0.73 0 1.06603 1.03 0 0 0 0 0
523 1_1_1 1997  0 0 0.408873 0.615556 0.705167 0.860328 0.968333 0 0.936595 0 0 0 0 0 0
524 1_1_1 1997  0 0 0.428489 0.656629 0.737061 0.932665 0.757821 1.06508 0.922422 0.923295 0 0 0 0 0
525 1_1_1 1997  0 0 0.420682 0.581667 0.716633 0.86727 0.794217 0 0.878923 0.929163 0 0 0 0 0
526 1_1_1 1997  0 0 0.39808 0.655728 0.666475 0.929179 0.828006 0.994762 0.918344 0.92 0 0 0 0 0
527 1_1_1 1997  0 0 0.408538 0.606154 0.694885 0.826553 0.884473 0.96 0.896981 0.913208 0 1.32 0 0 0
528 1_1_1 1997  0 0 0.387391 0.636121 0.689753 0.928889 0.84555 0.917039 0.905603 0.928889 0 1.32 0 0 0
529 1_1_1 1997  0 0 0.408715 0.604477 0.692107 0.827014 0.908834 0.997143 0.863726 1.03 0 0 0 0 0
530 1_1_1 1997  0 0 0.407004 0.645 0.725112 0.848606 0.845887 0.87 0.916586 1.03 0 0 0 0 0
531 1_1_1 1997  0 0 0.416863 0.686875 0.732352 0.863961 0.832423 0.904682 0.848171 0.909892 0 0 0 0 0
532 1_1_1 1997  0 0 0.411569 0.581667 0.725181 0.814886 0.941052 1.145 0.978869 0.892802 0 0 0 0 0
533 1_1_1 1997  0 0 0.417697 0 0.71928 0.861609 0.832451 0.86 0.881098 0.877143 0 0 0 0 0
534 1_1_1 1997  0 0 0.36003 0.711111 0.672227 0.870048 0.932099 0 0.882651 0.874286 0 0 0 0 0
535 1_1_1 1997  0 0 0.428461 0.68 0.708284 0.818025 0.869921 0.959183 0.895081 1.03 0 0 0 0 0
536 1_1_1 1997  0 0 0.408601 0.68 0.751262 0.937254 0.98019 0.947503 0.866899 0 0 0 0 0 0
537 1_1_1 1997  0 0 0.426761 0.716667 0.710366 0.871754 0.854063 1.01892 0.873895 0 0 1.32 0 0 0
538 1_1_1 1997  0 0 0.392667 0.668854 0.739113 0.994663 0 1.00714 0.870611 0 0 0 0 0 0
539 1_1_1 1997  0 0 0.432345 0.7125 0.704361 0.864577 0.812617 1.165 0.867998 0.888462 0 0 0 0 0
540 1_1_1 1997  0 0 0.388569 0.716667 0.720374 0.922032 0.804114 1.06207 0.822869 1.03 0 0 0 0 0
541 1_1_1 1997  0 0 0.460527 0.645981 0.699768 0.898895 0.87 1.06851 0.8695 0.95 0 0 0 0 0
542 1_1_1 1997  0 0 0.412641 0.655582 0.723445 0.832744 0.991912 0.889111 0.936266 0.958333 0 0 0 0 0
543 1_1_1 1997  0 0 0.406817 0 0.720342 0.936735 0.858155 1.14333 0.868392 1.03 0 0 0 0 0
544 1_1_1 1997  0 0 0.437018 0.655918 0.695851 0.826955 0 0.86 0.881449 0.988571 0 0 0 0 0
545 1_1_1 1997  0 0 0.418388 0.585 0.699545 0.928931 0.882697 0.848 0.866675 0 0 0 0 0 0
546 1_1_1 1997  0 0 0.423493 0.676394 0.690324 0.832095 0.865714 0.956831 0.847955 0.885627 0 0 0 0 0
547 1_1_1 1997  0 0 0.429386 0.6625 0.76382 0.817472 0.930851 0.953839 1.01048 0.909 0 0 0 0 0
548 1_1_1 1997  0 0 0.407512 0.665881 0.728147 0.966931 0.87 0.875356 0.846471 0 0 1.32 0 0 0
549 1_1_1 1997  0 0 0.402761 0.728571 0.682996 0.831203 0.919946 1.03382 0.824323 0 0 0 0 0 0
550 1_1_1 1997  0 0 0.420147 0.70391 0.686726 0.744932 0.935823 0.9 0.933138 1.03 0 0 0 0 0
551 1_1_1 1997  0 0 0.404911 0.71 0.628061 0.817651 0.784414 0 0.86219 0 0 0 0 0 0
552 1_1_1 1997  0 0 0.424606 0.667526 0.741383 0.866718 0.92334 0.988889 0.855348 0 0 0 0 0 0
553 1_1_1 1997  0 0 0.416084 0.631161 0.726748 0.918756 0.913706 0.922247 0.932668 0 0 1.32 0 0 0
554 1_1_1 1997  0 0 0.376919 0.654205 0.708642 0.906737 0.955 0.941827 0.928408 0 0 0 0 0 0
555 1_1_1 1997  0 0 0.416442 0.641931 0.740824 0.919185 0.953829 0.966078 0.882613 0 0 0 0 0 0
556 1_1_1 1997  0 0 0.428185 0.684871 0.669913 1.02 1.175 1.05389 0.937377 0.91 0 0 0 0 0
557 1_1_1 1997  0 0 0.409919 0.75 0.663154 0.891652 0.892489 0.881684 0.835295 1.035 0 0 0 0 0
558 1_1_1 1997  0 0 0.399664 0 0.719364 0.955986 1.03956 0 0.913742 0.911262 0 0 0 0 0
559 1_1_1 1997  0 0 0.365735 0.72 0.700049 0.863329 0.956824 0.897663 1.06646 1.03 0 0 0 0 0
560 1_1_1 1997  0 0 0.412936 0.68 0.737787 0.941361 0.877533 0.907213 0.928117 0.937273 0 0 0 0 0
561 1_1_1 1997  0 0 0.42084 0.75 0.705704 0.884544 0.900695 1.14 0.881133 0.940462 0 1.32 0 0 0
562 1_1_1 1997  0 0 0.417231 0.624 0.697206 0.855235 0.854458 1.03152 0.847852 0 0 1.32 0 0 0
563 1_1_1 1997  0 0 0.427707 0.612917 0.754105 0.960688 0.924 0.966667 1.00375 0.977008 0 0 0 0 0
564 1_1_1 1997  0 0 0.405009 0.656667 0.697351 0.895431 0.875493 0.953988 0.989746 0.89136 0 1.32 0 0 0
565 1_1_1 1997  0 0 0.436785 0.667593 0.772114 0.86275 0.880934 0.909929 0.928621 1.03 0 0 0 0 0
566 1_1_1 1997  0 0 0.386599 0.657651 0.71594 0.873327 0.86 1.03631 0.880885 0.896667 0 0 0 0 0
567 1_1_1 1997  0 0 0.439655 0.585 0.773661 0.936552 1.02689 1.095 0.871619 0.911333 0 0 0 0 0
568 1_1_1 1997  0 0 0.411927 0.703884 0.649145 0.839697 0.928734 0.902648 0.951469 0 0 0 0 0 0
569 1_1_1 1997  0 0 0.40329 0.714402 0.697795 0.866707 0.855 0 0.898973 1.03 0 0 0 0 0
570 1_1_1 1997  0 0 0.412009 0.647124 0.72527 0.860045 0.923891 1.08532 0.867957 1.03 0 0 0 0 0
571 1_1_1 1997  0 0 0.421746 0.655056 0.71283 0.942286 1.076 1.12209 0.865172 1.05667 0 0 0 0 0
572 1_1_1 1997  0 0 0.392432 0.647658 0.683003 0.827565 0.801667 0.88724 0.953208 0 0 0 0 0 0
573 1_1_1 1997  0 0 0.359728 0.653654 0.677362 0.765156 0.888734 0.86 0.860131 0.9025 0 0 0 0 0
574 1_1_1 1997  0 0 0.414552 0.725 0.673795 0.813177 0.852 0.852 0.837882 0.93 0 0 0 0 0
575 1_1_1 1997  0 0 0.405338 0.71 0.69411 0.971649 0.912074 0 0.941836 0.892 0 0 0 0 0
576 1_1_1 1997  0 0 0.40255 0.645 0.702706 0.833287 0.910639 1.00091 0.771666 1.03 0 0 0 0 0
577 1_1_1 1997  0 0 0.402219 0.669644 0.724625 0.843864 0.825815 0.993061 0.895447 1.03 0 0 0 0 0
578 1_1_1 1997  0 0 0.433035 0.603 0.699556 0.816714 0.770702 0.939022 0.863631 0.844737 0 0 0 0 0
579 1_1_1 1997  0 0 0.421006 0.749 0.714146 0.81 0.784135 0.85 0.919834 0 0 1.32 0 0 0
580 1_1_1 1997  0 0 0.436733 0.741667 0.680631 0.82479 0.848395 1.15 0.971111 1.03 0 1.32 0 0 0
581 1_1_1 1997  0 0 0.40537 0.682092 0.701071 0.943149 0.865474 0.936104 0.884595 0 0 0 0 0 0
582 1_1_1 1997  0 0 0.384172 0.68 0.717637 0.78244 0.902367 1.144 0.824358 1.03 0 0 0 0 0
583 1_1_1 1997  0 0 0.425059 0.586667 0.731049 0.80238 0 0 0.889411 0 0 0 0 0 0
584 1_1_1 1997  0 0 0.434721 0 0.736587 0.854703 0.893099 1.162 0.891416 1.03 0 0 0 0 0
585 1_1_1 1997  0 0 0.392751 0.68 0.68978 0.858187 0.990688 0.961653 0.835474 0.88 0 0 0 0 0
586 1_1_1 1997  0 0 0.385128 0.661599 0.691897 0.837224 0.954254 0.869347 0.931453 0 0 1.32 0 0 0
587 1_1_1 1997  0 0 0.430276 0.65662 0.725658 0.882135 0.89 0.897061 0.967236 0 0 0 0 0 0
588 1_1_1 1997  0 0 0.437162 0.609286 0.704441 0.921275 0.936707 0.900153 0.908945 0.990205 0 0 0 0 0
589 1_1_1 1997  0 0 0.421109 0.725 0.724296 0.851943 0 0.975746 0.985386 1.03 0 1.32 0 0 0
590 1_1_1 1997  0 0 0.346959 0.707182 0.717416 0.989372 1.15 1.02729 1.06166 0 0 0 0 0 0
591 1_1_1 1997  0 0 0.376767 0.627897 0.755139 0.906851 0.847143 0.943313 0.85422 0 0 0 0 0 0
592 1_1_1 1997  0 0 0.437166 0 0.684728 0.886245 0.87888 1.17286 0.87175 0 0 0 0 0 0
593 1_1_1 1997  0 0 0.406205 0.624 0.724874 0.981589 0.907554 0.866 0.936288 0.81 0 0 0 0 0
594 1_1_1 1997  0 0 0.399925 0.728471 0.71283 0.878359 0.893856 0.89 0.931538 0.869 0 1.32 0 0 0
595 1_1_1 1997  0 0 0.378815 0.765 0.663526 0.802736 0.85285 0.845 0.892294 0.97 0 0 0 0 0
596 1_1_1 1997  0 0 0.455689 0.6 0.724536 0.888278 0.782857 1.07537 0.918793 0.973333 0 1.32 0 0 0
597 1_1_1 1997  0 0 0.423163 0 0.662812 0.803038 0.840565 0.86 0.897269 0.948428 0 1.32 0 0 0
598 1_1_1 1997  0 0 0.405105 0.655444 0.717859 0.84477 1.158 0.931362 0.860834 1.03 0 0 0 0 0
599 1_1_1 1997  0 0 0.417997 0 0.689665 0.798901 0.778508 0 0.878438 0 0 0 0 0 0
600 1_1_1 1997  0 0 0.415112 0.624 0.731863 0.779625 1.00872 0.924786 0.823079 1.03 0 1.32 0 0 0
601 1_1_1 1997  0 0 0.396157 0.6275 0.697966 0.941103 0.831739 1.04877 0.874644 0 0 1.32 0 0 0
602 1_1_1 1997  0 0 0.412588 0.60128 0.763428 0.937335 0.796978 0.997083 0.922241 1.03 0 1.32 0 0 0
603 1_1_1 1997  0 0 0.426287 0 0.72432 0.829515 0.915714 1.02388 0.816266 1.03 0 0 0 0 0
604 1_1_1 1997  0 0 0.42785 0.716667 0.71873 0.909404 1.11908 0 0.84396 0.877186 0 0 0 0 0
605 1_1_1 1997  0 0 0.43325 0.58 0.688571 0.958 0.743437 1.13 0.896023 0.95933 0 0 0 0 0
606 1_1_1 1997  0 0 0.412367 0.68 0.738246 0.804391 0.852007 0.976775 0.78077 0 0 0 0 0 0
607 1_1_1 1997  0 0 0.43236 0.63 0.737948 0.866364 0.843129 0.952878 0.885284 0.884978 0 1.32 0 0 0
608 1_1_1 1997  0 0 0.399518 0.64908 0.713101 0.912896 0.940421 0.953333 0.837823 0.920491 0 0 0 0 0
609 1_1_1 1997  0 0 0.408009 0.725 0.767239 0.864337 1.18 0.952797 1.03402 1.03 0 1.32 0 0 0
610 1_1_1 1997  0 0 0.38767 0.633054 0.748847 0.898739 0.888157 0.969937 0.893444 0.92125 0 0 0 0 0
611 1_1_1 1997  0 0 0.429337 0 0.690554 0.844361 0.925868 1.13857 0.738652 1.03 0 0 0 0 0
612 1_1_1 1997  0 0 0.416228 0.604842 0.733861 0.818224 0.867075 0.908658 0.90399 0 0 1.32 0 0 0
613 1_1_1 1997  0 0 0.421861 0.658834 0.682153 0.841564 0.900767 0.931507 0.923983 0.952 0 0 0 0 0
614 1_1_1 1997  0 0 0.435825 0.605311 0.721812 0.787238 0.749172 0.93809 0.956834 0.904 0 0 0 0 0
615 1_1_1 1997  0 0 0.400544 0.645 0.753083 0.762567 1.03375 0.899844 0.868612 0 0 1.32 0 0 0
616 1_1_1 1997  0 0 0.422 0.595 0.727481 0.924516 0.876529 1.09354 0.888446 0.885045 0 1.32 0 0 0
617 1_1_1 1997  0 0 0.411635 0.667881 0.703408 0.881414 1.07401 0.916305 0.875708 0.967627 0 0 0 0 0
618 1_1_1 1997  0 0 0.405178 0.685026 0.693231 0.858868 1.17 0.902417 0.941262 1.03 0 1.32 0 0 0
619 1_1_1 1997  0 0 0.447533 0 0.685261 0.790982 0.84 1.13 0.90953 1.03 0 0 0 0 0
620 1_1_1 1997  0 0 0.428197 0.632991 0.720019 0.843167 0.876001 1.16333 0.884519 0.979685 0 0 0 0 0
621 1_1_1 1997  0 0 0.419723 0.733333 0.733374 0.871271 0.874248 1.154 0.891783 1.03 0 0 0 0 0
622 1_1_1 1997  0 0 0.421237 0.585 0.699532 0.830448 0.909601 0.939248 0.890665 1.03 0 1.32 0 0 0
623 1_1_1 1997  0 0 0.390567 0.68 0.700679 0.816724 0.907968 0.914342 0.838143 0.894429 0 0 0 0 0
624 1_1_1 1997  0 0 0.420255 0.633333 0.728683 0.761915 0 0.952092 0.825637 0.955 0 1.32 0 0 0
625 1_1_1 1997  0 0 0.393731 0.709075 0.700572 0.805664 0.946107 0.86 0.955044 0.916158 0 0 0 0 0
626 1_1_1 1997  0 0 0.427712 0.645 0.689124 0.785592 0.841158 0.897012 0.920105 0.899271 0 1.32 0 0 0
627 1_1_1 1997  0 0 0.422981 0 0.779879 0.852102 0.797888 0.91 0.96635 1.03 0 0 0 0 0
628 1_1_1 1997  0 0 0.44076 0.725 0.706925 0.800381 0.875349 0.900153 0.958378 0.880103 0 0 0 0 0
629 1_1_1 1997  0 0 0.411955 0.663111 0.715372 0.790019 0.796678 0.967296 0.895183 1.03 0 0 0 0 0
630 1_1_1 1997  0 0 0.426212 0.733333 0.717142 0.789513 0.908057 0.91 0.899534 1.03 0 0 0 0 0
631 1_1_1 1997  0 0 0.428485 0.700834 0.706221 0.912072 0.921581 0.931393 0.946843 0.894444 0 0 0 0 0
632 1_1_1 1997  0 0 0.444399 0.634336 0.709926 0.784382 0.895833 0.976307 0.925841 0.89 0 0 0 0 0
633 1_1_1 1997  0 0 0.422072 0.611111 0.748714 0.815112 1.01169 0.939196 0.944226 0.94444 0 0 0 0 0
634 1_1_1 1997  0 0 0.420652 0.647499 0.69184 0.908538 0.96567 1.07373 0.894832 0.895 0 0 0 0 0
635 1_1_1 1997  0 0 0.34403 0.682787 0.707579 0.903883 0.815 1.02533 0.856753 0 0 1.32 0 0 0
636 1_1_1 1997  0 0 0.431779 0 0.695343 0.951131 0.960186 1.10676 0.871332 0.954167 0 0 0 0 0
637 1_1_1 1997  0 0 0.422873 0.591 0.735806 0.854971 1.03046 0.914744 0.900459 0.882 0 0 0 0 0
638 1_1_1 1997  0 0 0.414393 0.727273 0.667373 0.7982 0.762693 0.978311 0.947654 1.03 0 0 0 0 0
639 1_1_1 1997  0 0 0.411271 0.606561 0.689196 0.822254 0.791532 1.15 0.927252 0 0 1.32 0 0 0
640 1_1_1 1997  0 0 0.421336 0.590833 0.731213 0.862028 0.958319 1.05033 0.827626 0.911429 0 0 0 0 0
641 1_1_1 1997  0 0 0.417054 0.635466 0.688728 0.87387 1.00009 0.880788 0.875271 0.95 0 0 0 0 0
642 1_1_1 1997  0 0 0.39075 0.688283 0.677197 0.909848 1.00719 0.966082 0.814463 0.911667 0 1.32 0 0 0
643 1_1_1 1997  0 0 0.352011 0.632044 0.700255 0.923907 0.996246 0.916845 0.932066 0 0 0 0 0 0
644 1_1_1 1997  0 0 0.374029 0.664341 0.705018 0 1.19 0.900851 0.903096 0 0 1.32 0 0 0
645 1_1_1 1997  0 0 0.433892 0.648704 0.696378 0.843055 0.905108 0.934 0.954545 0.921667 0 0 0 0 0
646 1_1_1 1997  0 0 0.380725 0.634334 0.695163 0.929851 0.910536 0.963606 0.899297 1.03 0 1.32 0 0 0
647 1_1_1 1997  0 0 0.419563 0.649284 0.709345 0.854223 0.754 0 0.869529 0 0 0 0 0 0
648 1_1_1 1997  0 0 0.422158 0.652779 0.698019 0.903561 0 1.12472 0.891645 0 0 1.32 0 0 0
649 1_1_1 1997  0 0 0.416853 0.632466 0.700801 0.823059 0.857577 0 0.894351 0 0 0 0 0 0
650 1_1_1 1997  0 0 0.419502 0.618582 0.763935 0.759687 1.158 0.933106 0.889155 1.03 0 1.32 0 0 0
651 1_1_1 1997  0 0 0.425891 0.742857 0.690711 0.84152 0.770556 1.13667 0.899103 0.882 0 0 0 0 0
652 1_1_1 1997  0 0 0.403862 0.711111 0.692887 0.940296 0.900206 1.04 0.916504 0 0 1.32 0 0 0
653 1_1_1 1997  0 0 0.418264 0.632644 0.693214 0.953333 0.774809 0.953333 0.83864 1.03 0 1.32 0 0 0
654 1_1_1 1997  0 0 0.408628 0.586667 0.710328 0.846422 1.05778 0 0.867782 1.03 0 1.32 0 0 0
655 1_1_1 1997  0 0 0.442809 0.624429 0.716982 0.806585 0.946375 0.910827 0.931099 0.969 0 0 0 0 0
656 1_1_1 1997  0 0 0.410147 0.652 0.770233 0.765131 0.814615 0.904773 0.969231 0.840276 0 0 0 0 0
657 1_1_1 1997  0 0 0.426053 0 0.752499 0.936368 0.855442 1.01 0.836361 0.931176 0 0 0 0 0
658 1_1_1 1997  0 0 0.376754 0.586 0.67069 0.777411 0.928871 1.035 0.855161 0 0 0 0 0 0
659 1_1_1 1997  0 0 0.367812 0.671243 0.713898 0.902625 1.00348 0.992075 0.907402 0 0 1.32 0 0 0
660 1_1_1 1997  0 0 0.428529 0.658119 0.740657 0.757327 0.853735 0.886382 0.91812 1.03 0 0 0 0 0
661 1_1_1 1997  0 0 0.409986 0.606 0.747606 1.10193 1.00725 0 0.841543 1.03 0 0 0 0 0
662 1_1_1 1997  0 0 0.429505 0.745 0.738438 0.875723 0.908228 1.08993 0.841374 1.03 0 0 0 0 0
663 1_1_1 1997  0 0 0.430853 0.633333 0.731812 0.816248 0.749975 0.948826 0.949306 0 0 1.32 0 0 0
664 1_1_1 1997  0 0 0.412501 0 0.701872 0.867596 0.862214 1.05267 0.88062 0 0 0 0 0 0
665 1_1_1 1997  0 0 0.445167 0.7375 0.724154 0.882165 0.920235 0 0.941878 0.8575 0 0 0 0 0
666 1_1_1 1997  0 0 0.408699 0.665891 0.760024 0.821558 0.884 0.956838 0.936444 1.03 0 0 0 0 0
667 1_1_1 1997  0 0 0.401482 0.679713 0.693335 0.937291 0.843789 0.949739 0.919707 0.931667 0 1.32 0 0 0
668 1_1_1 1997  0 0 0.420898 0.669953 0.703699 0.776445 0 0.891479 0.986867 1.03 0 0 0 0 0
669 1_1_1 1997  0 0 0.437106 0.708458 0.693242 0.948994 0.914533 1.00529 0.982901 0.916667 0 0 0 0 0
670 1_1_1 1997  0 0 0.386562 0.6625 0.700091 0.785699 0.83416 1.01912 0.851943 0 0 1.32 0 0 0
671 1_1_1 1997  0 0 0.386477 0.68 0.67175 0.823948 0.883526 0.968549 0.936188 0.868 0 0 0 0 0
672 1_1_1 1997  0 0 0.413551 0.630058 0.686461 0.848368 0.943878 0.941318 0.904141 0.94 0 0 0 0 0
673 1_1_1 1997  0 0 0.407695 0.681808 0.65878 0.789618 0 0.907182 0.825444 1.03 0 0 0 0 0
674 1_1_1 1997  0 0 0.447257 0.705097 0.731614 0.688333 0 0 0.855318 1.03 0 0 0 0 0
675 1_1_1 1997  0 0 0.411532 0.714286 0.699116 0.841242 0.934656 1.14714 0.855661 0 0 0 0 0 0
676 1_1_1 1997  0 0 0.408391 0.71 0.679518 0.940521 0.908594 0 0.875146 0.91193 0 0 0 0 0
677 1_1_1 1997  0 0 0.40116 0.645322 0.683544 0.876483 0.896403 0.966318 0.843702 0.961667 0 0 0 0 0
678 1_1_1 1997  0 0 0.41822 0.68 0.709998 0.804843 0.94596 0.87 0.906705 0.881871 0 0 0 0 0
679 1_1_1 1997  0 0 0.423912 0 0.694778 0.895689 0.842548 1.13 0.856 0.875 0 0 0 0 0
680 1_1_1 1997  0 0 0.399757 0.689779 0.728761 1.04 0.969985 1.00735 0.851047 1.035 0 0 0 0 0
681 1_1_1 1997  0 0 0.433479 0.641766 0.714317 0.779224 0.911975 0.895023 0.921192 0 0 0 0 0 0
682 1_1_1 1997  0 0 0.42377 0.561667 0.730292 0.855102 1.19 0.876471 0.778911 0 0 0 0 0 0
683 1_1_1 1997  0 0 0.414001 0.68 0.703767 0.749268 0.771879 0.945714 1.02562 0.837511 0 0 0 0 0
684 1_1_1 1997  0 0 0.410182 0.607014 0.73588 0.793963 0 0.945841 0.937281 0 0 0 0 0 0
685 1_1_1 1997  0 0 0.418466 0 0.691062 0.833853 0.906459 1.1475 0.87854 1.03 0 1.32 0 0 0
686 1_1_1 1997  0 0 0.453138 0.7375 0.691956 0.906162 0.856275 0 0.829037 0 0 0 0 0 0
687 1_1_1 1997  0 0 0.416372 0.68 0.743263 0.927076 1.04959 1.07 0.81167 0.851483 0 0 0 0 0
688 1_1_1 1997  0 0 0.41205 0.672727 0.725026 0.81579 0.872145 0.845 0.950988 1.03 0 0 0 0 0
689 1_1_1 1997  0 0 0.41418 0.655752 0.72268 0.856129 1.05156 0.888938 0.90002 0.934667 0 1.32 0 0 0
690 1_1_1 1997  0 0 0.417043 0.628686 0.693637 0.822617 0.904403 0.844444 0.911373 0.899845 0 0 0 0 0
691 1_1_1 1997  0 0 0.405796 0.645 0.745118 0.908609 0.929206 0.943446 0.952946 0 0 1.32 0 0 0
692 1_1_1 1997  0 0 0.394584 0.619661 0.699858 0.851487 0.869485 0.978483 0.902116 0 0 0 0 0 0
693 1_1_1 1997  0 0 0.408902 0.708586 0.675438 0.915704 0.876722 0.947467 0.911295 1.03 0 0 0 0 0
694 1_1_1 1997  0 0 0.406265 0.650745 0.688563 0.790332 0.883383 0.975781 0.883205 0.941111 0 0 0 0 0
695 1_1_1 1997  0 0 0.388477 0.633592 0.716859 0.912262 0.952647 0.902587 0.9125 0 0 0 0 0 0
696 1_1_1 1997  0 0 0.428343 0.663136 0.744166 0.808327 0.910932 0.899786 0.865044 1.03 0 0 0 0 0
697 1_1_1 1997  0 0 0.430431 0.61008 0.717884 0.83247 0.834208 0.884 0.988045 1.03 0 1.32 0 0 0
698 1_1_1 1997  0 0 0.392144 0.696585 0.723658 0.823877 0 1.05143 0.822407 0 0 1.32 0 0 0
699 1_1_1 1997  0 0 0.424753 0.663472 0.669935 0.853255 0.74842 1.162 0.91001 1.03 0 0 0 0 0
700 1_1_1 1997  0 0 0.405828 0.702624 0.683235 0.703971 0.847139 0.9 0.900202 0.884444 0 0 0 0 0
701 1_1_1 1997  0 0 0.373729 0.666 0.713361 0.816363 0.826978 0.955882 0.848569 0 0 1.32 0 0 0
702 1_1_1 1997  0 0 0.4426 0.703527 0.657179 0.8132 0.976253 0.896806 0.968937 0.891111 0 0 0 0 0
703 1_1_1 1997  0 0 0.412248 0.69472 0.722048 0.808467 1.00433 0.981592 0.938342 1.03 0 0 0 0 0
704 1_1_1 1997  0 0 0.409137 0.69547 0.713467 0.884056 0.9041 1.03 0.875962 1.03 0 0 0 0 0
705 1_1_1 1997  0 0 0.406955 0.715385 0.640935 0.792853 0.838946 0 0.904008 0.856832 0 0 0 0 0
706 1_1_1 1997  0 0 0.431907 0.624889 0.682566 0.857792 0.929148 1.1472 0.83858 0 0 1.32 0 0 0
707 1_1_1 1997  0 0 0.377089 0.636201 0.671142 0.903252 1.13387 0 0.84998 0.886667 0 1.32 0 0 0
708 1_1_1 1997  0 0 0.423499 0 0.697904 0.780848 0.829582 0.968327 0.909211 0.884052 0 0 0 0 0
709 1_1_1 1997  0 0 0.417981 0.689762 0.7162 0.841137 0 1.105 0.926677 1.03 0 1.32 0 0 0
710 1_1_1 1997  0 0 0.428801 0.663196 0.738489 0.793729 0.832463 1.03081 0.880317 0 0 0 0 0 0
711 1_1_1 1997  0 0 0.399518 0.592 0.752473 0.880964 0.907386 0.882673 0.918218 0.932895 0 1.32 0 0 0
712 1_1_1 1997  0 0 0.327186 0.668839 0.703877 0.89025 1.19 0.896162 0.852659 0 0 0 0 0 0
713 1_1_1 1997  0 0 0.427771 0.633333 0.690116 0.885474 0.899713 0.933758 0.906436 0.9275 0 0 0 0 0
714 1_1_1 1997  0 0 0.409192 0.6625 0.69256 0.729774 0.847871 0.897741 0.884313 0 0 1.32 0 0 0
715 1_1_1 1997  0 0 0.436979 0.64692 0.706055 0.719761 0.839284 0.893183 0.90464 0 0 0 0 0 0
716 1_1_1 1997  0 0 0.360185 0.68 0.677643 0.89 0.937919 0.89337 0.947991 0 0 0 0 0 0
717 1_1_1 1997  0 0 0.419217 0.615884 0.712901 0.828121 0.988672 0.92124 0.893546 0.867273 0 0 0 0 0
718 1_1_1 1997  0 0 0.378299 0.736 0.683734 0.835621 0.874423 0.960269 0.851144 0.885 0 0 0 0 0
719 1_1_1 1997  0 0 0.407901 0.733333 0.721973 0.835129 0.881555 0.978395 0.857946 0 0 0 0 0 0
720 1_1_1 1997  0 0 0.420254 0.670919 0.707462 0.940441 0.884689 0.962376 0.868458 0.918608 0 0 0 0 0
721 1_1_1 1997  0 0 0.429116 0.73 0.68161 0.92066 0.822101 0 0.777964 0 0 1.32 0 0 0
722 1_1_1 1997  0 0 0.425712 0.733333 0.717236 0.827207 0.855269 0.86 0.93301 1.03 0 0 0 0 0
723 1_1_1 1997  0 0 0.397034 0.68 0.702421 0.847046 0.990486 0.921129 0.868202 1.03 0 0 0 0 0
724 1_1_1 1997  0 0 0.394752 0.68 0.756996 0.916997 0.927662 1.01296 0.812115 0.914286 0 0 0 0 0
725 1_1_1 1997  0 0 0.454557 0.725 0.691712 0.92 0.879799 0 0.86583 1.03 0 1.32 0 0 0
726 1_1_1 1997  0 0 0.451286 0 0.668841 0.778133 0.849265 0 0.874751 0.884093 0 0 0 0 0
727 1_1_1 1997  0 0 0.342652 0 0.651093 0.816712 0.841462 0 0.964994 0 0 0 0 0 0
728 1_1_1 1997  0 0 0.43006 0.725 0.712379 0.921418 0.926431 0 0.976929 0.908767 0 0 0 0 0
729 1_1_1 1997  0 0 0.42039 0.716667 0.684818 0.80979 1.19 0.907847 0.936191 0.920637 0 0 0 0 0
730 1_1_1 1997  0 0 0.414452 0.698068 0.733931 0.891029 0.935848 0.920978 0.899207 1.03 0 1.32 0 0 0
731 1_1_1 1997  0 0 0.402117 0.624006 0.716745 0.787774 0 0.893914 0.844581 1.03 0 0 0 0 0
732 1_1_1 1997  0 0 0.415775 0.6 0.744023 0.948044 0.90684 0.948571 0.850151 1.03 0 0 0 0 0
733 1_1_1 1997  0 0 0.472993 0.608449 0.744392 0.923652 0.83875 1.0825 0.859341 0 0 1.32 0 0 0
734 1_1_1 1997  0 0 0.398712 0.655853 0.69712 0.958328 1.00201 0.890161 0.887367 0 0 0 0 0 0
735 1_1_1 1997  0 0 0.405877 0.733333 0.721205 0.921879 0.847833 0 0.870323 1.03 0 0 0 0 0
736 1_1_1 1997  0 0 0.373522 0.639003 0.708631 0.816688 0 0.911305 0.887718 1.03 0 0 0 0 0
737 1_1_1 1997  0 0 0.427489 0.68 0.709358 0.892577 0.898584 1.01457 0.79785 0.898493 0 0 0 0 0
738 1_1_1 1997  0 0 0.424589 0.662736 0.752836 0.938333 0.876 0.888549 0.988517 0.938333 0 0 0 0 0
739 1_1_1 1997  0 0 0.411659 0.595 0.719437 0.867006 0.73 0.86 0.917109 1.03 0 1.32 0 0 0
740 1_1_1 1997  0 0 0.43 0.708211 0.692667 0.784759 0.853333 0.853333 0.92014 0.890551 0 0 0 0 0
741 1_1_1 1997  0 0 0.42047 0.707779 0.754286 0.780221 0.89 0.902828 0.874589 0.892283 0 0 0 0 0
742 1_1_1 1997  0 0 0.415592 0.68 0.750542 0.876585 0.888523 1.10863 0.823534 0.900693 0 0 0 0 0
743 1_1_1 1997  0 0 0.411419 0.664483 0.702916 0.912423 0.816851 0.875181 0.955418 0.956747 0 0 0 0 0
744 1_1_1 1997  0 0 0.4434 0.66878 0.742551 0.8419 0.893333 0.953999 0.949768 0.893333 0 0 0 0 0
745 1_1_1 1997  0 0 0.424495 0 0.69163 0.823472 0.874483 0 0.887467 1.03 0 1.32 0 0 0
746 1_1_1 1997  0 0 0.388103 0.587143 0.666219 0.774297 0.888519 0.855 0.870803 0 0 1.32 0 0 0
747 1_1_1 1997  0 0 0.419497 0.607006 0.732001 0.902549 0.918946 0.936856 0.915173 0.938531 0 0 0 0 0
748 1_1_1 1997  0 0 0.382708 0.656667 0.690129 0.755338 0.88 0.900258 0.858202 1.03 0 0 0 0 0
749 1_1_1 1997  0 0 0.405007 0.644736 0.708172 0.920149 0.89088 0.896667 0.823082 0.952957 0 0 0 0 0
750 1_1_1 1997  0 0 0.427146 0.6025 0.730866 0.975667 0.910819 0 0.860042 0.946474 0 0 0 0 0
751 1_1_1 1997  0 0 0.3851 0.605714 0.727429 0.917644 0.899905 0.988 0.86347 0.992727 0 0 0 0 0
752 1_1_1 1997  0 0 0.397664 0.620416 0.707243 0.816645 1.154 1.04156 0.886045 0 0 1.32 0 0 0
753 1_1_1 1997  0 0 0.416151 0.598549 0.738602 0.794693 0.855714 0.929618 0.897416 0 0 1.32 0 0 0
754 1_1_1 1997  0 0 0.38441 0.629014 0.718772 0.880749 1.01195 0.891133 0.91473 1.03 0 0 0 0 0
755 1_1_1 1997  0 0 0.411892 0.713924 0.716795 0.752995 1.19 0.907771 0.82094 1.03 0 0 0 0 0
756 1_1_1 1997  0 0 0.393012 0.626667 0.687657 0.933992 0.970803 0.889418 0.897524 0.927 0 0 0 0 0
757 1_1_1 1997  0 0 0.39107 0.610954 0.758372 0.939589 0.928965 0.917852 0.977992 0.923333 0 0 0 0 0
758 1_1_1 1997  0 0 0.432619 0.623774 0.700834 0.856661 0.853754 0.907062 0.918209 1.00028 0 0 0 0 0
759 1_1_1 1997  0 0 0.425509 0.60375 0.708502 0.904669 0.846535 0.914278 0.945354 1.03 0 0 0 0 0
760 1_1_1 1997  0 0 0.40625 0.69355 0.70459 0.857373 0.925898 0.989112 0.937613 1.03 0 0 0 0 0
761 1_1_1 1997  0 0 0.416156 0.616667 0.704991 0.892881 0.930645 1.1 0.880802 0.882973 0 0 0 0 0
762 1_1_1 1997  0 0 0.410002 0.632701 0.678789 0.86981 0.817393 0.86 0.92221 0.9525 0 0 0 0 0
763 1_1_1 1997  0 0 0.427663 0.61891 0.700084 0.902052 0.89131 0.994286 0.891784 0 0 0 0 0 0
764 1_1_1 1997  0 0 0.424481 0.621805 0.751826 0 0.885706 1.165 0.813189 0.973035 0 0 0 0 0
765 1_1_1 1997  0 0 0.407355 0.656667 0.656135 0.755634 0 0.924297 0.837773 1.03 0 0 0 0 0
766 1_1_1 1997  0 0 0.418437 0.61 0.728527 0.935151 0.966313 1.14333 0.855603 0.96379 0 0 0 0 0
767 1_1_1 1997  0 0 0.447372 0 0.699727 0.863763 0.767796 0.845 0.919045 0 0 0 0 0 0
768 1_1_1 1997  0 0 0.411216 0.633973 0.722426 0.924178 0.820747 0.989872 0.89729 0.909324 0 1.32 0 0 0
769 1_1_1 1997  0 0 0.376782 0.595 0.703017 0.916667 0.895714 0.90021 0.916393 0.902393 0 0 0 0 0
770 1_1_1 1997  0 0 0.414702 0.5975 0.730666 0.884758 0.851745 1.00667 0.860484 0.88393 0 0 0 0 0
771 1_1_1 1997  0 0 0.408338 0.627891 0.709304 0.907169 0.926069 0.88304 0.980164 0.88 0 0 0 0 0
772 1_1_1 1997  0 0 0.423459 0.69017 0.738561 0.959591 0.849514 1.16 0.91483 1.03 0 0 0 0 0
773 1_1_1 1997  0 0 0.433532 0.576429 0.738791 0.873867 0.917946 0.995556 0.954488 0.872534 0 0 0 0 0
774 1_1_1 1997  0 0 0.417835 0.649911 0.681343 0.852083 0.940519 1.08265 0.8578 0 0 0 0 0 0
775 1_1_1 1997  0 0 0.439948 0.621396 0.705477 0.854303 0.891469 0.960998 0.92854 0 0 0 0 0 0
776 1_1_1 1997  0 0 0.388193 0.720698 0.670029 0.89227 0.978893 0.907676 0.966743 0.870048 0 0 0 0 0
777 1_1_1 1997  0 0 0.41515 0.65832 0.703624 0.937824 0.893506 0.919723 0.856877 0 0 0 0 0 0
778 1_1_1 1997  0 0 0.394194 0.68 0.692391 0.824872 1.02773 0.951115 0.835422 0 0 0 0 0 0
779 1_1_1 1997  0 0 0.396599 0.725 0.666152 0.863325 0.81 0 0.901871 0.892437 0 0 0 0 0
780 1_1_1 1997  0 0 0.454504 0 0.715557 0.905148 0.889628 1.16 0.841654 0 0 0 0 0 0
781 1_1_1 1997  0 0 0.427321 0.68 0.707253 0.936248 0.83 0.993659 0.839901 0 0 0 0 0 0
782 1_1_1 1997  0 0 0.416505 0.653789 0.712316 0.863237 0.895782 0.905031 0.785108 0.884891 0 0 0 0 0
783 1_1_1 1997  0 0 0.427571 0.699071 0.702059 0.898181 0.898901 1.142 0.778377 0.938333 0 0 0 0 0
784 1_1_1 1997  0 0 0.402791 0.684814 0.727054 0.838198 0.897243 0.905 0.91211 0 0 1.32 0 0 0
785 1_1_1 1997  0 0 0.415266 0.661686 0.734854 0.97307 1.02859 0.967354 0.964009 1.005 0 0 0 0 0
786 1_1_1 1997  0 0 0.433312 0.6 0.742768 0.901005 1.004 1.0075 0.869301 0.910909 0 0 0 0 0
787 1_1_1 1997  0 0 0.438187 0.6125 0.713996 0.846802 0.846604 0.872132 0.932111 0.849091 0 0 0 0 0
788 1_1_1 1997  0 0 0.437189 0.592 0.717831 0.734286 0.867249 0.865714 0.998986 0 0 0 0 0 0
789 1_1_1 1997  0 0 0.378926 0.598 0.698129 0.832176 0.828172 1.16 0.91528 0.921445 0 0 0 0 0
790 1_1_1 1997  0 0 0.417856 0.650203 0.716173 0.794714 0.85 0.864027 0.860031 1.03 0 0 0 0 0
791 1_1_1 1997  0 0 0.404303 0.689108 0.676305 0.832391 0.743194 0.962465 0.817615 0.928627 0 0 0 0 0
792 1_1_1 1997  0 0 0.417159 0.707143 0.702953 0.881875 0.885326 0 0.870849 0.97 0 1.32 0 0 0
793 1_1_1 1997  0 0 0.431819 0.7125 0.70233 0.831969 0.818 0 0.875526 1.03 0 0 0 0 0
794 1_1_1 1997  0 0 0.382454 0.735078 0.713317 0.919218 0.982334 1.04672 0.888863 0.887928 0 0 0 0 0
795 1_1_1 1997  0 0 0.416409 0.61 0.715528 0.921953 0.945166 0.993333 0.861648 1.03 0 0 0 0 0
796 1_1_1 1997  0 0 0.409684 0.666 0.718525 0.947546 0.913671 0.985133 0.869381 1.03 0 1.32 0 0 0
797 1_1_1 1997  0 0 0.416834 0.615845 0.683744 0.825053 0.766875 0.946168 0.876868 0.875931 0 1.32 0 0 0
798 1_1_1 1997  0 0 0.393101 0.64547 0.707355 0.89339 1.01599 1.00454 0.853481 1.03 0 0 0 0 0
799 1_1_1 1997  0 0 0.391758 0.668611 0.679176 0.846334 0.910211 0.90218 0.886253 0.943571 0 1.32 0 0 0
800 1_1_1 1997  0 0 0.440885 0 0.73122 0.774225 0.880092 0.8905 0.889049 0.958 0 1.32 0 0 0
801 1_1_1 1997  0 0 0.409476 0.68 0.703135 0.854649 0.931067 1.03132 0.844574 0.907293 0 0 0 0 0
802 1_1_1 1997  0 0 0.450083 0.6285 0.670366 0.832868 0.756423 0.856667 0.930547 0.919248 0 0 0 0 0
803 1_1_1 1997  0 0 0.388241 0.588333 0.708899 0.917644 0.870676 0.91071 0.878395 0 0 0 0 0 0
804 1_1_1 1997  0 0 0.409654 0.607993 0.78103 0.884337 0.96 0.974781 0.942889 1.03 0 0 0 0 0
805 1_1_1 1997  0 0 0.391019 0.683118 0.728754 0.865722 0.902 0.965275 0.819242 1.03 0 0 0 0 0
806 1_1_1 1997  0 0 0.382759 0.695558 0.701298 0.932002 0.905347 0.93672 0.870035 0.926399 0 0 0 0 0
807 1_1_1 1997  0 0 0.413234 0.654222 0.714807 0.919961 0.98611 1.09625 0.928426 0 0 1.32 0 0 0
808 1_1_1 1997  0 0 0.425641 0.663626 0.754541 0.978306 0.957272 1.015 0.928764 0 0 0 0 0 0
809 1_1_1 1997  0 0 0.435742 0 0.698873 0.76332 0.846672 0.868777 0.925979 0.871614 0 0 0 0 0
810 1_1_1 1997  0 0 0.409863 0.684615 0.720264 0.928058 1.1225 1.13 0.849511 0 0 0 0 0 0
811 1_1_1 1997  0 0 0.389809 0.68 0.678464 0.95054 0.88822 0 0.848944 0 0 0 0 0 0
812 1_1_1 1997  0 0 0.437598 0.733333 0.665904 0.833757 0.841087 0 0.89118 0 0 0 0 0 0
813 1_1_1 1997  0 0 0.449088 0.645 0.816299 0.87525 0.81 0.835 0.861497 1.03 0 0 0 0 0
814 1_1_1 1997  0 0 0.348978 0.686378 0.72349 0.951792 0.763333 0.87 0.853203 1.03 0 0 0 0 0
815 1_1_1 1997  0 0 0.382035 0.703884 0.696271 0.876021 0.991384 0.925181 0.861989 0 0 0 0 0 0
816 1_1_1 1997  0 0 0.432265 0.68 0.686198 0.7772 0.855 0 0.765804 0 0 0 0 0 0
817 1_1_1 1997  0 0 0.418714 0.71 0.732344 0.820555 0.937953 0 0.884193 1.03 0 1.32 0 0 0
818 1_1_1 1997  0 0 0.426689 0.665859 0.685971 0.799139 0.91467 0.884571 0.866328 0.876364 0 0 0 0 0
819 1_1_1 1997  0 0 0.434225 0.72 0.6595 0.849155 0.937107 0.926366 0.882809 0.9075 0 0 0 0 0
820 1_1_1 1997  0 0 0.423241 0.6625 0.674257 0.763071 0.926267 1.17 0.914787 1.03 0 0 0 0 0
821 1_1_1 1997  0 0 0.412592 0.64605 0.740339 0.79656 1.17 0.86 1.03345 1.03 0 1.32 0 0 0
822 1_1_1 1997  0 0 0.417425 0.646866 0.692341 0.89016 0.796742 0.86 0.916942 0 0 0 0 0 0
823 1_1_1 1997  0 0 0.392866 0.594286 0.678736 0.838182 0.860432 1.015 0.853731 0.93 0 0 0 0 0
824 1_1_1 1997  0 0 0.403997 0.617288 0.722916 0.899214 1.00165 0.901355 0.896954 1.03 0 1.32 0 0 0
825 1_1_1 1997  0 0 0.405068 0.627421 0.751082 0.903267 0.871875 0.918677 0.944824 0 0 0 0 0 0
826 1_1_1 1997  0 0 0.419561 0.68 0.71016 0.827471 0.847928 0.896846 0.969204 0.897848 0 1.32 0 0 0
827 1_1_1 1997  0 0 0.389472 0.693781 0.760492 0.929613 0.923084 0.968747 1.01288 0 0 0 0 0 0
828 1_1_1 1997  0 0 0.405525 0.645293 0.692359 0.882193 0 0.896363 0.986307 0.932514 0 0 0 0 0
829 1_1_1 1997  0 0 0.418174 0.596 0.727715 0.915794 1.17667 0.864181 0.917188 1.03 0 0 0 0 0
830 1_1_1 1997  0 0 0.423408 0.66572 0.738573 0.820553 1.0121 0 0.89356 1.00166 0 0 0 0 0
831 1_1_1 1997  0 0 0.45117 0 0.724652 0.853871 0.786569 0 0.833213 0 0 0 0 0 0
832 1_1_1 1997  0 0 0.392923 0.716667 0.685218 0.981325 0.884279 1.13 0.84411 0 0 0 0 0 0
833 1_1_1 1997  0 0 0.41178 0 0.689238 0.830809 0.917116 0.86 0.873846 0 0 1.32 0 0 0
834 1_1_1 1997  0 0 0.405957 0 0.689711 0.851375 0.897027 1.1675 0.867398 0.925625 0 0 0 0 0
835 1_1_1 1997  0 0 0.411443 0.596 0.767693 0.980653 1.0475 1.0475 0.843428 0.972 0 0 0 0 0
836 1_1_1 1997  0 0 0.426982 0.586667 0.71392 0.841336 1.10446 0 0.897164 0.932111 0 0 0 0 0
837 1_1_1 1997  0 0 0.408594 0.704652 0.720374 0.898969 0.933401 0.894286 0.808023 0.9259 0 0 0 0 0
838 1_1_1 1997  0 0 0.425481 0.682373 0.790729 0.925 0.874227 0.950701 0.939418 0.97 0 0 0 0 0
839 1_1_1 1997  0 0 0.394873 0.68 0.702498 0.949199 0.96917 1.07667 0.830971 0.925 0 0 0 0 0
840 1_1_1 1997  0 0 0.412829 0.613418 0.705882 0.849836 1.01055 0.965031 0.901444 0.881921 0 0 0 0 0
841 1_1_1 1997  0 0 0.417051 0.671586 0.714661 0.941164 0.93109 1.055 0.922492 0.915 0 0 0 0 0
842 1_1_1 1997  0 0 0.408716 0.645 0.70702 0.853566 0.832436 0 0.911125 1.03 0 1.32 0 0 0
843 1_1_1 1997  0 0 0.413234 0.72 0.694508 0.986239 0.915002 1.14714 0.877999 0.90762 0 0 0 0 0
844 1_1_1 1997  0 0 0.377665 0.654323 0.687017 0.840651 0 1.12259 0.894918 0 0 1.32 0 0 0
845 1_1_1 1997  0 0 0.413223 0.696384 0.704253 0.853393 0.929137 1.00593 0.837662 1.03 0 0 0 0 0
846 1_1_1 1997  0 0 0.416388 0.666828 0.683107 0.856254 0.986962 0.941485 0.90446 0 0 0 0 0 0
847 1_1_1 1997  0 0 0.429829 0.656032 0.712873 0.785242 0 0.941597 0.817787 0.97 0 0 0 0 0
848 1_1_1 1997  0 0 0.424446 0.581429 0.724325 0.884884 0.897253 1.048 0.923531 0.870854 0 0 0 0 0
849 1_1_1 1997  0 0 0.424738 0.702344 0.713712 0.87125 1.00016 0.846667 0.968857 0.879552 0 0 0 0 0
850 1_1_1 1997  0 0 0.439876 0 0.724598 0.797354 0.897792 0 0.836358 1.03 0 1.32 0 0 0
851 1_1_1 1997  0 0 0.413215 0 0.717422 0.807922 0.833093 1.10494 0.871956 0 0 0 0 0 0
852 1_1_1 1997  0 0 0.405266 0.662184 0.698684 0.807459 0.910407 0.947676 0.93763 0 0 0 0 0 0
853 1_1_1 1997  0 0 0.401221 0 0.713701 0.939351 0.825714 1.13667 0.794967 0.907147 0 0 0 0 0
854 1_1_1 1997  0 0 0.401302 0.561667 0.687487 0.918566 0.934466 0.975777 0.964639 0.937126 0 0 0 0 0
855 1_1_1 1997  0 0 0.431749 0.716667 0.711928 0.865906 0.911375 1.158 0.884939 1.03 0 0 0 0 0
856 1_1_1 1997  0 0 0.43218 0.714286 0.693226 0.923864 1.04468 0 0.90071 0 0 0 0 0 0
857 1_1_1 1997  0 0 0.408894 0.68771 0.667725 0.882466 1.145 1.0228 0.914433 1.03 0 0 0 0 0
858 1_1_1 1997  0 0 0.413549 0.68 0.75449 1.01105 0.964538 0.85 0.894393 0.899019 0 0 0 0 0
859 1_1_1 1997  0 0 0.399357 0.598182 0.712055 0.817504 0 1.03231 0.851037 0.94243 0 0 0 0 0
860 1_1_1 1997  0 0 0.423785 0.694116 0.762094 0.99289 0.989105 1.046 0.9411 1.02832 0 1.32 0 0 0
861 1_1_1 1997  0 0 0.411356 0.708333 0.7018 0.784851 1.162 0 0.849581 1.03 0 0 0 0 0
862 1_1_1 1997  0 0 0.403869 0.60844 0.745946 0.838648 0.858185 1.0792 0.897704 0 0 1.32 0 0 0
863 1_1_1 1997  0 0 0.435264 0 0.738112 0.887426 1.06009 1.04899 0.887277 0 0 0 0 0 0
864 1_1_1 1997  0 0 0.430091 0.75 0.682574 0.874545 0.829465 1.134 0.885382 0.890741 0 1.32 0 0 0
865 1_1_1 1997  0 0 0.399966 0.758571 0.694013 0.9922 1.154 1.13973 0.859491 0.964 0 0 0 0 0
866 1_1_1 1997  0 0 0.414231 0.725 0.663904 0.846548 0.910018 0.892 0.923201 1.03 0 1.32 0 0 0
867 1_1_1 1997  0 0 0.431359 0.74 0.693997 0.914978 0.865798 1.11261 0.893539 0 0 0 0 0 0
868 1_1_1 1997  0 0 0.419854 0.659798 0.653818 0.796228 0.841237 0.878021 0.859063 0.867 0 1.32 0 0 0
869 1_1_1 1997  0 0 0.442631 0.566364 0.697966 0.781322 0.983224 0.935728 0.847931 1.005 0 0 0 0 0
870 1_1_1 1997  0 0 0.427923 0.647213 0.703762 0.837202 0.913134 0.85 0.887706 0.858571 0 1.32 0 0 0
871 1_1_1 1997  0 0 0.433973 0.637794 0.714508 0.937748 0.871655 1 0.898445 0.932222 0 1.32 0 0 0
872 1_1_1 1997  0 0 0.388513 0.696818 0.714077 0.829935 1.19 0.908324 0.843471 0 0 1.32 0 0 0
873 1_1_1 1997  0 0 0.444428 0.65613 0.714134 0.93719 0.91199 1.13 0.885547 0 0 0 0 0 0
874 1_1_1 1997  0 0 0.43847 0.765 0.693132 0.828366 0.937096 0.845 0.926932 0.90375 0 1.32 0 0 0
875 1_1_1 1997  0 0 0.455458 0.733333 0.708776 0.818014 0.953767 0 0.93571 1.03 0 0 0 0 0
876 1_1_1 1997  0 0 0.420871 0.663512 0.722248 0.788342 0.860116 0.902868 1.07193 1.03 0 0 0 0 0
877 1_1_1 1997  0 0 0.41744 0 0.689192 0.876158 0.838145 0 0.94388 1.03 0 0 0 0 0
878 1_1_1 1997  0 0 0.43221 0 0.740112 0.818439 0.912804 0.94 0.84047 1.03 0 0 0 0 0
879 1_1_1 1997  0 0 0.426124 0.58 0.693275 0.871233 0.821283 0 0.933557 1.03 0 1.32 0 0 0
880 1_1_1 1997  0 0 0.404976 0 0.722659 0.853647 0.766956 0.904006 0.997029 1.03 0 0 0 0 0
881 1_1_1 1997  0 0 0.434763 0.546667 0.710663 0.882631 0.768043 1.13667 0.902288 1.03 0 0 0 0 0
882 1_1_1 1997  0 0 0.435857 0.625072 0.711398 0.839221 0.857959 0.946583 0.860023 0 0 0 0 0 0
883 1_1_1 1997  0 0 0.408531 0.727273 0.726641 0.843142 1.17667 1.03155 0.951382 0.867602 0 0 0 0 0
884 1_1_1 1997  0 0 0.438668 0.68027 0.740434 0.809357 1.005 0.945481 0.885877 1.03 0 0 0 0 0
885 1_1_1 1997  0 0 0.407898 0.652662 0.704406 0.789335 0 0.86541 0.917646 0.895477 0 0 0 0 0
886 1_1_1 1997  0 0 0.409817 0.68 0.69089 0.88179 0.889851 0.904443 0.932882 0.888333 0 0 0 0 0
887 1_1_1 1997  0 0 0.432549 0.58 0.753166 0.820594 0.975522 0.969499 0.892395 0 0 0 0 0 0
888 1_1_1 1997  0 0 0.437917 0.725 0.707318 0.912075 0.863265 1.04726 0.925491 1.03 0 1.32 0 0 0
889 1_1_1 1997  0 0 0.409079 0.627071 0.755515 0.928571 0.866012 0.92369 0.898949 0 0 1.32 0 0 0
890 1_1_1 1997  0 0 0.402986 0.62 0.758391 0.865116 1.09519 1.015 0.954911 1.03 0 0 0 0 0
891 1_1_1 1997  0 0 0.435356 0 0.718664 0.783333 0.834504 0.86 1.03735 1.03 0 0 0 0 0
892 1_1_1 1997  0 0 0.410205 0.656558 0.701221 0.867834 0.844127 0.930453 0.923098 0.910841 0 0 0 0 0
893 1_1_1 1997  0 0 0.435327 0.714286 0.691862 0.803284 0.77164 0.884286 0.84451 0.901818 0 0 0 0 0
894 1_1_1 1997  0 0 0.445264 0.598571 0.754653 0.914052 0.897827 1.06595 0.878123 1.03 0 1.32 0 0 0
895 1_1_1 1997  0 0 0.426537 0 0.68769 0.881646 0.867387 0.976851 0.916284 0.937323 0 1.32 0 0 0
896 1_1_1 1997  0 0 0.433941 0.644461 0.703463 0.814512 0.952607 0.92 0.879039 0.915556 0 0 0 0 0
897 1_1_1 1997  0 0 0.409098 0.617602 0.744279 0.784545 1.10494 0 1.09907 0.913 0 0 0 0 0
898 1_1_1 1997  0 0 0.428339 0.59625 0.722603 0.82 0 0.88 0.885214 1.04429 0 0 0 0 0
899 1_1_1 1997  0 0 0.431785 0.604 0.701589 0.774521 0.855506 0.879994 0.961747 0 0 0 0 0 0
900 1_1_1 1997  0 0 0.416706 0 0.709374 0.759794 0.969205 0.93 0.832199 1.03 0 0 0 0 0
901 1_1_1 1997  0 0 0.421624 0.728182 0.710277 0.870072 0.994993 0.86 0.963252 0.862143 0 0 0 0 0
902 1_1_1 1997  0 0 0.416547 0.75 0.664265 0.853381 0.815794 1.16 0.845915 1.03 0 0 0 0 0
903 1_1_1 1997  0 0 0.444007 0.68 0.710109 0.773678 0.997398 0.89307 0.916446 0 0 0 0 0 0
904 1_1_1 1997  0 0 0.435001 0.72 0.667306 0.833912 0.878088 1.15571 0.961939 1.03 0 0 0 0 0
905 1_1_1 1997  0 0 0.426143 0.673668 0.712183 0.887904 0.83777 0.946309 0.87618 0.890673 0 1.32 0 0 0
906 1_1_1 1997  0 0 0.429301 0.634267 0.745305 0.893525 0.846676 0.927221 0.893077 0 0 1.32 0 0 0
907 1_1_1 1997  0 0 0.414498 0.607143 0.711145 0.935833 0.84 1.14 0.94607 0.935833 0 0 0 0 0
908 1_1_1 1997  0 0 0.449362 0.660078 0.701382 0.856138 0.781159 0 0.977922 0.883684 0 1.32 0 0 0
909 1_1_1 1997  0 0 0.430984 0.651263 0.710329 0.887648 0.892958 0.937648 0.912603 0 0 0 0 0 0
910 1_1_1 1997  0 0 0.400316 0.665745 0.739358 0.85788 0.856719 0.955854 0.904474 1.03 0 0 0 0 0
911 1_1_1 1997  0 0 0.441554 0.601023 0.738822 0.773931 0.84 1.03396 0.892755 1.03 0 0 0 0 0
912 1_1_1 1997  0 0 0.433412 0.725 0.744226 0.9474 1.01048 0 0.904138 0 0 0 0 0 0
913 1_1_1 1997  0 0 0.424493 0.68 0.734536 0.846195 0.910053 0.88506 0.98559 0.845885 0 0 0 0 0
914 1_1_1 1997  0 0 0.426287 0 0.742678 0.787936 0.870077 0 0.921842 1.03 0 0 0 0 0
915 1_1_1 1997  0 0 0.402274 0.692999 0.689579 0.781354 0.897 0.967329 0.793749 1.03 0 0 0 0 0
916 1_1_1 1997  0 0 0.422516 0.68 0.735071 0.829862 0.864144 0.99089 0.813615 0.954139 0 0 0 0 0
917 1_1_1 1997  0 0 0.374859 0.672484 0.701227 0.913692 0.966667 0.933533 0.830977 0.896664 0 0 0 0 0
918 1_1_1 1997  0 0 0.409302 0.674281 0.705877 0.761867 0.937165 0.9 0.900493 1.03 0 0 0 0 0
919 1_1_1 1997  0 0 0.391741 0.656667 0.704903 0.806468 0.824355 0.947234 0.856214 1.03 0 0 0 0 0
920 1_1_1 1997  0 0 0.39897 0.717751 0.732495 0.871313 0 1.03236 0.890667 0.806079 0 0 0 0 0
921 1_1_1 1997  0 0 0.408199 0.6625 0.738082 0.926817 1.08289 0.955035 0.866816 0.95 0 0 0 0 0
922 1_1_1 1997  0 0 0.423288 0.735455 0.751544 0.928981 0.959544 1.1225 0.884199 1.03 0 0 0 0 0
923 1_1_1 1997  0 0 0.430147 0.601667 0.715453 0.784201 0.946685 0.970873 0.897043 0.884967 0 0 0 0 0
924 1_1_1 1997  0 0 0.42591 0.651997 0.731798 0.762804 0.89469 0 0.933764 0.882896 0 0 0 0 0
925 1_1_1 1997  0 0 0.433117 0.662533 0.678871 0.827075 0.880154 0.91 0.922719 0.884159 0 0 0 0 0
926 1_1_1 1997  0 0 0.386422 0.656721 0.702304 0.92215 1.13513 0.923067 0.86354 0.890833 0 0 0 0 0
927 1_1_1 1997  0 0 0.42636 0.645 0.688047 0.908781 0.884 1.04557 0.914863 0.921667 0 0 0 0 0
928 1_1_1 1997  0 0 0.406473 0.680632 0.689673 0.852552 0.888 0.887516 0.891829 0.92 0 0 0 0 0
929 1_1_1 1997  0 0 0.443376 0 0.72311 0.875865 1.02 1.02 0.920378 0 0 0 0 0 0
930 1_1_1 1997  0 0 0.429001 0.612039 0.706995 0.784893 0.88829 0.874477 0.924001 1.03 0 0 0 0 0
931 1_1_1 1997  0 0 0.43496 0.646517 0.741165 0.942845 0 0 0.86753 0 0 1.32 0 0 0
932 1_1_1 1997  0 0 0.425931 0.624 0.695345 0.853417 0.874371 0.90282 0.929755 0 0 0 0 0 0
933 1_1_1 1997  0 0 0.419181 0 0.69851 0.895245 0.917597 0 0.936469 1.03 0 1.32 0 0 0
934 1_1_1 1997  0 0 0.43269 0.666 0.681469 0.942857 0.823513 0.898528 0.881302 0 0 0 0 0 0
935 1_1_1 1997  0 0 0.420509 0.698548 0.724483 0.813559 0.82152 1.02969 0.862755 1.03 0 0 0 0 0
936 1_1_1 1997  0 0 0.430886 0.643363 0.699913 0.832897 0.874627 1.04 0.876732 0.9725 0 0 0 0 0
937 1_1_1 1997  0 0 0.398142 0.64729 0.7234 0.98079 0.977881 1.00082 0.932967 0.90997 0 1.32 0 0 0
938 1_1_1 1997  0 0 0.410825 0.621589 0.7685 0.976554 0.911867 0.997143 0.828895 1.03 0 1.32 0 0 0
939 1_1_1 1997  0 0 0.388955 0.657538 0.738947 0.845971 0.897274 0.851461 0.870947 1.03 0 0 0 0 0
940 1_1_1 1997  0 0 0.409072 0.68 0.680448 0.752568 0.880415 0.880972 0.860994 0.900203 0 0 0 0 0
941 1_1_1 1997  0 0 0.421731 0.671011 0.72441 0.800283 1.17667 0.907419 0.955704 1.03 0 0 0 0 0
942 1_1_1 1997  0 0 0.441648 0.60125 0.733579 0.903071 0.872541 0.91068 1.00788 1.03 0 0 0 0 0
943 1_1_1 1997  0 0 0.431371 0.59 0.734236 0.99337 0.93 0.93 1.05933 1.03 0 0 0 0 0
944 1_1_1 1997  0 0 0.436248 0.725 0.691701 0.828463 0.815076 1.09618 0.927033 0.864444 0 1.32 0 0 0
945 1_1_1 1997  0 0 0.432815 0.741429 0.697816 0.803824 0.877902 0.86 0.894675 0 0 0 0 0 0
946 1_1_1 1997  0 0 0.401567 0 0.724992 0.890612 1.0024 0 1.05214 0.865107 0 0 0 0 0
947 1_1_1 1997  0 0 0.384425 0.582 0.669 0.82841 0.892626 0.905829 0.9178 0.946667 0 0 0 0 0
948 1_1_1 1997  0 0 0.392672 0.68 0.773391 0.933136 0.918458 0.910333 0.86711 0 0 0 0 0 0
949 1_1_1 1997  0 0 0.334495 0.716667 0.711089 0.90682 0.899589 1.13143 0.884879 0.987 0 1.32 0 0 0
950 1_1_1 1997  0 0 0.421624 0 0.737977 0.957083 0.838806 0.91 0.919697 1.03 0 0 0 0 0
951 1_1_1 1997  0 0 0.444699 0 0.732489 1.07431 0.852263 1.13 0.914242 0 0 1.32 0 0 0
952 1_1_1 1997  0 0 0.40403 0.657854 0.749309 0.963269 0.9025 0.96258 0.856281 0.946218 0 1.32 0 0 0
953 1_1_1 1997  0 0 0.438082 0.650333 0.692734 0.746076 0.877681 0.85 0.917381 0.899592 0 0 0 0 0
954 1_1_1 1997  0 0 0.425935 0.586667 0.737548 0.907156 1.02222 1.04329 0.903456 0.946431 0 1.32 0 0 0
955 1_1_1 1997  0 0 0.433885 0.642541 0.697029 0.77891 0.931048 0.94 0.81651 1.03 0 0 0 0 0
956 1_1_1 1997  0 0 0.426994 0 0.659632 0.880226 0.731849 0 0.921618 0 0 0 0 0 0
957 1_1_1 1997  0 0 0.421876 0.595 0.726289 0.92643 1.03214 0.984 0.926534 0.911818 0 0 0 0 0
958 1_1_1 1997  0 0 0.426623 0.596667 0.727977 0.866228 0.868075 0 0.854594 1.03 0 0 0 0 0
959 1_1_1 1997  0 0 0.433566 0.71 0.674176 0.787842 0.750424 1.14 0.952093 0 0 0 0 0 0
960 1_1_1 1997  0 0 0.424899 0.722222 0.690209 0.929576 0.85829 0 0.959572 0.843722 0 1.32 0 0 0
961 1_1_1 1997  0 0 0.39997 0 0.658806 0.80537 0.810142 1.15 0.826127 0.886612 0 1.32 0 0 0
962 1_1_1 1997  0 0 0.414115 0.686477 0.733212 0.881877 0.946281 0.953321 0.920174 0.912235 0 0 0 0 0
963 1_1_1 1997  0 0 0.415772 0.647936 0.740212 0.951482 0.887605 1.08964 0.916057 0.971816 0 0 0 0 0
964 1_1_1 1997  0 0 0.398723 0.691985 0.721877 0.874302 0.903724 0.998082 0.866296 1.03 0 0 0 0 0
965 1_1_1 1997  0 0 0.414693 0.635892 0.715888 0.810977 1.02033 0.853333 0.879516 1.03 0 0 0 0 0
966 1_1_1 1997  0 0 0.435202 0.75 0.738847 0.878701 0.868324 0 0.914141 0.885215 0 0 0 0 0
967 1_1_1 1997  0 0 0.395952 0.68 0.68868 0.855089 1.15667 0.974034 0.955103 0.979044 0 0 0 0 0
968 1_1_1 1997  0 0 0.435367 0.697493 0.738613 0.849467 0.83385 1.06598 0.936754 1.03 0 0 0 0 0
969 1_1_1 1997  0 0 0.396907 0.622641 0.704097 0.915706 0.873935 0.945902 0.970281 0.892143 0 0 0 0 0
970 1_1_1 1997  0 0 0.366183 0.603333 0.69271 0.995807 0.874115 0.971692 1.14588 0.88398 0 0 0 0 0
971 1_1_1 1997  0 0 0.43047 0.666254 0.709729 0.820566 0.920667 0.90293 0.897841 0 0 0 0 0 0
972 1_1_1 1997  0 0 0.399833 0.659642 0.715139 0.825871 0.895458 0.921526 0.917662 1.01545 0 0 0 0 0
973 1_1_1 1997  0 0 0.408245 0 0.720817 0.949541 0.958864 1.13818 0.864237 0.89625 0 0 0 0 0
974 1_1_1 1997  0 0 0.390694 0.652 0.732641 0.94 0.892079 0.951232 0.919992 0 0 0 0 0 0
975 1_1_1 1997  0 0 0.423726 0.70342 0.698099 0.948333 1.00896 0.853333 0.898087 0.948333 0 0 0 0 0
976 1_1_1 1997  0 0 0.416033 0.646065 0.748548 0.911024 1.00888 0.963995 1.00178 0 0 0 0 0 0
977 1_1_1 1997  0 0 0.438337 0.703832 0.770238 0.902023 0.952388 1.01667 0.852805 1.03 0 0 0 0 0
978 1_1_1 1997  0 0 0.469459 0.622427 0.689379 0.921105 0.83375 1.10588 0.907638 0 0 0 0 0 0
979 1_1_1 1997  0 0 0.373557 0.647497 0.691152 0.974532 0.74515 1.03541 0.941729 0.987333 0 0 0 0 0
980 1_1_1 1997  0 0 0.436379 0.68 0.703862 0.808453 0.921678 1.15 0.858138 0.808432 0 0 0 0 0
981 1_1_1 1997  0 0 0.422801 0 0.6959 0.801932 0.899454 1.01465 0.848625 0 0 0 0 0 0
982 1_1_1 1997  0 0 0.462613 0 0.688354 0.909091 0.919432 0 0.900777 0.893846 0 0 0 0 0
983 1_1_1 1997  0 0 0.425392 0.71204 0.740032 0.779019 0.977739 0.900632 0.925389 0.940972 0 0 0 0 0
984 1_1_1 1997  0 0 0.415796 0.68 0.736844 0.816499 0.901999 0.885422 0.884167 0.895944 0 0 0 0 0
985 1_1_1 1997  0 0 0.439803 0.707031 0.724782 0.759219 0.87 0.87 1.01318 1.03 0 0 0 0 0
986 1_1_1 1997  0 0 0.420196 0.704015 0.706756 0.896816 0.912741 1.08916 0.807977 0.888264 0 0 0 0 0
987 1_1_1 1997  0 0 0.314117 0.706129 0.683355 0.802914 0.860084 0.948471 0.901984 0 0 0 0 0 0
988 1_1_1 1997  0 0 0.3765 0.659778 0.676111 0.8335 0.845345 0.903313 0.912017 0.895 0 0 0 0 0
989 1_1_1 1997  0 0 0.415997 0.636976 0.690638 0.960536 0.842433 0.85 0.918223 0.972222 0 0 0 0 0
990 1_1_1 1997  0 0 0.426155 0.663068 0.730361 0.950763 0.943844 1.07621 0.882004 1.03 0 1.32 0 0 0
991 1_1_1 1997  0 0 0.425871 0.674655 0.723323 0.805576 0.883817 0.888428 0.95573 1.03 0 0 0 0 0
992 1_1_1 1997  0 0 0.430227 0.632632 0.745126 0.965769 1.16333 0.86 1.00351 0 0 0 0 0 0
993 1_1_1 1997  0 0 0.403916 0.677083 0.674701 0.838746 0.857001 1.04157 0.84695 0.83512 0 0 0 0 0
994 1_1_1 1997  0 0 0.443274 0.666419 0.701853 0.814274 0.860814 0.913804 0.914575 0.922143 0 0 0 0 0
995 1_1_1 1997  0 0 0.394281 0 0.684031 0.798572 0.918307 0.88 0.898015 0.857135 0 1.32 0 0 0
996 1_1_1 1997  0 0 0.422613 0.64024 0.704976 0.913194 0.97007 0.940557 0.851386 1.03 0 0 0 0 0
997 1_1_1 1997  0 0 0.474379 0.696631 0.686428 0.897666 0.89077 0 0.902226 0.93 0 0 0 0 0
998 1_1_1 1997  0 0 0.43076 0.699999 0.730833 0.850697 1.16333 0 0.859225 0 0 0 0 0 0
999 1_1_1 1997  0 0 0.410274 0.642605 0.692418 0.893734 1.09662 0.964147 0.87163 0 0 0 0 0 0
1000 1_1_1 1997  0 0 0.438121 0 0.684484 0.883333 0.96009 0 0.893374 0.973333 0 1.32 0 0 0
