1 1_1_1 1992  0 0 0.379811 0.608008 0.72833 0.861599 0.907126 0 0 0 0 0 0 0 0
2 1_1_1 1992  0 0 0.35 0.659376 0.921573 1.08107 1.4 0 0 0 0 0 0 0 0
3 1_1_1 1992  0 0 0 0.650949 0.89372 1.04827 0 0 0 0 0 0 0 0 0
4 1_1_1 1992  0 0 0.35 0.622895 0.770248 1 0 0 0 0 0 0 0 0 0
5 1_1_1 1992  0 0 0.378093 0.647163 0.639447 0 0 0 0 0 0 0 0 0 0
6 1_1_1 1992  0 0 0.35 0.64767 0.808698 0 0 0 0 0 0 0 0 0 0
7 1_1_1 1992  0 0 0.380236 0.653698 1.12645 0.926332 0 0 0 0 0 0 0 0 0
8 1_1_1 1992  0 0 0.425 0.713094 0.614158 0.840124 1.09365 0 0 0 0 0 0 0 0
9 1_1_1 1992  0 0 0 0.625378 0.596321 0.838437 0.939826 0 0 0 0 0 0 0 0
10 1_1_1 1992  0 0 0.35 0.635184 0.603265 0.814546 1.21425 0 0 0 0 0 0 0 0
11 1_1_1 1992  0 0 0.4 0.636821 0.931544 1.03363 0 0 0 0 0 0 0 0 0
12 1_1_1 1992  0 0 0.38117 0.654473 0.721106 0.859453 0.946336 0 0 0 0 0 0 0 0
13 1_1_1 1992  0 0 0.35 0.626995 0.749578 0.842464 0.971086 0 0 0 0 0 0 0 0
14 1_1_1 1992  0 0 0.375592 0.627795 0.760435 0.859079 1.06227 0 0 0 0 0 0 0 0
15 1_1_1 1992  0 0 0 0.639987 0.854999 0.816504 1.12393 0 0 0 0 0 0 0 0
16 1_1_1 1992  0 0 0.35 0.646847 0.936935 0 1.4 0 0 0 0 0 0 0 0
17 1_1_1 1992  0 0 0.376635 0.643524 0.939249 1 0 0 0 0 0 0 0 0 0
18 1_1_1 1992  0 0 0.384966 0.639909 0.816561 1 1.4 0 0 0 0 0 0 0 0
19 1_1_1 1992  0 0 0.416667 0.640326 0.693428 0.849914 1.223 0 0 0 0 0 0 0 0
20 1_1_1 1992  0 0 0.4 0.603403 0.572532 0.828605 0.716871 0 0 0 0 0 0 0 0
21 1_1_1 1992  0 0 0.35 0.635824 0.740037 0.804272 0.936156 0 0 0 0 0 0 0 0
22 1_1_1 1992  0 0 0.4 0.679187 0.4 0.82 1.4 0 0 0 0 0 0 0 0
23 1_1_1 1992  0 0 0.384047 0.642217 0.776835 0.759588 0.8125 0 0 0 0 0 0 0 0
24 1_1_1 1992  0 0 0.38441 0.624226 1 0 0 0 0 0 0 0 0 0 0
25 1_1_1 1992  0 0 0.381215 0.678875 1.325 1.325 0 0 0 0 0 0 0 0 0
26 1_1_1 1992  0 0 0.381526 0.628818 0.946569 1.07434 0 0 0 0 0 0 0 0 0
27 1_1_1 1992  0 0 0.416667 0.654713 0.661445 0.896381 1.0212 0 0 0 0 0 0 0 0
28 1_1_1 1992  0 0 0.4 0.624714 0.751973 0.861757 0.703443 0 0 0 0 0 0 0 0
29 1_1_1 1992  0 0 0.425 0.605272 0.775344 0 0.91572 0 0 0 0 0 0 0 0
30 1_1_1 1992  0 0 0.4 0.649786 0.714017 0.905429 1.25456 0 0 0 0 0 0 0 0
31 1_1_1 1992  0 0 0 0.627057 0.734723 0.946991 0.971507 0 0 0 0 0 0 0 0
32 1_1_1 1992  0 0 0.35 0.63111 0.711176 0.846048 0.999496 0 0 0 0 0 0 0 0
33 1_1_1 1992  0 0 0.35 0.617343 0.702979 0.843405 1.09467 0 0 0 0 0 0 0 0
34 1_1_1 1992  0 0 0.4 0.65461 0.819322 0.948153 1.4 0 0 0 0 0 0 0 0
35 1_1_1 1992  0 0 0.4 0.691488 0.799564 0.993871 1.4 0 0 0 0 0 0 0 0
36 1_1_1 1992  0 0 0.381408 0.65198 0.908778 0.986912 1.4 0 0 0 0 0 0 0 0
37 1_1_1 1992  0 0 0.4 0.655052 0.88 1.00512 1.4 0 0 0 0 0 0 0 0
38 1_1_1 1992  0 0 0.379528 0.661558 0.973018 0.946444 0 0 0 0 0 0 0 0 0
39 1_1_1 1992  0 0 0.380167 0.676163 0.655735 0.872391 1.03267 0 0 0 0 0 0 0 0
40 1_1_1 1992  0 0 0.381458 0.657095 0.680593 0.861745 1.14658 0 0 0 0 0 0 0 0
41 1_1_1 1992  0 0 0 0.649609 0.667168 0.792019 0.953874 0 0 0 0 0 0 0 0
42 1_1_1 1992  0 0 0.35 0.614035 0.768902 0.903149 0.90435 0 0 0 0 0 0 0 0
43 1_1_1 1992  0 0 0.35 0.633604 0.782036 0.8 0.670421 0 0 0 0 0 0 0 0
44 1_1_1 1992  0 0 0.414286 0.611455 0.776421 0.834946 0.989525 0 0 0 0 0 0 0 0
45 1_1_1 1992  0 0 0.428571 0.642243 0.599024 0.892679 0.701198 0 0 0 0 0 0 0 0
46 1_1_1 1992  0 0 0 0.650455 0.937099 0.967884 0 0 0 0 0 0 0 0 0
47 1_1_1 1992  0 0 0.421429 0.685194 0.59069 0.887892 0 0 0 0 0 0 0 0 0
48 1_1_1 1992  0 0 0.37996 0.59968 0.525316 0.754527 0.826397 0 0 0 0 0 0 0 0
49 1_1_1 1992  0 0 0.384145 0.621294 0.802805 0.761571 0.660257 0 0 0 0 0 0 0 0
50 1_1_1 1992  0 0 0.4 0.618448 0.695547 0.870608 0.900467 0 0 0 0 0 0 0 0
51 1_1_1 1992  0 0 0 0.583694 0.657334 0.857718 0.994725 0 0 0 0 0 0 0 0
52 1_1_1 1992  0 0 0 0.627776 0.60804 0.726232 0.660888 0 0 0 0 0 0 0 0
53 1_1_1 1992  0 0 0.4 0.602751 0.708675 1.06488 1.15034 0 0 0 0 0 0 0 0
54 1_1_1 1992  0 0 0.4 0.677217 0.537264 0.876251 0.693148 0 0 0 0 0 0 0 0
55 1_1_1 1992  0 0 0.433333 0.61589 0.828966 0.803117 0.704261 0 0 0 0 0 0 0 0
56 1_1_1 1992  0 0 0.4 0.665975 1.04346 0.943913 0 0 0 0 0 0 0 0 0
57 1_1_1 1992  0 0 0.4 0.640769 0.670487 0.891351 0.685768 0 0 0 0 0 0 0 0
58 1_1_1 1992  0 0 0.416667 0.631006 0.95108 1.00015 1.4 0 0 0 0 0 0 0 0
59 1_1_1 1992  0 0 0.381335 0.633364 0.78 1.0148 0 0 0 0 0 0 0 0 0
60 1_1_1 1992  0 0 0.380722 0.64921 1.325 0.945994 0 0 0 0 0 0 0 0 0
61 1_1_1 1992  0 0 0.384441 0.60633 0.91182 0 1.4 0 0 0 0 0 0 0 0
62 1_1_1 1992  0 0 0.35 0.621102 0.720344 0.755308 0.693568 0 0 0 0 0 0 0 0
63 1_1_1 1992  0 0 0.425 0.645804 0.796579 0.968746 0.687728 0 0 0 0 0 0 0 0
64 1_1_1 1992  0 0 0.380051 0.634542 0.578413 0.702427 0.669687 0 0 0 0 0 0 0 0
65 1_1_1 1992  0 0 0.35 0.652822 0.573211 0.837954 0.989728 0 0 0 0 0 0 0 0
66 1_1_1 1992  0 0 0.44 0.628844 0.808243 0.827437 1.01988 0 0 0 0 0 0 0 0
67 1_1_1 1992  0 0 0.4 0.640375 0.55075 0.803993 0.724471 0 0 0 0 0 0 0 0
68 1_1_1 1992  0 0 0.382385 0.629277 0.658791 0.862202 1.10986 0 0 0 0 0 0 0 0
69 1_1_1 1992  0 0 0.380459 0.648957 0.715176 1 1.04617 0 0 0 0 0 0 0 0
70 1_1_1 1992  0 0 0.377532 0.648604 0.633447 0.868044 0.705316 0 0 0 0 0 0 0 0
71 1_1_1 1992  0 0 0.37463 0.681451 0.568875 1.01899 0.934964 0 0 0 0 0 0 0 0
72 1_1_1 1992  0 0 0.380975 0.653543 0.615988 0.890183 0 0 0 0 0 0 0 0 0
73 1_1_1 1992  0 0 0.4 0.642843 0.417802 0.722598 0.92344 0 0 0 0 0 0 0 0
74 1_1_1 1992  0 0 0.44 0.63144 0.884671 0.972849 1.4 0 0 0 0 0 0 0 0
75 1_1_1 1992  0 0 0.4125 0.639978 0.783972 0.786063 0.699126 0 0 0 0 0 0 0 0
76 1_1_1 1992  0 0 0.416667 0.603515 0.631771 0.920501 0.603708 0 0 0 0 0 0 0 0
77 1_1_1 1992  0 0 0 0.587362 1 0.922377 0 0 0 0 0 0 0 0 0
78 1_1_1 1992  0 0 0.421429 0.612152 0.890677 1.05616 0 0 0 0 0 0 0 0 0
79 1_1_1 1992  0 0 0.379779 0.638487 0.757181 0.946026 0.664527 0 0 0 0 0 0 0 0
80 1_1_1 1992  0 0 0.379338 0.595058 0.469957 0.750684 0.639756 0 0 0 0 0 0 0 0
81 1_1_1 1992  0 0 0.4 0.61663 0.698007 0.728753 0.722921 0 0 0 0 0 0 0 0
82 1_1_1 1992  0 0 0.384666 0.628115 0.857458 1.06119 1.4 0 0 0 0 0 0 0 0
83 1_1_1 1992  0 0 0.4 0.553716 0.670576 0.701113 0.91758 0 0 0 0 0 0 0 0
84 1_1_1 1992  0 0 0.4 0.67474 0.611813 0.9 0.761601 0 0 0 0 0 0 0 0
85 1_1_1 1992  0 0 0.42 0.633961 0.787072 0.880666 1.06003 0 0 0 0 0 0 0 0
86 1_1_1 1992  0 0 0.384399 0.657807 0.784813 0.852308 1.07338 0 0 0 0 0 0 0 0
87 1_1_1 1992  0 0 0.380811 0.662298 1.36667 0.962826 0 0 0 0 0 0 0 0 0
88 1_1_1 1992  0 0 0.405 0.650133 0.716058 1.13509 0.980124 0 0 0 0 0 0 0 0
89 1_1_1 1992  0 0 0.408333 0.62654 0.693656 0.7 1.4 0 0 0 0 0 0 0 0
90 1_1_1 1992  0 0 0.416667 0.637444 0.662252 0.862851 0.907094 0 0 0 0 0 0 0 0
91 1_1_1 1992  0 0 0.4 0.629499 0.754631 0.850858 1.04544 0 0 0 0 0 0 0 0
92 1_1_1 1992  0 0 0.425 0.596264 0.932324 1.20086 1.4 0 0 0 0 0 0 0 0
93 1_1_1 1992  0 0 0.4125 0.647 0.942529 1.11264 1.4 0 0 0 0 0 0 0 0
94 1_1_1 1992  0 0 0.411111 0.629551 0.776819 0.884146 1.01479 0 0 0 0 0 0 0 0
95 1_1_1 1992  0 0 0.381134 0.651578 0.689739 0.801515 0.954197 0 0 0 0 0 0 0 0
96 1_1_1 1992  0 0 0 0.620487 0.932584 1 1.4 0 0 0 0 0 0 0 0
97 1_1_1 1992  0 0 0.43 0.607765 0.742924 1 1.4 0 0 0 0 0 0 0 0
98 1_1_1 1992  0 0 0.380498 0.688126 0.92 1 0 0 0 0 0 0 0 0 0
99 1_1_1 1992  0 0 0.4 0.634141 0.67065 0.985983 0.70939 0 0 0 0 0 0 0 0
100 1_1_1 1992  0 0 0.433333 0.662472 0.980688 1.22499 0 0 0 0 0 0 0 0 0
101 1_1_1 1992  0 0 0 0.604035 0.815628 1.02264 1.4 0 0 0 0 0 0 0 0
102 1_1_1 1992  0 0 0.4 0.647043 1.22778 0.907693 0 0 0 0 0 0 0 0 0
103 1_1_1 1992  0 0 0 0.619259 0.891396 1 0 0 0 0 0 0 0 0 0
104 1_1_1 1992  0 0 0.35 0.609269 0.5665 0.875823 0.831827 0 0 0 0 0 0 0 0
105 1_1_1 1992  0 0 0.380263 0.618222 0.850982 1 0 0 0 0 0 0 0 0 0
106 1_1_1 1992  0 0 0.4375 0.641428 0.977817 1.08929 0 0 0 0 0 0 0 0 0
107 1_1_1 1992  0 0 0.40625 0.675502 0.715597 0.953722 1.4 0 0 0 0 0 0 0 0
108 1_1_1 1992  0 0 0.4 0.667471 1.2 0.9 1.4 0 0 0 0 0 0 0 0
109 1_1_1 1992  0 0 0.4 0.646562 0.9 1 1.4 0 0 0 0 0 0 0 0
110 1_1_1 1992  0 0 0.379991 0.627119 0.919098 0.970395 1.4 0 0 0 0 0 0 0 0
111 1_1_1 1992  0 0 0.377864 0.622835 0.756854 0.935629 1.00947 0 0 0 0 0 0 0 0
112 1_1_1 1992  0 0 0.379687 0.664158 0.977992 0.9 0 0 0 0 0 0 0 0 0
113 1_1_1 1992  0 0 0.382722 0.664929 1.00451 1.09403 1.4 0 0 0 0 0 0 0 0
114 1_1_1 1992  0 0 0.385291 0.667297 0.835529 0.94 0 0 0 0 0 0 0 0 0
115 1_1_1 1992  0 0 0.4 0.676741 0.488976 0.835512 0.914421 0 0 0 0 0 0 0 0
116 1_1_1 1992  0 0 0.381524 0.627067 0.624654 0.829797 0.759592 0 0 0 0 0 0 0 0
117 1_1_1 1992  0 0 0.35 0.65755 0.564737 0.974344 0.696888 0 0 0 0 0 0 0 0
118 1_1_1 1992  0 0 0.35 0.638749 0.693321 0.901018 1.14206 0 0 0 0 0 0 0 0
119 1_1_1 1992  0 0 0.35 0.640517 0.957406 1.00865 0 0 0 0 0 0 0 0 0
120 1_1_1 1992  0 0 0 0.633486 0.681226 0.888468 0.62587 0 0 0 0 0 0 0 0
121 1_1_1 1992  0 0 0.411111 0.631759 0.937059 0.9625 0 0 0 0 0 0 0 0 0
122 1_1_1 1992  0 0 0.40625 0.610809 0.98028 0.9625 0 0 0 0 0 0 0 0 0
123 1_1_1 1992  0 0 0.380861 0.646996 0.923122 0.966667 1.4 0 0 0 0 0 0 0 0
124 1_1_1 1992  0 0 0 0.653463 0.9 1 1.4 0 0 0 0 0 0 0 0
125 1_1_1 1992  0 0 0.384012 0.652881 0.812476 0.865146 1.4 0 0 0 0 0 0 0 0
126 1_1_1 1992  0 0 0.381173 0.635935 0.957166 0.979142 1.4 0 0 0 0 0 0 0 0
127 1_1_1 1992  0 0 0.35 0.638214 0.966181 1 1.4 0 0 0 0 0 0 0 0
128 1_1_1 1992  0 0 0.4 0.626365 0.784879 0.941746 1.18531 0 0 0 0 0 0 0 0
129 1_1_1 1992  0 0 0.384318 0.655923 0.983998 0 0 0 0 0 0 0 0 0 0
130 1_1_1 1992  0 0 0.4 0.669483 0.633884 0.865986 0.811376 0 0 0 0 0 0 0 0
131 1_1_1 1992  0 0 0.381678 0.638344 0.70868 0.962547 1.4 0 0 0 0 0 0 0 0
132 1_1_1 1992  0 0 0.381201 0.652826 0.930544 1 1.4 0 0 0 0 0 0 0 0
133 1_1_1 1992  0 0 0.416667 0.612744 0.743742 0.775693 0.704674 0 0 0 0 0 0 0 0
134 1_1_1 1992  0 0 0.384785 0.617206 0.791215 0.938764 1.20074 0 0 0 0 0 0 0 0
135 1_1_1 1992  0 0 0 0.673973 0.800889 0 1.03818 0 0 0 0 0 0 0 0
136 1_1_1 1992  0 0 0.43125 0.63661 0.758798 0.894379 0.937589 0 0 0 0 0 0 0 0
137 1_1_1 1992  0 0 0.379161 0.619677 0.934321 0.972495 1.4 0 0 0 0 0 0 0 0
138 1_1_1 1992  0 0 0.381796 0.629838 0.629787 0.803617 0.803617 0 0 0 0 0 0 0 0
139 1_1_1 1992  0 0 0.4 0.617537 0.467883 0.707656 0.725754 0 0 0 0 0 0 0 0
140 1_1_1 1992  0 0 0.381136 0.670893 1.00059 1.22675 0 0 0 0 0 0 0 0 0
141 1_1_1 1992  0 0 0.35 0.604799 0.723792 0.898749 1.15398 0 0 0 0 0 0 0 0
142 1_1_1 1992  0 0 0.383387 0.639397 0.855819 0.83822 0.8 0 0 0 0 0 0 0 0
143 1_1_1 1992  0 0 0.380722 0.716338 0.501666 0.814568 0.6 0 0 0 0 0 0 0 0
144 1_1_1 1992  0 0 0.381289 0.614154 0.702691 0.735748 0.721707 0 0 0 0 0 0 0 0
145 1_1_1 1992  0 0 0.4 0.621284 0.60393 0.898445 0.719379 0 0 0 0 0 0 0 0
146 1_1_1 1992  0 0 0.379875 0.603506 0.755809 1 1.4 0 0 0 0 0 0 0 0
147 1_1_1 1992  0 0 0.35 0.617404 0.53843 0.757689 0.631175 0 0 0 0 0 0 0 0
148 1_1_1 1992  0 0 0.4 0.618039 0.821097 0.84685 0.733935 0 0 0 0 0 0 0 0
149 1_1_1 1992  0 0 0.37988 0.630534 0.85 0 1.4 0 0 0 0 0 0 0 0
150 1_1_1 1992  0 0 0.4 0.652488 0.7 0 0 0 0 0 0 0 0 0 0
151 1_1_1 1992  0 0 0.38509 0.678784 0.870031 1.03368 0 0 0 0 0 0 0 0 0
152 1_1_1 1992  0 0 0.385253 0.652031 0.837972 0.804314 1.13696 0 0 0 0 0 0 0 0
153 1_1_1 1992  0 0 0.381251 0.652685 0.695372 0.718698 1.01959 0 0 0 0 0 0 0 0
154 1_1_1 1992  0 0 0.380159 0.637153 0.730631 0.871446 0.92487 0 0 0 0 0 0 0 0
155 1_1_1 1992  0 0 0 0.642184 0.885523 0.929123 0 0 0 0 0 0 0 0 0
156 1_1_1 1992  0 0 0.383858 0.639239 0.939828 0 0 0 0 0 0 0 0 0 0
157 1_1_1 1992  0 0 0.379619 0.636271 0.954152 0.940083 1.4 0 0 0 0 0 0 0 0
158 1_1_1 1992  0 0 0.380397 0.682341 0.995667 0.952272 0 0 0 0 0 0 0 0 0
159 1_1_1 1992  0 0 0.425 0.629059 0.808986 0.860691 0.610543 0 0 0 0 0 0 0 0
160 1_1_1 1992  0 0 0 0.634583 0.737303 0.94488 0.921953 0 0 0 0 0 0 0 0
161 1_1_1 1992  0 0 0.42 0.61051 0.885167 0.748232 0.666519 0 0 0 0 0 0 0 0
162 1_1_1 1992  0 0 0.35 0.6403 0.852127 0 0.703453 0 0 0 0 0 0 0 0
163 1_1_1 1992  0 0 0.38051 0.638243 0.941685 0.958887 1.4 0 0 0 0 0 0 0 0
164 1_1_1 1992  0 0 0.4 0.61165 0.474109 0.756042 0.673496 0 0 0 0 0 0 0 0
165 1_1_1 1992  0 0 0.382576 0.662716 0.961787 0 0 0 0 0 0 0 0 0 0
166 1_1_1 1992  0 0 0.4 0.601168 0.842805 0.870003 0.725783 0 0 0 0 0 0 0 0
167 1_1_1 1992  0 0 0.425 0.619214 0.968009 1.02526 0 0 0 0 0 0 0 0 0
168 1_1_1 1992  0 0 0.38519 0.639312 0.916265 1.21602 1.4 0 0 0 0 0 0 0 0
169 1_1_1 1992  0 0 0.35 0.621278 0.749812 0.844993 0.67399 0 0 0 0 0 0 0 0
170 1_1_1 1992  0 0 0.35 0.647114 0.894581 1.0906 0 0 0 0 0 0 0 0 0
171 1_1_1 1992  0 0 0.4 0.60249 0.585315 0.757874 0.755962 0 0 0 0 0 0 0 0
172 1_1_1 1992  0 0 0.381159 0.614392 0.545271 0.758552 0.706364 0 0 0 0 0 0 0 0
173 1_1_1 1992  0 0 0.35 0.66462 0.691934 0.897203 0.806052 0 0 0 0 0 0 0 0
174 1_1_1 1992  0 0 0 0.624497 0.750253 0.831482 0.622069 0 0 0 0 0 0 0 0
175 1_1_1 1992  0 0 0.35 0.630682 0.822099 0.80384 1.1455 0 0 0 0 0 0 0 0
176 1_1_1 1992  0 0 0.4 0.633962 0.46136 0.930369 0.611869 0 0 0 0 0 0 0 0
177 1_1_1 1992  0 0 0 0.696126 0.491354 0.709045 0.69702 0 0 0 0 0 0 0 0
178 1_1_1 1992  0 0 0.433333 0.637012 0.813503 0.934215 1.04238 0 0 0 0 0 0 0 0
179 1_1_1 1992  0 0 0.35 0.660985 0.787755 0 0.982398 0 0 0 0 0 0 0 0
180 1_1_1 1992  0 0 0.38178 0.638753 0.930893 1 1.4 0 0 0 0 0 0 0 0
181 1_1_1 1992  0 0 0.4 0.680621 0.866667 1.11884 1.4 0 0 0 0 0 0 0 0
182 1_1_1 1992  0 0 0.4 0.631009 0.75 1.45 0 0 0 0 0 0 0 0 0
183 1_1_1 1992  0 0 0.38106 0.643173 0.742861 0.865419 1.01436 0 0 0 0 0 0 0 0
184 1_1_1 1992  0 0 0.4 0.667566 0.918266 0.981358 1.4 0 0 0 0 0 0 0 0
185 1_1_1 1992  0 0 0.380298 0.630173 1.2 0.91868 0 0 0 0 0 0 0 0 0
186 1_1_1 1992  0 0 0.433333 0.624887 0.937619 1.02179 1.4 0 0 0 0 0 0 0 0
187 1_1_1 1992  0 0 0.416667 0.646747 0.892806 0.9375 0 0 0 0 0 0 0 0 0
188 1_1_1 1992  0 0 0.4 0.658849 0.861218 0.975 0 0 0 0 0 0 0 0 0
189 1_1_1 1992  0 0 0.4 0.652714 0.874071 0.951227 0 0 0 0 0 0 0 0 0
190 1_1_1 1992  0 0 0 0.596486 0.817898 0.70618 0.685957 0 0 0 0 0 0 0 0
191 1_1_1 1992  0 0 0.4 0.648399 0.697013 0.945256 0.709058 0 0 0 0 0 0 0 0
192 1_1_1 1992  0 0 0.380212 0.666983 0.613086 0.825632 0.716256 0 0 0 0 0 0 0 0
193 1_1_1 1992  0 0 0.380274 0.619439 0.606471 1.03714 0 0 0 0 0 0 0 0 0
194 1_1_1 1992  0 0 0.381206 0.644755 0.916955 0.946836 1.4 0 0 0 0 0 0 0 0
195 1_1_1 1992  0 0 0.35 0.595722 0.702214 0.905857 0.980851 0 0 0 0 0 0 0 0
196 1_1_1 1992  0 0 0 0.632761 0.647654 0.872613 1.4 0 0 0 0 0 0 0 0
197 1_1_1 1992  0 0 0.380648 0.644566 0.987779 0 0 0 0 0 0 0 0 0 0
198 1_1_1 1992  0 0 0.380868 0.681362 1.325 0.949023 0 0 0 0 0 0 0 0 0
199 1_1_1 1992  0 0 0.416667 0.690208 0.764471 0.895566 0.705487 0 0 0 0 0 0 0 0
200 1_1_1 1992  0 0 0.38029 0.636268 0.87428 1 1.4 0 0 0 0 0 0 0 0
201 1_1_1 1992  0 0 0.4 0.642736 0.615317 0.933259 1.4 0 0 0 0 0 0 0 0
202 1_1_1 1992  0 0 0.385381 0.643983 0.774829 0.797184 0.618082 0 0 0 0 0 0 0 0
203 1_1_1 1992  0 0 0.41 0.602581 0.702825 0.860471 0.987939 0 0 0 0 0 0 0 0
204 1_1_1 1992  0 0 0 0.660373 0.898081 1.00088 1.4 0 0 0 0 0 0 0 0
205 1_1_1 1992  0 0 0.4 0.625099 0.722178 0.798511 0.707906 0 0 0 0 0 0 0 0
206 1_1_1 1992  0 0 0.4 0.666025 0.930022 0.702982 0 0 0 0 0 0 0 0 0
207 1_1_1 1992  0 0 0.416667 0.635508 0.891278 1.14079 1.4 0 0 0 0 0 0 0 0
208 1_1_1 1992  0 0 0.383598 0.616769 0.722316 0.89814 1.14666 0 0 0 0 0 0 0 0
209 1_1_1 1992  0 0 0.380509 0.656521 0.631148 0.899005 0.843337 0 0 0 0 0 0 0 0
210 1_1_1 1992  0 0 0.35 0.63592 0.65432 0.835157 0.902889 0 0 0 0 0 0 0 0
211 1_1_1 1992  0 0 0.4 0.634858 0.744755 0.746433 0.976882 0 0 0 0 0 0 0 0
212 1_1_1 1992  0 0 0.382667 0.622805 0.777465 0.704273 1.02787 0 0 0 0 0 0 0 0
213 1_1_1 1992  0 0 0.4 0.654545 0.723846 0 1.4 0 0 0 0 0 0 0 0
214 1_1_1 1992  0 0 0.383078 0.667755 0.938793 1.18508 1.4 0 0 0 0 0 0 0 0
215 1_1_1 1992  0 0 0 0.630744 0.894893 0 0 0 0 0 0 0 0 0 0
216 1_1_1 1992  0 0 0.35 0.649559 0.609188 0.862169 0.715659 0 0 0 0 0 0 0 0
217 1_1_1 1992  0 0 0.4 0.672474 0.656201 0.87848 1.4 0 0 0 0 0 0 0 0
218 1_1_1 1992  0 0 0.4125 0.618474 0.7206 1 0.888118 0 0 0 0 0 0 0 0
219 1_1_1 1992  0 0 0.416667 0.635337 0.793613 0.942305 1.4 0 0 0 0 0 0 0 0
220 1_1_1 1992  0 0 0.380644 0.663404 0.926552 1.02941 1.4 0 0 0 0 0 0 0 0
221 1_1_1 1992  0 0 0.4 0.631734 0.754167 0 0 0 0 0 0 0 0 0 0
222 1_1_1 1992  0 0 0.4 0.648992 0.892291 1.28333 1.4 0 0 0 0 0 0 0 0
223 1_1_1 1992  0 0 0.416667 0.605531 0.788594 0.857936 1.02152 0 0 0 0 0 0 0 0
224 1_1_1 1992  0 0 0.35 0.638438 0.893959 1.14192 1.4 0 0 0 0 0 0 0 0
225 1_1_1 1992  0 0 0.38349 0.632834 0.8053 0.839166 0.701978 0 0 0 0 0 0 0 0
226 1_1_1 1992  0 0 0.433333 0.664848 0.729473 0.87529 0 0 0 0 0 0 0 0 0
227 1_1_1 1992  0 0 0 0.712359 1.3875 0.837399 0 0 0 0 0 0 0 0 0
228 1_1_1 1992  0 0 0.4 0.669206 1.2 0.9 0 0 0 0 0 0 0 0 0
229 1_1_1 1992  0 0 0.35 0.692425 0.758724 0.818808 0.67058 0 0 0 0 0 0 0 0
230 1_1_1 1992  0 0 0.4125 0.648128 0.927521 1.00685 1.4 0 0 0 0 0 0 0 0
231 1_1_1 1992  0 0 0.35 0.617254 0.766885 0.701722 0.755538 0 0 0 0 0 0 0 0
232 1_1_1 1992  0 0 0.42 0.655363 0.590987 0.750978 0.730898 0 0 0 0 0 0 0 0
233 1_1_1 1992  0 0 0.4 0.678028 0.595981 0.834301 0.622207 0 0 0 0 0 0 0 0
234 1_1_1 1992  0 0 0.384202 0.636438 0.809205 0.87204 0.704423 0 0 0 0 0 0 0 0
235 1_1_1 1992  0 0 0.425 0.645052 0.95 0 0 0 0 0 0 0 0 0 0
236 1_1_1 1992  0 0 0.4 0.640791 0.722729 0.867239 0.90116 0 0 0 0 0 0 0 0
237 1_1_1 1992  0 0 0 0.644005 0.594222 1.01892 0.701057 0 0 0 0 0 0 0 0
238 1_1_1 1992  0 0 0 0.749138 0.516277 0.848317 1.4 0 0 0 0 0 0 0 0
239 1_1_1 1992  0 0 0.4125 0.629647 0.750813 0.816282 0.612246 0 0 0 0 0 0 0 0
240 1_1_1 1992  0 0 0.4 0.630091 0.688816 0.793845 0.996486 0 0 0 0 0 0 0 0
241 1_1_1 1992  0 0 0.35 0.655311 0.566087 0.877732 0.706591 0 0 0 0 0 0 0 0
242 1_1_1 1992  0 0 0.425 0.695733 0.813276 0.976201 0.703167 0 0 0 0 0 0 0 0
243 1_1_1 1992  0 0 0 0.700406 0.76779 0.92 0.992793 0 0 0 0 0 0 0 0
244 1_1_1 1992  0 0 0.35 0.658371 0.596888 0.866301 0.603525 0 0 0 0 0 0 0 0
245 1_1_1 1992  0 0 0.381038 0.614773 0.721079 0.948981 0.942941 0 0 0 0 0 0 0 0
246 1_1_1 1992  0 0 0.35 0.649661 0.562283 0.81059 1.01855 0 0 0 0 0 0 0 0
247 1_1_1 1992  0 0 0.380733 0.649563 0.772988 0.860206 0.610517 0 0 0 0 0 0 0 0
248 1_1_1 1992  0 0 0.381035 0.654629 0.987648 1.03387 0 0 0 0 0 0 0 0 0
249 1_1_1 1992  0 0 0 0.628232 0.643647 0.802022 0.705564 0 0 0 0 0 0 0 0
250 1_1_1 1992  0 0 0 0.609707 1.00908 0.919965 0.701871 0 0 0 0 0 0 0 0
251 1_1_1 1992  0 0 0 0.711115 1.01696 0.951818 1.4 0 0 0 0 0 0 0 0
252 1_1_1 1992  0 0 0.380157 0.644873 0.477015 0.789764 0.701902 0 0 0 0 0 0 0 0
253 1_1_1 1992  0 0 0.381065 0.658729 0.506 0.934859 0.754088 0 0 0 0 0 0 0 0
254 1_1_1 1992  0 0 0.4 0.604817 0.937439 0.941629 1.4 0 0 0 0 0 0 0 0
255 1_1_1 1992  0 0 0.384748 0.681939 0.998018 0 0 0 0 0 0 0 0 0 0
256 1_1_1 1992  0 0 0.370492 0.644693 0.820347 0.851244 0.753636 0 0 0 0 0 0 0 0
257 1_1_1 1992  0 0 0.380761 0.654637 0.59301 0.798352 0.791753 0 0 0 0 0 0 0 0
258 1_1_1 1992  0 0 0.383834 0.644975 0.777797 0.812183 0.618864 0 0 0 0 0 0 0 0
259 1_1_1 1992  0 0 0.44 0.63455 0.721553 0.912333 0.689103 0 0 0 0 0 0 0 0
260 1_1_1 1992  0 0 0.4 0.67415 0.924299 0.975 1.4 0 0 0 0 0 0 0 0
261 1_1_1 1992  0 0 0.381199 0.654001 0.661129 0.937871 0.624769 0 0 0 0 0 0 0 0
262 1_1_1 1992  0 0 0.4 0.646746 0.713147 0.88141 0 0 0 0 0 0 0 0 0
263 1_1_1 1992  0 0 0 0.633312 0.641099 0.887259 0.659803 0 0 0 0 0 0 0 0
264 1_1_1 1992  0 0 0.384052 0.670832 0.992266 0 0 0 0 0 0 0 0 0 0
265 1_1_1 1992  0 0 0.364292 0.665523 0.949499 1 0 0 0 0 0 0 0 0 0
266 1_1_1 1992  0 0 0.4 0.679478 0.61427 0.805369 1.02117 0 0 0 0 0 0 0 0
267 1_1_1 1992  0 0 0.4 0.648986 0.632247 0.957244 0.979404 0 0 0 0 0 0 0 0
268 1_1_1 1992  0 0 0.382324 0.639484 0.911803 0.94799 0 0 0 0 0 0 0 0 0
269 1_1_1 1992  0 0 0.414286 0.656319 0.674491 0 0.931463 0 0 0 0 0 0 0 0
270 1_1_1 1992  0 0 0.35 0.631768 0.757039 0.771537 0.935145 0 0 0 0 0 0 0 0
271 1_1_1 1992  0 0 0 0.703973 0.584649 0.871271 1.4 0 0 0 0 0 0 0 0
272 1_1_1 1992  0 0 0.384378 0.642022 0.584739 0.975623 0.705669 0 0 0 0 0 0 0 0
273 1_1_1 1992  0 0 0.38035 0.605628 0.749241 0.872879 0.91416 0 0 0 0 0 0 0 0
274 1_1_1 1992  0 0 0.4 0.620651 0.583955 1 0.752554 0 0 0 0 0 0 0 0
275 1_1_1 1992  0 0 0.411538 0.629563 0.751602 0 0.702483 0 0 0 0 0 0 0 0
276 1_1_1 1992  0 0 0.382992 0.654133 0.78649 0 0 0 0 0 0 0 0 0 0
277 1_1_1 1992  0 0 0.380923 0.62064 0.775222 0.852595 0.918613 0 0 0 0 0 0 0 0
278 1_1_1 1992  0 0 0.379467 0.607896 0.723341 0.789915 0.659719 0 0 0 0 0 0 0 0
279 1_1_1 1992  0 0 0.380929 0.620702 0.570146 0.962603 0.915256 0 0 0 0 0 0 0 0
280 1_1_1 1992  0 0 0.4125 0.620652 0.666734 0.857619 1.02168 0 0 0 0 0 0 0 0
281 1_1_1 1992  0 0 0.380553 0.604915 0.682619 0.941551 1.04133 0 0 0 0 0 0 0 0
282 1_1_1 1992  0 0 0.425 0.698396 0.620774 0.999295 1.01558 0 0 0 0 0 0 0 0
283 1_1_1 1992  0 0 0.425 0.640151 0.931013 0.969214 1.4 0 0 0 0 0 0 0 0
284 1_1_1 1992  0 0 0 0.640563 0.968261 0.9625 1.4 0 0 0 0 0 0 0 0
285 1_1_1 1992  0 0 0.35 0.678522 0.583117 0.919408 0.805777 0 0 0 0 0 0 0 0
286 1_1_1 1992  0 0 0.425 0.582148 0.815726 0.701925 0.705971 0 0 0 0 0 0 0 0
287 1_1_1 1992  0 0 0.38081 0.62612 0.72231 0.888765 1.00284 0 0 0 0 0 0 0 0
288 1_1_1 1992  0 0 0.4375 0.631756 0.778454 0.724942 0.686409 0 0 0 0 0 0 0 0
289 1_1_1 1992  0 0 0.4 0.732189 0.513244 0.834003 0.706575 0 0 0 0 0 0 0 0
290 1_1_1 1992  0 0 0.379953 0.622168 0.742176 0.853834 1.05908 0 0 0 0 0 0 0 0
291 1_1_1 1992  0 0 0.4 0.64077 0.934421 1.05924 1.4 0 0 0 0 0 0 0 0
292 1_1_1 1992  0 0 0.35 0.663625 0.611465 0.861289 0.709522 0 0 0 0 0 0 0 0
293 1_1_1 1992  0 0 0.378177 0.669782 0.704628 0.706935 0 0 0 0 0 0 0 0 0
294 1_1_1 1992  0 0 0.381013 0.656216 0.926833 0.95196 0 0 0 0 0 0 0 0 0
295 1_1_1 1992  0 0 0.4 0.659495 0.8 1 0 0 0 0 0 0 0 0 0
296 1_1_1 1992  0 0 0.380095 0.635218 0.710033 0.845316 0.79556 0 0 0 0 0 0 0 0
297 1_1_1 1992  0 0 0.386352 0.626457 0.88668 0.748573 0.728076 0 0 0 0 0 0 0 0
298 1_1_1 1992  0 0 0 0.627095 0.593937 0.825806 0.707015 0 0 0 0 0 0 0 0
299 1_1_1 1992  0 0 0.4 0.656536 0.691083 0.85341 0.975128 0 0 0 0 0 0 0 0
300 1_1_1 1992  0 0 0.4 0.646411 0.604196 0.930449 0.606235 0 0 0 0 0 0 0 0
301 1_1_1 1992  0 0 0.4 0.66165 0.861582 0.92946 1.4 0 0 0 0 0 0 0 0
302 1_1_1 1992  0 0 0.433333 0.629189 0.697916 0.745462 0.696971 0 0 0 0 0 0 0 0
303 1_1_1 1992  0 0 0.38527 0.616544 0.756739 0.934619 0.899864 0 0 0 0 0 0 0 0
304 1_1_1 1992  0 0 0.378558 0.662756 0.411215 0.929325 0.999607 0 0 0 0 0 0 0 0
305 1_1_1 1992  0 0 0 0.635756 0.668928 0.809236 0.781607 0 0 0 0 0 0 0 0
306 1_1_1 1992  0 0 0.435714 0.583696 0.687777 0.80164 1.4 0 0 0 0 0 0 0 0
307 1_1_1 1992  0 0 0.380212 0.663296 0.795382 0.962956 0 0 0 0 0 0 0 0 0
308 1_1_1 1992  0 0 0 0.608083 0.87303 0 0 0 0 0 0 0 0 0 0
309 1_1_1 1992  0 0 0.4 0.618413 0.649101 0.844247 0.954502 0 0 0 0 0 0 0 0
310 1_1_1 1992  0 0 0 0.696454 0.632514 0.797528 0.704565 0 0 0 0 0 0 0 0
311 1_1_1 1992  0 0 0.416667 0.607199 0.791697 0.849292 1.00889 0 0 0 0 0 0 0 0
312 1_1_1 1992  0 0 0.35 0.623223 0.765554 0.723046 1.09746 0 0 0 0 0 0 0 0
313 1_1_1 1992  0 0 0.4 0.666539 0.880696 0.965617 0 0 0 0 0 0 0 0 0
314 1_1_1 1992  0 0 0.35 0.647352 0.823764 0.882589 0.813974 0 0 0 0 0 0 0 0
315 1_1_1 1992  0 0 0.43 0.665267 0.970926 1.3875 0 0 0 0 0 0 0 0 0
316 1_1_1 1992  0 0 0.382921 0.65878 0.993697 0 1.4 0 0 0 0 0 0 0 0
317 1_1_1 1992  0 0 0.35 0.63808 0.70707 0.714699 0.964277 0 0 0 0 0 0 0 0
318 1_1_1 1992  0 0 0.381415 0.644848 0.996504 0.926299 0 0 0 0 0 0 0 0 0
319 1_1_1 1992  0 0 0.35 0.632134 0.79998 0.939638 1.4 0 0 0 0 0 0 0 0
320 1_1_1 1992  0 0 0.433333 0.635383 0.637792 0.965711 0.62427 0 0 0 0 0 0 0 0
321 1_1_1 1992  0 0 0.374967 0.656974 0.948773 1.0886 1.4 0 0 0 0 0 0 0 0
322 1_1_1 1992  0 0 0.35 0.695625 0.629093 0.807197 0.64551 0 0 0 0 0 0 0 0
323 1_1_1 1992  0 0 0.38457 0.637219 0.754683 0.869905 0.952837 0 0 0 0 0 0 0 0
324 1_1_1 1992  0 0 0.43 0.622379 0.610757 0.865944 0.914543 0 0 0 0 0 0 0 0
325 1_1_1 1992  0 0 0.35 0.68118 0.992981 0 0 0 0 0 0 0 0 0 0
326 1_1_1 1992  0 0 0.35 0.669462 0.924666 0.995506 1.4 0 0 0 0 0 0 0 0
327 1_1_1 1992  0 0 0.4 0.668089 0.970664 1.01576 0 0 0 0 0 0 0 0 0
328 1_1_1 1992  0 0 0.384614 0.677215 0.638517 0.858553 1.00137 0 0 0 0 0 0 0 0
329 1_1_1 1992  0 0 0.425 0.635301 0.705173 0.877183 0.984166 0 0 0 0 0 0 0 0
330 1_1_1 1992  0 0 0.384444 0.636666 0.758873 0.761833 0.660662 0 0 0 0 0 0 0 0
331 1_1_1 1992  0 0 0.4125 0.584501 0.739706 0.926394 0.605492 0 0 0 0 0 0 0 0
332 1_1_1 1992  0 0 0.35 0.684054 0.982699 0 1.4 0 0 0 0 0 0 0 0
333 1_1_1 1992  0 0 0.35 0.612312 0.664677 0.832516 0.985331 0 0 0 0 0 0 0 0
334 1_1_1 1992  0 0 0 0.592394 0.592717 0.732769 0.699601 0 0 0 0 0 0 0 0
335 1_1_1 1992  0 0 0.381336 0.595567 0.877119 0.736655 0.650997 0 0 0 0 0 0 0 0
336 1_1_1 1992  0 0 0.42 0.613782 0.925562 1 1.4 0 0 0 0 0 0 0 0
337 1_1_1 1992  0 0 0.4 0.662241 0.621121 0.834472 1.05978 0 0 0 0 0 0 0 0
338 1_1_1 1992  0 0 0.4 0.595468 0.676224 1 1.06667 0 0 0 0 0 0 0 0
339 1_1_1 1992  0 0 0.381867 0.629834 0.973018 1 0 0 0 0 0 0 0 0 0
340 1_1_1 1992  0 0 0.377492 0.644985 0.790175 0.875954 1.00892 0 0 0 0 0 0 0 0
341 1_1_1 1992  0 0 0.416667 0.66581 0.773058 0.951789 0.609038 0 0 0 0 0 0 0 0
342 1_1_1 1992  0 0 0.38116 0.703165 0.61595 0.943057 1.01355 0 0 0 0 0 0 0 0
343 1_1_1 1992  0 0 0.38243 0.675704 1.01396 1.325 0 0 0 0 0 0 0 0 0
344 1_1_1 1992  0 0 0.42 0.669122 0.668171 0.868938 0.968903 0 0 0 0 0 0 0 0
345 1_1_1 1992  0 0 0.416667 0.645784 0.714303 0.98486 0.99909 0 0 0 0 0 0 0 0
346 1_1_1 1992  0 0 0.380375 0.613242 0.829568 1 1.4 0 0 0 0 0 0 0 0
347 1_1_1 1992  0 0 0 0.655208 0.76 1.0134 1.4 0 0 0 0 0 0 0 0
348 1_1_1 1992  0 0 0.380913 0.625263 0.790752 0.773231 1.00454 0 0 0 0 0 0 0 0
349 1_1_1 1992  0 0 0.379606 0.658719 0.629227 0.871832 0.959324 0 0 0 0 0 0 0 0
350 1_1_1 1992  0 0 0.380326 0.637431 0.780082 0.730691 0.721291 0 0 0 0 0 0 0 0
351 1_1_1 1992  0 0 0.4 0.644794 0.541005 0.922054 0.696803 0 0 0 0 0 0 0 0
352 1_1_1 1992  0 0 0.384207 0.639563 0.966358 1 0 0 0 0 0 0 0 0 0
353 1_1_1 1992  0 0 0 0.640252 0.884935 1 1.4 0 0 0 0 0 0 0 0
354 1_1_1 1992  0 0 0.408333 0.59819 0.696523 0.732419 0.727003 0 0 0 0 0 0 0 0
355 1_1_1 1992  0 0 0.43 0.613775 0.92148 1.36667 0 0 0 0 0 0 0 0 0
356 1_1_1 1992  0 0 0.384507 0.691542 0.653109 0.805385 0.646085 0 0 0 0 0 0 0 0
357 1_1_1 1992  0 0 0.35 0.623128 0.748167 0.956585 0.964535 0 0 0 0 0 0 0 0
358 1_1_1 1992  0 0 0.380331 0.630105 0.783143 0.938614 0.6 0 0 0 0 0 0 0 0
359 1_1_1 1992  0 0 0.377527 0.647847 0.684884 0.893893 0.70208 0 0 0 0 0 0 0 0
360 1_1_1 1992  0 0 0.35 0.607868 0.618401 1.45 0.681097 0 0 0 0 0 0 0 0
361 1_1_1 1992  0 0 0.41875 0.633233 0.946108 1 0 0 0 0 0 0 0 0 0
362 1_1_1 1992  0 0 0.35 0.657368 0.576546 0.878577 1.01702 0 0 0 0 0 0 0 0
363 1_1_1 1992  0 0 0.425 0.644521 0.994595 0.9 0 0 0 0 0 0 0 0 0
364 1_1_1 1992  0 0 0.4 0.64428 0.826577 0.95718 1.4 0 0 0 0 0 0 0 0
365 1_1_1 1992  0 0 0.4 0.646429 0.736331 1.0614 0 0 0 0 0 0 0 0 0
366 1_1_1 1992  0 0 0 0.614474 0.903776 1.00143 1.4 0 0 0 0 0 0 0 0
367 1_1_1 1992  0 0 0.380036 0.629128 0.912534 0.996019 1.4 0 0 0 0 0 0 0 0
368 1_1_1 1992  0 0 0.4 0.613334 0.669471 0.942862 0.700397 0 0 0 0 0 0 0 0
369 1_1_1 1992  0 0 0.416667 0.615398 0.850937 0.835165 0.625273 0 0 0 0 0 0 0 0
370 1_1_1 1992  0 0 0.379642 0.65544 0.715967 0.888981 0.888572 0 0 0 0 0 0 0 0
371 1_1_1 1992  0 0 0.407143 0.63348 0.775124 0 0 0 0 0 0 0 0 0 0
372 1_1_1 1992  0 0 0.425 0.656205 0.935351 0.972981 1.4 0 0 0 0 0 0 0 0
373 1_1_1 1992  0 0 0.4 0.67823 0.915868 0.998893 0 0 0 0 0 0 0 0 0
374 1_1_1 1992  0 0 0.405556 0.656926 1.00933 0.958731 0 0 0 0 0 0 0 0 0
375 1_1_1 1992  0 0 0.416667 0.657348 0.736976 1.16533 0 0 0 0 0 0 0 0 0
376 1_1_1 1992  0 0 0.380458 0.654331 0 0 0 0 0 0 0 0 0 0 0
377 1_1_1 1992  0 0 0 0.644308 0.657247 0.969716 1.02586 0 0 0 0 0 0 0 0
378 1_1_1 1992  0 0 0.425 0.652178 0.558209 0.905782 0 0 0 0 0 0 0 0 0
379 1_1_1 1992  0 0 0.381372 0.634088 0.865207 1 1.4 0 0 0 0 0 0 0 0
380 1_1_1 1992  0 0 0.433333 0.61713 0.651483 0.944237 1.01029 0 0 0 0 0 0 0 0
381 1_1_1 1992  0 0 0.379713 0.665335 0.660318 0.961344 0.954342 0 0 0 0 0 0 0 0
382 1_1_1 1992  0 0 0.380704 0.627024 0.670239 0.870237 1.06964 0 0 0 0 0 0 0 0
383 1_1_1 1992  0 0 0 0.621421 0.737356 0.882815 0.671247 0 0 0 0 0 0 0 0
384 1_1_1 1992  0 0 0.4 0.630491 0.728275 0.888124 0.971866 0 0 0 0 0 0 0 0
385 1_1_1 1992  0 0 0.407143 0.617011 0.735815 0.943592 1.08126 0 0 0 0 0 0 0 0
386 1_1_1 1992  0 0 0.4 0.609982 0.537791 0.833179 1.05273 0 0 0 0 0 0 0 0
387 1_1_1 1992  0 0 0.38171 0.6363 0.931045 1 0 0 0 0 0 0 0 0 0
388 1_1_1 1992  0 0 0.381787 0.633725 0.779194 0.782331 0.699967 0 0 0 0 0 0 0 0
389 1_1_1 1992  0 0 0.35 0.649555 0.958016 1.00372 0 0 0 0 0 0 0 0 0
390 1_1_1 1992  0 0 0.380075 0.621511 0.657901 0.861716 0.612229 0 0 0 0 0 0 0 0
391 1_1_1 1992  0 0 0.35 0.65609 0.900063 1 1.4 0 0 0 0 0 0 0 0
392 1_1_1 1992  0 0 0.35 0.670957 0.60061 0.865588 1.19281 0 0 0 0 0 0 0 0
393 1_1_1 1992  0 0 0.380485 0.65398 0.873828 0 1.4 0 0 0 0 0 0 0 0
394 1_1_1 1992  0 0 0.381677 0.637612 0.970546 0 1.4 0 0 0 0 0 0 0 0
395 1_1_1 1992  0 0 0.4 0.69023 0.95 0 0 0 0 0 0 0 0 0 0
396 1_1_1 1992  0 0 0 0.575559 0.757789 0.81307 0.81307 0 0 0 0 0 0 0 0
397 1_1_1 1992  0 0 0.381392 0.636225 0.734357 0 0.616583 0 0 0 0 0 0 0 0
398 1_1_1 1992  0 0 0.379555 0.649881 0.822325 0.788098 0.685781 0 0 0 0 0 0 0 0
399 1_1_1 1992  0 0 0.4 0.63004 0.717993 0.854472 0.67854 0 0 0 0 0 0 0 0
400 1_1_1 1992  0 0 0.372579 0.628712 0.806675 0.79 0.675975 0 0 0 0 0 0 0 0
401 1_1_1 1992  0 0 0.380483 0.63365 0.821338 1 1.4 0 0 0 0 0 0 0 0
402 1_1_1 1992  0 0 0.380822 0.637853 0.68515 0.909912 0.978793 0 0 0 0 0 0 0 0
403 1_1_1 1992  0 0 0 0.619856 0.751381 0.885325 0.690198 0 0 0 0 0 0 0 0
404 1_1_1 1992  0 0 0.35 0.6406 0.667666 0.937182 0.813744 0 0 0 0 0 0 0 0
405 1_1_1 1992  0 0 0 0.667937 0.628673 0.763658 0.714624 0 0 0 0 0 0 0 0
406 1_1_1 1992  0 0 0.381578 0.633007 0.997103 1.11946 0 0 0 0 0 0 0 0 0
407 1_1_1 1992  0 0 0 0.617314 0.789336 0.9875 1.4 0 0 0 0 0 0 0 0
408 1_1_1 1992  0 0 0.414286 0.631569 0.75089 0.85887 1.03476 0 0 0 0 0 0 0 0
409 1_1_1 1992  0 0 0.383648 0.612318 0.772738 0.868044 0.610302 0 0 0 0 0 0 0 0
410 1_1_1 1992  0 0 0.384593 0.648926 0.912898 1.03537 0 0 0 0 0 0 0 0 0
411 1_1_1 1992  0 0 0 0.645708 0.933917 1.36667 0 0 0 0 0 0 0 0 0
412 1_1_1 1992  0 0 0.35 0.627336 0.723972 0.85402 1.22884 0 0 0 0 0 0 0 0
413 1_1_1 1992  0 0 0.38282 0.633302 0.947767 0.995581 1.4 0 0 0 0 0 0 0 0
414 1_1_1 1992  0 0 0.382921 0.612331 0.914477 1.06433 1.4 0 0 0 0 0 0 0 0
415 1_1_1 1992  0 0 0 0.670216 1.02647 1.01879 0 0 0 0 0 0 0 0 0
416 1_1_1 1992  0 0 0.4 0.582787 0.682785 0.805116 0.930541 0 0 0 0 0 0 0 0
417 1_1_1 1992  0 0 0 0.658867 0.709797 1 1.4 0 0 0 0 0 0 0 0
418 1_1_1 1992  0 0 0.425 0.668208 0.979578 0 0 0 0 0 0 0 0 0 0
419 1_1_1 1992  0 0 0.40625 0.677752 1.01038 0.95 0 0 0 0 0 0 0 0 0
420 1_1_1 1992  0 0 0.378819 0.642778 1 0 0 0 0 0 0 0 0 0 0
421 1_1_1 1992  0 0 0.4 0.639572 0.914935 0.987008 0 0 0 0 0 0 0 0 0
422 1_1_1 1992  0 0 0 0.614586 0.697035 0.924378 0.8997 0 0 0 0 0 0 0 0
423 1_1_1 1992  0 0 0.35 0.605547 0.65184 0.858186 0.999394 0 0 0 0 0 0 0 0
424 1_1_1 1992  0 0 0.383377 0.694515 0.89476 1.13284 1.4 0 0 0 0 0 0 0 0
425 1_1_1 1992  0 0 0.416667 0.64902 1.05228 0.938001 0 0 0 0 0 0 0 0 0
426 1_1_1 1992  0 0 0.407143 0.640004 0.949585 1.00697 0 0 0 0 0 0 0 0 0
427 1_1_1 1992  0 0 0.4 0.637928 0.523681 0.961494 0.61829 0 0 0 0 0 0 0 0
428 1_1_1 1992  0 0 0.4 0.594576 0.536714 0.71517 0.708205 0 0 0 0 0 0 0 0
429 1_1_1 1992  0 0 0.380151 0.61893 0.718961 0.884253 0.95494 0 0 0 0 0 0 0 0
430 1_1_1 1992  0 0 0.4 0.656849 0.492671 0 0 0 0 0 0 0 0 0 0
431 1_1_1 1992  0 0 0.4 0.651487 0.619327 0.830998 0.87566 0 0 0 0 0 0 0 0
432 1_1_1 1992  0 0 0.416667 0.621721 0.72272 0.845452 0.94385 0 0 0 0 0 0 0 0
433 1_1_1 1992  0 0 0.380774 0.644184 0.689997 0.898966 1.4 0 0 0 0 0 0 0 0
434 1_1_1 1992  0 0 0.380956 0.638893 0.81711 0 0 0 0 0 0 0 0 0 0
435 1_1_1 1992  0 0 0.381181 0.628669 0.827897 1 1.4 0 0 0 0 0 0 0 0
436 1_1_1 1992  0 0 0.41 0.675973 0.921429 1.12231 0 0 0 0 0 0 0 0 0
437 1_1_1 1992  0 0 0.4 0.630129 0.958657 1.00231 1.4 0 0 0 0 0 0 0 0
438 1_1_1 1992  0 0 0.384684 0.623272 0.720448 0.896343 0.875931 0 0 0 0 0 0 0 0
439 1_1_1 1992  0 0 0.382069 0.684297 0.644155 0.944767 1.13724 0 0 0 0 0 0 0 0
440 1_1_1 1992  0 0 0.4 0.70578 0.853513 1.06682 0 0 0 0 0 0 0 0 0
441 1_1_1 1992  0 0 0 0.622446 0.730813 0.847319 0.987255 0 0 0 0 0 0 0 0
442 1_1_1 1992  0 0 0.43 0.621316 0.703502 0.937997 1.1726 0 0 0 0 0 0 0 0
443 1_1_1 1992  0 0 0.35 0.601988 0.655015 0.864886 0.623971 0 0 0 0 0 0 0 0
444 1_1_1 1992  0 0 0.416667 0.668225 0.749774 0.948465 0.785996 0 0 0 0 0 0 0 0
445 1_1_1 1992  0 0 0.35 0.624873 0.721386 0.933136 0.911189 0 0 0 0 0 0 0 0
446 1_1_1 1992  0 0 0.380039 0.608284 0.615569 0.859421 1.4 0 0 0 0 0 0 0 0
447 1_1_1 1992  0 0 0.382874 0.635291 0.716524 0.703546 0.75 0 0 0 0 0 0 0 0
448 1_1_1 1992  0 0 0.381087 0.635851 0.863356 1 1.4 0 0 0 0 0 0 0 0
449 1_1_1 1992  0 0 0 0.61529 0.870946 1.02685 1.4 0 0 0 0 0 0 0 0
450 1_1_1 1992  0 0 0.382222 0.641817 0.909802 1.09927 0 0 0 0 0 0 0 0 0
451 1_1_1 1992  0 0 0.35 0.64349 1.02013 0.937517 0 0 0 0 0 0 0 0 0
452 1_1_1 1992  0 0 0.4 0.657202 0.690108 0.869756 0.774735 0 0 0 0 0 0 0 0
453 1_1_1 1992  0 0 0.35 0.614714 0.728839 0.92611 0.697597 0 0 0 0 0 0 0 0
454 1_1_1 1992  0 0 0.4 0.624208 0.725 0.9 0 0 0 0 0 0 0 0 0
455 1_1_1 1992  0 0 0.380216 0.637252 0.764558 0.93356 0 0 0 0 0 0 0 0 0
456 1_1_1 1992  0 0 0.4 0.661771 0.597927 0.831702 0.989188 0 0 0 0 0 0 0 0
457 1_1_1 1992  0 0 0.380401 0.667826 0.911557 0.945461 0 0 0 0 0 0 0 0 0
458 1_1_1 1992  0 0 0.380547 0.649633 0.85 1 0 0 0 0 0 0 0 0 0
459 1_1_1 1992  0 0 0.4 0.617293 0.831407 1.18335 1.4 0 0 0 0 0 0 0 0
460 1_1_1 1992  0 0 0.425 0.672527 0.889886 1.15285 1.4 0 0 0 0 0 0 0 0
461 1_1_1 1992  0 0 0.381043 0.631377 0.644244 0.860634 0.804746 0 0 0 0 0 0 0 0
462 1_1_1 1992  0 0 0 0.611442 0.60772 0.859057 0.66115 0 0 0 0 0 0 0 0
463 1_1_1 1992  0 0 0.4 0.672254 0.889816 1 1.4 0 0 0 0 0 0 0 0
464 1_1_1 1992  0 0 0 0.774582 0.514875 0.874189 1.01093 0 0 0 0 0 0 0 0
465 1_1_1 1992  0 0 0 0.630732 0.586182 0.760543 0.960398 0 0 0 0 0 0 0 0
466 1_1_1 1992  0 0 0.4 0.610495 0.835758 1 1.4 0 0 0 0 0 0 0 0
467 1_1_1 1992  0 0 0.4 0.645483 0.760642 0.850936 1.01476 0 0 0 0 0 0 0 0
468 1_1_1 1992  0 0 0.4375 0.653989 0.513759 0.89 0.902932 0 0 0 0 0 0 0 0
469 1_1_1 1992  0 0 0.37974 0.629999 0.879785 0.828288 0.623808 0 0 0 0 0 0 0 0
470 1_1_1 1992  0 0 0.433333 0.675036 0.997733 1.35 1.4 0 0 0 0 0 0 0 0
471 1_1_1 1992  0 0 0.413333 0.656911 0.949673 1.02685 0 0 0 0 0 0 0 0 0
472 1_1_1 1992  0 0 0.4 0.661337 0.862695 0.878833 0.620449 0 0 0 0 0 0 0 0
473 1_1_1 1992  0 0 0.383391 0.686473 0.925 0.925 0 0 0 0 0 0 0 0 0
474 1_1_1 1992  0 0 0 0.661295 0.963839 0.983333 1.4 0 0 0 0 0 0 0 0
475 1_1_1 1992  0 0 0.381247 0.634209 0.578213 0.836716 0.971243 0 0 0 0 0 0 0 0
476 1_1_1 1992  0 0 0.380097 0.66885 0.558995 0.931431 1.03304 0 0 0 0 0 0 0 0
477 1_1_1 1992  0 0 0 0.670715 0 1.00038 1.4 0 0 0 0 0 0 0 0
478 1_1_1 1992  0 0 0.379905 0.69318 0.552727 0.906545 1.4 0 0 0 0 0 0 0 0
479 1_1_1 1992  0 0 0.381286 0.648748 0.784179 0.957457 1.4 0 0 0 0 0 0 0 0
480 1_1_1 1992  0 0 0.37987 0.68118 0.550227 0.93663 0.611964 0 0 0 0 0 0 0 0
481 1_1_1 1992  0 0 0.42 0.636895 0.692958 0.92342 0.662685 0 0 0 0 0 0 0 0
482 1_1_1 1992  0 0 0.35 0.65844 0.843699 0.953887 1.4 0 0 0 0 0 0 0 0
483 1_1_1 1992  0 0 0.4 0.619811 0.626617 0.946388 0.605442 0 0 0 0 0 0 0 0
484 1_1_1 1992  0 0 0.4 0.609258 0.828938 1 0 0 0 0 0 0 0 0 0
485 1_1_1 1992  0 0 0.381153 0.67242 0.632652 0.846493 0.652408 0 0 0 0 0 0 0 0
486 1_1_1 1992  0 0 0.382419 0.677243 0.751535 0.961383 0.706776 0 0 0 0 0 0 0 0
487 1_1_1 1992  0 0 0.4 0.65654 0.658815 0.848965 1.03094 0 0 0 0 0 0 0 0
488 1_1_1 1992  0 0 0.4 0.589093 0.596963 0.787675 0.712266 0 0 0 0 0 0 0 0
489 1_1_1 1992  0 0 0.379657 0.599344 0.491169 0.791301 0.6 0 0 0 0 0 0 0 0
490 1_1_1 1992  0 0 0.380597 0.65178 0.602894 0.843755 0.964042 0 0 0 0 0 0 0 0
491 1_1_1 1992  0 0 0.4 0.659435 0.924653 1 1.4 0 0 0 0 0 0 0 0
492 1_1_1 1992  0 0 0.380086 0.672707 0.666284 0.909341 0.603516 0 0 0 0 0 0 0 0
493 1_1_1 1992  0 0 0.4 0.690554 0.909169 1.28333 0 0 0 0 0 0 0 0 0
494 1_1_1 1992  0 0 0.35 0.652264 1.00356 1.02938 0 0 0 0 0 0 0 0 0
495 1_1_1 1992  0 0 0.4125 0.676005 0.902525 0.95 0.693753 0 0 0 0 0 0 0 0
496 1_1_1 1992  0 0 0.4 0.651927 0.558491 0.84383 0.949007 0 0 0 0 0 0 0 0
497 1_1_1 1992  0 0 0.4 0.662605 1.0337 0.956805 1.4 0 0 0 0 0 0 0 0
498 1_1_1 1992  0 0 0.416667 0.589385 0.790831 0.852575 1.03905 0 0 0 0 0 0 0 0
499 1_1_1 1992  0 0 0.35 0.631892 0.594955 0.815963 0.916237 0 0 0 0 0 0 0 0
500 1_1_1 1992  0 0 0.416667 0.625847 0.727525 0.761354 0.659947 0 0 0 0 0 0 0 0
501 1_1_1 1992  0 0 0.35 0.66699 0.95079 1.23555 0 0 0 0 0 0 0 0 0
502 1_1_1 1992  0 0 0.425 0.640989 0.633657 0.912443 1.00158 0 0 0 0 0 0 0 0
503 1_1_1 1992  0 0 0.416667 0.668678 0.970228 1 1.4 0 0 0 0 0 0 0 0
504 1_1_1 1992  0 0 0.38053 0.656153 0.916421 1.01502 0 0 0 0 0 0 0 0 0
505 1_1_1 1992  0 0 0.380695 0.634107 0.548524 0.788199 0.709851 0 0 0 0 0 0 0 0
506 1_1_1 1992  0 0 0.384773 0.657811 0.934118 1.08859 1.4 0 0 0 0 0 0 0 0
507 1_1_1 1992  0 0 0.380166 0.6477 0.979599 0 0 0 0 0 0 0 0 0 0
508 1_1_1 1992  0 0 0.383938 0.639906 0.869962 0.826874 0 0 0 0 0 0 0 0 0
509 1_1_1 1992  0 0 0.4 0.61703 0.84313 1.0099 1.4 0 0 0 0 0 0 0 0
510 1_1_1 1992  0 0 0.416667 0.681128 0.638931 0.82493 0.691007 0 0 0 0 0 0 0 0
511 1_1_1 1992  0 0 0.4 0.585951 0.67916 0.851356 1.00552 0 0 0 0 0 0 0 0
512 1_1_1 1992  0 0 0.425 0.627643 0.872155 1 0 0 0 0 0 0 0 0 0
513 1_1_1 1992  0 0 0 0.623882 0.950041 0 0 0 0 0 0 0 0 0 0
514 1_1_1 1992  0 0 0.4 0.67133 1.28333 0.926692 0 0 0 0 0 0 0 0 0
515 1_1_1 1992  0 0 0.381066 0.668368 1.01768 0.966667 0 0 0 0 0 0 0 0 0
516 1_1_1 1992  0 0 0.4 0.604815 0.819797 1 1.4 0 0 0 0 0 0 0 0
517 1_1_1 1992  0 0 0.380939 0.642109 0.649759 0.955406 0.622782 0 0 0 0 0 0 0 0
518 1_1_1 1992  0 0 0.35 0.677701 0.786161 0.98 1.4 0 0 0 0 0 0 0 0
519 1_1_1 1992  0 0 0 0.652176 0.646257 0.860933 1.02628 0 0 0 0 0 0 0 0
520 1_1_1 1992  0 0 0.35 0.646221 0.961634 1.45 0 0 0 0 0 0 0 0 0
521 1_1_1 1992  0 0 0.4 0.688682 0.866667 0.95503 1.4 0 0 0 0 0 0 0 0
522 1_1_1 1992  0 0 0.380139 0.685591 1.00783 0.95 0 0 0 0 0 0 0 0 0
523 1_1_1 1992  0 0 0.433333 0.629844 0.754768 0.815816 0.705193 0 0 0 0 0 0 0 0
524 1_1_1 1992  0 0 0.433333 0.648593 0.688392 0.866966 1.4 0 0 0 0 0 0 0 0
525 1_1_1 1992  0 0 0 0.625882 0.672286 1.04086 0.885765 0 0 0 0 0 0 0 0
526 1_1_1 1992  0 0 0.35 0.643883 0.610454 1 0.606885 0 0 0 0 0 0 0 0
527 1_1_1 1992  0 0 0.380147 0.624127 0.874272 0.85 0.618816 0 0 0 0 0 0 0 0
528 1_1_1 1992  0 0 0.42 0.633654 0.76054 0.970693 0.708438 0 0 0 0 0 0 0 0
529 1_1_1 1992  0 0 0 0.671602 0.940382 1 1.4 0 0 0 0 0 0 0 0
530 1_1_1 1992  0 0 0.4 0.633036 0.661102 0.910715 1.00648 0 0 0 0 0 0 0 0
531 1_1_1 1992  0 0 0.4 0.639411 0.656375 0.858622 0.955717 0 0 0 0 0 0 0 0
532 1_1_1 1992  0 0 0.372258 0.63297 0.815029 0.912233 1.05451 0 0 0 0 0 0 0 0
533 1_1_1 1992  0 0 0.35 0.635689 0.702405 0.82831 0.695352 0 0 0 0 0 0 0 0
534 1_1_1 1992  0 0 0.4 0.637003 0.67401 0.862107 0.605383 0 0 0 0 0 0 0 0
535 1_1_1 1992  0 0 0 0.633986 0.773961 0.849486 0.706728 0 0 0 0 0 0 0 0
536 1_1_1 1992  0 0 0.4 0.670217 0.47525 0.765792 0.659486 0 0 0 0 0 0 0 0
537 1_1_1 1992  0 0 0.4 0.638258 0.860088 1 1.4 0 0 0 0 0 0 0 0
538 1_1_1 1992  0 0 0.35 0.673831 0.55221 0.874506 0.946359 0 0 0 0 0 0 0 0
539 1_1_1 1992  0 0 0.415 0.70285 0.987358 0.939536 0 0 0 0 0 0 0 0 0
540 1_1_1 1992  0 0 0.382674 0.667494 1.01911 0.943934 1.4 0 0 0 0 0 0 0 0
541 1_1_1 1992  0 0 0.379325 0.644229 0.722146 0.804292 0.981104 0 0 0 0 0 0 0 0
542 1_1_1 1992  0 0 0.35 0.653229 0.878241 1.00391 0 0 0 0 0 0 0 0 0
543 1_1_1 1992  0 0 0.381553 0.658108 0.602416 0.86152 0.689667 0 0 0 0 0 0 0 0
544 1_1_1 1992  0 0 0 0.617402 0.643722 0.83016 0.613689 0 0 0 0 0 0 0 0
545 1_1_1 1992  0 0 0.379677 0.637273 0.60035 0.829449 0.694986 0 0 0 0 0 0 0 0
546 1_1_1 1992  0 0 0 0.649313 0.67965 0.90821 1.4 0 0 0 0 0 0 0 0
547 1_1_1 1992  0 0 0 0.651917 0.611832 0.829479 0.726589 0 0 0 0 0 0 0 0
548 1_1_1 1992  0 0 0.35 0.653228 0.616148 0.938759 0.981705 0 0 0 0 0 0 0 0
549 1_1_1 1992  0 0 0.4 0.622058 0.686616 0.816076 0.71487 0 0 0 0 0 0 0 0
550 1_1_1 1992  0 0 0.433333 0.660912 0.839241 1.03323 0.6 0 0 0 0 0 0 0 0
551 1_1_1 1992  0 0 0.379993 0.626052 0.833087 0 1.4 0 0 0 0 0 0 0 0
552 1_1_1 1992  0 0 0.379181 0.633851 0.525457 0.871039 0 0 0 0 0 0 0 0 0
553 1_1_1 1992  0 0 0.383803 0.647064 0.961176 1 1.4 0 0 0 0 0 0 0 0
554 1_1_1 1992  0 0 0.4 0.621195 0.825217 1.12201 1.4 0 0 0 0 0 0 0 0
555 1_1_1 1992  0 0 0.380608 0.681877 0.563723 0.842178 0.710943 0 0 0 0 0 0 0 0
556 1_1_1 1992  0 0 0.35 0.653627 0.77026 0.855802 0.978427 0 0 0 0 0 0 0 0
557 1_1_1 1992  0 0 0.35 0.681733 0.995628 0.967311 1.4 0 0 0 0 0 0 0 0
558 1_1_1 1992  0 0 0 0.587898 0.847815 0.85 0.6 0 0 0 0 0 0 0 0
559 1_1_1 1992  0 0 0.381588 0.660648 0.765055 0.914835 1.03316 0 0 0 0 0 0 0 0
560 1_1_1 1992  0 0 0.380833 0.660364 0.588468 0.928456 0.617283 0 0 0 0 0 0 0 0
561 1_1_1 1992  0 0 0.379634 0.597052 0.633937 0.900114 0.658383 0 0 0 0 0 0 0 0
562 1_1_1 1992  0 0 0.380254 0.60298 0.639533 0.86751 0.911668 0 0 0 0 0 0 0 0
563 1_1_1 1992  0 0 0.38052 0.596687 0.757523 0.828192 0.984732 0 0 0 0 0 0 0 0
564 1_1_1 1992  0 0 0.35 0.619012 0.783921 0.90172 0.903244 0 0 0 0 0 0 0 0
565 1_1_1 1992  0 0 0.35 0.655463 0.649261 1.00303 1.05572 0 0 0 0 0 0 0 0
566 1_1_1 1992  0 0 0.42 0.635623 0.737324 1 0 0 0 0 0 0 0 0 0
567 1_1_1 1992  0 0 0.35 0.653599 0.933 0.9375 0 0 0 0 0 0 0 0 0
568 1_1_1 1992  0 0 0.433333 0.652158 0.964393 1.05623 1.4 0 0 0 0 0 0 0 0
569 1_1_1 1992  0 0 0 0.647941 0.983505 0.98269 1.4 0 0 0 0 0 0 0 0
570 1_1_1 1992  0 0 0.37982 0.688036 0.612159 0.832823 0.700743 0 0 0 0 0 0 0 0
571 1_1_1 1992  0 0 0.4 0.669892 0.642648 0.922549 0 0 0 0 0 0 0 0 0
572 1_1_1 1992  0 0 0.4 0.657388 0.63082 0.727087 0.949424 0 0 0 0 0 0 0 0
573 1_1_1 1992  0 0 0.381002 0.618368 0.768527 1 0.887802 0 0 0 0 0 0 0 0
574 1_1_1 1992  0 0 0.4 0.605844 0.523922 0.76811 0 0 0 0 0 0 0 0 0
575 1_1_1 1992  0 0 0.383285 0.62942 0.9 1 0 0 0 0 0 0 0 0 0
576 1_1_1 1992  0 0 0.4 0.639267 0.626547 0.916599 0.959864 0 0 0 0 0 0 0 0
577 1_1_1 1992  0 0 0.4 0.637783 0.904129 1.01617 0 0 0 0 0 0 0 0 0
578 1_1_1 1992  0 0 0.4 0.664501 0.977981 0.919057 0 0 0 0 0 0 0 0 0
579 1_1_1 1992  0 0 0.380044 0.647185 0.560278 0.866256 0.786095 0 0 0 0 0 0 0 0
580 1_1_1 1992  0 0 0.4 0.620804 0.914181 0.867996 0 0 0 0 0 0 0 0 0
581 1_1_1 1992  0 0 0.4 0.675457 0.631143 0.872558 0.705043 0 0 0 0 0 0 0 0
582 1_1_1 1992  0 0 0.379702 0.625115 0.667666 0.847238 0.685421 0 0 0 0 0 0 0 0
583 1_1_1 1992  0 0 0.381042 0.640505 0.730755 0.821894 0.788815 0 0 0 0 0 0 0 0
584 1_1_1 1992  0 0 0.380799 0.653657 0.805644 0.9 0 0 0 0 0 0 0 0 0
585 1_1_1 1992  0 0 0.4 0.65117 0.634587 0.904297 0.678299 0 0 0 0 0 0 0 0
586 1_1_1 1992  0 0 0.4375 0.633017 0.542509 0.848952 0.705964 0 0 0 0 0 0 0 0
587 1_1_1 1992  0 0 0.4 0.612534 0.66302 0.732128 0.802 0 0 0 0 0 0 0 0
588 1_1_1 1992  0 0 0.38159 0.609707 0.711046 0.846472 0.948559 0 0 0 0 0 0 0 0
589 1_1_1 1992  0 0 0.379479 0.609598 0.590467 0 0.756198 0 0 0 0 0 0 0 0
590 1_1_1 1992  0 0 0.416667 0.631758 0.836241 0.881107 0.706355 0 0 0 0 0 0 0 0
591 1_1_1 1992  0 0 0.4375 0.637303 0.94373 0.981024 1.4 0 0 0 0 0 0 0 0
592 1_1_1 1992  0 0 0.405556 0.655237 0.895709 1.1308 1.4 0 0 0 0 0 0 0 0
593 1_1_1 1992  0 0 0.425 0.672236 0.660757 0.789136 0.972798 0 0 0 0 0 0 0 0
594 1_1_1 1992  0 0 0.383797 0.662094 0.971742 1 1.4 0 0 0 0 0 0 0 0
595 1_1_1 1992  0 0 0.379895 0.644414 0.54333 0.83209 0.699176 0 0 0 0 0 0 0 0
596 1_1_1 1992  0 0 0.381313 0.649914 0.981717 0.945797 0 0 0 0 0 0 0 0 0
597 1_1_1 1992  0 0 0.380322 0.63284 0.690198 0.931336 0.948884 0 0 0 0 0 0 0 0
598 1_1_1 1992  0 0 0.37352 0.664461 0.644329 0.92479 0.658115 0 0 0 0 0 0 0 0
599 1_1_1 1992  0 0 0.35 0.622281 0.837114 0.857188 0 0 0 0 0 0 0 0 0
600 1_1_1 1992  0 0 0.35 0.669789 0.97162 1 0 0 0 0 0 0 0 0 0
601 1_1_1 1992  0 0 0.4 0.686709 1.0082 0.933967 1.4 0 0 0 0 0 0 0 0
602 1_1_1 1992  0 0 0.408333 0.657239 0.981109 1.36667 0 0 0 0 0 0 0 0 0
603 1_1_1 1992  0 0 0.425 0.677197 0.720423 0.858415 0.684902 0 0 0 0 0 0 0 0
604 1_1_1 1992  0 0 0.4 0.65181 0.667667 0 0 0 0 0 0 0 0 0 0
605 1_1_1 1992  0 0 0.380098 0.652359 0.526016 0.838815 0.81362 0 0 0 0 0 0 0 0
606 1_1_1 1992  0 0 0.35 0.611184 0.811226 0.853809 0.834277 0 0 0 0 0 0 0 0
607 1_1_1 1992  0 0 0.4 0.660247 0.942396 1.11685 1.4 0 0 0 0 0 0 0 0
608 1_1_1 1992  0 0 0.4 0.64131 0.603609 1.45 1.02879 0 0 0 0 0 0 0 0
609 1_1_1 1992  0 0 0.35 0.642352 0.972113 1.3875 0 0 0 0 0 0 0 0 0
610 1_1_1 1992  0 0 0.35 0.642674 0.688246 0.890782 0.704867 0 0 0 0 0 0 0 0
611 1_1_1 1992  0 0 0.384733 0.658059 0.722219 0.863322 0 0 0 0 0 0 0 0 0
612 1_1_1 1992  0 0 0.384508 0.626862 0.904573 1.0709 0 0 0 0 0 0 0 0 0
613 1_1_1 1992  0 0 0.4 0.642097 0.805705 0.829681 0.975496 0 0 0 0 0 0 0 0
614 1_1_1 1992  0 0 0.4 0.613007 0.661357 0.871717 0.96766 0 0 0 0 0 0 0 0
615 1_1_1 1992  0 0 0 0.665178 0.62012 0.911846 0.6 0 0 0 0 0 0 0 0
616 1_1_1 1992  0 0 0.425 0.618376 0.770354 0.863454 1.04847 0 0 0 0 0 0 0 0
617 1_1_1 1992  0 0 0.381273 0.601561 0.798322 0.852215 0.900751 0 0 0 0 0 0 0 0
618 1_1_1 1992  0 0 0.4 0.655658 0.922748 0.97 0 0 0 0 0 0 0 0 0
619 1_1_1 1992  0 0 0.37982 0.614764 0.733333 0 0 0 0 0 0 0 0 0 0
620 1_1_1 1992  0 0 0.35 0.662641 0.980483 0 0 0 0 0 0 0 0 0 0
621 1_1_1 1992  0 0 0 0.708352 0.564676 0.865347 0.821719 0 0 0 0 0 0 0 0
622 1_1_1 1992  0 0 0.379303 0.645388 0.869882 0 1.4 0 0 0 0 0 0 0 0
623 1_1_1 1992  0 0 0 0.58331 0.875868 1 1.4 0 0 0 0 0 0 0 0
624 1_1_1 1992  0 0 0.381506 0.636461 0.826003 1 1.4 0 0 0 0 0 0 0 0
625 1_1_1 1992  0 0 0.382434 0.597579 0.856764 0.731901 0.67312 0 0 0 0 0 0 0 0
626 1_1_1 1992  0 0 0.425 0.615262 0.858099 0.873554 0.703967 0 0 0 0 0 0 0 0
627 1_1_1 1992  0 0 0.430769 0.66845 1.01097 1.2625 1.4 0 0 0 0 0 0 0 0
628 1_1_1 1992  0 0 0.382313 0.688863 0.964522 0.941377 1.4 0 0 0 0 0 0 0 0
629 1_1_1 1992  0 0 0.4 0.637316 0 1.00198 0 0 0 0 0 0 0 0 0
630 1_1_1 1992  0 0 0.379221 0.624652 0.709337 0.905633 0.928994 0 0 0 0 0 0 0 0
631 1_1_1 1992  0 0 0.42 0.619107 0.918963 1.0328 0 0 0 0 0 0 0 0 0
632 1_1_1 1992  0 0 0.425 0.616772 0.82236 1.20883 0 0 0 0 0 0 0 0 0
633 1_1_1 1992  0 0 0.416667 0.627244 0.775169 0.859828 0.698714 0 0 0 0 0 0 0 0
634 1_1_1 1992  0 0 0.4 0.647081 0.662144 0.787917 0.873999 0 0 0 0 0 0 0 0
635 1_1_1 1992  0 0 0.4 0.626305 0.821712 1.14297 1.4 0 0 0 0 0 0 0 0
636 1_1_1 1992  0 0 0 0.653111 0.977225 1.00416 1.4 0 0 0 0 0 0 0 0
637 1_1_1 1992  0 0 0.38135 0.64335 0.641451 0.849109 0.952928 0 0 0 0 0 0 0 0
638 1_1_1 1992  0 0 0.4 0.668639 0.921543 1 1.4 0 0 0 0 0 0 0 0
639 1_1_1 1992  0 0 0.442857 0.651957 0.743801 0.797656 0.721944 0 0 0 0 0 0 0 0
640 1_1_1 1992  0 0 0.4375 0.611336 0.809714 0.921232 0.822068 0 0 0 0 0 0 0 0
641 1_1_1 1992  0 0 0.381877 0.630533 0.952756 1.06359 0 0 0 0 0 0 0 0 0
642 1_1_1 1992  0 0 0 0.646364 0.955563 1.06333 0 0 0 0 0 0 0 0 0
643 1_1_1 1992  0 0 0.425 0.608793 0.927733 0 1.4 0 0 0 0 0 0 0 0
644 1_1_1 1992  0 0 0.4 0.653639 0.606965 0.762583 0.690504 0 0 0 0 0 0 0 0
645 1_1_1 1992  0 0 0.425 0.646785 0.913039 1.11825 1.4 0 0 0 0 0 0 0 0
646 1_1_1 1992  0 0 0.425 0.600928 0.975239 1 1.4 0 0 0 0 0 0 0 0
647 1_1_1 1992  0 0 0.379679 0.638677 0.563639 0.876714 1.04074 0 0 0 0 0 0 0 0
648 1_1_1 1992  0 0 0.4375 0.671478 0.874412 1.05808 1.4 0 0 0 0 0 0 0 0
649 1_1_1 1992  0 0 0.35 0.669844 0.962886 1.01296 1.4 0 0 0 0 0 0 0 0
650 1_1_1 1992  0 0 0.433333 0.638852 0.607059 0.892206 1.00852 0 0 0 0 0 0 0 0
651 1_1_1 1992  0 0 0.383385 0.631701 0.835033 0 0 0 0 0 0 0 0 0 0
652 1_1_1 1992  0 0 0.35 0.614948 0.588513 0.825694 1.4 0 0 0 0 0 0 0 0
653 1_1_1 1992  0 0 0.378179 0.627001 0.773698 1.09903 0.802429 0 0 0 0 0 0 0 0
654 1_1_1 1992  0 0 0 0.648776 0.542448 0.959946 1.4 0 0 0 0 0 0 0 0
655 1_1_1 1992  0 0 0.41 0.639807 0.896215 1 0 0 0 0 0 0 0 0 0
656 1_1_1 1992  0 0 0.38386 0.645776 0.747349 0.926736 0.920965 0 0 0 0 0 0 0 0
657 1_1_1 1992  0 0 0.383274 0.676408 0.692505 0.824947 0.625227 0 0 0 0 0 0 0 0
658 1_1_1 1992  0 0 0.382196 0.660319 0.679034 0.808698 0.711558 0 0 0 0 0 0 0 0
659 1_1_1 1992  0 0 0.381642 0.611227 0.968345 1.05183 1.4 0 0 0 0 0 0 0 0
660 1_1_1 1992  0 0 0.381058 0.647148 0.597814 0.842308 1.17238 0 0 0 0 0 0 0 0
661 1_1_1 1992  0 0 0.4 0.63437 0.941475 1.03288 1.4 0 0 0 0 0 0 0 0
662 1_1_1 1992  0 0 0.433333 0.598837 0.919605 1 0 0 0 0 0 0 0 0 0
663 1_1_1 1992  0 0 0.40625 0.683814 0.941234 0.995767 1.4 0 0 0 0 0 0 0 0
664 1_1_1 1992  0 0 0 0.621229 0.631949 0.906193 0.993179 0 0 0 0 0 0 0 0
665 1_1_1 1992  0 0 0.4 0.629532 0.760101 0.854658 0.685083 0 0 0 0 0 0 0 0
666 1_1_1 1992  0 0 0.382875 0.612767 0.578404 0.778607 0.708148 0 0 0 0 0 0 0 0
667 1_1_1 1992  0 0 0 0.633762 0.968018 0 0 0 0 0 0 0 0 0 0
668 1_1_1 1992  0 0 0.4 0.592258 0.896772 1.04389 1.4 0 0 0 0 0 0 0 0
669 1_1_1 1992  0 0 0.35 0.629306 0.954316 1 1.4 0 0 0 0 0 0 0 0
670 1_1_1 1992  0 0 0.35 0.621509 0.809848 0.703459 0.703275 0 0 0 0 0 0 0 0
671 1_1_1 1992  0 0 0 0.65817 0.603711 0.916066 1.06693 0 0 0 0 0 0 0 0
672 1_1_1 1992  0 0 0.35 0.675187 0.820638 0.783333 0.783333 0 0 0 0 0 0 0 0
673 1_1_1 1992  0 0 0 0.657458 0.909627 0.9 0 0 0 0 0 0 0 0 0
674 1_1_1 1992  0 0 0.425 0.646581 0.742075 0.867175 0 0 0 0 0 0 0 0 0
675 1_1_1 1992  0 0 0.425 0.694827 0.925 1.08621 0 0 0 0 0 0 0 0 0
676 1_1_1 1992  0 0 0.4125 0.631101 0.796774 0.868972 0.920059 0 0 0 0 0 0 0 0
677 1_1_1 1992  0 0 0.4 0.649713 0.963276 0.928481 1.4 0 0 0 0 0 0 0 0
678 1_1_1 1992  0 0 0.4125 0.631318 0.750679 0.715606 0.705126 0 0 0 0 0 0 0 0
679 1_1_1 1992  0 0 0.425 0.646674 1.02596 1.00163 0 0 0 0 0 0 0 0 0
680 1_1_1 1992  0 0 0.4 0.5976 0.676947 0.854258 1.07823 0 0 0 0 0 0 0 0
681 1_1_1 1992  0 0 0.43 0.571168 0.673124 0.846324 0.996253 0 0 0 0 0 0 0 0
682 1_1_1 1992  0 0 0.35 0.656772 0.911508 0.979628 0.803045 0 0 0 0 0 0 0 0
683 1_1_1 1992  0 0 0 0.699832 0.59754 0.864242 1.02827 0 0 0 0 0 0 0 0
684 1_1_1 1992  0 0 0.4125 0.63983 0.839972 1.01496 1.04096 0 0 0 0 0 0 0 0
685 1_1_1 1992  0 0 0.4 0.605531 0.684212 0.855698 0.959276 0 0 0 0 0 0 0 0
686 1_1_1 1992  0 0 0.4 0.60283 0.693862 0 0 0 0 0 0 0 0 0 0
687 1_1_1 1992  0 0 0 0.601942 0.770536 1.04609 1.19455 0 0 0 0 0 0 0 0
688 1_1_1 1992  0 0 0 0.618718 0.771703 0.82525 0.7278 0 0 0 0 0 0 0 0
689 1_1_1 1992  0 0 0.433333 0.68978 0.5965 0.909432 0.949199 0 0 0 0 0 0 0 0
690 1_1_1 1992  0 0 0 0.64949 0.800949 0 1.4 0 0 0 0 0 0 0 0
691 1_1_1 1992  0 0 0 0.622215 0.90642 0.860066 1.4 0 0 0 0 0 0 0 0
692 1_1_1 1992  0 0 0.380198 0.650035 0.961601 1.01477 1.4 0 0 0 0 0 0 0 0
693 1_1_1 1992  0 0 0.380829 0.624573 0.753617 0.846518 0.718288 0 0 0 0 0 0 0 0
694 1_1_1 1992  0 0 0 0.603358 0.651842 0.892671 0.624587 0 0 0 0 0 0 0 0
695 1_1_1 1992  0 0 0 0.653898 0.761177 0.962244 1.12518 0 0 0 0 0 0 0 0
696 1_1_1 1992  0 0 0.380301 0.649554 0.575212 0.920915 0.699197 0 0 0 0 0 0 0 0
697 1_1_1 1992  0 0 0.380409 0.648763 0.999994 0.977063 1.4 0 0 0 0 0 0 0 0
698 1_1_1 1992  0 0 0 0.641367 0.693975 0.889679 0.919512 0 0 0 0 0 0 0 0
699 1_1_1 1992  0 0 0.35 0.618277 0.719511 1.02062 0.956605 0 0 0 0 0 0 0 0
700 1_1_1 1992  0 0 0.384309 0.666634 0.599767 0.915631 1.07346 0 0 0 0 0 0 0 0
701 1_1_1 1992  0 0 0.38088 0.640537 0.990903 0.933333 1.4 0 0 0 0 0 0 0 0
702 1_1_1 1992  0 0 0.4 0.670864 0.630759 0.977204 0.659042 0 0 0 0 0 0 0 0
703 1_1_1 1992  0 0 0.425 0.614946 0.779338 0.930152 1.15897 0 0 0 0 0 0 0 0
704 1_1_1 1992  0 0 0.379991 0.659699 0.9 1.45 1.4 0 0 0 0 0 0 0 0
705 1_1_1 1992  0 0 0.35 0.623024 0.884626 0.964232 1.4 0 0 0 0 0 0 0 0
706 1_1_1 1992  0 0 0.380389 0.621273 0.834341 0.852194 0.807807 0 0 0 0 0 0 0 0
707 1_1_1 1992  0 0 0.374754 0.643943 0.793174 0.859022 0.804555 0 0 0 0 0 0 0 0
708 1_1_1 1992  0 0 0.381712 0.640145 0.56514 0.868162 0.725841 0 0 0 0 0 0 0 0
709 1_1_1 1992  0 0 0.379679 0.673876 1.34286 0.970497 1.4 0 0 0 0 0 0 0 0
710 1_1_1 1992  0 0 0 0.613425 0.638098 0.93298 1.01195 0 0 0 0 0 0 0 0
711 1_1_1 1992  0 0 0.35 0.598311 0.760034 0.853541 1.04931 0 0 0 0 0 0 0 0
712 1_1_1 1992  0 0 0.41 0.676818 1.00173 1.02891 0 0 0 0 0 0 0 0 0
713 1_1_1 1992  0 0 0 0.700693 0.956755 1.45 1.4 0 0 0 0 0 0 0 0
714 1_1_1 1992  0 0 0.380218 0.640039 0.97 0 0 0 0 0 0 0 0 0 0
715 1_1_1 1992  0 0 0.4 0.63666 0.791384 0.801682 0.826578 0 0 0 0 0 0 0 0
716 1_1_1 1992  0 0 0.425 0.633878 0.664808 0.838071 0 0 0 0 0 0 0 0 0
717 1_1_1 1992  0 0 0 0.591793 0.858588 1 0.608899 0 0 0 0 0 0 0 0
718 1_1_1 1992  0 0 0.4125 0.683381 0.649979 0.765853 0.863088 0 0 0 0 0 0 0 0
719 1_1_1 1992  0 0 0.385017 0.649575 0.945858 0.966237 0 0 0 0 0 0 0 0 0
720 1_1_1 1992  0 0 0.380343 0.670745 0.85 1 0 0 0 0 0 0 0 0 0
721 1_1_1 1992  0 0 0.4 0.63394 0.482632 0.912612 1.03475 0 0 0 0 0 0 0 0
722 1_1_1 1992  0 0 0.379401 0.63479 0.578055 0.802358 0.703356 0 0 0 0 0 0 0 0
723 1_1_1 1992  0 0 0 0.651944 0.627696 0.906235 1.4 0 0 0 0 0 0 0 0
724 1_1_1 1992  0 0 0.42 0.657377 0.95 0 0 0 0 0 0 0 0 0 0
725 1_1_1 1992  0 0 0.380466 0.636149 0.699948 0.73148 0.682905 0 0 0 0 0 0 0 0
726 1_1_1 1992  0 0 0.380085 0.701374 0.620574 0.79477 0.773972 0 0 0 0 0 0 0 0
727 1_1_1 1992  0 0 0.380703 0.630234 0.803977 1 1.4 0 0 0 0 0 0 0 0
728 1_1_1 1992  0 0 0.372547 0.703576 0.680096 0.88993 0.619607 0 0 0 0 0 0 0 0
729 1_1_1 1992  0 0 0.35 0.630075 0.909558 1.06169 1.4 0 0 0 0 0 0 0 0
730 1_1_1 1992  0 0 0.35 0.64455 0.671859 0.883686 0.711629 0 0 0 0 0 0 0 0
731 1_1_1 1992  0 0 0.380166 0.649889 0.858653 1.06965 0.702902 0 0 0 0 0 0 0 0
732 1_1_1 1992  0 0 0.4 0.6569 0.92255 1.11072 1.4 0 0 0 0 0 0 0 0
733 1_1_1 1992  0 0 0.4375 0.642409 0.956339 1 0 0 0 0 0 0 0 0 0
734 1_1_1 1992  0 0 0.4 0.668088 0.564211 0.762513 0.712979 0 0 0 0 0 0 0 0
735 1_1_1 1992  0 0 0.383198 0.636813 0.928339 1 1.4 0 0 0 0 0 0 0 0
736 1_1_1 1992  0 0 0.380708 0.642071 0 1.14835 1.4 0 0 0 0 0 0 0 0
737 1_1_1 1992  0 0 0.379092 0.659422 0.965898 1.03861 1.4 0 0 0 0 0 0 0 0
738 1_1_1 1992  0 0 0.35 0.662888 0.85 0 1.4 0 0 0 0 0 0 0 0
739 1_1_1 1992  0 0 0.4 0.643778 0.67651 0.912232 0.910339 0 0 0 0 0 0 0 0
740 1_1_1 1992  0 0 0.379243 0.647193 0 0 0 0 0 0 0 0 0 0 0
741 1_1_1 1992  0 0 0 0.628245 0.989384 1.0256 1.4 0 0 0 0 0 0 0 0
742 1_1_1 1992  0 0 0 0.632933 0.622583 0.94768 1.03373 0 0 0 0 0 0 0 0
743 1_1_1 1992  0 0 0.380804 0.630426 0.8107 0.902917 1.4 0 0 0 0 0 0 0 0
744 1_1_1 1992  0 0 0.4 0.65291 0.926903 0.985811 1.4 0 0 0 0 0 0 0 0
745 1_1_1 1992  0 0 0.35 0.659693 0.761468 0.861345 0.698194 0 0 0 0 0 0 0 0
746 1_1_1 1992  0 0 0.381081 0.662148 0.791024 0.840801 0.681552 0 0 0 0 0 0 0 0
747 1_1_1 1992  0 0 0.368415 0.580036 0.763761 0.769463 0.921821 0 0 0 0 0 0 0 0
748 1_1_1 1992  0 0 0.4 0.574818 0.506965 0.904457 0.640284 0 0 0 0 0 0 0 0
749 1_1_1 1992  0 0 0.382241 0.649758 0.975202 1.0462 0 0 0 0 0 0 0 0 0
750 1_1_1 1992  0 0 0.425 0.620153 0.904395 1 1.4 0 0 0 0 0 0 0 0
751 1_1_1 1992  0 0 0.43125 0.663334 0.679456 0.736677 0.94352 0 0 0 0 0 0 0 0
752 1_1_1 1992  0 0 0.4 0.644943 0.660183 0.703944 0.659388 0 0 0 0 0 0 0 0
753 1_1_1 1992  0 0 0.4 0.622848 0.51906 0.85 0 0 0 0 0 0 0 0 0
754 1_1_1 1992  0 0 0.380497 0.652127 0.666256 0.805413 1.13014 0 0 0 0 0 0 0 0
755 1_1_1 1992  0 0 0.4 0.638003 1.35 1.35 0 0 0 0 0 0 0 0 0
756 1_1_1 1992  0 0 0.38359 0.632076 0.982335 0.998996 1.4 0 0 0 0 0 0 0 0
757 1_1_1 1992  0 0 0.433333 0.629165 0.968418 0.963341 1.4 0 0 0 0 0 0 0 0
758 1_1_1 1992  0 0 0.425 0.608927 0.749067 0.702516 0 0 0 0 0 0 0 0 0
759 1_1_1 1992  0 0 0.4125 0.598541 0.917375 0.982314 1.4 0 0 0 0 0 0 0 0
760 1_1_1 1992  0 0 0.4 0.659401 0.657921 0.976802 0.996184 0 0 0 0 0 0 0 0
761 1_1_1 1992  0 0 0.35 0.599212 0.515408 0.708827 0.684194 0 0 0 0 0 0 0 0
762 1_1_1 1992  0 0 0.4 0.637501 0.529065 0.713884 0.658176 0 0 0 0 0 0 0 0
763 1_1_1 1992  0 0 0.4 0.63535 0.748169 0.856632 0.699204 0 0 0 0 0 0 0 0
764 1_1_1 1992  0 0 0.38076 0.674395 0.564866 0.803816 0.96068 0 0 0 0 0 0 0 0
765 1_1_1 1992  0 0 0.35 0.652758 0.618435 0.845216 0.967167 0 0 0 0 0 0 0 0
766 1_1_1 1992  0 0 0.35 0.593456 0.828698 0.72199 0.70627 0 0 0 0 0 0 0 0
767 1_1_1 1992  0 0 0 0.65026 0.632181 1.12157 0.700767 0 0 0 0 0 0 0 0
768 1_1_1 1992  0 0 0.4125 0.62019 0.912107 1.15057 0 0 0 0 0 0 0 0 0
769 1_1_1 1992  0 0 0.4 0.615847 0.655781 0.816705 0.71112 0 0 0 0 0 0 0 0
770 1_1_1 1992  0 0 0.4 0.606039 0.626712 0.896367 0.953481 0 0 0 0 0 0 0 0
771 1_1_1 1992  0 0 0 0.609309 0.806472 0.939512 1.01523 0 0 0 0 0 0 0 0
772 1_1_1 1992  0 0 0.4 0.640778 0.81844 0.853565 1.02551 0 0 0 0 0 0 0 0
773 1_1_1 1992  0 0 0.41 0.677311 0.997033 0.944727 1.4 0 0 0 0 0 0 0 0
774 1_1_1 1992  0 0 0.43 0.656074 0.945799 0.975648 1.4 0 0 0 0 0 0 0 0
775 1_1_1 1992  0 0 0.383421 0.720098 0.969491 1.17168 1.4 0 0 0 0 0 0 0 0
776 1_1_1 1992  0 0 0.381532 0.643735 0.702644 0.767002 0.987607 0 0 0 0 0 0 0 0
777 1_1_1 1992  0 0 0 0.635436 0.723286 0.847816 0.982932 0 0 0 0 0 0 0 0
778 1_1_1 1992  0 0 0 0.636017 0.662149 0.710031 0.6 0 0 0 0 0 0 0 0
779 1_1_1 1992  0 0 0.4 0.655789 0.789275 0.807225 0 0 0 0 0 0 0 0 0
780 1_1_1 1992  0 0 0 0.633536 0.703677 0.85 0 0 0 0 0 0 0 0 0
781 1_1_1 1992  0 0 0.380888 0.657752 0.809142 1.14131 0.790675 0 0 0 0 0 0 0 0
782 1_1_1 1992  0 0 0.35 0.640304 0.763015 0 0.777346 0 0 0 0 0 0 0 0
783 1_1_1 1992  0 0 0.35 0.617197 0.650224 0.711337 0.838979 0 0 0 0 0 0 0 0
784 1_1_1 1992  0 0 0.381506 0.594732 0.707547 0.731854 0.77 0 0 0 0 0 0 0 0
785 1_1_1 1992  0 0 0 0.638839 0.919805 0.922112 1.4 0 0 0 0 0 0 0 0
786 1_1_1 1992  0 0 0.35 0.653135 0.579708 0.836211 0.716814 0 0 0 0 0 0 0 0
787 1_1_1 1992  0 0 0.4 0.627776 0.672327 0.852475 0.967313 0 0 0 0 0 0 0 0
788 1_1_1 1992  0 0 0.42 0.590595 0.809942 0.862201 0.92659 0 0 0 0 0 0 0 0
789 1_1_1 1992  0 0 0 0.664991 0.608279 0.901837 0.916835 0 0 0 0 0 0 0 0
790 1_1_1 1992  0 0 0.35 0.65796 0.716492 1.00027 1.1674 0 0 0 0 0 0 0 0
791 1_1_1 1992  0 0 0.380226 0.668804 0.877245 0.972775 0 0 0 0 0 0 0 0 0
792 1_1_1 1992  0 0 0.416667 0.614155 0.796024 1.0131 0.70113 0 0 0 0 0 0 0 0
793 1_1_1 1992  0 0 0.35 0.638539 0.780201 1.36667 1.4 0 0 0 0 0 0 0 0
794 1_1_1 1992  0 0 0.422222 0.632755 0.89069 1 1.4 0 0 0 0 0 0 0 0
795 1_1_1 1992  0 0 0 0.639872 0.740349 0.95 0.75 0 0 0 0 0 0 0 0
796 1_1_1 1992  0 0 0.380693 0.670217 0.752665 0.921427 0.704036 0 0 0 0 0 0 0 0
797 1_1_1 1992  0 0 0.416667 0.62249 0.833507 0.749753 0.681817 0 0 0 0 0 0 0 0
798 1_1_1 1992  0 0 0.381112 0.618812 0.645713 0.911975 1.05129 0 0 0 0 0 0 0 0
799 1_1_1 1992  0 0 0.4 0.583933 0.626253 0.850638 0.988332 0 0 0 0 0 0 0 0
800 1_1_1 1992  0 0 0.377526 0.664943 0.720706 0.990934 0.945183 0 0 0 0 0 0 0 0
801 1_1_1 1992  0 0 0.411111 0.612006 0.786408 0.703294 0.660221 0 0 0 0 0 0 0 0
802 1_1_1 1992  0 0 0.381187 0.629993 0.754753 0.856675 0.996429 0 0 0 0 0 0 0 0
803 1_1_1 1992  0 0 0.381049 0.630355 0.701606 0.741797 1.14197 0 0 0 0 0 0 0 0
804 1_1_1 1992  0 0 0 0.635303 0.741281 0.735656 0.904829 0 0 0 0 0 0 0 0
805 1_1_1 1992  0 0 0.35 0.626761 0.754837 0.855293 0.819729 0 0 0 0 0 0 0 0
806 1_1_1 1992  0 0 0.381597 0.650486 0.7 0.85 0 0 0 0 0 0 0 0 0
807 1_1_1 1992  0 0 0.35 0.622932 0.794853 0.732205 0.786421 0 0 0 0 0 0 0 0
808 1_1_1 1992  0 0 0.425 0.61737 0.701571 0 0.718925 0 0 0 0 0 0 0 0
809 1_1_1 1992  0 0 0.4 0.646486 0.566078 0.830082 0.699247 0 0 0 0 0 0 0 0
810 1_1_1 1992  0 0 0.35 0.609108 0.709036 0.908567 0.677157 0 0 0 0 0 0 0 0
811 1_1_1 1992  0 0 0 0.67072 0.636888 0.852809 0.990358 0 0 0 0 0 0 0 0
812 1_1_1 1992  0 0 0.42 0.631149 0.702574 0.799274 1.0811 0 0 0 0 0 0 0 0
813 1_1_1 1992  0 0 0.4 0.599083 0.839903 1 1.4 0 0 0 0 0 0 0 0
814 1_1_1 1992  0 0 0.4 0.642209 0.870476 1.3875 1.4 0 0 0 0 0 0 0 0
815 1_1_1 1992  0 0 0.4 0.643555 0.569919 0.920336 1.01434 0 0 0 0 0 0 0 0
816 1_1_1 1992  0 0 0.384844 0.677376 0.983922 0.95 0 0 0 0 0 0 0 0 0
817 1_1_1 1992  0 0 0.4 0.665812 1.24167 0.913861 0 0 0 0 0 0 0 0 0
818 1_1_1 1992  0 0 0.35 0.622829 0.550311 0.827882 0.711432 0 0 0 0 0 0 0 0
819 1_1_1 1992  0 0 0.382979 0.65406 0.768424 0.807361 0.790384 0 0 0 0 0 0 0 0
820 1_1_1 1992  0 0 0.374731 0.623112 0.859233 0.854701 0.948033 0 0 0 0 0 0 0 0
821 1_1_1 1992  0 0 0 0.639087 0.967122 0 0 0 0 0 0 0 0 0 0
822 1_1_1 1992  0 0 0.35 0.66094 0.920032 0.958333 1.4 0 0 0 0 0 0 0 0
823 1_1_1 1992  0 0 0.378349 0.613471 0.739345 0.859458 0.694096 0 0 0 0 0 0 0 0
824 1_1_1 1992  0 0 0.416667 0.723767 1.01333 1.15521 0 0 0 0 0 0 0 0 0
825 1_1_1 1992  0 0 0.4 0.639328 0.764589 0.859634 1.06528 0 0 0 0 0 0 0 0
826 1_1_1 1992  0 0 0.380556 0.676623 0.95 0.95 0 0 0 0 0 0 0 0 0
827 1_1_1 1992  0 0 0 0.666624 0.880659 1.07573 1.4 0 0 0 0 0 0 0 0
828 1_1_1 1992  0 0 0.381383 0.608995 0.822737 1 0 0 0 0 0 0 0 0 0
829 1_1_1 1992  0 0 0.4 0.646276 0.638051 0.876552 0.714918 0 0 0 0 0 0 0 0
830 1_1_1 1992  0 0 0.379848 0.617216 0.819459 0.801841 0.647801 0 0 0 0 0 0 0 0
831 1_1_1 1992  0 0 0.4 0.641059 1.00946 1.10513 0 0 0 0 0 0 0 0 0
832 1_1_1 1992  0 0 0.4 0.656683 0.935842 0.958485 1.4 0 0 0 0 0 0 0 0
833 1_1_1 1992  0 0 0.35 0.65518 0.921273 0.954816 1.4 0 0 0 0 0 0 0 0
834 1_1_1 1992  0 0 0.381299 0.661985 0.615394 0.9375 1.4 0 0 0 0 0 0 0 0
835 1_1_1 1992  0 0 0.35 0.624488 0.762447 0.87543 1.14221 0 0 0 0 0 0 0 0
836 1_1_1 1992  0 0 0.380364 0.649968 0.854296 0.944744 0 0 0 0 0 0 0 0 0
837 1_1_1 1992  0 0 0.4 0.585216 0.75507 0.866238 0.604875 0 0 0 0 0 0 0 0
838 1_1_1 1992  0 0 0.416667 0.592311 0.793407 0.899176 0 0 0 0 0 0 0 0 0
839 1_1_1 1992  0 0 0.41 0.617996 0.879529 0 0 0 0 0 0 0 0 0 0
840 1_1_1 1992  0 0 0.4 0.682276 0.94543 0.9567 1.4 0 0 0 0 0 0 0 0
841 1_1_1 1992  0 0 0.372104 0.638 0.955759 1 1.4 0 0 0 0 0 0 0 0
842 1_1_1 1992  0 0 0.43 0.644132 0.977608 1 1.4 0 0 0 0 0 0 0 0
843 1_1_1 1992  0 0 0.4 0.66069 0.58388 0.913476 0.667058 0 0 0 0 0 0 0 0
844 1_1_1 1992  0 0 0.4 0.595628 0.511313 0.808509 0.819553 0 0 0 0 0 0 0 0
845 1_1_1 1992  0 0 0 0.635204 0.86194 0 1.4 0 0 0 0 0 0 0 0
846 1_1_1 1992  0 0 0.35 0.645576 0.814335 0.98358 0 0 0 0 0 0 0 0 0
847 1_1_1 1992  0 0 0 0.68311 0.432642 0.867451 0.977993 0 0 0 0 0 0 0 0
848 1_1_1 1992  0 0 0.379651 0.638695 0.770948 0.952123 0 0 0 0 0 0 0 0 0
849 1_1_1 1992  0 0 0.408333 0.667973 0.973999 1.03137 1.4 0 0 0 0 0 0 0 0
850 1_1_1 1992  0 0 0.383281 0.61363 0.873815 0 0 0 0 0 0 0 0 0 0
851 1_1_1 1992  0 0 0.35 0.629902 0.989787 0 0 0 0 0 0 0 0 0 0
852 1_1_1 1992  0 0 0.4 0.641682 0.4 0.988089 0.828687 0 0 0 0 0 0 0 0
853 1_1_1 1992  0 0 0.38125 0.604821 0.52884 0.85 0 0 0 0 0 0 0 0 0
854 1_1_1 1992  0 0 0.3802 0.631524 0.622656 0.87073 0.6 0 0 0 0 0 0 0 0
855 1_1_1 1992  0 0 0.35 0.643705 0.533164 0.996968 0.926416 0 0 0 0 0 0 0 0
856 1_1_1 1992  0 0 0.4 0.61935 0.692674 0.8269 0.723445 0 0 0 0 0 0 0 0
857 1_1_1 1992  0 0 0.380646 0.649395 0.801353 0.834397 1.03177 0 0 0 0 0 0 0 0
858 1_1_1 1992  0 0 0.383788 0.650784 0.783912 0.925821 0.651026 0 0 0 0 0 0 0 0
859 1_1_1 1992  0 0 0.385009 0.640034 1 0 0 0 0 0 0 0 0 0 0
860 1_1_1 1992  0 0 0.371684 0.693784 0.989017 0.981699 1.4 0 0 0 0 0 0 0 0
861 1_1_1 1992  0 0 0 0.641566 0.614164 0.852129 1.11578 0 0 0 0 0 0 0 0
862 1_1_1 1992  0 0 0.4 0.657868 0.544888 0.855025 0.699248 0 0 0 0 0 0 0 0
863 1_1_1 1992  0 0 0.35 0.634826 0.916272 0.984835 0 0 0 0 0 0 0 0 0
864 1_1_1 1992  0 0 0.382614 0.601329 0.725045 0.871482 0.921378 0 0 0 0 0 0 0 0
865 1_1_1 1992  0 0 0.383466 0.655659 0.828167 0.981897 0.636452 0 0 0 0 0 0 0 0
866 1_1_1 1992  0 0 0.35 0.614341 0.78443 0.854472 0.980234 0 0 0 0 0 0 0 0
867 1_1_1 1992  0 0 0.4375 0.61703 0.763791 0.915986 0 0 0 0 0 0 0 0 0
868 1_1_1 1992  0 0 0.35 0.646143 0.783547 0.944432 0.707258 0 0 0 0 0 0 0 0
869 1_1_1 1992  0 0 0.4 0.653772 0.513235 0.933762 1.0371 0 0 0 0 0 0 0 0
870 1_1_1 1992  0 0 0.384591 0.675008 0.974825 1.03949 1.4 0 0 0 0 0 0 0 0
871 1_1_1 1992  0 0 0.35 0.6825 1.00353 0.925 0 0 0 0 0 0 0 0 0
872 1_1_1 1992  0 0 0.379406 0.63005 0.854765 1 1.4 0 0 0 0 0 0 0 0
873 1_1_1 1992  0 0 0 0.611216 0.627181 0.949895 0.892721 0 0 0 0 0 0 0 0
874 1_1_1 1992  0 0 0.425 0.619337 0.683388 0.850185 0 0 0 0 0 0 0 0 0
875 1_1_1 1992  0 0 0.4 0.625852 0.775755 0.850361 0.708537 0 0 0 0 0 0 0 0
876 1_1_1 1992  0 0 0 0.639583 0.943629 0.95 1.4 0 0 0 0 0 0 0 0
877 1_1_1 1992  0 0 0.35 0.686924 1.08001 0.97685 0 0 0 0 0 0 0 0 0
878 1_1_1 1992  0 0 0 0.62723 0.896619 1.01217 1.4 0 0 0 0 0 0 0 0
879 1_1_1 1992  0 0 0.380991 0.682925 0.589717 0.810107 0.758583 0 0 0 0 0 0 0 0
880 1_1_1 1992  0 0 0.384328 0.647457 0.864387 1.17714 0 0 0 0 0 0 0 0 0
881 1_1_1 1992  0 0 0.380562 0.646633 0.979717 0 0.75 0 0 0 0 0 0 0 0
882 1_1_1 1992  0 0 0.380211 0.575605 0.947519 0.817514 0 0 0 0 0 0 0 0 0
883 1_1_1 1992  0 0 0.38095 0.628527 0.436602 0 0.909037 0 0 0 0 0 0 0 0
884 1_1_1 1992  0 0 0.4 0.596405 0.8 0 0 0 0 0 0 0 0 0 0
885 1_1_1 1992  0 0 0.38163 0.640837 1.00223 1.18178 0 0 0 0 0 0 0 0 0
886 1_1_1 1992  0 0 0.4 0.588491 0.745418 0.865053 1.03579 0 0 0 0 0 0 0 0
887 1_1_1 1992  0 0 0.41875 0.655704 0.75196 0.841706 0.937462 0 0 0 0 0 0 0 0
888 1_1_1 1992  0 0 0.382501 0.628615 0.998063 0.957465 0 0 0 0 0 0 0 0 0
889 1_1_1 1992  0 0 0.43 0.667652 0.914912 1.03789 0 0 0 0 0 0 0 0 0
890 1_1_1 1992  0 0 0.380131 0.671633 0.776684 0.870619 0.805645 0 0 0 0 0 0 0 0
891 1_1_1 1992  0 0 0.4 0.671206 0.469271 0.888217 0.705095 0 0 0 0 0 0 0 0
892 1_1_1 1992  0 0 0 0.670413 0.60891 0.809161 1.4 0 0 0 0 0 0 0 0
893 1_1_1 1992  0 0 0.4 0.626602 0.752945 0.849578 0.865246 0 0 0 0 0 0 0 0
894 1_1_1 1992  0 0 0.4 0.638196 0.813382 0.937943 0.615808 0 0 0 0 0 0 0 0
895 1_1_1 1992  0 0 0.4125 0.635746 0.624232 0.942878 0.608646 0 0 0 0 0 0 0 0
896 1_1_1 1992  0 0 0.433333 0.624147 0.670011 0.7426 0.690715 0 0 0 0 0 0 0 0
897 1_1_1 1992  0 0 0.380095 0.667195 0.646119 0.833996 0.622297 0 0 0 0 0 0 0 0
898 1_1_1 1992  0 0 0.367201 0.643348 0.760539 0.897907 0.686495 0 0 0 0 0 0 0 0
899 1_1_1 1992  0 0 0.4 0.62805 0.8 0.965567 1.01245 0 0 0 0 0 0 0 0
900 1_1_1 1992  0 0 0.4375 0.641432 0.973232 1.05824 1.4 0 0 0 0 0 0 0 0
901 1_1_1 1992  0 0 0.380313 0.656117 0.874067 1 1.4 0 0 0 0 0 0 0 0
902 1_1_1 1992  0 0 0.4 0.615908 0.568961 0.858711 0.756191 0 0 0 0 0 0 0 0
903 1_1_1 1992  0 0 0.380783 0.642144 0.893583 0.965369 1.4 0 0 0 0 0 0 0 0
904 1_1_1 1992  0 0 0.379562 0.623879 0.621196 0.827029 0.620955 0 0 0 0 0 0 0 0
905 1_1_1 1992  0 0 0.42 0.649017 0.74058 0.870471 0.954188 0 0 0 0 0 0 0 0
906 1_1_1 1992  0 0 0.381235 0.694618 0.648288 0.843401 1.02719 0 0 0 0 0 0 0 0
907 1_1_1 1992  0 0 0.35 0.644333 0.720862 1.1126 1.09488 0 0 0 0 0 0 0 0
908 1_1_1 1992  0 0 0.41 0.620961 0.897826 1.10092 1.4 0 0 0 0 0 0 0 0
909 1_1_1 1992  0 0 0.4 0.628211 0.911405 1 1.4 0 0 0 0 0 0 0 0
910 1_1_1 1992  0 0 0.381259 0.636305 0.763132 1 0.9204 0 0 0 0 0 0 0 0
911 1_1_1 1992  0 0 0.380685 0.654514 0.4 1.01702 0.623344 0 0 0 0 0 0 0 0
912 1_1_1 1992  0 0 0.4 0.610256 0.771598 1 0 0 0 0 0 0 0 0 0
913 1_1_1 1992  0 0 0.43 0.63923 0.756398 0.833324 0.608605 0 0 0 0 0 0 0 0
914 1_1_1 1992  0 0 0.384549 0.621584 0.786038 0.805925 0.884728 0 0 0 0 0 0 0 0
915 1_1_1 1992  0 0 0.384098 0.628609 0.648329 0.852898 1.4 0 0 0 0 0 0 0 0
916 1_1_1 1992  0 0 0.380945 0.606571 0.805555 0.771933 0.6 0 0 0 0 0 0 0 0
917 1_1_1 1992  0 0 0.4 0.608212 0.786079 0.859113 1.00138 0 0 0 0 0 0 0 0
918 1_1_1 1992  0 0 0.4 0.648426 0.526269 0.711794 0.787155 0 0 0 0 0 0 0 0
919 1_1_1 1992  0 0 0.380381 0.626517 0.704525 0.915153 0.971171 0 0 0 0 0 0 0 0
920 1_1_1 1992  0 0 0.4 0.635155 0.712499 0.773536 0.940081 0 0 0 0 0 0 0 0
921 1_1_1 1992  0 0 0.4 0.663331 0.67772 1.10381 1.03496 0 0 0 0 0 0 0 0
922 1_1_1 1992  0 0 0.4 0.632673 0.628645 0.872908 0.803579 0 0 0 0 0 0 0 0
923 1_1_1 1992  0 0 0.380998 0.637775 0.863037 0.969861 0 0 0 0 0 0 0 0 0
924 1_1_1 1992  0 0 0.380571 0.6684 0.771779 0 1.4 0 0 0 0 0 0 0 0
925 1_1_1 1992  0 0 0.35 0.615358 1.00043 0 0 0 0 0 0 0 0 0 0
926 1_1_1 1992  0 0 0 0.660325 0.63271 0.821615 0.932717 0 0 0 0 0 0 0 0
927 1_1_1 1992  0 0 0.383064 0.637161 0.860204 0.775595 0.621844 0 0 0 0 0 0 0 0
928 1_1_1 1992  0 0 0.384008 0.64655 0.929027 1 0 0 0 0 0 0 0 0 0
929 1_1_1 1992  0 0 0.41 0.641836 0.686966 0.710196 0.6 0 0 0 0 0 0 0 0
930 1_1_1 1992  0 0 0.402778 0.633796 0.961516 1 1.4 0 0 0 0 0 0 0 0
931 1_1_1 1992  0 0 0.380191 0.631665 0.476377 0.73809 0.730215 0 0 0 0 0 0 0 0
932 1_1_1 1992  0 0 0.4 0.652264 0.609539 0.703212 0.896215 0 0 0 0 0 0 0 0
933 1_1_1 1992  0 0 0.425 0.651651 0.811775 0.819926 1.00002 0 0 0 0 0 0 0 0
934 1_1_1 1992  0 0 0.41 0.655511 0.880925 1.052 0 0 0 0 0 0 0 0 0
935 1_1_1 1992  0 0 0.384202 0.662364 0.923448 1 1.4 0 0 0 0 0 0 0 0
936 1_1_1 1992  0 0 0.38265 0.62261 0.739753 0.900896 0.976902 0 0 0 0 0 0 0 0
937 1_1_1 1992  0 0 0.416667 0.653213 0.989572 1.3875 0 0 0 0 0 0 0 0 0
938 1_1_1 1992  0 0 0.35 0.615535 0.797752 0.968478 0 0 0 0 0 0 0 0 0
939 1_1_1 1992  0 0 0 0.692333 1 0 0 0 0 0 0 0 0 0 0
940 1_1_1 1992  0 0 0.380127 0.664938 0.762371 0.85 0 0 0 0 0 0 0 0 0
941 1_1_1 1992  0 0 0.35 0.607607 0.944436 0.930627 1.4 0 0 0 0 0 0 0 0
942 1_1_1 1992  0 0 0 0.635803 0.950786 1.325 0 0 0 0 0 0 0 0 0
943 1_1_1 1992  0 0 0.380091 0.626816 0.935285 1 0 0 0 0 0 0 0 0 0
944 1_1_1 1992  0 0 0.35 0.642475 0.969566 1.45 0 0 0 0 0 0 0 0 0
945 1_1_1 1992  0 0 0.38239 0.643563 0.93964 0.769904 0.802156 0 0 0 0 0 0 0 0
946 1_1_1 1992  0 0 0.35 0.684425 0.624622 0.911223 0.706413 0 0 0 0 0 0 0 0
947 1_1_1 1992  0 0 0.35 0.642528 0.848969 1 0.759058 0 0 0 0 0 0 0 0
948 1_1_1 1992  0 0 0.380993 0.625229 0.667831 1.00368 0.937928 0 0 0 0 0 0 0 0
949 1_1_1 1992  0 0 0.35 0.677402 0.636264 0.95005 0.932893 0 0 0 0 0 0 0 0
950 1_1_1 1992  0 0 0.3798 0.643903 0.610912 0.862455 1.02885 0 0 0 0 0 0 0 0
951 1_1_1 1992  0 0 0.384181 0.651007 0.739499 0.880176 0.675036 0 0 0 0 0 0 0 0
952 1_1_1 1992  0 0 0.379573 0.597322 0.473028 0.735246 0.68835 0 0 0 0 0 0 0 0
953 1_1_1 1992  0 0 0.4 0.60431 0.673998 0.758291 0.971021 0 0 0 0 0 0 0 0
954 1_1_1 1992  0 0 0.381643 0.596737 0.630139 0.837974 0.703055 0 0 0 0 0 0 0 0
955 1_1_1 1992  0 0 0.380194 0.680265 0.61479 0.7 0.757396 0 0 0 0 0 0 0 0
956 1_1_1 1992  0 0 0.35 0.707089 0.461762 1.36667 0.6 0 0 0 0 0 0 0 0
957 1_1_1 1992  0 0 0.4 0.659382 0.694284 0.85103 0.880945 0 0 0 0 0 0 0 0
958 1_1_1 1992  0 0 0 0.63453 0.711111 0.849812 0.715045 0 0 0 0 0 0 0 0
959 1_1_1 1992  0 0 0.4 0.62725 0.780286 0.817726 0.804794 0 0 0 0 0 0 0 0
960 1_1_1 1992  0 0 0.3845 0.61866 0.922329 0 0 0 0 0 0 0 0 0 0
961 1_1_1 1992  0 0 0.382356 0.640311 1.01159 1.24167 0 0 0 0 0 0 0 0 0
962 1_1_1 1992  0 0 0 0.63742 0.939537 0.982257 1.4 0 0 0 0 0 0 0 0
963 1_1_1 1992  0 0 0.425 0.622087 0.63396 0.815962 0.95677 0 0 0 0 0 0 0 0
964 1_1_1 1992  0 0 0.4 0.654065 0.88031 0.99034 0 0 0 0 0 0 0 0 0
965 1_1_1 1992  0 0 0.35 0.646048 0.733247 0.926812 0.603129 0 0 0 0 0 0 0 0
966 1_1_1 1992  0 0 0 0.613992 0.797945 0.9 1.4 0 0 0 0 0 0 0 0
967 1_1_1 1992  0 0 0.380928 0.617642 0.743259 1 1.00621 0 0 0 0 0 0 0 0
968 1_1_1 1992  0 0 0.379845 0.62134 0.718891 0.859649 0.938963 0 0 0 0 0 0 0 0
969 1_1_1 1992  0 0 0.380429 0.635035 0.507813 0 0.6 0 0 0 0 0 0 0 0
970 1_1_1 1992  0 0 0.380185 0.62258 0.737521 0.843811 0.84687 0 0 0 0 0 0 0 0
971 1_1_1 1992  0 0 0.35 0.610323 0.734199 0 0.844925 0 0 0 0 0 0 0 0
972 1_1_1 1992  0 0 0.381069 0.61681 0.870014 0.792872 0.6 0 0 0 0 0 0 0 0
973 1_1_1 1992  0 0 0 0.604909 0.793729 0.947096 0.949917 0 0 0 0 0 0 0 0
974 1_1_1 1992  0 0 0.380228 0.629748 0.886039 0.918825 1.4 0 0 0 0 0 0 0 0
975 1_1_1 1992  0 0 0.4 0.647929 0.75 0.9 0 0 0 0 0 0 0 0 0
976 1_1_1 1992  0 0 0.4 0.585252 0.605843 0.85 0.6 0 0 0 0 0 0 0 0
977 1_1_1 1992  0 0 0.35 0.672521 0.959994 1.07673 1.4 0 0 0 0 0 0 0 0
978 1_1_1 1992  0 0 0.433333 0.652522 0.900436 0.997971 1.4 0 0 0 0 0 0 0 0
979 1_1_1 1992  0 0 0 0.608503 0.674798 0.942778 0.976393 0 0 0 0 0 0 0 0
980 1_1_1 1992  0 0 0.4 0.636174 0.60509 0.870484 0.939064 0 0 0 0 0 0 0 0
981 1_1_1 1992  0 0 0.4 0.608607 0.721983 0.844801 0.921899 0 0 0 0 0 0 0 0
982 1_1_1 1992  0 0 0.433333 0.651303 0.610223 0.87232 1.02672 0 0 0 0 0 0 0 0
983 1_1_1 1992  0 0 0.379732 0.65012 0.895302 0.953736 1.4 0 0 0 0 0 0 0 0
984 1_1_1 1992  0 0 0.380979 0.67113 0.882462 1.09953 0 0 0 0 0 0 0 0 0
985 1_1_1 1992  0 0 0.4 0.637362 0.698169 0.866927 0.884875 0 0 0 0 0 0 0 0
986 1_1_1 1992  0 0 0.408333 0.669096 0.710549 0.885384 0 0 0 0 0 0 0 0 0
987 1_1_1 1992  0 0 0 0.630095 0.70404 0.701416 0.777938 0 0 0 0 0 0 0 0
988 1_1_1 1992  0 0 0.380053 0.631736 0.681782 0.897799 0.693838 0 0 0 0 0 0 0 0
989 1_1_1 1992  0 0 0.383285 0.659874 0.476286 0.770341 0.713694 0 0 0 0 0 0 0 0
990 1_1_1 1992  0 0 0 0.630491 0.649466 0.802611 0.936787 0 0 0 0 0 0 0 0
991 1_1_1 1992  0 0 0 0.644191 0.586808 0.859277 1.03975 0 0 0 0 0 0 0 0
992 1_1_1 1992  0 0 0.380361 0.60761 0.525264 0.733961 0.706134 0 0 0 0 0 0 0 0
993 1_1_1 1992  0 0 0.380463 0.645432 0.8 1 1.4 0 0 0 0 0 0 0 0
994 1_1_1 1992  0 0 0.38073 0.678272 0.970935 0.933306 1.4 0 0 0 0 0 0 0 0
995 1_1_1 1992  0 0 0.35 0.666385 0 1 1.4 0 0 0 0 0 0 0 0
996 1_1_1 1992  0 0 0.4 0.63202 0.982843 0 0 0 0 0 0 0 0 0 0
997 1_1_1 1992  0 0 0.380405 0.622456 0.903147 1 1.4 0 0 0 0 0 0 0 0
998 1_1_1 1992  0 0 0.4 0.669745 0.75 0.9 0 0 0 0 0 0 0 0 0
999 1_1_1 1992  0 0 0.4 0.597118 0.633019 0.867971 1.4 0 0 0 0 0 0 0 0
1000 1_1_1 1992  0 0 0.383754 0.644601 0.685637 0.916529 0.713316 0 0 0 0 0 0 0 0
